Calling target program-options parser
[17:23:06.364] [bmv2] [D] [thread 7218] Set default default entry for table 'MyIngress.ipv4_lpm': NoAction - 
Adding interface s1-eth1 as port 1
[17:23:06.364] [bmv2] [D] [thread 7218] Adding interface s1-eth1 as port 1
Adding interface s1-eth2 as port 2
[17:23:06.390] [bmv2] [D] [thread 7218] Adding interface s1-eth2 as port 2
I0618 17:23:06.418576940    7218 server_builder.cc:247]      Synchronous server. Num CQs: 1, Min pollers: 1, Max Pollers: 2147483647, CQ timeout (msec): 1000
Server listening on 0.0.0.0:50051
[17:23:06.421] [bmv2] [I] [thread 7218] Starting Thrift server on port 9090
[17:23:06.421] [bmv2] [I] [thread 7218] Thrift server was started
[17:23:06.574] [bmv2] [D] [thread 7225] [0.0] [cxt 0] Processing packet received on port 2
[17:23:06.575] [bmv2] [D] [thread 7225] [0.0] [cxt 0] Parser 'parser': start
[17:23:06.575] [bmv2] [D] [thread 7225] [0.0] [cxt 0] Parser 'parser' entering state 'start'
[17:23:06.575] [bmv2] [D] [thread 7225] [0.0] [cxt 0] Extracting header 'ethernet'
[17:23:06.575] [bmv2] [D] [thread 7225] [0.0] [cxt 0] Parser state 'start': key is 86dd
[17:23:06.575] [bmv2] [T] [thread 7225] [0.0] [cxt 0] Bytes parsed: 14
[17:23:06.575] [bmv2] [D] [thread 7225] [0.0] [cxt 0] Parser 'parser': end
[17:23:06.575] [bmv2] [D] [thread 7225] [0.0] [cxt 0] Pipeline 'ingress': start
[17:23:06.575] [bmv2] [T] [thread 7225] [0.0] [cxt 0] lminpkt.p4(145) Condition "hdr.ipv4.isValid()" (node_2) is false
[17:23:06.575] [bmv2] [D] [thread 7225] [0.0] [cxt 0] Pipeline 'ingress': end
[17:23:06.575] [bmv2] [D] [thread 7225] [0.0] [cxt 0] Egress port is 0
[17:23:06.575] [bmv2] [D] [thread 7226] [0.0] [cxt 0] Pipeline 'egress': start
[17:23:06.575] [bmv2] [D] [thread 7226] [0.0] [cxt 0] Pipeline 'egress': end
[17:23:06.576] [bmv2] [D] [thread 7226] [0.0] [cxt 0] Deparser 'deparser': start
[17:23:06.576] [bmv2] [T] [thread 7226] [0.0] [cxt 0] Skipping checksum 'cksum' update because condition not met
[17:23:06.576] [bmv2] [D] [thread 7226] [0.0] [cxt 0] Deparsing header 'ethernet'
[17:23:06.576] [bmv2] [D] [thread 7226] [0.0] [cxt 0] Deparser 'deparser': end
[17:23:06.576] [bmv2] [D] [thread 7230] [0.0] [cxt 0] Transmitting packet of size 78 out of port 0
[17:23:06.738] [bmv2] [D] [thread 7225] [1.0] [cxt 0] Processing packet received on port 1
[17:23:06.738] [bmv2] [D] [thread 7225] [1.0] [cxt 0] Parser 'parser': start
[17:23:06.738] [bmv2] [D] [thread 7225] [1.0] [cxt 0] Parser 'parser' entering state 'start'
[17:23:06.738] [bmv2] [D] [thread 7225] [1.0] [cxt 0] Extracting header 'ethernet'
[17:23:06.738] [bmv2] [D] [thread 7225] [1.0] [cxt 0] Parser state 'start': key is 86dd
[17:23:06.738] [bmv2] [T] [thread 7225] [1.0] [cxt 0] Bytes parsed: 14
[17:23:06.738] [bmv2] [D] [thread 7225] [1.0] [cxt 0] Parser 'parser': end
[17:23:06.738] [bmv2] [D] [thread 7225] [1.0] [cxt 0] Pipeline 'ingress': start
[17:23:06.738] [bmv2] [T] [thread 7225] [1.0] [cxt 0] lminpkt.p4(145) Condition "hdr.ipv4.isValid()" (node_2) is false
[17:23:06.738] [bmv2] [D] [thread 7225] [1.0] [cxt 0] Pipeline 'ingress': end
[17:23:06.738] [bmv2] [D] [thread 7225] [1.0] [cxt 0] Egress port is 0
[17:23:06.738] [bmv2] [D] [thread 7226] [1.0] [cxt 0] Pipeline 'egress': start
[17:23:06.738] [bmv2] [D] [thread 7226] [1.0] [cxt 0] Pipeline 'egress': end
[17:23:06.738] [bmv2] [D] [thread 7226] [1.0] [cxt 0] Deparser 'deparser': start
[17:23:06.738] [bmv2] [T] [thread 7226] [1.0] [cxt 0] Skipping checksum 'cksum' update because condition not met
[17:23:06.738] [bmv2] [D] [thread 7226] [1.0] [cxt 0] Deparsing header 'ethernet'
[17:23:06.738] [bmv2] [D] [thread 7226] [1.0] [cxt 0] Deparser 'deparser': end
[17:23:06.738] [bmv2] [D] [thread 7230] [1.0] [cxt 0] Transmitting packet of size 90 out of port 0
[17:23:06.863] [bmv2] [D] [thread 7225] [2.0] [cxt 0] Processing packet received on port 2
[17:23:06.863] [bmv2] [D] [thread 7225] [2.0] [cxt 0] Parser 'parser': start
[17:23:06.863] [bmv2] [D] [thread 7225] [2.0] [cxt 0] Parser 'parser' entering state 'start'
[17:23:06.863] [bmv2] [D] [thread 7225] [2.0] [cxt 0] Extracting header 'ethernet'
[17:23:06.863] [bmv2] [D] [thread 7225] [2.0] [cxt 0] Parser state 'start': key is 86dd
[17:23:06.863] [bmv2] [T] [thread 7225] [2.0] [cxt 0] Bytes parsed: 14
[17:23:06.863] [bmv2] [D] [thread 7225] [2.0] [cxt 0] Parser 'parser': end
[17:23:06.863] [bmv2] [D] [thread 7225] [2.0] [cxt 0] Pipeline 'ingress': start
[17:23:06.863] [bmv2] [T] [thread 7225] [2.0] [cxt 0] lminpkt.p4(145) Condition "hdr.ipv4.isValid()" (node_2) is false
[17:23:06.863] [bmv2] [D] [thread 7225] [2.0] [cxt 0] Pipeline 'ingress': end
[17:23:06.863] [bmv2] [D] [thread 7225] [2.0] [cxt 0] Egress port is 0
[17:23:06.863] [bmv2] [D] [thread 7226] [2.0] [cxt 0] Pipeline 'egress': start
[17:23:06.863] [bmv2] [D] [thread 7226] [2.0] [cxt 0] Pipeline 'egress': end
[17:23:06.863] [bmv2] [D] [thread 7226] [2.0] [cxt 0] Deparser 'deparser': start
[17:23:06.863] [bmv2] [T] [thread 7226] [2.0] [cxt 0] Skipping checksum 'cksum' update because condition not met
[17:23:06.863] [bmv2] [D] [thread 7226] [2.0] [cxt 0] Deparsing header 'ethernet'
[17:23:06.863] [bmv2] [D] [thread 7226] [2.0] [cxt 0] Deparser 'deparser': end
[17:23:06.864] [bmv2] [D] [thread 7230] [2.0] [cxt 0] Transmitting packet of size 90 out of port 0
[17:23:07.182] [bmv2] [D] [thread 7225] [3.0] [cxt 0] Processing packet received on port 1
[17:23:07.182] [bmv2] [D] [thread 7225] [3.0] [cxt 0] Parser 'parser': start
[17:23:07.182] [bmv2] [D] [thread 7225] [3.0] [cxt 0] Parser 'parser' entering state 'start'
[17:23:07.182] [bmv2] [D] [thread 7225] [3.0] [cxt 0] Extracting header 'ethernet'
[17:23:07.182] [bmv2] [D] [thread 7225] [3.0] [cxt 0] Parser state 'start': key is 86dd
[17:23:07.182] [bmv2] [T] [thread 7225] [3.0] [cxt 0] Bytes parsed: 14
[17:23:07.182] [bmv2] [D] [thread 7225] [3.0] [cxt 0] Parser 'parser': end
[17:23:07.182] [bmv2] [D] [thread 7225] [3.0] [cxt 0] Pipeline 'ingress': start
[17:23:07.182] [bmv2] [T] [thread 7225] [3.0] [cxt 0] lminpkt.p4(145) Condition "hdr.ipv4.isValid()" (node_2) is false
[17:23:07.182] [bmv2] [D] [thread 7225] [3.0] [cxt 0] Pipeline 'ingress': end
[17:23:07.182] [bmv2] [D] [thread 7225] [3.0] [cxt 0] Egress port is 0
[17:23:07.182] [bmv2] [D] [thread 7226] [3.0] [cxt 0] Pipeline 'egress': start
[17:23:07.182] [bmv2] [D] [thread 7226] [3.0] [cxt 0] Pipeline 'egress': end
[17:23:07.182] [bmv2] [D] [thread 7226] [3.0] [cxt 0] Deparser 'deparser': start
[17:23:07.182] [bmv2] [T] [thread 7226] [3.0] [cxt 0] Skipping checksum 'cksum' update because condition not met
[17:23:07.182] [bmv2] [D] [thread 7226] [3.0] [cxt 0] Deparsing header 'ethernet'
[17:23:07.182] [bmv2] [D] [thread 7226] [3.0] [cxt 0] Deparser 'deparser': end
[17:23:07.182] [bmv2] [D] [thread 7230] [3.0] [cxt 0] Transmitting packet of size 78 out of port 0
[17:23:07.578] [bmv2] [D] [thread 7225] [4.0] [cxt 0] Processing packet received on port 2
[17:23:07.578] [bmv2] [D] [thread 7225] [4.0] [cxt 0] Parser 'parser': start
[17:23:07.578] [bmv2] [D] [thread 7225] [4.0] [cxt 0] Parser 'parser' entering state 'start'
[17:23:07.578] [bmv2] [D] [thread 7225] [4.0] [cxt 0] Extracting header 'ethernet'
[17:23:07.579] [bmv2] [D] [thread 7225] [4.0] [cxt 0] Parser state 'start': key is 86dd
[17:23:07.579] [bmv2] [T] [thread 7225] [4.0] [cxt 0] Bytes parsed: 14
[17:23:07.579] [bmv2] [D] [thread 7225] [4.0] [cxt 0] Parser 'parser': end
[17:23:07.579] [bmv2] [D] [thread 7225] [4.0] [cxt 0] Pipeline 'ingress': start
[17:23:07.579] [bmv2] [T] [thread 7225] [4.0] [cxt 0] lminpkt.p4(145) Condition "hdr.ipv4.isValid()" (node_2) is false
[17:23:07.579] [bmv2] [D] [thread 7225] [4.0] [cxt 0] Pipeline 'ingress': end
[17:23:07.579] [bmv2] [D] [thread 7225] [4.0] [cxt 0] Egress port is 0
[17:23:07.579] [bmv2] [D] [thread 7225] [5.0] [cxt 0] Processing packet received on port 2
[17:23:07.579] [bmv2] [D] [thread 7225] [5.0] [cxt 0] Parser 'parser': start
[17:23:07.579] [bmv2] [D] [thread 7225] [5.0] [cxt 0] Parser 'parser' entering state 'start'
[17:23:07.579] [bmv2] [D] [thread 7225] [5.0] [cxt 0] Extracting header 'ethernet'
[17:23:07.579] [bmv2] [D] [thread 7225] [5.0] [cxt 0] Parser state 'start': key is 86dd
[17:23:07.579] [bmv2] [T] [thread 7225] [5.0] [cxt 0] Bytes parsed: 14
[17:23:07.579] [bmv2] [D] [thread 7225] [5.0] [cxt 0] Parser 'parser': end
[17:23:07.579] [bmv2] [D] [thread 7225] [5.0] [cxt 0] Pipeline 'ingress': start
[17:23:07.579] [bmv2] [T] [thread 7225] [5.0] [cxt 0] lminpkt.p4(145) Condition "hdr.ipv4.isValid()" (node_2) is false
[17:23:07.579] [bmv2] [D] [thread 7225] [5.0] [cxt 0] Pipeline 'ingress': end
[17:23:07.579] [bmv2] [D] [thread 7225] [5.0] [cxt 0] Egress port is 0
[17:23:07.579] [bmv2] [D] [thread 7226] [4.0] [cxt 0] Pipeline 'egress': start
[17:23:07.579] [bmv2] [D] [thread 7226] [4.0] [cxt 0] Pipeline 'egress': end
[17:23:07.579] [bmv2] [D] [thread 7226] [4.0] [cxt 0] Deparser 'deparser': start
[17:23:07.579] [bmv2] [T] [thread 7226] [4.0] [cxt 0] Skipping checksum 'cksum' update because condition not met
[17:23:07.579] [bmv2] [D] [thread 7226] [4.0] [cxt 0] Deparsing header 'ethernet'
[17:23:07.579] [bmv2] [D] [thread 7226] [4.0] [cxt 0] Deparser 'deparser': end
[17:23:07.579] [bmv2] [D] [thread 7226] [5.0] [cxt 0] Pipeline 'egress': start
[17:23:07.579] [bmv2] [D] [thread 7226] [5.0] [cxt 0] Pipeline 'egress': end
[17:23:07.579] [bmv2] [D] [thread 7226] [5.0] [cxt 0] Deparser 'deparser': start
[17:23:07.579] [bmv2] [T] [thread 7226] [5.0] [cxt 0] Skipping checksum 'cksum' update because condition not met
[17:23:07.579] [bmv2] [D] [thread 7226] [5.0] [cxt 0] Deparsing header 'ethernet'
[17:23:07.579] [bmv2] [D] [thread 7226] [5.0] [cxt 0] Deparser 'deparser': end
[17:23:07.579] [bmv2] [D] [thread 7230] [4.0] [cxt 0] Transmitting packet of size 90 out of port 0
[17:23:07.579] [bmv2] [D] [thread 7230] [5.0] [cxt 0] Transmitting packet of size 70 out of port 0
[17:23:07.582] [bmv2] [D] [thread 7225] [6.0] [cxt 0] Processing packet received on port 2
[17:23:07.582] [bmv2] [D] [thread 7225] [6.0] [cxt 0] Parser 'parser': start
[17:23:07.582] [bmv2] [D] [thread 7225] [6.0] [cxt 0] Parser 'parser' entering state 'start'
[17:23:07.582] [bmv2] [D] [thread 7225] [6.0] [cxt 0] Extracting header 'ethernet'
[17:23:07.582] [bmv2] [D] [thread 7225] [6.0] [cxt 0] Parser state 'start': key is 86dd
[17:23:07.582] [bmv2] [T] [thread 7225] [6.0] [cxt 0] Bytes parsed: 14
[17:23:07.582] [bmv2] [D] [thread 7225] [6.0] [cxt 0] Parser 'parser': end
[17:23:07.582] [bmv2] [D] [thread 7225] [6.0] [cxt 0] Pipeline 'ingress': start
[17:23:07.582] [bmv2] [T] [thread 7225] [6.0] [cxt 0] lminpkt.p4(145) Condition "hdr.ipv4.isValid()" (node_2) is false
[17:23:07.582] [bmv2] [D] [thread 7225] [6.0] [cxt 0] Pipeline 'ingress': end
[17:23:07.582] [bmv2] [D] [thread 7225] [6.0] [cxt 0] Egress port is 0
[17:23:07.582] [bmv2] [D] [thread 7226] [6.0] [cxt 0] Pipeline 'egress': start
[17:23:07.582] [bmv2] [D] [thread 7226] [6.0] [cxt 0] Pipeline 'egress': end
[17:23:07.582] [bmv2] [D] [thread 7226] [6.0] [cxt 0] Deparser 'deparser': start
[17:23:07.582] [bmv2] [T] [thread 7226] [6.0] [cxt 0] Skipping checksum 'cksum' update because condition not met
[17:23:07.582] [bmv2] [D] [thread 7226] [6.0] [cxt 0] Deparsing header 'ethernet'
[17:23:07.582] [bmv2] [D] [thread 7226] [6.0] [cxt 0] Deparser 'deparser': end
[17:23:07.582] [bmv2] [D] [thread 7230] [6.0] [cxt 0] Transmitting packet of size 90 out of port 0
[17:23:07.680] [bmv2] [D] [thread 7225] [7.0] [cxt 0] Processing packet received on port 2
[17:23:07.681] [bmv2] [D] [thread 7225] [7.0] [cxt 0] Parser 'parser': start
[17:23:07.681] [bmv2] [D] [thread 7225] [7.0] [cxt 0] Parser 'parser' entering state 'start'
[17:23:07.681] [bmv2] [D] [thread 7225] [7.0] [cxt 0] Extracting header 'ethernet'
[17:23:07.681] [bmv2] [D] [thread 7225] [7.0] [cxt 0] Parser state 'start': key is 86dd
[17:23:07.681] [bmv2] [T] [thread 7225] [7.0] [cxt 0] Bytes parsed: 14
[17:23:07.681] [bmv2] [D] [thread 7225] [7.0] [cxt 0] Parser 'parser': end
[17:23:07.681] [bmv2] [D] [thread 7225] [7.0] [cxt 0] Pipeline 'ingress': start
[17:23:07.681] [bmv2] [T] [thread 7225] [7.0] [cxt 0] lminpkt.p4(145) Condition "hdr.ipv4.isValid()" (node_2) is false
[17:23:07.681] [bmv2] [D] [thread 7225] [7.0] [cxt 0] Pipeline 'ingress': end
[17:23:07.681] [bmv2] [D] [thread 7225] [7.0] [cxt 0] Egress port is 0
[17:23:07.681] [bmv2] [D] [thread 7226] [7.0] [cxt 0] Pipeline 'egress': start
[17:23:07.681] [bmv2] [D] [thread 7226] [7.0] [cxt 0] Pipeline 'egress': end
[17:23:07.681] [bmv2] [D] [thread 7226] [7.0] [cxt 0] Deparser 'deparser': start
[17:23:07.681] [bmv2] [T] [thread 7226] [7.0] [cxt 0] Skipping checksum 'cksum' update because condition not met
[17:23:07.681] [bmv2] [D] [thread 7226] [7.0] [cxt 0] Deparsing header 'ethernet'
[17:23:07.681] [bmv2] [D] [thread 7226] [7.0] [cxt 0] Deparser 'deparser': end
[17:23:07.681] [bmv2] [D] [thread 7230] [7.0] [cxt 0] Transmitting packet of size 107 out of port 0
[17:23:07.805] [bmv2] [D] [thread 7225] [8.0] [cxt 0] Processing packet received on port 2
[17:23:07.805] [bmv2] [D] [thread 7225] [8.0] [cxt 0] Parser 'parser': start
[17:23:07.805] [bmv2] [D] [thread 7225] [8.0] [cxt 0] Parser 'parser' entering state 'start'
[17:23:07.805] [bmv2] [D] [thread 7225] [8.0] [cxt 0] Extracting header 'ethernet'
[17:23:07.805] [bmv2] [D] [thread 7225] [8.0] [cxt 0] Parser state 'start': key is 86dd
[17:23:07.805] [bmv2] [T] [thread 7225] [8.0] [cxt 0] Bytes parsed: 14
[17:23:07.805] [bmv2] [D] [thread 7225] [8.0] [cxt 0] Parser 'parser': end
[17:23:07.805] [bmv2] [D] [thread 7225] [8.0] [cxt 0] Pipeline 'ingress': start
[17:23:07.805] [bmv2] [T] [thread 7225] [8.0] [cxt 0] lminpkt.p4(145) Condition "hdr.ipv4.isValid()" (node_2) is false
[17:23:07.805] [bmv2] [D] [thread 7225] [8.0] [cxt 0] Pipeline 'ingress': end
[17:23:07.805] [bmv2] [D] [thread 7225] [8.0] [cxt 0] Egress port is 0
[17:23:07.805] [bmv2] [D] [thread 7226] [8.0] [cxt 0] Pipeline 'egress': start
[17:23:07.805] [bmv2] [D] [thread 7226] [8.0] [cxt 0] Pipeline 'egress': end
[17:23:07.805] [bmv2] [D] [thread 7226] [8.0] [cxt 0] Deparser 'deparser': start
[17:23:07.805] [bmv2] [T] [thread 7226] [8.0] [cxt 0] Skipping checksum 'cksum' update because condition not met
[17:23:07.805] [bmv2] [D] [thread 7226] [8.0] [cxt 0] Deparsing header 'ethernet'
[17:23:07.805] [bmv2] [D] [thread 7226] [8.0] [cxt 0] Deparser 'deparser': end
[17:23:07.806] [bmv2] [D] [thread 7230] [8.0] [cxt 0] Transmitting packet of size 208 out of port 0
New connection
P4Runtime SetForwardingPipelineConfig
[17:23:07.924] [bmv2] [W] [thread 7267] [P4Runtime] p4::tmp::P4DeviceConfig is deprecated
[17:23:07.929] [bmv2] [D] [thread 7267] Set default default entry for table 'MyIngress.ipv4_lpm': NoAction - 
P4Runtime Write
election_id {
  low: 1
}
updates {
  type: MODIFY
  entity {
    table_entry {
      table_id: 33574068
      action {
        action {
          action_id: 16805608
        }
      }
      is_default_action: true
    }
  }
}
[17:23:07.941] [bmv2] [D] [thread 7267] Set default entry for table 'MyIngress.ipv4_lpm': MyIngress.drop - 
P4Runtime Write
election_id {
  low: 1
}
updates {
  type: INSERT
  entity {
    table_entry {
      table_id: 33574068
      match {
        field_id: 1
        lpm {
          value: "\n\001\001\n"
          prefix_len: 32
        }
      }
      action {
        action {
          action_id: 16799317
          params {
            param_id: 1
            value: "\010\000\000\000\001\020"
          }
          params {
            param_id: 2
            value: "\000\001"
          }
        }
      }
    }
  }
}
[17:23:07.944] [bmv2] [D] [thread 7267] Entry 0 added to table 'MyIngress.ipv4_lpm'
[17:23:07.944] [bmv2] [D] [thread 7267] Dumping entry 0
Match key:
* hdr.ipv4.dstAddr    : LPM       0a01010a/32
Action entry: MyIngress.ipv4_forward - 80000000110,1,

P4Runtime Write
election_id {
  low: 1
}
updates {
  type: INSERT
  entity {
    table_entry {
      table_id: 33574068
      match {
        field_id: 1
        lpm {
          value: "\n\002\002\n"
          prefix_len: 32
        }
      }
      action {
        action {
          action_id: 16799317
          params {
            param_id: 1
            value: "\010\000\000\000\002\020"
          }
          params {
            param_id: 2
            value: "\000\002"
          }
        }
      }
    }
  }
}
[17:23:07.946] [bmv2] [D] [thread 7267] Entry 1 added to table 'MyIngress.ipv4_lpm'
[17:23:07.946] [bmv2] [D] [thread 7267] Dumping entry 1
Match key:
* hdr.ipv4.dstAddr    : LPM       0a02020a/32
Action entry: MyIngress.ipv4_forward - 80000000210,2,

Connection removed
[17:23:08.026] [bmv2] [D] [thread 7225] [9.0] [cxt 0] Processing packet received on port 2
[17:23:08.026] [bmv2] [D] [thread 7225] [9.0] [cxt 0] Parser 'parser': start
[17:23:08.026] [bmv2] [D] [thread 7225] [9.0] [cxt 0] Parser 'parser' entering state 'start'
[17:23:08.026] [bmv2] [D] [thread 7225] [9.0] [cxt 0] Extracting header 'ethernet'
[17:23:08.026] [bmv2] [D] [thread 7225] [9.0] [cxt 0] Parser state 'start': key is 86dd
[17:23:08.026] [bmv2] [T] [thread 7225] [9.0] [cxt 0] Bytes parsed: 14
[17:23:08.026] [bmv2] [D] [thread 7225] [9.0] [cxt 0] Parser 'parser': end
[17:23:08.026] [bmv2] [D] [thread 7225] [9.0] [cxt 0] Pipeline 'ingress': start
[17:23:08.026] [bmv2] [T] [thread 7225] [9.0] [cxt 0] lminpkt.p4(145) Condition "hdr.ipv4.isValid()" (node_2) is false
[17:23:08.026] [bmv2] [D] [thread 7225] [9.0] [cxt 0] Pipeline 'ingress': end
[17:23:08.026] [bmv2] [D] [thread 7225] [9.0] [cxt 0] Egress port is 0
[17:23:08.026] [bmv2] [D] [thread 7226] [9.0] [cxt 0] Pipeline 'egress': start
[17:23:08.026] [bmv2] [D] [thread 7226] [9.0] [cxt 0] Pipeline 'egress': end
[17:23:08.026] [bmv2] [D] [thread 7226] [9.0] [cxt 0] Deparser 'deparser': start
[17:23:08.026] [bmv2] [T] [thread 7226] [9.0] [cxt 0] Skipping checksum 'cksum' update because condition not met
[17:23:08.026] [bmv2] [D] [thread 7226] [9.0] [cxt 0] Deparsing header 'ethernet'
[17:23:08.026] [bmv2] [D] [thread 7226] [9.0] [cxt 0] Deparser 'deparser': end
[17:23:08.026] [bmv2] [D] [thread 7230] [9.0] [cxt 0] Transmitting packet of size 110 out of port 0
[17:23:08.059] [bmv2] [D] [thread 7225] [10.0] [cxt 0] Processing packet received on port 2
[17:23:08.059] [bmv2] [D] [thread 7225] [10.0] [cxt 0] Parser 'parser': start
[17:23:08.059] [bmv2] [D] [thread 7225] [10.0] [cxt 0] Parser 'parser' entering state 'start'
[17:23:08.059] [bmv2] [D] [thread 7225] [10.0] [cxt 0] Extracting header 'ethernet'
[17:23:08.059] [bmv2] [D] [thread 7225] [10.0] [cxt 0] Parser state 'start': key is 86dd
[17:23:08.059] [bmv2] [T] [thread 7225] [10.0] [cxt 0] Bytes parsed: 14
[17:23:08.059] [bmv2] [D] [thread 7225] [10.0] [cxt 0] Parser 'parser': end
[17:23:08.059] [bmv2] [D] [thread 7225] [10.0] [cxt 0] Pipeline 'ingress': start
[17:23:08.059] [bmv2] [T] [thread 7225] [10.0] [cxt 0] lminpkt.p4(145) Condition "hdr.ipv4.isValid()" (node_2) is false
[17:23:08.059] [bmv2] [D] [thread 7225] [10.0] [cxt 0] Pipeline 'ingress': end
[17:23:08.059] [bmv2] [D] [thread 7225] [10.0] [cxt 0] Egress port is 0
[17:23:08.059] [bmv2] [D] [thread 7226] [10.0] [cxt 0] Pipeline 'egress': start
[17:23:08.059] [bmv2] [D] [thread 7226] [10.0] [cxt 0] Pipeline 'egress': end
[17:23:08.059] [bmv2] [D] [thread 7226] [10.0] [cxt 0] Deparser 'deparser': start
[17:23:08.059] [bmv2] [T] [thread 7226] [10.0] [cxt 0] Skipping checksum 'cksum' update because condition not met
[17:23:08.059] [bmv2] [D] [thread 7226] [10.0] [cxt 0] Deparsing header 'ethernet'
[17:23:08.059] [bmv2] [D] [thread 7226] [10.0] [cxt 0] Deparser 'deparser': end
[17:23:08.059] [bmv2] [D] [thread 7230] [10.0] [cxt 0] Transmitting packet of size 208 out of port 0
[17:23:08.193] [bmv2] [D] [thread 7225] [11.0] [cxt 0] Processing packet received on port 1
[17:23:08.193] [bmv2] [D] [thread 7225] [11.0] [cxt 0] Parser 'parser': start
[17:23:08.193] [bmv2] [D] [thread 7225] [11.0] [cxt 0] Parser 'parser' entering state 'start'
[17:23:08.193] [bmv2] [D] [thread 7225] [11.0] [cxt 0] Extracting header 'ethernet'
[17:23:08.193] [bmv2] [D] [thread 7225] [11.0] [cxt 0] Parser state 'start': key is 86dd
[17:23:08.193] [bmv2] [T] [thread 7225] [11.0] [cxt 0] Bytes parsed: 14
[17:23:08.193] [bmv2] [D] [thread 7225] [11.0] [cxt 0] Parser 'parser': end
[17:23:08.193] [bmv2] [D] [thread 7225] [11.0] [cxt 0] Pipeline 'ingress': start
[17:23:08.193] [bmv2] [T] [thread 7225] [11.0] [cxt 0] lminpkt.p4(145) Condition "hdr.ipv4.isValid()" (node_2) is false
[17:23:08.193] [bmv2] [D] [thread 7225] [11.0] [cxt 0] Pipeline 'ingress': end
[17:23:08.193] [bmv2] [D] [thread 7225] [11.0] [cxt 0] Egress port is 0
[17:23:08.193] [bmv2] [D] [thread 7225] [12.0] [cxt 0] Processing packet received on port 2
[17:23:08.193] [bmv2] [D] [thread 7225] [12.0] [cxt 0] Parser 'parser': start
[17:23:08.193] [bmv2] [D] [thread 7225] [12.0] [cxt 0] Parser 'parser' entering state 'start'
[17:23:08.193] [bmv2] [D] [thread 7225] [12.0] [cxt 0] Extracting header 'ethernet'
[17:23:08.193] [bmv2] [D] [thread 7225] [12.0] [cxt 0] Parser state 'start': key is 86dd
[17:23:08.193] [bmv2] [T] [thread 7225] [12.0] [cxt 0] Bytes parsed: 14
[17:23:08.193] [bmv2] [D] [thread 7225] [12.0] [cxt 0] Parser 'parser': end
[17:23:08.193] [bmv2] [D] [thread 7225] [12.0] [cxt 0] Pipeline 'ingress': start
[17:23:08.193] [bmv2] [T] [thread 7225] [12.0] [cxt 0] lminpkt.p4(145) Condition "hdr.ipv4.isValid()" (node_2) is false
[17:23:08.193] [bmv2] [D] [thread 7225] [12.0] [cxt 0] Pipeline 'ingress': end
[17:23:08.193] [bmv2] [D] [thread 7225] [12.0] [cxt 0] Egress port is 0
[17:23:08.193] [bmv2] [D] [thread 7225] [13.0] [cxt 0] Processing packet received on port 1
[17:23:08.193] [bmv2] [D] [thread 7225] [13.0] [cxt 0] Parser 'parser': start
[17:23:08.193] [bmv2] [D] [thread 7225] [13.0] [cxt 0] Parser 'parser' entering state 'start'
[17:23:08.193] [bmv2] [D] [thread 7225] [13.0] [cxt 0] Extracting header 'ethernet'
[17:23:08.193] [bmv2] [D] [thread 7225] [13.0] [cxt 0] Parser state 'start': key is 86dd
[17:23:08.193] [bmv2] [T] [thread 7225] [13.0] [cxt 0] Bytes parsed: 14
[17:23:08.193] [bmv2] [D] [thread 7225] [13.0] [cxt 0] Parser 'parser': end
[17:23:08.193] [bmv2] [D] [thread 7225] [13.0] [cxt 0] Pipeline 'ingress': start
[17:23:08.193] [bmv2] [T] [thread 7225] [13.0] [cxt 0] lminpkt.p4(145) Condition "hdr.ipv4.isValid()" (node_2) is false
[17:23:08.193] [bmv2] [D] [thread 7225] [13.0] [cxt 0] Pipeline 'ingress': end
[17:23:08.193] [bmv2] [D] [thread 7225] [13.0] [cxt 0] Egress port is 0
[17:23:08.193] [bmv2] [D] [thread 7226] [11.0] [cxt 0] Pipeline 'egress': start
[17:23:08.193] [bmv2] [D] [thread 7226] [11.0] [cxt 0] Pipeline 'egress': end
[17:23:08.193] [bmv2] [D] [thread 7226] [11.0] [cxt 0] Deparser 'deparser': start
[17:23:08.193] [bmv2] [T] [thread 7226] [11.0] [cxt 0] Skipping checksum 'cksum' update because condition not met
[17:23:08.193] [bmv2] [D] [thread 7226] [11.0] [cxt 0] Deparsing header 'ethernet'
[17:23:08.193] [bmv2] [D] [thread 7226] [11.0] [cxt 0] Deparser 'deparser': end
[17:23:08.193] [bmv2] [D] [thread 7226] [12.0] [cxt 0] Pipeline 'egress': start
[17:23:08.193] [bmv2] [D] [thread 7226] [12.0] [cxt 0] Pipeline 'egress': end
[17:23:08.193] [bmv2] [D] [thread 7226] [12.0] [cxt 0] Deparser 'deparser': start
[17:23:08.193] [bmv2] [T] [thread 7226] [12.0] [cxt 0] Skipping checksum 'cksum' update because condition not met
[17:23:08.193] [bmv2] [D] [thread 7226] [12.0] [cxt 0] Deparsing header 'ethernet'
[17:23:08.193] [bmv2] [D] [thread 7226] [12.0] [cxt 0] Deparser 'deparser': end
[17:23:08.193] [bmv2] [D] [thread 7230] [11.0] [cxt 0] Transmitting packet of size 90 out of port 0
[17:23:08.193] [bmv2] [D] [thread 7226] [13.0] [cxt 0] Pipeline 'egress': start
[17:23:08.193] [bmv2] [D] [thread 7226] [13.0] [cxt 0] Pipeline 'egress': end
[17:23:08.194] [bmv2] [D] [thread 7226] [13.0] [cxt 0] Deparser 'deparser': start
[17:23:08.193] [bmv2] [D] [thread 7230] [12.0] [cxt 0] Transmitting packet of size 90 out of port 0
[17:23:08.194] [bmv2] [T] [thread 7226] [13.0] [cxt 0] Skipping checksum 'cksum' update because condition not met
[17:23:08.194] [bmv2] [D] [thread 7226] [13.0] [cxt 0] Deparsing header 'ethernet'
[17:23:08.194] [bmv2] [D] [thread 7226] [13.0] [cxt 0] Deparser 'deparser': end
[17:23:08.194] [bmv2] [D] [thread 7230] [13.0] [cxt 0] Transmitting packet of size 70 out of port 0
[17:23:08.198] [bmv2] [D] [thread 7225] [14.0] [cxt 0] Processing packet received on port 1
[17:23:08.198] [bmv2] [D] [thread 7225] [14.0] [cxt 0] Parser 'parser': start
[17:23:08.198] [bmv2] [D] [thread 7225] [14.0] [cxt 0] Parser 'parser' entering state 'start'
[17:23:08.198] [bmv2] [D] [thread 7225] [14.0] [cxt 0] Extracting header 'ethernet'
[17:23:08.198] [bmv2] [D] [thread 7225] [14.0] [cxt 0] Parser state 'start': key is 86dd
[17:23:08.198] [bmv2] [T] [thread 7225] [14.0] [cxt 0] Bytes parsed: 14
[17:23:08.198] [bmv2] [D] [thread 7225] [14.0] [cxt 0] Parser 'parser': end
[17:23:08.198] [bmv2] [D] [thread 7225] [14.0] [cxt 0] Pipeline 'ingress': start
[17:23:08.198] [bmv2] [T] [thread 7225] [14.0] [cxt 0] lminpkt.p4(145) Condition "hdr.ipv4.isValid()" (node_2) is false
[17:23:08.198] [bmv2] [D] [thread 7225] [14.0] [cxt 0] Pipeline 'ingress': end
[17:23:08.198] [bmv2] [D] [thread 7225] [14.0] [cxt 0] Egress port is 0
[17:23:08.198] [bmv2] [D] [thread 7226] [14.0] [cxt 0] Pipeline 'egress': start
[17:23:08.198] [bmv2] [D] [thread 7226] [14.0] [cxt 0] Pipeline 'egress': end
[17:23:08.198] [bmv2] [D] [thread 7226] [14.0] [cxt 0] Deparser 'deparser': start
[17:23:08.198] [bmv2] [T] [thread 7226] [14.0] [cxt 0] Skipping checksum 'cksum' update because condition not met
[17:23:08.198] [bmv2] [D] [thread 7226] [14.0] [cxt 0] Deparsing header 'ethernet'
[17:23:08.198] [bmv2] [D] [thread 7226] [14.0] [cxt 0] Deparser 'deparser': end
[17:23:08.198] [bmv2] [D] [thread 7230] [14.0] [cxt 0] Transmitting packet of size 90 out of port 0
[17:23:08.300] [bmv2] [D] [thread 7225] [15.0] [cxt 0] Processing packet received on port 1
[17:23:08.300] [bmv2] [D] [thread 7225] [15.0] [cxt 0] Parser 'parser': start
[17:23:08.300] [bmv2] [D] [thread 7225] [15.0] [cxt 0] Parser 'parser' entering state 'start'
[17:23:08.300] [bmv2] [D] [thread 7225] [15.0] [cxt 0] Extracting header 'ethernet'
[17:23:08.300] [bmv2] [D] [thread 7225] [15.0] [cxt 0] Parser state 'start': key is 86dd
[17:23:08.300] [bmv2] [T] [thread 7225] [15.0] [cxt 0] Bytes parsed: 14
[17:23:08.300] [bmv2] [D] [thread 7225] [15.0] [cxt 0] Parser 'parser': end
[17:23:08.300] [bmv2] [D] [thread 7225] [15.0] [cxt 0] Pipeline 'ingress': start
[17:23:08.300] [bmv2] [T] [thread 7225] [15.0] [cxt 0] lminpkt.p4(145) Condition "hdr.ipv4.isValid()" (node_2) is false
[17:23:08.300] [bmv2] [D] [thread 7225] [15.0] [cxt 0] Pipeline 'ingress': end
[17:23:08.300] [bmv2] [D] [thread 7225] [15.0] [cxt 0] Egress port is 0
[17:23:08.300] [bmv2] [D] [thread 7226] [15.0] [cxt 0] Pipeline 'egress': start
[17:23:08.300] [bmv2] [D] [thread 7226] [15.0] [cxt 0] Pipeline 'egress': end
[17:23:08.300] [bmv2] [D] [thread 7226] [15.0] [cxt 0] Deparser 'deparser': start
[17:23:08.300] [bmv2] [T] [thread 7226] [15.0] [cxt 0] Skipping checksum 'cksum' update because condition not met
[17:23:08.300] [bmv2] [D] [thread 7226] [15.0] [cxt 0] Deparsing header 'ethernet'
[17:23:08.300] [bmv2] [D] [thread 7226] [15.0] [cxt 0] Deparser 'deparser': end
[17:23:08.301] [bmv2] [D] [thread 7230] [15.0] [cxt 0] Transmitting packet of size 107 out of port 0
[17:23:08.326] [bmv2] [D] [thread 7225] [16.0] [cxt 0] Processing packet received on port 2
[17:23:08.326] [bmv2] [D] [thread 7225] [16.0] [cxt 0] Parser 'parser': start
[17:23:08.326] [bmv2] [D] [thread 7225] [16.0] [cxt 0] Parser 'parser' entering state 'start'
[17:23:08.326] [bmv2] [D] [thread 7225] [16.0] [cxt 0] Extracting header 'ethernet'
[17:23:08.326] [bmv2] [D] [thread 7225] [16.0] [cxt 0] Parser state 'start': key is 86dd
[17:23:08.326] [bmv2] [T] [thread 7225] [16.0] [cxt 0] Bytes parsed: 14
[17:23:08.326] [bmv2] [D] [thread 7225] [16.0] [cxt 0] Parser 'parser': end
[17:23:08.326] [bmv2] [D] [thread 7225] [16.0] [cxt 0] Pipeline 'ingress': start
[17:23:08.326] [bmv2] [T] [thread 7225] [16.0] [cxt 0] lminpkt.p4(145) Condition "hdr.ipv4.isValid()" (node_2) is false
[17:23:08.326] [bmv2] [D] [thread 7225] [16.0] [cxt 0] Pipeline 'ingress': end
[17:23:08.326] [bmv2] [D] [thread 7225] [16.0] [cxt 0] Egress port is 0
[17:23:08.326] [bmv2] [D] [thread 7226] [16.0] [cxt 0] Pipeline 'egress': start
[17:23:08.326] [bmv2] [D] [thread 7226] [16.0] [cxt 0] Pipeline 'egress': end
[17:23:08.326] [bmv2] [D] [thread 7226] [16.0] [cxt 0] Deparser 'deparser': start
[17:23:08.326] [bmv2] [T] [thread 7226] [16.0] [cxt 0] Skipping checksum 'cksum' update because condition not met
[17:23:08.326] [bmv2] [D] [thread 7226] [16.0] [cxt 0] Deparsing header 'ethernet'
[17:23:08.326] [bmv2] [D] [thread 7226] [16.0] [cxt 0] Deparser 'deparser': end
[17:23:08.326] [bmv2] [D] [thread 7230] [16.0] [cxt 0] Transmitting packet of size 208 out of port 0
[17:23:08.418] [bmv2] [D] [thread 7225] [17.0] [cxt 0] Processing packet received on port 1
[17:23:08.419] [bmv2] [D] [thread 7225] [17.0] [cxt 0] Parser 'parser': start
[17:23:08.419] [bmv2] [D] [thread 7225] [17.0] [cxt 0] Parser 'parser' entering state 'start'
[17:23:08.419] [bmv2] [D] [thread 7225] [17.0] [cxt 0] Extracting header 'ethernet'
[17:23:08.419] [bmv2] [D] [thread 7225] [17.0] [cxt 0] Parser state 'start': key is 86dd
[17:23:08.419] [bmv2] [T] [thread 7225] [17.0] [cxt 0] Bytes parsed: 14
[17:23:08.419] [bmv2] [D] [thread 7225] [17.0] [cxt 0] Parser 'parser': end
[17:23:08.419] [bmv2] [D] [thread 7225] [17.0] [cxt 0] Pipeline 'ingress': start
[17:23:08.419] [bmv2] [T] [thread 7225] [17.0] [cxt 0] lminpkt.p4(145) Condition "hdr.ipv4.isValid()" (node_2) is false
[17:23:08.419] [bmv2] [D] [thread 7225] [17.0] [cxt 0] Pipeline 'ingress': end
[17:23:08.419] [bmv2] [D] [thread 7225] [17.0] [cxt 0] Egress port is 0
[17:23:08.419] [bmv2] [D] [thread 7226] [17.0] [cxt 0] Pipeline 'egress': start
[17:23:08.419] [bmv2] [D] [thread 7226] [17.0] [cxt 0] Pipeline 'egress': end
[17:23:08.419] [bmv2] [D] [thread 7226] [17.0] [cxt 0] Deparser 'deparser': start
[17:23:08.419] [bmv2] [T] [thread 7226] [17.0] [cxt 0] Skipping checksum 'cksum' update because condition not met
[17:23:08.419] [bmv2] [D] [thread 7226] [17.0] [cxt 0] Deparsing header 'ethernet'
[17:23:08.419] [bmv2] [D] [thread 7226] [17.0] [cxt 0] Deparser 'deparser': end
[17:23:08.419] [bmv2] [D] [thread 7230] [17.0] [cxt 0] Transmitting packet of size 208 out of port 0
[17:23:08.526] [bmv2] [D] [thread 7225] [18.0] [cxt 0] Processing packet received on port 2
[17:23:08.526] [bmv2] [D] [thread 7225] [18.0] [cxt 0] Parser 'parser': start
[17:23:08.526] [bmv2] [D] [thread 7225] [18.0] [cxt 0] Parser 'parser' entering state 'start'
[17:23:08.526] [bmv2] [D] [thread 7225] [18.0] [cxt 0] Extracting header 'ethernet'
[17:23:08.526] [bmv2] [D] [thread 7225] [18.0] [cxt 0] Parser state 'start': key is 86dd
[17:23:08.526] [bmv2] [T] [thread 7225] [18.0] [cxt 0] Bytes parsed: 14
[17:23:08.526] [bmv2] [D] [thread 7225] [18.0] [cxt 0] Parser 'parser': end
[17:23:08.526] [bmv2] [D] [thread 7225] [18.0] [cxt 0] Pipeline 'ingress': start
[17:23:08.526] [bmv2] [T] [thread 7225] [18.0] [cxt 0] lminpkt.p4(145) Condition "hdr.ipv4.isValid()" (node_2) is false
[17:23:08.526] [bmv2] [D] [thread 7225] [18.0] [cxt 0] Pipeline 'ingress': end
[17:23:08.526] [bmv2] [D] [thread 7225] [18.0] [cxt 0] Egress port is 0
[17:23:08.526] [bmv2] [D] [thread 7226] [18.0] [cxt 0] Pipeline 'egress': start
[17:23:08.526] [bmv2] [D] [thread 7226] [18.0] [cxt 0] Pipeline 'egress': end
[17:23:08.526] [bmv2] [D] [thread 7226] [18.0] [cxt 0] Deparser 'deparser': start
[17:23:08.526] [bmv2] [T] [thread 7226] [18.0] [cxt 0] Skipping checksum 'cksum' update because condition not met
[17:23:08.526] [bmv2] [D] [thread 7226] [18.0] [cxt 0] Deparsing header 'ethernet'
[17:23:08.526] [bmv2] [D] [thread 7226] [18.0] [cxt 0] Deparser 'deparser': end
[17:23:08.526] [bmv2] [D] [thread 7230] [18.0] [cxt 0] Transmitting packet of size 196 out of port 0
[17:23:08.697] [bmv2] [D] [thread 7225] [19.0] [cxt 0] Processing packet received on port 1
[17:23:08.697] [bmv2] [D] [thread 7225] [19.0] [cxt 0] Parser 'parser': start
[17:23:08.697] [bmv2] [D] [thread 7225] [19.0] [cxt 0] Parser 'parser' entering state 'start'
[17:23:08.697] [bmv2] [D] [thread 7225] [19.0] [cxt 0] Extracting header 'ethernet'
[17:23:08.697] [bmv2] [D] [thread 7225] [19.0] [cxt 0] Parser state 'start': key is 86dd
[17:23:08.697] [bmv2] [T] [thread 7225] [19.0] [cxt 0] Bytes parsed: 14
[17:23:08.697] [bmv2] [D] [thread 7225] [19.0] [cxt 0] Parser 'parser': end
[17:23:08.697] [bmv2] [D] [thread 7225] [19.0] [cxt 0] Pipeline 'ingress': start
[17:23:08.697] [bmv2] [T] [thread 7225] [19.0] [cxt 0] lminpkt.p4(145) Condition "hdr.ipv4.isValid()" (node_2) is false
[17:23:08.697] [bmv2] [D] [thread 7225] [19.0] [cxt 0] Pipeline 'ingress': end
[17:23:08.697] [bmv2] [D] [thread 7225] [19.0] [cxt 0] Egress port is 0
[17:23:08.697] [bmv2] [D] [thread 7225] [20.0] [cxt 0] Processing packet received on port 2
[17:23:08.697] [bmv2] [D] [thread 7225] [20.0] [cxt 0] Parser 'parser': start
[17:23:08.697] [bmv2] [D] [thread 7225] [20.0] [cxt 0] Parser 'parser' entering state 'start'
[17:23:08.697] [bmv2] [D] [thread 7225] [20.0] [cxt 0] Extracting header 'ethernet'
[17:23:08.697] [bmv2] [D] [thread 7225] [20.0] [cxt 0] Parser state 'start': key is 86dd
[17:23:08.697] [bmv2] [T] [thread 7225] [20.0] [cxt 0] Bytes parsed: 14
[17:23:08.697] [bmv2] [D] [thread 7225] [20.0] [cxt 0] Parser 'parser': end
[17:23:08.697] [bmv2] [D] [thread 7225] [20.0] [cxt 0] Pipeline 'ingress': start
[17:23:08.697] [bmv2] [T] [thread 7225] [20.0] [cxt 0] lminpkt.p4(145) Condition "hdr.ipv4.isValid()" (node_2) is false
[17:23:08.697] [bmv2] [D] [thread 7225] [20.0] [cxt 0] Pipeline 'ingress': end
[17:23:08.697] [bmv2] [D] [thread 7225] [20.0] [cxt 0] Egress port is 0
[17:23:08.697] [bmv2] [D] [thread 7225] [21.0] [cxt 0] Processing packet received on port 1
[17:23:08.697] [bmv2] [D] [thread 7225] [21.0] [cxt 0] Parser 'parser': start
[17:23:08.697] [bmv2] [D] [thread 7225] [21.0] [cxt 0] Parser 'parser' entering state 'start'
[17:23:08.697] [bmv2] [D] [thread 7225] [21.0] [cxt 0] Extracting header 'ethernet'
[17:23:08.698] [bmv2] [D] [thread 7225] [21.0] [cxt 0] Parser state 'start': key is 86dd
[17:23:08.698] [bmv2] [T] [thread 7225] [21.0] [cxt 0] Bytes parsed: 14
[17:23:08.698] [bmv2] [D] [thread 7225] [21.0] [cxt 0] Parser 'parser': end
[17:23:08.698] [bmv2] [D] [thread 7225] [21.0] [cxt 0] Pipeline 'ingress': start
[17:23:08.698] [bmv2] [T] [thread 7225] [21.0] [cxt 0] lminpkt.p4(145) Condition "hdr.ipv4.isValid()" (node_2) is false
[17:23:08.698] [bmv2] [D] [thread 7225] [21.0] [cxt 0] Pipeline 'ingress': end
[17:23:08.698] [bmv2] [D] [thread 7225] [21.0] [cxt 0] Egress port is 0
[17:23:08.698] [bmv2] [D] [thread 7226] [19.0] [cxt 0] Pipeline 'egress': start
[17:23:08.698] [bmv2] [D] [thread 7226] [19.0] [cxt 0] Pipeline 'egress': end
[17:23:08.698] [bmv2] [D] [thread 7226] [19.0] [cxt 0] Deparser 'deparser': start
[17:23:08.698] [bmv2] [T] [thread 7226] [19.0] [cxt 0] Skipping checksum 'cksum' update because condition not met
[17:23:08.698] [bmv2] [D] [thread 7226] [19.0] [cxt 0] Deparsing header 'ethernet'
[17:23:08.698] [bmv2] [D] [thread 7226] [19.0] [cxt 0] Deparser 'deparser': end
[17:23:08.698] [bmv2] [D] [thread 7226] [20.0] [cxt 0] Pipeline 'egress': start
[17:23:08.698] [bmv2] [D] [thread 7226] [20.0] [cxt 0] Pipeline 'egress': end
[17:23:08.698] [bmv2] [D] [thread 7226] [20.0] [cxt 0] Deparser 'deparser': start
[17:23:08.698] [bmv2] [T] [thread 7226] [20.0] [cxt 0] Skipping checksum 'cksum' update because condition not met
[17:23:08.698] [bmv2] [D] [thread 7226] [20.0] [cxt 0] Deparsing header 'ethernet'
[17:23:08.698] [bmv2] [D] [thread 7226] [20.0] [cxt 0] Deparser 'deparser': end
[17:23:08.698] [bmv2] [D] [thread 7226] [21.0] [cxt 0] Pipeline 'egress': start
[17:23:08.698] [bmv2] [D] [thread 7226] [21.0] [cxt 0] Pipeline 'egress': end
[17:23:08.698] [bmv2] [D] [thread 7226] [21.0] [cxt 0] Deparser 'deparser': start
[17:23:08.698] [bmv2] [T] [thread 7226] [21.0] [cxt 0] Skipping checksum 'cksum' update because condition not met
[17:23:08.698] [bmv2] [D] [thread 7230] [19.0] [cxt 0] Transmitting packet of size 90 out of port 0
[17:23:08.698] [bmv2] [D] [thread 7226] [21.0] [cxt 0] Deparsing header 'ethernet'
[17:23:08.698] [bmv2] [D] [thread 7230] [20.0] [cxt 0] Transmitting packet of size 107 out of port 0
[17:23:08.698] [bmv2] [D] [thread 7226] [21.0] [cxt 0] Deparser 'deparser': end
[17:23:08.698] [bmv2] [D] [thread 7230] [21.0] [cxt 0] Transmitting packet of size 208 out of port 0
[17:23:08.942] [bmv2] [D] [thread 7225] [22.0] [cxt 0] Processing packet received on port 1
[17:23:08.942] [bmv2] [D] [thread 7225] [22.0] [cxt 0] Parser 'parser': start
[17:23:08.942] [bmv2] [D] [thread 7225] [22.0] [cxt 0] Parser 'parser' entering state 'start'
[17:23:08.942] [bmv2] [D] [thread 7225] [22.0] [cxt 0] Extracting header 'ethernet'
[17:23:08.942] [bmv2] [D] [thread 7225] [22.0] [cxt 0] Parser state 'start': key is 86dd
[17:23:08.942] [bmv2] [T] [thread 7225] [22.0] [cxt 0] Bytes parsed: 14
[17:23:08.942] [bmv2] [D] [thread 7225] [22.0] [cxt 0] Parser 'parser': end
[17:23:08.942] [bmv2] [D] [thread 7225] [22.0] [cxt 0] Pipeline 'ingress': start
[17:23:08.942] [bmv2] [T] [thread 7225] [22.0] [cxt 0] lminpkt.p4(145) Condition "hdr.ipv4.isValid()" (node_2) is false
[17:23:08.942] [bmv2] [D] [thread 7225] [22.0] [cxt 0] Pipeline 'ingress': end
[17:23:08.942] [bmv2] [D] [thread 7225] [22.0] [cxt 0] Egress port is 0
[17:23:08.942] [bmv2] [D] [thread 7226] [22.0] [cxt 0] Pipeline 'egress': start
[17:23:08.942] [bmv2] [D] [thread 7226] [22.0] [cxt 0] Pipeline 'egress': end
[17:23:08.942] [bmv2] [D] [thread 7226] [22.0] [cxt 0] Deparser 'deparser': start
[17:23:08.942] [bmv2] [T] [thread 7226] [22.0] [cxt 0] Skipping checksum 'cksum' update because condition not met
[17:23:08.942] [bmv2] [D] [thread 7226] [22.0] [cxt 0] Deparsing header 'ethernet'
[17:23:08.942] [bmv2] [D] [thread 7226] [22.0] [cxt 0] Deparser 'deparser': end
[17:23:08.943] [bmv2] [D] [thread 7230] [22.0] [cxt 0] Transmitting packet of size 208 out of port 0
[17:23:09.048] [bmv2] [D] [thread 7225] [23.0] [cxt 0] Processing packet received on port 1
[17:23:09.048] [bmv2] [D] [thread 7225] [23.0] [cxt 0] Parser 'parser': start
[17:23:09.048] [bmv2] [D] [thread 7225] [23.0] [cxt 0] Parser 'parser' entering state 'start'
[17:23:09.048] [bmv2] [D] [thread 7225] [23.0] [cxt 0] Extracting header 'ethernet'
[17:23:09.048] [bmv2] [D] [thread 7225] [23.0] [cxt 0] Parser state 'start': key is 86dd
[17:23:09.048] [bmv2] [T] [thread 7225] [23.0] [cxt 0] Bytes parsed: 14
[17:23:09.048] [bmv2] [D] [thread 7225] [23.0] [cxt 0] Parser 'parser': end
[17:23:09.048] [bmv2] [D] [thread 7225] [23.0] [cxt 0] Pipeline 'ingress': start
[17:23:09.048] [bmv2] [T] [thread 7225] [23.0] [cxt 0] lminpkt.p4(145) Condition "hdr.ipv4.isValid()" (node_2) is false
[17:23:09.048] [bmv2] [D] [thread 7225] [23.0] [cxt 0] Pipeline 'ingress': end
[17:23:09.048] [bmv2] [D] [thread 7225] [23.0] [cxt 0] Egress port is 0
[17:23:09.048] [bmv2] [D] [thread 7226] [23.0] [cxt 0] Pipeline 'egress': start
[17:23:09.048] [bmv2] [D] [thread 7226] [23.0] [cxt 0] Pipeline 'egress': end
[17:23:09.048] [bmv2] [D] [thread 7226] [23.0] [cxt 0] Deparser 'deparser': start
[17:23:09.048] [bmv2] [T] [thread 7226] [23.0] [cxt 0] Skipping checksum 'cksum' update because condition not met
[17:23:09.048] [bmv2] [D] [thread 7226] [23.0] [cxt 0] Deparsing header 'ethernet'
[17:23:09.048] [bmv2] [D] [thread 7226] [23.0] [cxt 0] Deparser 'deparser': end
[17:23:09.048] [bmv2] [D] [thread 7230] [23.0] [cxt 0] Transmitting packet of size 110 out of port 0
[17:23:09.144] [bmv2] [D] [thread 7225] [24.0] [cxt 0] Processing packet received on port 1
[17:23:09.144] [bmv2] [D] [thread 7225] [24.0] [cxt 0] Parser 'parser': start
[17:23:09.144] [bmv2] [D] [thread 7225] [24.0] [cxt 0] Parser 'parser' entering state 'start'
[17:23:09.144] [bmv2] [D] [thread 7225] [24.0] [cxt 0] Extracting header 'ethernet'
[17:23:09.144] [bmv2] [D] [thread 7225] [24.0] [cxt 0] Parser state 'start': key is 86dd
[17:23:09.144] [bmv2] [T] [thread 7225] [24.0] [cxt 0] Bytes parsed: 14
[17:23:09.144] [bmv2] [D] [thread 7225] [24.0] [cxt 0] Parser 'parser': end
[17:23:09.144] [bmv2] [D] [thread 7225] [24.0] [cxt 0] Pipeline 'ingress': start
[17:23:09.144] [bmv2] [T] [thread 7225] [24.0] [cxt 0] lminpkt.p4(145) Condition "hdr.ipv4.isValid()" (node_2) is false
[17:23:09.144] [bmv2] [D] [thread 7225] [24.0] [cxt 0] Pipeline 'ingress': end
[17:23:09.144] [bmv2] [D] [thread 7225] [24.0] [cxt 0] Egress port is 0
[17:23:09.144] [bmv2] [D] [thread 7226] [24.0] [cxt 0] Pipeline 'egress': start
[17:23:09.144] [bmv2] [D] [thread 7226] [24.0] [cxt 0] Pipeline 'egress': end
[17:23:09.144] [bmv2] [D] [thread 7226] [24.0] [cxt 0] Deparser 'deparser': start
[17:23:09.144] [bmv2] [T] [thread 7226] [24.0] [cxt 0] Skipping checksum 'cksum' update because condition not met
[17:23:09.144] [bmv2] [D] [thread 7226] [24.0] [cxt 0] Deparsing header 'ethernet'
[17:23:09.144] [bmv2] [D] [thread 7226] [24.0] [cxt 0] Deparser 'deparser': end
[17:23:09.145] [bmv2] [D] [thread 7230] [24.0] [cxt 0] Transmitting packet of size 196 out of port 0
[17:23:09.294] [bmv2] [D] [thread 7225] [25.0] [cxt 0] Processing packet received on port 1
[17:23:09.294] [bmv2] [D] [thread 7225] [25.0] [cxt 0] Parser 'parser': start
[17:23:09.294] [bmv2] [D] [thread 7225] [25.0] [cxt 0] Parser 'parser' entering state 'start'
[17:23:09.294] [bmv2] [D] [thread 7225] [25.0] [cxt 0] Extracting header 'ethernet'
[17:23:09.294] [bmv2] [D] [thread 7225] [25.0] [cxt 0] Parser state 'start': key is 86dd
[17:23:09.294] [bmv2] [T] [thread 7225] [25.0] [cxt 0] Bytes parsed: 14
[17:23:09.294] [bmv2] [D] [thread 7225] [25.0] [cxt 0] Parser 'parser': end
[17:23:09.294] [bmv2] [D] [thread 7225] [25.0] [cxt 0] Pipeline 'ingress': start
[17:23:09.294] [bmv2] [T] [thread 7225] [25.0] [cxt 0] lminpkt.p4(145) Condition "hdr.ipv4.isValid()" (node_2) is false
[17:23:09.294] [bmv2] [D] [thread 7225] [25.0] [cxt 0] Pipeline 'ingress': end
[17:23:09.294] [bmv2] [D] [thread 7225] [25.0] [cxt 0] Egress port is 0
[17:23:09.294] [bmv2] [D] [thread 7226] [25.0] [cxt 0] Pipeline 'egress': start
[17:23:09.294] [bmv2] [D] [thread 7226] [25.0] [cxt 0] Pipeline 'egress': end
[17:23:09.294] [bmv2] [D] [thread 7226] [25.0] [cxt 0] Deparser 'deparser': start
[17:23:09.294] [bmv2] [T] [thread 7226] [25.0] [cxt 0] Skipping checksum 'cksum' update because condition not met
[17:23:09.294] [bmv2] [D] [thread 7226] [25.0] [cxt 0] Deparsing header 'ethernet'
[17:23:09.294] [bmv2] [D] [thread 7226] [25.0] [cxt 0] Deparser 'deparser': end
[17:23:09.294] [bmv2] [D] [thread 7230] [25.0] [cxt 0] Transmitting packet of size 107 out of port 0
[17:23:09.700] [bmv2] [D] [thread 7225] [26.0] [cxt 0] Processing packet received on port 2
[17:23:09.700] [bmv2] [D] [thread 7225] [26.0] [cxt 0] Parser 'parser': start
[17:23:09.700] [bmv2] [D] [thread 7225] [26.0] [cxt 0] Parser 'parser' entering state 'start'
[17:23:09.700] [bmv2] [D] [thread 7225] [26.0] [cxt 0] Extracting header 'ethernet'
[17:23:09.700] [bmv2] [D] [thread 7225] [26.0] [cxt 0] Parser state 'start': key is 86dd
[17:23:09.700] [bmv2] [T] [thread 7225] [26.0] [cxt 0] Bytes parsed: 14
[17:23:09.700] [bmv2] [D] [thread 7225] [26.0] [cxt 0] Parser 'parser': end
[17:23:09.700] [bmv2] [D] [thread 7225] [26.0] [cxt 0] Pipeline 'ingress': start
[17:23:09.700] [bmv2] [T] [thread 7225] [26.0] [cxt 0] lminpkt.p4(145) Condition "hdr.ipv4.isValid()" (node_2) is false
[17:23:09.700] [bmv2] [D] [thread 7225] [26.0] [cxt 0] Pipeline 'ingress': end
[17:23:09.700] [bmv2] [D] [thread 7225] [26.0] [cxt 0] Egress port is 0
[17:23:09.701] [bmv2] [D] [thread 7226] [26.0] [cxt 0] Pipeline 'egress': start
[17:23:09.701] [bmv2] [D] [thread 7226] [26.0] [cxt 0] Pipeline 'egress': end
[17:23:09.701] [bmv2] [D] [thread 7226] [26.0] [cxt 0] Deparser 'deparser': start
[17:23:09.701] [bmv2] [T] [thread 7226] [26.0] [cxt 0] Skipping checksum 'cksum' update because condition not met
[17:23:09.701] [bmv2] [D] [thread 7226] [26.0] [cxt 0] Deparsing header 'ethernet'
[17:23:09.701] [bmv2] [D] [thread 7226] [26.0] [cxt 0] Deparser 'deparser': end
[17:23:09.701] [bmv2] [D] [thread 7230] [26.0] [cxt 0] Transmitting packet of size 196 out of port 0
[17:23:10.325] [bmv2] [D] [thread 7225] [27.0] [cxt 0] Processing packet received on port 1
[17:23:10.325] [bmv2] [D] [thread 7225] [27.0] [cxt 0] Parser 'parser': start
[17:23:10.325] [bmv2] [D] [thread 7225] [27.0] [cxt 0] Parser 'parser' entering state 'start'
[17:23:10.325] [bmv2] [D] [thread 7225] [27.0] [cxt 0] Extracting header 'ethernet'
[17:23:10.325] [bmv2] [D] [thread 7225] [27.0] [cxt 0] Parser state 'start': key is 86dd
[17:23:10.325] [bmv2] [T] [thread 7225] [27.0] [cxt 0] Bytes parsed: 14
[17:23:10.325] [bmv2] [D] [thread 7225] [27.0] [cxt 0] Parser 'parser': end
[17:23:10.325] [bmv2] [D] [thread 7225] [27.0] [cxt 0] Pipeline 'ingress': start
[17:23:10.325] [bmv2] [T] [thread 7225] [27.0] [cxt 0] lminpkt.p4(145) Condition "hdr.ipv4.isValid()" (node_2) is false
[17:23:10.325] [bmv2] [D] [thread 7225] [27.0] [cxt 0] Pipeline 'ingress': end
[17:23:10.325] [bmv2] [D] [thread 7225] [27.0] [cxt 0] Egress port is 0
[17:23:10.325] [bmv2] [D] [thread 7226] [27.0] [cxt 0] Pipeline 'egress': start
[17:23:10.325] [bmv2] [D] [thread 7226] [27.0] [cxt 0] Pipeline 'egress': end
[17:23:10.325] [bmv2] [D] [thread 7226] [27.0] [cxt 0] Deparser 'deparser': start
[17:23:10.325] [bmv2] [T] [thread 7226] [27.0] [cxt 0] Skipping checksum 'cksum' update because condition not met
[17:23:10.325] [bmv2] [D] [thread 7226] [27.0] [cxt 0] Deparsing header 'ethernet'
[17:23:10.325] [bmv2] [D] [thread 7226] [27.0] [cxt 0] Deparser 'deparser': end
[17:23:10.326] [bmv2] [D] [thread 7230] [27.0] [cxt 0] Transmitting packet of size 196 out of port 0
[17:23:10.686] [bmv2] [D] [thread 7225] [28.0] [cxt 0] Processing packet received on port 2
[17:23:10.686] [bmv2] [D] [thread 7225] [28.0] [cxt 0] Parser 'parser': start
[17:23:10.686] [bmv2] [D] [thread 7225] [28.0] [cxt 0] Parser 'parser' entering state 'start'
[17:23:10.686] [bmv2] [D] [thread 7225] [28.0] [cxt 0] Extracting header 'ethernet'
[17:23:10.686] [bmv2] [D] [thread 7225] [28.0] [cxt 0] Parser state 'start': key is 86dd
[17:23:10.686] [bmv2] [T] [thread 7225] [28.0] [cxt 0] Bytes parsed: 14
[17:23:10.686] [bmv2] [D] [thread 7225] [28.0] [cxt 0] Parser 'parser': end
[17:23:10.686] [bmv2] [D] [thread 7225] [28.0] [cxt 0] Pipeline 'ingress': start
[17:23:10.686] [bmv2] [T] [thread 7225] [28.0] [cxt 0] lminpkt.p4(145) Condition "hdr.ipv4.isValid()" (node_2) is false
[17:23:10.686] [bmv2] [D] [thread 7225] [28.0] [cxt 0] Pipeline 'ingress': end
[17:23:10.687] [bmv2] [D] [thread 7225] [28.0] [cxt 0] Egress port is 0
[17:23:10.687] [bmv2] [D] [thread 7226] [28.0] [cxt 0] Pipeline 'egress': start
[17:23:10.687] [bmv2] [D] [thread 7226] [28.0] [cxt 0] Pipeline 'egress': end
[17:23:10.687] [bmv2] [D] [thread 7226] [28.0] [cxt 0] Deparser 'deparser': start
[17:23:10.687] [bmv2] [T] [thread 7226] [28.0] [cxt 0] Skipping checksum 'cksum' update because condition not met
[17:23:10.687] [bmv2] [D] [thread 7226] [28.0] [cxt 0] Deparsing header 'ethernet'
[17:23:10.687] [bmv2] [D] [thread 7226] [28.0] [cxt 0] Deparser 'deparser': end
[17:23:10.687] [bmv2] [D] [thread 7230] [28.0] [cxt 0] Transmitting packet of size 107 out of port 0
[17:23:11.298] [bmv2] [D] [thread 7225] [29.0] [cxt 0] Processing packet received on port 1
[17:23:11.298] [bmv2] [D] [thread 7225] [29.0] [cxt 0] Parser 'parser': start
[17:23:11.298] [bmv2] [D] [thread 7225] [29.0] [cxt 0] Parser 'parser' entering state 'start'
[17:23:11.299] [bmv2] [D] [thread 7225] [29.0] [cxt 0] Extracting header 'ethernet'
[17:23:11.299] [bmv2] [D] [thread 7225] [29.0] [cxt 0] Parser state 'start': key is 86dd
[17:23:11.299] [bmv2] [T] [thread 7225] [29.0] [cxt 0] Bytes parsed: 14
[17:23:11.299] [bmv2] [D] [thread 7225] [29.0] [cxt 0] Parser 'parser': end
[17:23:11.299] [bmv2] [D] [thread 7225] [29.0] [cxt 0] Pipeline 'ingress': start
[17:23:11.299] [bmv2] [T] [thread 7225] [29.0] [cxt 0] lminpkt.p4(145) Condition "hdr.ipv4.isValid()" (node_2) is false
[17:23:11.299] [bmv2] [D] [thread 7225] [29.0] [cxt 0] Pipeline 'ingress': end
[17:23:11.299] [bmv2] [D] [thread 7225] [29.0] [cxt 0] Egress port is 0
[17:23:11.299] [bmv2] [D] [thread 7226] [29.0] [cxt 0] Pipeline 'egress': start
[17:23:11.299] [bmv2] [D] [thread 7226] [29.0] [cxt 0] Pipeline 'egress': end
[17:23:11.299] [bmv2] [D] [thread 7226] [29.0] [cxt 0] Deparser 'deparser': start
[17:23:11.299] [bmv2] [T] [thread 7226] [29.0] [cxt 0] Skipping checksum 'cksum' update because condition not met
[17:23:11.299] [bmv2] [D] [thread 7226] [29.0] [cxt 0] Deparsing header 'ethernet'
[17:23:11.299] [bmv2] [D] [thread 7226] [29.0] [cxt 0] Deparser 'deparser': end
[17:23:11.299] [bmv2] [D] [thread 7230] [29.0] [cxt 0] Transmitting packet of size 107 out of port 0
[17:23:11.584] [bmv2] [D] [thread 7225] [30.0] [cxt 0] Processing packet received on port 2
[17:23:11.584] [bmv2] [D] [thread 7225] [30.0] [cxt 0] Parser 'parser': start
[17:23:11.584] [bmv2] [D] [thread 7225] [30.0] [cxt 0] Parser 'parser' entering state 'start'
[17:23:11.584] [bmv2] [D] [thread 7225] [30.0] [cxt 0] Extracting header 'ethernet'
[17:23:11.584] [bmv2] [D] [thread 7225] [30.0] [cxt 0] Parser state 'start': key is 86dd
[17:23:11.584] [bmv2] [T] [thread 7225] [30.0] [cxt 0] Bytes parsed: 14
[17:23:11.584] [bmv2] [D] [thread 7225] [30.0] [cxt 0] Parser 'parser': end
[17:23:11.584] [bmv2] [D] [thread 7225] [30.0] [cxt 0] Pipeline 'ingress': start
[17:23:11.584] [bmv2] [T] [thread 7225] [30.0] [cxt 0] lminpkt.p4(145) Condition "hdr.ipv4.isValid()" (node_2) is false
[17:23:11.584] [bmv2] [D] [thread 7225] [30.0] [cxt 0] Pipeline 'ingress': end
[17:23:11.584] [bmv2] [D] [thread 7225] [30.0] [cxt 0] Egress port is 0
[17:23:11.584] [bmv2] [D] [thread 7226] [30.0] [cxt 0] Pipeline 'egress': start
[17:23:11.584] [bmv2] [D] [thread 7226] [30.0] [cxt 0] Pipeline 'egress': end
[17:23:11.584] [bmv2] [D] [thread 7226] [30.0] [cxt 0] Deparser 'deparser': start
[17:23:11.584] [bmv2] [T] [thread 7226] [30.0] [cxt 0] Skipping checksum 'cksum' update because condition not met
[17:23:11.584] [bmv2] [D] [thread 7226] [30.0] [cxt 0] Deparsing header 'ethernet'
[17:23:11.584] [bmv2] [D] [thread 7226] [30.0] [cxt 0] Deparser 'deparser': end
[17:23:11.584] [bmv2] [D] [thread 7230] [30.0] [cxt 0] Transmitting packet of size 70 out of port 0
[17:23:11.875] [bmv2] [D] [thread 7225] [31.0] [cxt 0] Processing packet received on port 2
[17:23:11.875] [bmv2] [D] [thread 7225] [31.0] [cxt 0] Parser 'parser': start
[17:23:11.875] [bmv2] [D] [thread 7225] [31.0] [cxt 0] Parser 'parser' entering state 'start'
[17:23:11.875] [bmv2] [D] [thread 7225] [31.0] [cxt 0] Extracting header 'ethernet'
[17:23:11.875] [bmv2] [D] [thread 7225] [31.0] [cxt 0] Parser state 'start': key is 86dd
[17:23:11.875] [bmv2] [T] [thread 7225] [31.0] [cxt 0] Bytes parsed: 14
[17:23:11.875] [bmv2] [D] [thread 7225] [31.0] [cxt 0] Parser 'parser': end
[17:23:11.875] [bmv2] [D] [thread 7225] [31.0] [cxt 0] Pipeline 'ingress': start
[17:23:11.876] [bmv2] [T] [thread 7225] [31.0] [cxt 0] lminpkt.p4(145) Condition "hdr.ipv4.isValid()" (node_2) is false
[17:23:11.876] [bmv2] [D] [thread 7225] [31.0] [cxt 0] Pipeline 'ingress': end
[17:23:11.876] [bmv2] [D] [thread 7225] [31.0] [cxt 0] Egress port is 0
[17:23:11.876] [bmv2] [D] [thread 7226] [31.0] [cxt 0] Pipeline 'egress': start
[17:23:11.876] [bmv2] [D] [thread 7226] [31.0] [cxt 0] Pipeline 'egress': end
[17:23:11.876] [bmv2] [D] [thread 7226] [31.0] [cxt 0] Deparser 'deparser': start
[17:23:11.876] [bmv2] [T] [thread 7226] [31.0] [cxt 0] Skipping checksum 'cksum' update because condition not met
[17:23:11.876] [bmv2] [D] [thread 7226] [31.0] [cxt 0] Deparsing header 'ethernet'
[17:23:11.876] [bmv2] [D] [thread 7226] [31.0] [cxt 0] Deparser 'deparser': end
[17:23:11.876] [bmv2] [D] [thread 7230] [31.0] [cxt 0] Transmitting packet of size 196 out of port 0
[17:23:12.198] [bmv2] [D] [thread 7225] [32.0] [cxt 0] Processing packet received on port 1
[17:23:12.198] [bmv2] [D] [thread 7225] [32.0] [cxt 0] Parser 'parser': start
[17:23:12.198] [bmv2] [D] [thread 7225] [32.0] [cxt 0] Parser 'parser' entering state 'start'
[17:23:12.198] [bmv2] [D] [thread 7225] [32.0] [cxt 0] Extracting header 'ethernet'
[17:23:12.198] [bmv2] [D] [thread 7225] [32.0] [cxt 0] Parser state 'start': key is 86dd
[17:23:12.198] [bmv2] [T] [thread 7225] [32.0] [cxt 0] Bytes parsed: 14
[17:23:12.198] [bmv2] [D] [thread 7225] [32.0] [cxt 0] Parser 'parser': end
[17:23:12.198] [bmv2] [D] [thread 7225] [32.0] [cxt 0] Pipeline 'ingress': start
[17:23:12.198] [bmv2] [T] [thread 7225] [32.0] [cxt 0] lminpkt.p4(145) Condition "hdr.ipv4.isValid()" (node_2) is false
[17:23:12.198] [bmv2] [D] [thread 7225] [32.0] [cxt 0] Pipeline 'ingress': end
[17:23:12.198] [bmv2] [D] [thread 7225] [32.0] [cxt 0] Egress port is 0
[17:23:12.198] [bmv2] [D] [thread 7226] [32.0] [cxt 0] Pipeline 'egress': start
[17:23:12.198] [bmv2] [D] [thread 7226] [32.0] [cxt 0] Pipeline 'egress': end
[17:23:12.198] [bmv2] [D] [thread 7226] [32.0] [cxt 0] Deparser 'deparser': start
[17:23:12.198] [bmv2] [T] [thread 7226] [32.0] [cxt 0] Skipping checksum 'cksum' update because condition not met
[17:23:12.198] [bmv2] [D] [thread 7226] [32.0] [cxt 0] Deparsing header 'ethernet'
[17:23:12.198] [bmv2] [D] [thread 7226] [32.0] [cxt 0] Deparser 'deparser': end
[17:23:12.198] [bmv2] [D] [thread 7230] [32.0] [cxt 0] Transmitting packet of size 70 out of port 0
[17:23:12.498] [bmv2] [D] [thread 7225] [33.0] [cxt 0] Processing packet received on port 1
[17:23:12.499] [bmv2] [D] [thread 7225] [33.0] [cxt 0] Parser 'parser': start
[17:23:12.499] [bmv2] [D] [thread 7225] [33.0] [cxt 0] Parser 'parser' entering state 'start'
[17:23:12.499] [bmv2] [D] [thread 7225] [33.0] [cxt 0] Extracting header 'ethernet'
[17:23:12.499] [bmv2] [D] [thread 7225] [33.0] [cxt 0] Parser state 'start': key is 86dd
[17:23:12.499] [bmv2] [T] [thread 7225] [33.0] [cxt 0] Bytes parsed: 14
[17:23:12.499] [bmv2] [D] [thread 7225] [33.0] [cxt 0] Parser 'parser': end
[17:23:12.499] [bmv2] [D] [thread 7225] [33.0] [cxt 0] Pipeline 'ingress': start
[17:23:12.499] [bmv2] [T] [thread 7225] [33.0] [cxt 0] lminpkt.p4(145) Condition "hdr.ipv4.isValid()" (node_2) is false
[17:23:12.499] [bmv2] [D] [thread 7225] [33.0] [cxt 0] Pipeline 'ingress': end
[17:23:12.499] [bmv2] [D] [thread 7225] [33.0] [cxt 0] Egress port is 0
[17:23:12.499] [bmv2] [D] [thread 7226] [33.0] [cxt 0] Pipeline 'egress': start
[17:23:12.499] [bmv2] [D] [thread 7226] [33.0] [cxt 0] Pipeline 'egress': end
[17:23:12.499] [bmv2] [D] [thread 7226] [33.0] [cxt 0] Deparser 'deparser': start
[17:23:12.499] [bmv2] [T] [thread 7226] [33.0] [cxt 0] Skipping checksum 'cksum' update because condition not met
[17:23:12.499] [bmv2] [D] [thread 7226] [33.0] [cxt 0] Deparsing header 'ethernet'
[17:23:12.499] [bmv2] [D] [thread 7226] [33.0] [cxt 0] Deparser 'deparser': end
[17:23:12.499] [bmv2] [D] [thread 7230] [33.0] [cxt 0] Transmitting packet of size 196 out of port 0
[17:23:14.697] [bmv2] [D] [thread 7225] [34.0] [cxt 0] Processing packet received on port 2
[17:23:14.697] [bmv2] [D] [thread 7225] [34.0] [cxt 0] Parser 'parser': start
[17:23:14.697] [bmv2] [D] [thread 7225] [34.0] [cxt 0] Parser 'parser' entering state 'start'
[17:23:14.697] [bmv2] [D] [thread 7225] [34.0] [cxt 0] Extracting header 'ethernet'
[17:23:14.697] [bmv2] [D] [thread 7225] [34.0] [cxt 0] Parser state 'start': key is 86dd
[17:23:14.697] [bmv2] [T] [thread 7225] [34.0] [cxt 0] Bytes parsed: 14
[17:23:14.697] [bmv2] [D] [thread 7225] [34.0] [cxt 0] Parser 'parser': end
[17:23:14.697] [bmv2] [D] [thread 7225] [34.0] [cxt 0] Pipeline 'ingress': start
[17:23:14.697] [bmv2] [T] [thread 7225] [34.0] [cxt 0] lminpkt.p4(145) Condition "hdr.ipv4.isValid()" (node_2) is false
[17:23:14.697] [bmv2] [D] [thread 7225] [34.0] [cxt 0] Pipeline 'ingress': end
[17:23:14.697] [bmv2] [D] [thread 7225] [34.0] [cxt 0] Egress port is 0
[17:23:14.697] [bmv2] [D] [thread 7226] [34.0] [cxt 0] Pipeline 'egress': start
[17:23:14.697] [bmv2] [D] [thread 7226] [34.0] [cxt 0] Pipeline 'egress': end
[17:23:14.697] [bmv2] [D] [thread 7226] [34.0] [cxt 0] Deparser 'deparser': start
[17:23:14.697] [bmv2] [T] [thread 7226] [34.0] [cxt 0] Skipping checksum 'cksum' update because condition not met
[17:23:14.697] [bmv2] [D] [thread 7226] [34.0] [cxt 0] Deparsing header 'ethernet'
[17:23:14.697] [bmv2] [D] [thread 7226] [34.0] [cxt 0] Deparser 'deparser': end
[17:23:14.697] [bmv2] [D] [thread 7230] [34.0] [cxt 0] Transmitting packet of size 107 out of port 0
[17:23:15.312] [bmv2] [D] [thread 7225] [35.0] [cxt 0] Processing packet received on port 1
[17:23:15.312] [bmv2] [D] [thread 7225] [35.0] [cxt 0] Parser 'parser': start
[17:23:15.312] [bmv2] [D] [thread 7225] [35.0] [cxt 0] Parser 'parser' entering state 'start'
[17:23:15.312] [bmv2] [D] [thread 7225] [35.0] [cxt 0] Extracting header 'ethernet'
[17:23:15.312] [bmv2] [D] [thread 7225] [35.0] [cxt 0] Parser state 'start': key is 86dd
[17:23:15.312] [bmv2] [T] [thread 7225] [35.0] [cxt 0] Bytes parsed: 14
[17:23:15.312] [bmv2] [D] [thread 7225] [35.0] [cxt 0] Parser 'parser': end
[17:23:15.312] [bmv2] [D] [thread 7225] [35.0] [cxt 0] Pipeline 'ingress': start
[17:23:15.312] [bmv2] [T] [thread 7225] [35.0] [cxt 0] lminpkt.p4(145) Condition "hdr.ipv4.isValid()" (node_2) is false
[17:23:15.312] [bmv2] [D] [thread 7225] [35.0] [cxt 0] Pipeline 'ingress': end
[17:23:15.313] [bmv2] [D] [thread 7225] [35.0] [cxt 0] Egress port is 0
[17:23:15.313] [bmv2] [D] [thread 7226] [35.0] [cxt 0] Pipeline 'egress': start
[17:23:15.313] [bmv2] [D] [thread 7226] [35.0] [cxt 0] Pipeline 'egress': end
[17:23:15.313] [bmv2] [D] [thread 7226] [35.0] [cxt 0] Deparser 'deparser': start
[17:23:15.313] [bmv2] [T] [thread 7226] [35.0] [cxt 0] Skipping checksum 'cksum' update because condition not met
[17:23:15.313] [bmv2] [D] [thread 7226] [35.0] [cxt 0] Deparsing header 'ethernet'
[17:23:15.313] [bmv2] [D] [thread 7226] [35.0] [cxt 0] Deparser 'deparser': end
[17:23:15.313] [bmv2] [D] [thread 7230] [35.0] [cxt 0] Transmitting packet of size 107 out of port 0
[17:23:15.595] [bmv2] [D] [thread 7225] [36.0] [cxt 0] Processing packet received on port 2
[17:23:15.595] [bmv2] [D] [thread 7225] [36.0] [cxt 0] Parser 'parser': start
[17:23:15.595] [bmv2] [D] [thread 7225] [36.0] [cxt 0] Parser 'parser' entering state 'start'
[17:23:15.595] [bmv2] [D] [thread 7225] [36.0] [cxt 0] Extracting header 'ethernet'
[17:23:15.595] [bmv2] [D] [thread 7225] [36.0] [cxt 0] Parser state 'start': key is 86dd
[17:23:15.595] [bmv2] [T] [thread 7225] [36.0] [cxt 0] Bytes parsed: 14
[17:23:15.595] [bmv2] [D] [thread 7225] [36.0] [cxt 0] Parser 'parser': end
[17:23:15.595] [bmv2] [D] [thread 7225] [36.0] [cxt 0] Pipeline 'ingress': start
[17:23:15.595] [bmv2] [T] [thread 7225] [36.0] [cxt 0] lminpkt.p4(145) Condition "hdr.ipv4.isValid()" (node_2) is false
[17:23:15.595] [bmv2] [D] [thread 7225] [36.0] [cxt 0] Pipeline 'ingress': end
[17:23:15.595] [bmv2] [D] [thread 7225] [36.0] [cxt 0] Egress port is 0
[17:23:15.595] [bmv2] [D] [thread 7226] [36.0] [cxt 0] Pipeline 'egress': start
[17:23:15.595] [bmv2] [D] [thread 7226] [36.0] [cxt 0] Pipeline 'egress': end
[17:23:15.595] [bmv2] [D] [thread 7226] [36.0] [cxt 0] Deparser 'deparser': start
[17:23:15.595] [bmv2] [T] [thread 7226] [36.0] [cxt 0] Skipping checksum 'cksum' update because condition not met
[17:23:15.595] [bmv2] [D] [thread 7226] [36.0] [cxt 0] Deparsing header 'ethernet'
[17:23:15.595] [bmv2] [D] [thread 7226] [36.0] [cxt 0] Deparser 'deparser': end
[17:23:15.595] [bmv2] [D] [thread 7230] [36.0] [cxt 0] Transmitting packet of size 70 out of port 0
[17:23:16.209] [bmv2] [D] [thread 7225] [37.0] [cxt 0] Processing packet received on port 1
[17:23:16.209] [bmv2] [D] [thread 7225] [37.0] [cxt 0] Parser 'parser': start
[17:23:16.209] [bmv2] [D] [thread 7225] [37.0] [cxt 0] Parser 'parser' entering state 'start'
[17:23:16.209] [bmv2] [D] [thread 7225] [37.0] [cxt 0] Extracting header 'ethernet'
[17:23:16.209] [bmv2] [D] [thread 7225] [37.0] [cxt 0] Parser state 'start': key is 86dd
[17:23:16.209] [bmv2] [T] [thread 7225] [37.0] [cxt 0] Bytes parsed: 14
[17:23:16.209] [bmv2] [D] [thread 7225] [37.0] [cxt 0] Parser 'parser': end
[17:23:16.209] [bmv2] [D] [thread 7225] [37.0] [cxt 0] Pipeline 'ingress': start
[17:23:16.209] [bmv2] [T] [thread 7225] [37.0] [cxt 0] lminpkt.p4(145) Condition "hdr.ipv4.isValid()" (node_2) is false
[17:23:16.209] [bmv2] [D] [thread 7225] [37.0] [cxt 0] Pipeline 'ingress': end
[17:23:16.209] [bmv2] [D] [thread 7225] [37.0] [cxt 0] Egress port is 0
[17:23:16.209] [bmv2] [D] [thread 7226] [37.0] [cxt 0] Pipeline 'egress': start
[17:23:16.209] [bmv2] [D] [thread 7226] [37.0] [cxt 0] Pipeline 'egress': end
[17:23:16.209] [bmv2] [D] [thread 7226] [37.0] [cxt 0] Deparser 'deparser': start
[17:23:16.209] [bmv2] [T] [thread 7226] [37.0] [cxt 0] Skipping checksum 'cksum' update because condition not met
[17:23:16.209] [bmv2] [D] [thread 7226] [37.0] [cxt 0] Deparsing header 'ethernet'
[17:23:16.209] [bmv2] [D] [thread 7226] [37.0] [cxt 0] Deparser 'deparser': end
[17:23:16.209] [bmv2] [D] [thread 7230] [37.0] [cxt 0] Transmitting packet of size 70 out of port 0
[17:23:22.705] [bmv2] [D] [thread 7225] [38.0] [cxt 0] Processing packet received on port 2
[17:23:22.705] [bmv2] [D] [thread 7225] [38.0] [cxt 0] Parser 'parser': start
[17:23:22.705] [bmv2] [D] [thread 7225] [38.0] [cxt 0] Parser 'parser' entering state 'start'
[17:23:22.705] [bmv2] [D] [thread 7225] [38.0] [cxt 0] Extracting header 'ethernet'
[17:23:22.705] [bmv2] [D] [thread 7225] [38.0] [cxt 0] Parser state 'start': key is 86dd
[17:23:22.705] [bmv2] [T] [thread 7225] [38.0] [cxt 0] Bytes parsed: 14
[17:23:22.705] [bmv2] [D] [thread 7225] [38.0] [cxt 0] Parser 'parser': end
[17:23:22.705] [bmv2] [D] [thread 7225] [38.0] [cxt 0] Pipeline 'ingress': start
[17:23:22.705] [bmv2] [T] [thread 7225] [38.0] [cxt 0] lminpkt.p4(145) Condition "hdr.ipv4.isValid()" (node_2) is false
[17:23:22.705] [bmv2] [D] [thread 7225] [38.0] [cxt 0] Pipeline 'ingress': end
[17:23:22.705] [bmv2] [D] [thread 7225] [38.0] [cxt 0] Egress port is 0
[17:23:22.705] [bmv2] [D] [thread 7226] [38.0] [cxt 0] Pipeline 'egress': start
[17:23:22.705] [bmv2] [D] [thread 7226] [38.0] [cxt 0] Pipeline 'egress': end
[17:23:22.705] [bmv2] [D] [thread 7226] [38.0] [cxt 0] Deparser 'deparser': start
[17:23:22.705] [bmv2] [T] [thread 7226] [38.0] [cxt 0] Skipping checksum 'cksum' update because condition not met
[17:23:22.705] [bmv2] [D] [thread 7226] [38.0] [cxt 0] Deparsing header 'ethernet'
[17:23:22.705] [bmv2] [D] [thread 7226] [38.0] [cxt 0] Deparser 'deparser': end
[17:23:22.705] [bmv2] [D] [thread 7230] [38.0] [cxt 0] Transmitting packet of size 107 out of port 0
[17:23:23.332] [bmv2] [D] [thread 7225] [39.0] [cxt 0] Processing packet received on port 1
[17:23:23.332] [bmv2] [D] [thread 7225] [39.0] [cxt 0] Parser 'parser': start
[17:23:23.332] [bmv2] [D] [thread 7225] [39.0] [cxt 0] Parser 'parser' entering state 'start'
[17:23:23.332] [bmv2] [D] [thread 7225] [39.0] [cxt 0] Extracting header 'ethernet'
[17:23:23.332] [bmv2] [D] [thread 7225] [39.0] [cxt 0] Parser state 'start': key is 86dd
[17:23:23.332] [bmv2] [T] [thread 7225] [39.0] [cxt 0] Bytes parsed: 14
[17:23:23.332] [bmv2] [D] [thread 7225] [39.0] [cxt 0] Parser 'parser': end
[17:23:23.332] [bmv2] [D] [thread 7225] [39.0] [cxt 0] Pipeline 'ingress': start
[17:23:23.332] [bmv2] [T] [thread 7225] [39.0] [cxt 0] lminpkt.p4(145) Condition "hdr.ipv4.isValid()" (node_2) is false
[17:23:23.332] [bmv2] [D] [thread 7225] [39.0] [cxt 0] Pipeline 'ingress': end
[17:23:23.332] [bmv2] [D] [thread 7225] [39.0] [cxt 0] Egress port is 0
[17:23:23.332] [bmv2] [D] [thread 7226] [39.0] [cxt 0] Pipeline 'egress': start
[17:23:23.332] [bmv2] [D] [thread 7226] [39.0] [cxt 0] Pipeline 'egress': end
[17:23:23.332] [bmv2] [D] [thread 7226] [39.0] [cxt 0] Deparser 'deparser': start
[17:23:23.332] [bmv2] [T] [thread 7226] [39.0] [cxt 0] Skipping checksum 'cksum' update because condition not met
[17:23:23.332] [bmv2] [D] [thread 7226] [39.0] [cxt 0] Deparsing header 'ethernet'
[17:23:23.332] [bmv2] [D] [thread 7226] [39.0] [cxt 0] Deparser 'deparser': end
[17:23:23.332] [bmv2] [D] [thread 7230] [39.0] [cxt 0] Transmitting packet of size 107 out of port 0
[17:23:38.709] [bmv2] [D] [thread 7225] [40.0] [cxt 0] Processing packet received on port 2
[17:23:38.709] [bmv2] [D] [thread 7225] [40.0] [cxt 0] Parser 'parser': start
[17:23:38.709] [bmv2] [D] [thread 7225] [40.0] [cxt 0] Parser 'parser' entering state 'start'
[17:23:38.709] [bmv2] [D] [thread 7225] [40.0] [cxt 0] Extracting header 'ethernet'
[17:23:38.709] [bmv2] [D] [thread 7225] [40.0] [cxt 0] Parser state 'start': key is 86dd
[17:23:38.709] [bmv2] [T] [thread 7225] [40.0] [cxt 0] Bytes parsed: 14
[17:23:38.709] [bmv2] [D] [thread 7225] [40.0] [cxt 0] Parser 'parser': end
[17:23:38.709] [bmv2] [D] [thread 7225] [40.0] [cxt 0] Pipeline 'ingress': start
[17:23:38.709] [bmv2] [T] [thread 7225] [40.0] [cxt 0] lminpkt.p4(145) Condition "hdr.ipv4.isValid()" (node_2) is false
[17:23:38.709] [bmv2] [D] [thread 7225] [40.0] [cxt 0] Pipeline 'ingress': end
[17:23:38.709] [bmv2] [D] [thread 7225] [40.0] [cxt 0] Egress port is 0
[17:23:38.709] [bmv2] [D] [thread 7226] [40.0] [cxt 0] Pipeline 'egress': start
[17:23:38.709] [bmv2] [D] [thread 7226] [40.0] [cxt 0] Pipeline 'egress': end
[17:23:38.709] [bmv2] [D] [thread 7226] [40.0] [cxt 0] Deparser 'deparser': start
[17:23:38.709] [bmv2] [T] [thread 7226] [40.0] [cxt 0] Skipping checksum 'cksum' update because condition not met
[17:23:38.709] [bmv2] [D] [thread 7226] [40.0] [cxt 0] Deparsing header 'ethernet'
[17:23:38.709] [bmv2] [D] [thread 7226] [40.0] [cxt 0] Deparser 'deparser': end
[17:23:38.709] [bmv2] [D] [thread 7230] [40.0] [cxt 0] Transmitting packet of size 107 out of port 0
[17:23:39.345] [bmv2] [D] [thread 7225] [41.0] [cxt 0] Processing packet received on port 1
[17:23:39.345] [bmv2] [D] [thread 7225] [41.0] [cxt 0] Parser 'parser': start
[17:23:39.345] [bmv2] [D] [thread 7225] [41.0] [cxt 0] Parser 'parser' entering state 'start'
[17:23:39.345] [bmv2] [D] [thread 7225] [41.0] [cxt 0] Extracting header 'ethernet'
[17:23:39.345] [bmv2] [D] [thread 7225] [41.0] [cxt 0] Parser state 'start': key is 86dd
[17:23:39.345] [bmv2] [T] [thread 7225] [41.0] [cxt 0] Bytes parsed: 14
[17:23:39.345] [bmv2] [D] [thread 7225] [41.0] [cxt 0] Parser 'parser': end
[17:23:39.345] [bmv2] [D] [thread 7225] [41.0] [cxt 0] Pipeline 'ingress': start
[17:23:39.345] [bmv2] [T] [thread 7225] [41.0] [cxt 0] lminpkt.p4(145) Condition "hdr.ipv4.isValid()" (node_2) is false
[17:23:39.345] [bmv2] [D] [thread 7225] [41.0] [cxt 0] Pipeline 'ingress': end
[17:23:39.345] [bmv2] [D] [thread 7225] [41.0] [cxt 0] Egress port is 0
[17:23:39.345] [bmv2] [D] [thread 7226] [41.0] [cxt 0] Pipeline 'egress': start
[17:23:39.345] [bmv2] [D] [thread 7226] [41.0] [cxt 0] Pipeline 'egress': end
[17:23:39.345] [bmv2] [D] [thread 7226] [41.0] [cxt 0] Deparser 'deparser': start
[17:23:39.345] [bmv2] [T] [thread 7226] [41.0] [cxt 0] Skipping checksum 'cksum' update because condition not met
[17:23:39.345] [bmv2] [D] [thread 7226] [41.0] [cxt 0] Deparsing header 'ethernet'
[17:23:39.345] [bmv2] [D] [thread 7226] [41.0] [cxt 0] Deparser 'deparser': end
[17:23:39.345] [bmv2] [D] [thread 7230] [41.0] [cxt 0] Transmitting packet of size 107 out of port 0
[17:23:42.747] [bmv2] [D] [thread 7225] [42.0] [cxt 0] Processing packet received on port 1
[17:23:42.747] [bmv2] [D] [thread 7225] [42.0] [cxt 0] Parser 'parser': start
[17:23:42.747] [bmv2] [D] [thread 7225] [42.0] [cxt 0] Parser 'parser' entering state 'start'
[17:23:42.747] [bmv2] [D] [thread 7225] [42.0] [cxt 0] Extracting header 'ethernet'
[17:23:42.747] [bmv2] [D] [thread 7225] [42.0] [cxt 0] Parser state 'start': key is 0800
[17:23:42.747] [bmv2] [T] [thread 7225] [42.0] [cxt 0] Bytes parsed: 14
[17:23:42.747] [bmv2] [D] [thread 7225] [42.0] [cxt 0] Parser 'parser' entering state 'parse_ipv4'
[17:23:42.747] [bmv2] [D] [thread 7225] [42.0] [cxt 0] Extracting header 'ipv4'
[17:23:42.747] [bmv2] [D] [thread 7225] [42.0] [cxt 0] Parser state 'parse_ipv4' has no switch, going to default next state
[17:23:42.747] [bmv2] [T] [thread 7225] [42.0] [cxt 0] Bytes parsed: 34
[17:23:42.747] [bmv2] [D] [thread 7225] [42.0] [cxt 0] Parser 'parser': end
[17:23:42.747] [bmv2] [D] [thread 7225] [42.0] [cxt 0] Pipeline 'ingress': start
[17:23:42.747] [bmv2] [T] [thread 7225] [42.0] [cxt 0] lminpkt.p4(145) Condition "hdr.ipv4.isValid()" (node_2) is true
[17:23:42.747] [bmv2] [T] [thread 7225] [42.0] [cxt 0] Applying table 'MyIngress.ipv4_lpm'
[17:23:42.747] [bmv2] [D] [thread 7225] [42.0] [cxt 0] Looking up key:
* hdr.ipv4.dstAddr    : 0a02020a

[17:23:42.747] [bmv2] [D] [thread 7225] [42.0] [cxt 0] Table 'MyIngress.ipv4_lpm': hit with handle 1
[17:23:42.747] [bmv2] [D] [thread 7225] [42.0] [cxt 0] Dumping entry 1
Match key:
* hdr.ipv4.dstAddr    : LPM       0a02020a/32
Action entry: MyIngress.ipv4_forward - 80000000210,2,

[17:23:42.747] [bmv2] [D] [thread 7225] [42.0] [cxt 0] Action entry is MyIngress.ipv4_forward - 80000000210,2,
[17:23:42.747] [bmv2] [T] [thread 7225] [42.0] [cxt 0] Action MyIngress.ipv4_forward
[17:23:42.747] [bmv2] [T] [thread 7225] [42.0] [cxt 0] lminpkt.p4(118) Primitive standard_metadata.egress_spec = port
[17:23:42.747] [bmv2] [T] [thread 7225] [42.0] [cxt 0] lminpkt.p4(119) Primitive hdr.ethernet.srcAddr = hdr.ethernet.dstAddr
[17:23:42.747] [bmv2] [T] [thread 7225] [42.0] [cxt 0] lminpkt.p4(120) Primitive hdr.ethernet.dstAddr = dstAddr
[17:23:42.747] [bmv2] [T] [thread 7225] [42.0] [cxt 0] lminpkt.p4(121) Primitive hdr.ipv4.ttl = hdr.ipv4.ttl - 1
[17:23:42.747] [bmv2] [D] [thread 7225] [42.0] [cxt 0] Pipeline 'ingress': end
[17:23:42.747] [bmv2] [D] [thread 7225] [42.0] [cxt 0] Egress port is 2
[17:23:42.747] [bmv2] [D] [thread 7228] [42.0] [cxt 0] Pipeline 'egress': start
[17:23:42.747] [bmv2] [D] [thread 7228] [42.0] [cxt 0] Pipeline 'egress': end
[17:23:42.747] [bmv2] [D] [thread 7228] [42.0] [cxt 0] Deparser 'deparser': start
[17:23:42.747] [bmv2] [D] [thread 7228] [42.0] [cxt 0] Updating checksum 'cksum'
[17:23:42.747] [bmv2] [D] [thread 7228] [42.0] [cxt 0] Deparsing header 'ethernet'
[17:23:42.747] [bmv2] [D] [thread 7228] [42.0] [cxt 0] Deparsing header 'ipv4'
[17:23:42.747] [bmv2] [D] [thread 7228] [42.0] [cxt 0] Deparser 'deparser': end
[17:23:42.747] [bmv2] [D] [thread 7230] [42.0] [cxt 0] Transmitting packet of size 98 out of port 2
[17:23:42.747] [bmv2] [D] [thread 7225] [43.0] [cxt 0] Processing packet received on port 2
[17:23:42.747] [bmv2] [D] [thread 7225] [43.0] [cxt 0] Parser 'parser': start
[17:23:42.747] [bmv2] [D] [thread 7225] [43.0] [cxt 0] Parser 'parser' entering state 'start'
[17:23:42.747] [bmv2] [D] [thread 7225] [43.0] [cxt 0] Extracting header 'ethernet'
[17:23:42.748] [bmv2] [D] [thread 7225] [43.0] [cxt 0] Parser state 'start': key is 0800
[17:23:42.748] [bmv2] [T] [thread 7225] [43.0] [cxt 0] Bytes parsed: 14
[17:23:42.748] [bmv2] [D] [thread 7225] [43.0] [cxt 0] Parser 'parser' entering state 'parse_ipv4'
[17:23:42.748] [bmv2] [D] [thread 7225] [43.0] [cxt 0] Extracting header 'ipv4'
[17:23:42.748] [bmv2] [D] [thread 7225] [43.0] [cxt 0] Parser state 'parse_ipv4' has no switch, going to default next state
[17:23:42.748] [bmv2] [T] [thread 7225] [43.0] [cxt 0] Bytes parsed: 34
[17:23:42.748] [bmv2] [D] [thread 7225] [43.0] [cxt 0] Parser 'parser': end
[17:23:42.748] [bmv2] [D] [thread 7225] [43.0] [cxt 0] Pipeline 'ingress': start
[17:23:42.748] [bmv2] [T] [thread 7225] [43.0] [cxt 0] lminpkt.p4(145) Condition "hdr.ipv4.isValid()" (node_2) is true
[17:23:42.748] [bmv2] [T] [thread 7225] [43.0] [cxt 0] Applying table 'MyIngress.ipv4_lpm'
[17:23:42.748] [bmv2] [D] [thread 7225] [43.0] [cxt 0] Looking up key:
* hdr.ipv4.dstAddr    : 0a01010a

[17:23:42.748] [bmv2] [D] [thread 7225] [43.0] [cxt 0] Table 'MyIngress.ipv4_lpm': hit with handle 0
[17:23:42.748] [bmv2] [D] [thread 7225] [43.0] [cxt 0] Dumping entry 0
Match key:
* hdr.ipv4.dstAddr    : LPM       0a01010a/32
Action entry: MyIngress.ipv4_forward - 80000000110,1,

[17:23:42.748] [bmv2] [D] [thread 7225] [43.0] [cxt 0] Action entry is MyIngress.ipv4_forward - 80000000110,1,
[17:23:42.748] [bmv2] [T] [thread 7225] [43.0] [cxt 0] Action MyIngress.ipv4_forward
[17:23:42.748] [bmv2] [T] [thread 7225] [43.0] [cxt 0] lminpkt.p4(118) Primitive standard_metadata.egress_spec = port
[17:23:42.748] [bmv2] [T] [thread 7225] [43.0] [cxt 0] lminpkt.p4(119) Primitive hdr.ethernet.srcAddr = hdr.ethernet.dstAddr
[17:23:42.748] [bmv2] [T] [thread 7225] [43.0] [cxt 0] lminpkt.p4(120) Primitive hdr.ethernet.dstAddr = dstAddr
[17:23:42.748] [bmv2] [T] [thread 7225] [43.0] [cxt 0] lminpkt.p4(121) Primitive hdr.ipv4.ttl = hdr.ipv4.ttl - 1
[17:23:42.748] [bmv2] [D] [thread 7225] [43.0] [cxt 0] Pipeline 'ingress': end
[17:23:42.748] [bmv2] [D] [thread 7225] [43.0] [cxt 0] Egress port is 1
[17:23:42.748] [bmv2] [D] [thread 7227] [43.0] [cxt 0] Pipeline 'egress': start
[17:23:42.748] [bmv2] [D] [thread 7227] [43.0] [cxt 0] Pipeline 'egress': end
[17:23:42.748] [bmv2] [D] [thread 7227] [43.0] [cxt 0] Deparser 'deparser': start
[17:23:42.748] [bmv2] [D] [thread 7227] [43.0] [cxt 0] Updating checksum 'cksum'
[17:23:42.748] [bmv2] [D] [thread 7227] [43.0] [cxt 0] Deparsing header 'ethernet'
[17:23:42.748] [bmv2] [D] [thread 7227] [43.0] [cxt 0] Deparsing header 'ipv4'
[17:23:42.748] [bmv2] [D] [thread 7227] [43.0] [cxt 0] Deparser 'deparser': end
[17:23:42.748] [bmv2] [D] [thread 7230] [43.0] [cxt 0] Transmitting packet of size 98 out of port 1
[17:23:43.748] [bmv2] [D] [thread 7225] [44.0] [cxt 0] Processing packet received on port 1
[17:23:43.748] [bmv2] [D] [thread 7225] [44.0] [cxt 0] Parser 'parser': start
[17:23:43.748] [bmv2] [D] [thread 7225] [44.0] [cxt 0] Parser 'parser' entering state 'start'
[17:23:43.748] [bmv2] [D] [thread 7225] [44.0] [cxt 0] Extracting header 'ethernet'
[17:23:43.748] [bmv2] [D] [thread 7225] [44.0] [cxt 0] Parser state 'start': key is 0800
[17:23:43.748] [bmv2] [T] [thread 7225] [44.0] [cxt 0] Bytes parsed: 14
[17:23:43.748] [bmv2] [D] [thread 7225] [44.0] [cxt 0] Parser 'parser' entering state 'parse_ipv4'
[17:23:43.748] [bmv2] [D] [thread 7225] [44.0] [cxt 0] Extracting header 'ipv4'
[17:23:43.748] [bmv2] [D] [thread 7225] [44.0] [cxt 0] Parser state 'parse_ipv4' has no switch, going to default next state
[17:23:43.748] [bmv2] [T] [thread 7225] [44.0] [cxt 0] Bytes parsed: 34
[17:23:43.748] [bmv2] [D] [thread 7225] [44.0] [cxt 0] Parser 'parser': end
[17:23:43.748] [bmv2] [D] [thread 7225] [44.0] [cxt 0] Pipeline 'ingress': start
[17:23:43.748] [bmv2] [T] [thread 7225] [44.0] [cxt 0] lminpkt.p4(145) Condition "hdr.ipv4.isValid()" (node_2) is true
[17:23:43.748] [bmv2] [T] [thread 7225] [44.0] [cxt 0] Applying table 'MyIngress.ipv4_lpm'
[17:23:43.748] [bmv2] [D] [thread 7225] [44.0] [cxt 0] Looking up key:
* hdr.ipv4.dstAddr    : 0a02020a

[17:23:43.748] [bmv2] [D] [thread 7225] [44.0] [cxt 0] Table 'MyIngress.ipv4_lpm': hit with handle 1
[17:23:43.748] [bmv2] [D] [thread 7225] [44.0] [cxt 0] Dumping entry 1
Match key:
* hdr.ipv4.dstAddr    : LPM       0a02020a/32
Action entry: MyIngress.ipv4_forward - 80000000210,2,

[17:23:43.748] [bmv2] [D] [thread 7225] [44.0] [cxt 0] Action entry is MyIngress.ipv4_forward - 80000000210,2,
[17:23:43.748] [bmv2] [T] [thread 7225] [44.0] [cxt 0] Action MyIngress.ipv4_forward
[17:23:43.748] [bmv2] [T] [thread 7225] [44.0] [cxt 0] lminpkt.p4(118) Primitive standard_metadata.egress_spec = port
[17:23:43.748] [bmv2] [T] [thread 7225] [44.0] [cxt 0] lminpkt.p4(119) Primitive hdr.ethernet.srcAddr = hdr.ethernet.dstAddr
[17:23:43.748] [bmv2] [T] [thread 7225] [44.0] [cxt 0] lminpkt.p4(120) Primitive hdr.ethernet.dstAddr = dstAddr
[17:23:43.748] [bmv2] [T] [thread 7225] [44.0] [cxt 0] lminpkt.p4(121) Primitive hdr.ipv4.ttl = hdr.ipv4.ttl - 1
[17:23:43.748] [bmv2] [D] [thread 7225] [44.0] [cxt 0] Pipeline 'ingress': end
[17:23:43.748] [bmv2] [D] [thread 7225] [44.0] [cxt 0] Egress port is 2
[17:23:43.749] [bmv2] [D] [thread 7228] [44.0] [cxt 0] Pipeline 'egress': start
[17:23:43.749] [bmv2] [D] [thread 7228] [44.0] [cxt 0] Pipeline 'egress': end
[17:23:43.749] [bmv2] [D] [thread 7228] [44.0] [cxt 0] Deparser 'deparser': start
[17:23:43.749] [bmv2] [D] [thread 7228] [44.0] [cxt 0] Updating checksum 'cksum'
[17:23:43.749] [bmv2] [D] [thread 7228] [44.0] [cxt 0] Deparsing header 'ethernet'
[17:23:43.749] [bmv2] [D] [thread 7228] [44.0] [cxt 0] Deparsing header 'ipv4'
[17:23:43.749] [bmv2] [D] [thread 7228] [44.0] [cxt 0] Deparser 'deparser': end
[17:23:43.749] [bmv2] [D] [thread 7230] [44.0] [cxt 0] Transmitting packet of size 98 out of port 2
[17:23:43.749] [bmv2] [D] [thread 7225] [45.0] [cxt 0] Processing packet received on port 2
[17:23:43.749] [bmv2] [D] [thread 7225] [45.0] [cxt 0] Parser 'parser': start
[17:23:43.749] [bmv2] [D] [thread 7225] [45.0] [cxt 0] Parser 'parser' entering state 'start'
[17:23:43.749] [bmv2] [D] [thread 7225] [45.0] [cxt 0] Extracting header 'ethernet'
[17:23:43.749] [bmv2] [D] [thread 7225] [45.0] [cxt 0] Parser state 'start': key is 0800
[17:23:43.749] [bmv2] [T] [thread 7225] [45.0] [cxt 0] Bytes parsed: 14
[17:23:43.749] [bmv2] [D] [thread 7225] [45.0] [cxt 0] Parser 'parser' entering state 'parse_ipv4'
[17:23:43.749] [bmv2] [D] [thread 7225] [45.0] [cxt 0] Extracting header 'ipv4'
[17:23:43.749] [bmv2] [D] [thread 7225] [45.0] [cxt 0] Parser state 'parse_ipv4' has no switch, going to default next state
[17:23:43.749] [bmv2] [T] [thread 7225] [45.0] [cxt 0] Bytes parsed: 34
[17:23:43.749] [bmv2] [D] [thread 7225] [45.0] [cxt 0] Parser 'parser': end
[17:23:43.749] [bmv2] [D] [thread 7225] [45.0] [cxt 0] Pipeline 'ingress': start
[17:23:43.749] [bmv2] [T] [thread 7225] [45.0] [cxt 0] lminpkt.p4(145) Condition "hdr.ipv4.isValid()" (node_2) is true
[17:23:43.749] [bmv2] [T] [thread 7225] [45.0] [cxt 0] Applying table 'MyIngress.ipv4_lpm'
[17:23:43.749] [bmv2] [D] [thread 7225] [45.0] [cxt 0] Looking up key:
* hdr.ipv4.dstAddr    : 0a01010a

[17:23:43.749] [bmv2] [D] [thread 7225] [45.0] [cxt 0] Table 'MyIngress.ipv4_lpm': hit with handle 0
[17:23:43.749] [bmv2] [D] [thread 7225] [45.0] [cxt 0] Dumping entry 0
Match key:
* hdr.ipv4.dstAddr    : LPM       0a01010a/32
Action entry: MyIngress.ipv4_forward - 80000000110,1,

[17:23:43.749] [bmv2] [D] [thread 7225] [45.0] [cxt 0] Action entry is MyIngress.ipv4_forward - 80000000110,1,
[17:23:43.749] [bmv2] [T] [thread 7225] [45.0] [cxt 0] Action MyIngress.ipv4_forward
[17:23:43.749] [bmv2] [T] [thread 7225] [45.0] [cxt 0] lminpkt.p4(118) Primitive standard_metadata.egress_spec = port
[17:23:43.749] [bmv2] [T] [thread 7225] [45.0] [cxt 0] lminpkt.p4(119) Primitive hdr.ethernet.srcAddr = hdr.ethernet.dstAddr
[17:23:43.749] [bmv2] [T] [thread 7225] [45.0] [cxt 0] lminpkt.p4(120) Primitive hdr.ethernet.dstAddr = dstAddr
[17:23:43.749] [bmv2] [T] [thread 7225] [45.0] [cxt 0] lminpkt.p4(121) Primitive hdr.ipv4.ttl = hdr.ipv4.ttl - 1
[17:23:43.749] [bmv2] [D] [thread 7225] [45.0] [cxt 0] Pipeline 'ingress': end
[17:23:43.749] [bmv2] [D] [thread 7225] [45.0] [cxt 0] Egress port is 1
[17:23:43.749] [bmv2] [D] [thread 7227] [45.0] [cxt 0] Pipeline 'egress': start
[17:23:43.749] [bmv2] [D] [thread 7227] [45.0] [cxt 0] Pipeline 'egress': end
[17:23:43.749] [bmv2] [D] [thread 7227] [45.0] [cxt 0] Deparser 'deparser': start
[17:23:43.749] [bmv2] [D] [thread 7227] [45.0] [cxt 0] Updating checksum 'cksum'
[17:23:43.749] [bmv2] [D] [thread 7227] [45.0] [cxt 0] Deparsing header 'ethernet'
[17:23:43.749] [bmv2] [D] [thread 7227] [45.0] [cxt 0] Deparsing header 'ipv4'
[17:23:43.749] [bmv2] [D] [thread 7227] [45.0] [cxt 0] Deparser 'deparser': end
[17:23:43.750] [bmv2] [D] [thread 7230] [45.0] [cxt 0] Transmitting packet of size 98 out of port 1
[17:23:44.750] [bmv2] [D] [thread 7225] [46.0] [cxt 0] Processing packet received on port 1
[17:23:44.750] [bmv2] [D] [thread 7225] [46.0] [cxt 0] Parser 'parser': start
[17:23:44.750] [bmv2] [D] [thread 7225] [46.0] [cxt 0] Parser 'parser' entering state 'start'
[17:23:44.750] [bmv2] [D] [thread 7225] [46.0] [cxt 0] Extracting header 'ethernet'
[17:23:44.750] [bmv2] [D] [thread 7225] [46.0] [cxt 0] Parser state 'start': key is 0800
[17:23:44.750] [bmv2] [T] [thread 7225] [46.0] [cxt 0] Bytes parsed: 14
[17:23:44.750] [bmv2] [D] [thread 7225] [46.0] [cxt 0] Parser 'parser' entering state 'parse_ipv4'
[17:23:44.750] [bmv2] [D] [thread 7225] [46.0] [cxt 0] Extracting header 'ipv4'
[17:23:44.750] [bmv2] [D] [thread 7225] [46.0] [cxt 0] Parser state 'parse_ipv4' has no switch, going to default next state
[17:23:44.750] [bmv2] [T] [thread 7225] [46.0] [cxt 0] Bytes parsed: 34
[17:23:44.750] [bmv2] [D] [thread 7225] [46.0] [cxt 0] Parser 'parser': end
[17:23:44.750] [bmv2] [D] [thread 7225] [46.0] [cxt 0] Pipeline 'ingress': start
[17:23:44.750] [bmv2] [T] [thread 7225] [46.0] [cxt 0] lminpkt.p4(145) Condition "hdr.ipv4.isValid()" (node_2) is true
[17:23:44.750] [bmv2] [T] [thread 7225] [46.0] [cxt 0] Applying table 'MyIngress.ipv4_lpm'
[17:23:44.750] [bmv2] [D] [thread 7225] [46.0] [cxt 0] Looking up key:
* hdr.ipv4.dstAddr    : 0a02020a

[17:23:44.751] [bmv2] [D] [thread 7225] [46.0] [cxt 0] Table 'MyIngress.ipv4_lpm': hit with handle 1
[17:23:44.751] [bmv2] [D] [thread 7225] [46.0] [cxt 0] Dumping entry 1
Match key:
* hdr.ipv4.dstAddr    : LPM       0a02020a/32
Action entry: MyIngress.ipv4_forward - 80000000210,2,

[17:23:44.751] [bmv2] [D] [thread 7225] [46.0] [cxt 0] Action entry is MyIngress.ipv4_forward - 80000000210,2,
[17:23:44.751] [bmv2] [T] [thread 7225] [46.0] [cxt 0] Action MyIngress.ipv4_forward
[17:23:44.751] [bmv2] [T] [thread 7225] [46.0] [cxt 0] lminpkt.p4(118) Primitive standard_metadata.egress_spec = port
[17:23:44.751] [bmv2] [T] [thread 7225] [46.0] [cxt 0] lminpkt.p4(119) Primitive hdr.ethernet.srcAddr = hdr.ethernet.dstAddr
[17:23:44.751] [bmv2] [T] [thread 7225] [46.0] [cxt 0] lminpkt.p4(120) Primitive hdr.ethernet.dstAddr = dstAddr
[17:23:44.751] [bmv2] [T] [thread 7225] [46.0] [cxt 0] lminpkt.p4(121) Primitive hdr.ipv4.ttl = hdr.ipv4.ttl - 1
[17:23:44.751] [bmv2] [D] [thread 7225] [46.0] [cxt 0] Pipeline 'ingress': end
[17:23:44.751] [bmv2] [D] [thread 7225] [46.0] [cxt 0] Egress port is 2
[17:23:44.751] [bmv2] [D] [thread 7228] [46.0] [cxt 0] Pipeline 'egress': start
[17:23:44.751] [bmv2] [D] [thread 7228] [46.0] [cxt 0] Pipeline 'egress': end
[17:23:44.751] [bmv2] [D] [thread 7228] [46.0] [cxt 0] Deparser 'deparser': start
[17:23:44.751] [bmv2] [D] [thread 7228] [46.0] [cxt 0] Updating checksum 'cksum'
[17:23:44.751] [bmv2] [D] [thread 7228] [46.0] [cxt 0] Deparsing header 'ethernet'
[17:23:44.751] [bmv2] [D] [thread 7228] [46.0] [cxt 0] Deparsing header 'ipv4'
[17:23:44.751] [bmv2] [D] [thread 7228] [46.0] [cxt 0] Deparser 'deparser': end
[17:23:44.751] [bmv2] [D] [thread 7230] [46.0] [cxt 0] Transmitting packet of size 98 out of port 2
[17:23:44.751] [bmv2] [D] [thread 7225] [47.0] [cxt 0] Processing packet received on port 2
[17:23:44.751] [bmv2] [D] [thread 7225] [47.0] [cxt 0] Parser 'parser': start
[17:23:44.751] [bmv2] [D] [thread 7225] [47.0] [cxt 0] Parser 'parser' entering state 'start'
[17:23:44.751] [bmv2] [D] [thread 7225] [47.0] [cxt 0] Extracting header 'ethernet'
[17:23:44.751] [bmv2] [D] [thread 7225] [47.0] [cxt 0] Parser state 'start': key is 0800
[17:23:44.751] [bmv2] [T] [thread 7225] [47.0] [cxt 0] Bytes parsed: 14
[17:23:44.751] [bmv2] [D] [thread 7225] [47.0] [cxt 0] Parser 'parser' entering state 'parse_ipv4'
[17:23:44.751] [bmv2] [D] [thread 7225] [47.0] [cxt 0] Extracting header 'ipv4'
[17:23:44.751] [bmv2] [D] [thread 7225] [47.0] [cxt 0] Parser state 'parse_ipv4' has no switch, going to default next state
[17:23:44.751] [bmv2] [T] [thread 7225] [47.0] [cxt 0] Bytes parsed: 34
[17:23:44.751] [bmv2] [D] [thread 7225] [47.0] [cxt 0] Parser 'parser': end
[17:23:44.751] [bmv2] [D] [thread 7225] [47.0] [cxt 0] Pipeline 'ingress': start
[17:23:44.751] [bmv2] [T] [thread 7225] [47.0] [cxt 0] lminpkt.p4(145) Condition "hdr.ipv4.isValid()" (node_2) is true
[17:23:44.751] [bmv2] [T] [thread 7225] [47.0] [cxt 0] Applying table 'MyIngress.ipv4_lpm'
[17:23:44.751] [bmv2] [D] [thread 7225] [47.0] [cxt 0] Looking up key:
* hdr.ipv4.dstAddr    : 0a01010a

[17:23:44.751] [bmv2] [D] [thread 7225] [47.0] [cxt 0] Table 'MyIngress.ipv4_lpm': hit with handle 0
[17:23:44.751] [bmv2] [D] [thread 7225] [47.0] [cxt 0] Dumping entry 0
Match key:
* hdr.ipv4.dstAddr    : LPM       0a01010a/32
Action entry: MyIngress.ipv4_forward - 80000000110,1,

[17:23:44.751] [bmv2] [D] [thread 7225] [47.0] [cxt 0] Action entry is MyIngress.ipv4_forward - 80000000110,1,
[17:23:44.751] [bmv2] [T] [thread 7225] [47.0] [cxt 0] Action MyIngress.ipv4_forward
[17:23:44.751] [bmv2] [T] [thread 7225] [47.0] [cxt 0] lminpkt.p4(118) Primitive standard_metadata.egress_spec = port
[17:23:44.751] [bmv2] [T] [thread 7225] [47.0] [cxt 0] lminpkt.p4(119) Primitive hdr.ethernet.srcAddr = hdr.ethernet.dstAddr
[17:23:44.752] [bmv2] [T] [thread 7225] [47.0] [cxt 0] lminpkt.p4(120) Primitive hdr.ethernet.dstAddr = dstAddr
[17:23:44.752] [bmv2] [T] [thread 7225] [47.0] [cxt 0] lminpkt.p4(121) Primitive hdr.ipv4.ttl = hdr.ipv4.ttl - 1
[17:23:44.752] [bmv2] [D] [thread 7225] [47.0] [cxt 0] Pipeline 'ingress': end
[17:23:44.752] [bmv2] [D] [thread 7225] [47.0] [cxt 0] Egress port is 1
[17:23:44.752] [bmv2] [D] [thread 7227] [47.0] [cxt 0] Pipeline 'egress': start
[17:23:44.752] [bmv2] [D] [thread 7227] [47.0] [cxt 0] Pipeline 'egress': end
[17:23:44.752] [bmv2] [D] [thread 7227] [47.0] [cxt 0] Deparser 'deparser': start
[17:23:44.752] [bmv2] [D] [thread 7227] [47.0] [cxt 0] Updating checksum 'cksum'
[17:23:44.752] [bmv2] [D] [thread 7227] [47.0] [cxt 0] Deparsing header 'ethernet'
[17:23:44.752] [bmv2] [D] [thread 7227] [47.0] [cxt 0] Deparsing header 'ipv4'
[17:23:44.752] [bmv2] [D] [thread 7227] [47.0] [cxt 0] Deparser 'deparser': end
[17:23:44.752] [bmv2] [D] [thread 7230] [47.0] [cxt 0] Transmitting packet of size 98 out of port 1
[17:24:10.714] [bmv2] [D] [thread 7225] [48.0] [cxt 0] Processing packet received on port 2
[17:24:10.714] [bmv2] [D] [thread 7225] [48.0] [cxt 0] Parser 'parser': start
[17:24:10.714] [bmv2] [D] [thread 7225] [48.0] [cxt 0] Parser 'parser' entering state 'start'
[17:24:10.714] [bmv2] [D] [thread 7225] [48.0] [cxt 0] Extracting header 'ethernet'
[17:24:10.714] [bmv2] [D] [thread 7225] [48.0] [cxt 0] Parser state 'start': key is 86dd
[17:24:10.714] [bmv2] [T] [thread 7225] [48.0] [cxt 0] Bytes parsed: 14
[17:24:10.714] [bmv2] [D] [thread 7225] [48.0] [cxt 0] Parser 'parser': end
[17:24:10.714] [bmv2] [D] [thread 7225] [48.0] [cxt 0] Pipeline 'ingress': start
[17:24:10.714] [bmv2] [T] [thread 7225] [48.0] [cxt 0] lminpkt.p4(145) Condition "hdr.ipv4.isValid()" (node_2) is false
[17:24:10.714] [bmv2] [D] [thread 7225] [48.0] [cxt 0] Pipeline 'ingress': end
[17:24:10.714] [bmv2] [D] [thread 7225] [48.0] [cxt 0] Egress port is 0
[17:24:10.714] [bmv2] [D] [thread 7226] [48.0] [cxt 0] Pipeline 'egress': start
[17:24:10.714] [bmv2] [D] [thread 7226] [48.0] [cxt 0] Pipeline 'egress': end
[17:24:10.714] [bmv2] [D] [thread 7226] [48.0] [cxt 0] Deparser 'deparser': start
[17:24:10.714] [bmv2] [T] [thread 7226] [48.0] [cxt 0] Skipping checksum 'cksum' update because condition not met
[17:24:10.714] [bmv2] [D] [thread 7226] [48.0] [cxt 0] Deparsing header 'ethernet'
[17:24:10.714] [bmv2] [D] [thread 7226] [48.0] [cxt 0] Deparser 'deparser': end
[17:24:10.714] [bmv2] [D] [thread 7230] [48.0] [cxt 0] Transmitting packet of size 107 out of port 0
[17:24:11.351] [bmv2] [D] [thread 7225] [49.0] [cxt 0] Processing packet received on port 1
[17:24:11.351] [bmv2] [D] [thread 7225] [49.0] [cxt 0] Parser 'parser': start
[17:24:11.351] [bmv2] [D] [thread 7225] [49.0] [cxt 0] Parser 'parser' entering state 'start'
[17:24:11.351] [bmv2] [D] [thread 7225] [49.0] [cxt 0] Extracting header 'ethernet'
[17:24:11.351] [bmv2] [D] [thread 7225] [49.0] [cxt 0] Parser state 'start': key is 86dd
[17:24:11.351] [bmv2] [T] [thread 7225] [49.0] [cxt 0] Bytes parsed: 14
[17:24:11.351] [bmv2] [D] [thread 7225] [49.0] [cxt 0] Parser 'parser': end
[17:24:11.351] [bmv2] [D] [thread 7225] [49.0] [cxt 0] Pipeline 'ingress': start
[17:24:11.351] [bmv2] [T] [thread 7225] [49.0] [cxt 0] lminpkt.p4(145) Condition "hdr.ipv4.isValid()" (node_2) is false
[17:24:11.351] [bmv2] [D] [thread 7225] [49.0] [cxt 0] Pipeline 'ingress': end
[17:24:11.351] [bmv2] [D] [thread 7225] [49.0] [cxt 0] Egress port is 0
[17:24:11.351] [bmv2] [D] [thread 7226] [49.0] [cxt 0] Pipeline 'egress': start
[17:24:11.351] [bmv2] [D] [thread 7226] [49.0] [cxt 0] Pipeline 'egress': end
[17:24:11.351] [bmv2] [D] [thread 7226] [49.0] [cxt 0] Deparser 'deparser': start
[17:24:11.351] [bmv2] [T] [thread 7226] [49.0] [cxt 0] Skipping checksum 'cksum' update because condition not met
[17:24:11.351] [bmv2] [D] [thread 7226] [49.0] [cxt 0] Deparsing header 'ethernet'
[17:24:11.351] [bmv2] [D] [thread 7226] [49.0] [cxt 0] Deparser 'deparser': end
[17:24:11.351] [bmv2] [D] [thread 7230] [49.0] [cxt 0] Transmitting packet of size 107 out of port 0
[17:25:14.722] [bmv2] [D] [thread 7225] [50.0] [cxt 0] Processing packet received on port 2
[17:25:14.722] [bmv2] [D] [thread 7225] [50.0] [cxt 0] Parser 'parser': start
[17:25:14.722] [bmv2] [D] [thread 7225] [50.0] [cxt 0] Parser 'parser' entering state 'start'
[17:25:14.722] [bmv2] [D] [thread 7225] [50.0] [cxt 0] Extracting header 'ethernet'
[17:25:14.722] [bmv2] [D] [thread 7225] [50.0] [cxt 0] Parser state 'start': key is 86dd
[17:25:14.722] [bmv2] [T] [thread 7225] [50.0] [cxt 0] Bytes parsed: 14
[17:25:14.722] [bmv2] [D] [thread 7225] [50.0] [cxt 0] Parser 'parser': end
[17:25:14.722] [bmv2] [D] [thread 7225] [50.0] [cxt 0] Pipeline 'ingress': start
[17:25:14.722] [bmv2] [T] [thread 7225] [50.0] [cxt 0] lminpkt.p4(145) Condition "hdr.ipv4.isValid()" (node_2) is false
[17:25:14.722] [bmv2] [D] [thread 7225] [50.0] [cxt 0] Pipeline 'ingress': end
[17:25:14.722] [bmv2] [D] [thread 7225] [50.0] [cxt 0] Egress port is 0
[17:25:14.722] [bmv2] [D] [thread 7226] [50.0] [cxt 0] Pipeline 'egress': start
[17:25:14.723] [bmv2] [D] [thread 7226] [50.0] [cxt 0] Pipeline 'egress': end
[17:25:14.723] [bmv2] [D] [thread 7226] [50.0] [cxt 0] Deparser 'deparser': start
[17:25:14.723] [bmv2] [T] [thread 7226] [50.0] [cxt 0] Skipping checksum 'cksum' update because condition not met
[17:25:14.723] [bmv2] [D] [thread 7226] [50.0] [cxt 0] Deparsing header 'ethernet'
[17:25:14.723] [bmv2] [D] [thread 7226] [50.0] [cxt 0] Deparser 'deparser': end
[17:25:14.723] [bmv2] [D] [thread 7230] [50.0] [cxt 0] Transmitting packet of size 107 out of port 0
[17:25:15.352] [bmv2] [D] [thread 7225] [51.0] [cxt 0] Processing packet received on port 1
[17:25:15.352] [bmv2] [D] [thread 7225] [51.0] [cxt 0] Parser 'parser': start
[17:25:15.352] [bmv2] [D] [thread 7225] [51.0] [cxt 0] Parser 'parser' entering state 'start'
[17:25:15.352] [bmv2] [D] [thread 7225] [51.0] [cxt 0] Extracting header 'ethernet'
[17:25:15.352] [bmv2] [D] [thread 7225] [51.0] [cxt 0] Parser state 'start': key is 86dd
[17:25:15.352] [bmv2] [T] [thread 7225] [51.0] [cxt 0] Bytes parsed: 14
[17:25:15.352] [bmv2] [D] [thread 7225] [51.0] [cxt 0] Parser 'parser': end
[17:25:15.352] [bmv2] [D] [thread 7225] [51.0] [cxt 0] Pipeline 'ingress': start
[17:25:15.352] [bmv2] [T] [thread 7225] [51.0] [cxt 0] lminpkt.p4(145) Condition "hdr.ipv4.isValid()" (node_2) is false
[17:25:15.352] [bmv2] [D] [thread 7225] [51.0] [cxt 0] Pipeline 'ingress': end
[17:25:15.352] [bmv2] [D] [thread 7225] [51.0] [cxt 0] Egress port is 0
[17:25:15.352] [bmv2] [D] [thread 7226] [51.0] [cxt 0] Pipeline 'egress': start
[17:25:15.352] [bmv2] [D] [thread 7226] [51.0] [cxt 0] Pipeline 'egress': end
[17:25:15.352] [bmv2] [D] [thread 7226] [51.0] [cxt 0] Deparser 'deparser': start
[17:25:15.352] [bmv2] [T] [thread 7226] [51.0] [cxt 0] Skipping checksum 'cksum' update because condition not met
[17:25:15.352] [bmv2] [D] [thread 7226] [51.0] [cxt 0] Deparsing header 'ethernet'
[17:25:15.352] [bmv2] [D] [thread 7226] [51.0] [cxt 0] Deparser 'deparser': end
[17:25:15.353] [bmv2] [D] [thread 7230] [51.0] [cxt 0] Transmitting packet of size 107 out of port 0
open: No such file or directory
