Calling target program-options parser
[23:19:48.222] [bmv2] [D] [thread 4799] Set default default entry for table 'MyIngress.ipv4_lpm': NoAction - 
Adding interface s3-eth1 as port 1
[23:19:48.222] [bmv2] [D] [thread 4799] Adding interface s3-eth1 as port 1
Adding interface s3-eth2 as port 2
[23:19:48.246] [bmv2] [D] [thread 4799] Adding interface s3-eth2 as port 2
I1024 23:19:48.269195542    4799 server_builder.cc:247]      Synchronous server. Num CQs: 1, Min pollers: 1, Max Pollers: 2147483647, CQ timeout (msec): 1000
Server listening on 0.0.0.0:50053
[23:19:48.271] [bmv2] [I] [thread 4799] Starting Thrift server on port 9092
[23:19:48.271] [bmv2] [I] [thread 4799] Thrift server was started
[23:19:48.272] [bmv2] [D] [thread 4806] [0.0] [cxt 0] Processing packet received on port 1
[23:19:48.273] [bmv2] [D] [thread 4806] [0.0] [cxt 0] Parser 'parser': start
[23:19:48.273] [bmv2] [D] [thread 4806] [0.0] [cxt 0] Parser 'parser' entering state 'start'
[23:19:48.273] [bmv2] [D] [thread 4806] [0.0] [cxt 0] Parser state 'start' has no switch, going to default next state
[23:19:48.273] [bmv2] [T] [thread 4806] [0.0] [cxt 0] Bytes parsed: 0
[23:19:48.273] [bmv2] [D] [thread 4806] [0.0] [cxt 0] Parser 'parser': end
[23:19:48.273] [bmv2] [D] [thread 4806] [0.0] [cxt 0] Pipeline 'ingress': start
[23:19:48.273] [bmv2] [T] [thread 4806] [0.0] [cxt 0] Applying table 'MyIngress.ipv4_lpm'
[23:19:48.274] [bmv2] [D] [thread 4806] [0.0] [cxt 0] Looking up key:
* hdr.ipv4.dstAddr    : 00000000

[23:19:48.274] [bmv2] [D] [thread 4806] [0.0] [cxt 0] Table 'MyIngress.ipv4_lpm': miss
[23:19:48.274] [bmv2] [D] [thread 4806] [0.0] [cxt 0] Action entry is NoAction - 
[23:19:48.274] [bmv2] [T] [thread 4806] [0.0] [cxt 0] Action NoAction
[23:19:48.274] [bmv2] [D] [thread 4806] [0.0] [cxt 0] Pipeline 'ingress': end
[23:19:48.274] [bmv2] [D] [thread 4806] [0.0] [cxt 0] Egress port is 0
[23:19:48.274] [bmv2] [D] [thread 4807] [0.0] [cxt 0] Pipeline 'egress': start
[23:19:48.274] [bmv2] [D] [thread 4807] [0.0] [cxt 0] Pipeline 'egress': end
[23:19:48.274] [bmv2] [D] [thread 4807] [0.0] [cxt 0] Deparser 'deparser': start
[23:19:48.274] [bmv2] [T] [thread 4807] [0.0] [cxt 0] Skipping checksum 'cksum' update because condition not met
[23:19:48.274] [bmv2] [D] [thread 4807] [0.0] [cxt 0] Deparser 'deparser': end
[23:19:48.276] [bmv2] [D] [thread 4811] [0.0] [cxt 0] Transmitting packet of size 107 out of port 0
[23:19:48.305] [bmv2] [D] [thread 4806] [1.0] [cxt 0] Processing packet received on port 1
[23:19:48.305] [bmv2] [D] [thread 4806] [1.0] [cxt 0] Parser 'parser': start
[23:19:48.305] [bmv2] [D] [thread 4806] [1.0] [cxt 0] Parser 'parser' entering state 'start'
[23:19:48.305] [bmv2] [D] [thread 4806] [1.0] [cxt 0] Parser state 'start' has no switch, going to default next state
[23:19:48.305] [bmv2] [T] [thread 4806] [1.0] [cxt 0] Bytes parsed: 0
[23:19:48.305] [bmv2] [D] [thread 4806] [1.0] [cxt 0] Parser 'parser': end
[23:19:48.305] [bmv2] [D] [thread 4806] [1.0] [cxt 0] Pipeline 'ingress': start
[23:19:48.305] [bmv2] [T] [thread 4806] [1.0] [cxt 0] Applying table 'MyIngress.ipv4_lpm'
[23:19:48.306] [bmv2] [D] [thread 4806] [1.0] [cxt 0] Looking up key:
* hdr.ipv4.dstAddr    : 00000000

[23:19:48.306] [bmv2] [D] [thread 4806] [1.0] [cxt 0] Table 'MyIngress.ipv4_lpm': miss
[23:19:48.306] [bmv2] [D] [thread 4806] [1.0] [cxt 0] Action entry is NoAction - 
[23:19:48.306] [bmv2] [T] [thread 4806] [1.0] [cxt 0] Action NoAction
[23:19:48.306] [bmv2] [D] [thread 4806] [1.0] [cxt 0] Pipeline 'ingress': end
[23:19:48.306] [bmv2] [D] [thread 4806] [1.0] [cxt 0] Egress port is 0
[23:19:48.308] [bmv2] [D] [thread 4807] [1.0] [cxt 0] Pipeline 'egress': start
[23:19:48.308] [bmv2] [D] [thread 4807] [1.0] [cxt 0] Pipeline 'egress': end
[23:19:48.308] [bmv2] [D] [thread 4807] [1.0] [cxt 0] Deparser 'deparser': start
[23:19:48.308] [bmv2] [T] [thread 4807] [1.0] [cxt 0] Skipping checksum 'cksum' update because condition not met
[23:19:48.309] [bmv2] [D] [thread 4807] [1.0] [cxt 0] Deparser 'deparser': end
[23:19:48.313] [bmv2] [D] [thread 4811] [1.0] [cxt 0] Transmitting packet of size 110 out of port 0
[23:19:48.356] [bmv2] [D] [thread 4806] [2.0] [cxt 0] Processing packet received on port 1
[23:19:48.356] [bmv2] [D] [thread 4806] [2.0] [cxt 0] Parser 'parser': start
[23:19:48.356] [bmv2] [D] [thread 4806] [2.0] [cxt 0] Parser 'parser' entering state 'start'
[23:19:48.356] [bmv2] [D] [thread 4806] [2.0] [cxt 0] Parser state 'start' has no switch, going to default next state
[23:19:48.356] [bmv2] [T] [thread 4806] [2.0] [cxt 0] Bytes parsed: 0
[23:19:48.356] [bmv2] [D] [thread 4806] [2.0] [cxt 0] Parser 'parser': end
[23:19:48.356] [bmv2] [D] [thread 4806] [2.0] [cxt 0] Pipeline 'ingress': start
[23:19:48.356] [bmv2] [T] [thread 4806] [2.0] [cxt 0] Applying table 'MyIngress.ipv4_lpm'
[23:19:48.356] [bmv2] [D] [thread 4806] [2.0] [cxt 0] Looking up key:
* hdr.ipv4.dstAddr    : 00000000

[23:19:48.356] [bmv2] [D] [thread 4806] [2.0] [cxt 0] Table 'MyIngress.ipv4_lpm': miss
[23:19:48.357] [bmv2] [D] [thread 4806] [2.0] [cxt 0] Action entry is NoAction - 
[23:19:48.357] [bmv2] [T] [thread 4806] [2.0] [cxt 0] Action NoAction
[23:19:48.357] [bmv2] [D] [thread 4806] [2.0] [cxt 0] Pipeline 'ingress': end
[23:19:48.357] [bmv2] [D] [thread 4806] [2.0] [cxt 0] Egress port is 0
[23:19:48.357] [bmv2] [D] [thread 4807] [2.0] [cxt 0] Pipeline 'egress': start
[23:19:48.357] [bmv2] [D] [thread 4807] [2.0] [cxt 0] Pipeline 'egress': end
[23:19:48.357] [bmv2] [D] [thread 4807] [2.0] [cxt 0] Deparser 'deparser': start
[23:19:48.357] [bmv2] [T] [thread 4807] [2.0] [cxt 0] Skipping checksum 'cksum' update because condition not met
[23:19:48.358] [bmv2] [D] [thread 4807] [2.0] [cxt 0] Deparser 'deparser': end
[23:19:48.358] [bmv2] [D] [thread 4811] [2.0] [cxt 0] Transmitting packet of size 208 out of port 0
[23:19:48.394] [bmv2] [D] [thread 4806] [3.0] [cxt 0] Processing packet received on port 2
[23:19:48.394] [bmv2] [D] [thread 4806] [3.0] [cxt 0] Parser 'parser': start
[23:19:48.394] [bmv2] [D] [thread 4806] [3.0] [cxt 0] Parser 'parser' entering state 'start'
[23:19:48.394] [bmv2] [D] [thread 4806] [3.0] [cxt 0] Parser state 'start' has no switch, going to default next state
[23:19:48.394] [bmv2] [T] [thread 4806] [3.0] [cxt 0] Bytes parsed: 0
[23:19:48.394] [bmv2] [D] [thread 4806] [3.0] [cxt 0] Parser 'parser': end
[23:19:48.394] [bmv2] [D] [thread 4806] [3.0] [cxt 0] Pipeline 'ingress': start
[23:19:48.394] [bmv2] [T] [thread 4806] [3.0] [cxt 0] Applying table 'MyIngress.ipv4_lpm'
[23:19:48.394] [bmv2] [D] [thread 4806] [3.0] [cxt 0] Looking up key:
* hdr.ipv4.dstAddr    : 00000000

[23:19:48.394] [bmv2] [D] [thread 4806] [3.0] [cxt 0] Table 'MyIngress.ipv4_lpm': miss
[23:19:48.394] [bmv2] [D] [thread 4806] [3.0] [cxt 0] Action entry is NoAction - 
[23:19:48.394] [bmv2] [T] [thread 4806] [3.0] [cxt 0] Action NoAction
[23:19:48.394] [bmv2] [D] [thread 4806] [3.0] [cxt 0] Pipeline 'ingress': end
[23:19:48.394] [bmv2] [D] [thread 4806] [3.0] [cxt 0] Egress port is 0
[23:19:48.394] [bmv2] [D] [thread 4807] [3.0] [cxt 0] Pipeline 'egress': start
[23:19:48.394] [bmv2] [D] [thread 4807] [3.0] [cxt 0] Pipeline 'egress': end
[23:19:48.394] [bmv2] [D] [thread 4807] [3.0] [cxt 0] Deparser 'deparser': start
[23:19:48.394] [bmv2] [T] [thread 4807] [3.0] [cxt 0] Skipping checksum 'cksum' update because condition not met
[23:19:48.394] [bmv2] [D] [thread 4807] [3.0] [cxt 0] Deparser 'deparser': end
[23:19:48.395] [bmv2] [D] [thread 4811] [3.0] [cxt 0] Transmitting packet of size 90 out of port 0
[23:19:48.395] [bmv2] [D] [thread 4806] [4.0] [cxt 0] Processing packet received on port 2
[23:19:48.395] [bmv2] [D] [thread 4806] [4.0] [cxt 0] Parser 'parser': start
[23:19:48.395] [bmv2] [D] [thread 4806] [4.0] [cxt 0] Parser 'parser' entering state 'start'
[23:19:48.395] [bmv2] [D] [thread 4806] [4.0] [cxt 0] Parser state 'start' has no switch, going to default next state
[23:19:48.395] [bmv2] [T] [thread 4806] [4.0] [cxt 0] Bytes parsed: 0
[23:19:48.395] [bmv2] [D] [thread 4806] [4.0] [cxt 0] Parser 'parser': end
[23:19:48.395] [bmv2] [D] [thread 4806] [4.0] [cxt 0] Pipeline 'ingress': start
[23:19:48.395] [bmv2] [T] [thread 4806] [4.0] [cxt 0] Applying table 'MyIngress.ipv4_lpm'
[23:19:48.395] [bmv2] [D] [thread 4806] [4.0] [cxt 0] Looking up key:
* hdr.ipv4.dstAddr    : 00000000

[23:19:48.395] [bmv2] [D] [thread 4806] [4.0] [cxt 0] Table 'MyIngress.ipv4_lpm': miss
[23:19:48.396] [bmv2] [D] [thread 4806] [4.0] [cxt 0] Action entry is NoAction - 
[23:19:48.396] [bmv2] [T] [thread 4806] [4.0] [cxt 0] Action NoAction
[23:19:48.396] [bmv2] [D] [thread 4806] [4.0] [cxt 0] Pipeline 'ingress': end
[23:19:48.396] [bmv2] [D] [thread 4806] [4.0] [cxt 0] Egress port is 0
[23:19:48.396] [bmv2] [D] [thread 4807] [4.0] [cxt 0] Pipeline 'egress': start
[23:19:48.396] [bmv2] [D] [thread 4807] [4.0] [cxt 0] Pipeline 'egress': end
[23:19:48.396] [bmv2] [D] [thread 4807] [4.0] [cxt 0] Deparser 'deparser': start
[23:19:48.396] [bmv2] [T] [thread 4807] [4.0] [cxt 0] Skipping checksum 'cksum' update because condition not met
[23:19:48.396] [bmv2] [D] [thread 4807] [4.0] [cxt 0] Deparser 'deparser': end
[23:19:48.396] [bmv2] [D] [thread 4811] [4.0] [cxt 0] Transmitting packet of size 70 out of port 0
[23:19:48.397] [bmv2] [D] [thread 4806] [5.0] [cxt 0] Processing packet received on port 2
[23:19:48.397] [bmv2] [D] [thread 4806] [5.0] [cxt 0] Parser 'parser': start
[23:19:48.397] [bmv2] [D] [thread 4806] [5.0] [cxt 0] Parser 'parser' entering state 'start'
[23:19:48.397] [bmv2] [D] [thread 4806] [5.0] [cxt 0] Parser state 'start' has no switch, going to default next state
[23:19:48.397] [bmv2] [T] [thread 4806] [5.0] [cxt 0] Bytes parsed: 0
[23:19:48.397] [bmv2] [D] [thread 4806] [5.0] [cxt 0] Parser 'parser': end
[23:19:48.397] [bmv2] [D] [thread 4806] [5.0] [cxt 0] Pipeline 'ingress': start
[23:19:48.398] [bmv2] [T] [thread 4806] [5.0] [cxt 0] Applying table 'MyIngress.ipv4_lpm'
[23:19:48.398] [bmv2] [D] [thread 4806] [5.0] [cxt 0] Looking up key:
* hdr.ipv4.dstAddr    : 00000000

[23:19:48.398] [bmv2] [D] [thread 4806] [5.0] [cxt 0] Table 'MyIngress.ipv4_lpm': miss
[23:19:48.398] [bmv2] [D] [thread 4806] [5.0] [cxt 0] Action entry is NoAction - 
[23:19:48.398] [bmv2] [T] [thread 4806] [5.0] [cxt 0] Action NoAction
[23:19:48.398] [bmv2] [D] [thread 4806] [5.0] [cxt 0] Pipeline 'ingress': end
[23:19:48.398] [bmv2] [D] [thread 4806] [5.0] [cxt 0] Egress port is 0
[23:19:48.398] [bmv2] [D] [thread 4807] [5.0] [cxt 0] Pipeline 'egress': start
[23:19:48.398] [bmv2] [D] [thread 4807] [5.0] [cxt 0] Pipeline 'egress': end
[23:19:48.398] [bmv2] [D] [thread 4807] [5.0] [cxt 0] Deparser 'deparser': start
[23:19:48.399] [bmv2] [T] [thread 4807] [5.0] [cxt 0] Skipping checksum 'cksum' update because condition not met
[23:19:48.399] [bmv2] [D] [thread 4807] [5.0] [cxt 0] Deparser 'deparser': end
[23:19:48.399] [bmv2] [D] [thread 4811] [5.0] [cxt 0] Transmitting packet of size 90 out of port 0
[23:19:48.406] [bmv2] [D] [thread 4806] [6.0] [cxt 0] Processing packet received on port 2
[23:19:48.406] [bmv2] [D] [thread 4806] [6.0] [cxt 0] Parser 'parser': start
[23:19:48.406] [bmv2] [D] [thread 4806] [6.0] [cxt 0] Parser 'parser' entering state 'start'
[23:19:48.406] [bmv2] [D] [thread 4806] [6.0] [cxt 0] Parser state 'start' has no switch, going to default next state
[23:19:48.406] [bmv2] [T] [thread 4806] [6.0] [cxt 0] Bytes parsed: 0
[23:19:48.406] [bmv2] [D] [thread 4806] [6.0] [cxt 0] Parser 'parser': end
[23:19:48.406] [bmv2] [D] [thread 4806] [6.0] [cxt 0] Pipeline 'ingress': start
[23:19:48.406] [bmv2] [T] [thread 4806] [6.0] [cxt 0] Applying table 'MyIngress.ipv4_lpm'
[23:19:48.406] [bmv2] [D] [thread 4806] [6.0] [cxt 0] Looking up key:
* hdr.ipv4.dstAddr    : 00000000

[23:19:48.406] [bmv2] [D] [thread 4806] [6.0] [cxt 0] Table 'MyIngress.ipv4_lpm': miss
[23:19:48.406] [bmv2] [D] [thread 4806] [6.0] [cxt 0] Action entry is NoAction - 
[23:19:48.406] [bmv2] [T] [thread 4806] [6.0] [cxt 0] Action NoAction
[23:19:48.406] [bmv2] [D] [thread 4806] [6.0] [cxt 0] Pipeline 'ingress': end
[23:19:48.406] [bmv2] [D] [thread 4806] [6.0] [cxt 0] Egress port is 0
[23:19:48.406] [bmv2] [D] [thread 4806] [7.0] [cxt 0] Processing packet received on port 2
[23:19:48.406] [bmv2] [D] [thread 4806] [7.0] [cxt 0] Parser 'parser': start
[23:19:48.406] [bmv2] [D] [thread 4806] [7.0] [cxt 0] Parser 'parser' entering state 'start'
[23:19:48.406] [bmv2] [D] [thread 4806] [7.0] [cxt 0] Parser state 'start' has no switch, going to default next state
[23:19:48.406] [bmv2] [T] [thread 4806] [7.0] [cxt 0] Bytes parsed: 0
[23:19:48.406] [bmv2] [D] [thread 4806] [7.0] [cxt 0] Parser 'parser': end
[23:19:48.406] [bmv2] [D] [thread 4806] [7.0] [cxt 0] Pipeline 'ingress': start
[23:19:48.406] [bmv2] [T] [thread 4806] [7.0] [cxt 0] Applying table 'MyIngress.ipv4_lpm'
[23:19:48.406] [bmv2] [D] [thread 4806] [7.0] [cxt 0] Looking up key:
* hdr.ipv4.dstAddr    : 00000000

[23:19:48.406] [bmv2] [D] [thread 4807] [6.0] [cxt 0] Pipeline 'egress': start
[23:19:48.406] [bmv2] [D] [thread 4807] [6.0] [cxt 0] Pipeline 'egress': end
[23:19:48.407] [bmv2] [D] [thread 4807] [6.0] [cxt 0] Deparser 'deparser': start
[23:19:48.407] [bmv2] [T] [thread 4807] [6.0] [cxt 0] Skipping checksum 'cksum' update because condition not met
[23:19:48.407] [bmv2] [D] [thread 4807] [6.0] [cxt 0] Deparser 'deparser': end
[23:19:48.407] [bmv2] [D] [thread 4811] [6.0] [cxt 0] Transmitting packet of size 90 out of port 0
[23:19:48.406] [bmv2] [D] [thread 4806] [7.0] [cxt 0] Table 'MyIngress.ipv4_lpm': miss
[23:19:48.408] [bmv2] [D] [thread 4806] [7.0] [cxt 0] Action entry is NoAction - 
[23:19:48.408] [bmv2] [T] [thread 4806] [7.0] [cxt 0] Action NoAction
[23:19:48.408] [bmv2] [D] [thread 4806] [7.0] [cxt 0] Pipeline 'ingress': end
[23:19:48.408] [bmv2] [D] [thread 4806] [7.0] [cxt 0] Egress port is 0
[23:19:48.408] [bmv2] [D] [thread 4807] [7.0] [cxt 0] Pipeline 'egress': start
[23:19:48.408] [bmv2] [D] [thread 4807] [7.0] [cxt 0] Pipeline 'egress': end
[23:19:48.408] [bmv2] [D] [thread 4807] [7.0] [cxt 0] Deparser 'deparser': start
[23:19:48.408] [bmv2] [T] [thread 4807] [7.0] [cxt 0] Skipping checksum 'cksum' update because condition not met
[23:19:48.408] [bmv2] [D] [thread 4807] [7.0] [cxt 0] Deparser 'deparser': end
[23:19:48.408] [bmv2] [D] [thread 4811] [7.0] [cxt 0] Transmitting packet of size 70 out of port 0
[23:19:48.413] [bmv2] [D] [thread 4806] [8.0] [cxt 0] Processing packet received on port 2
[23:19:48.413] [bmv2] [D] [thread 4806] [8.0] [cxt 0] Parser 'parser': start
[23:19:48.413] [bmv2] [D] [thread 4806] [8.0] [cxt 0] Parser 'parser' entering state 'start'
[23:19:48.413] [bmv2] [D] [thread 4806] [8.0] [cxt 0] Parser state 'start' has no switch, going to default next state
[23:19:48.413] [bmv2] [T] [thread 4806] [8.0] [cxt 0] Bytes parsed: 0
[23:19:48.413] [bmv2] [D] [thread 4806] [8.0] [cxt 0] Parser 'parser': end
[23:19:48.413] [bmv2] [D] [thread 4806] [8.0] [cxt 0] Pipeline 'ingress': start
[23:19:48.413] [bmv2] [T] [thread 4806] [8.0] [cxt 0] Applying table 'MyIngress.ipv4_lpm'
[23:19:48.413] [bmv2] [D] [thread 4806] [8.0] [cxt 0] Looking up key:
* hdr.ipv4.dstAddr    : 00000000

[23:19:48.413] [bmv2] [D] [thread 4806] [8.0] [cxt 0] Table 'MyIngress.ipv4_lpm': miss
[23:19:48.413] [bmv2] [D] [thread 4806] [8.0] [cxt 0] Action entry is NoAction - 
[23:19:48.413] [bmv2] [T] [thread 4806] [8.0] [cxt 0] Action NoAction
[23:19:48.414] [bmv2] [D] [thread 4806] [8.0] [cxt 0] Pipeline 'ingress': end
[23:19:48.414] [bmv2] [D] [thread 4806] [8.0] [cxt 0] Egress port is 0
[23:19:48.414] [bmv2] [D] [thread 4807] [8.0] [cxt 0] Pipeline 'egress': start
[23:19:48.414] [bmv2] [D] [thread 4807] [8.0] [cxt 0] Pipeline 'egress': end
[23:19:48.414] [bmv2] [D] [thread 4807] [8.0] [cxt 0] Deparser 'deparser': start
[23:19:48.414] [bmv2] [T] [thread 4807] [8.0] [cxt 0] Skipping checksum 'cksum' update because condition not met
[23:19:48.414] [bmv2] [D] [thread 4807] [8.0] [cxt 0] Deparser 'deparser': end
[23:19:48.414] [bmv2] [D] [thread 4811] [8.0] [cxt 0] Transmitting packet of size 90 out of port 0
[23:19:48.473] [bmv2] [D] [thread 4806] [9.0] [cxt 0] Processing packet received on port 2
[23:19:48.473] [bmv2] [D] [thread 4806] [9.0] [cxt 0] Parser 'parser': start
[23:19:48.473] [bmv2] [D] [thread 4806] [9.0] [cxt 0] Parser 'parser' entering state 'start'
[23:19:48.473] [bmv2] [D] [thread 4806] [9.0] [cxt 0] Parser state 'start' has no switch, going to default next state
[23:19:48.473] [bmv2] [T] [thread 4806] [9.0] [cxt 0] Bytes parsed: 0
[23:19:48.473] [bmv2] [D] [thread 4806] [9.0] [cxt 0] Parser 'parser': end
[23:19:48.473] [bmv2] [D] [thread 4806] [9.0] [cxt 0] Pipeline 'ingress': start
[23:19:48.473] [bmv2] [T] [thread 4806] [9.0] [cxt 0] Applying table 'MyIngress.ipv4_lpm'
[23:19:48.473] [bmv2] [D] [thread 4806] [9.0] [cxt 0] Looking up key:
* hdr.ipv4.dstAddr    : 00000000

[23:19:48.473] [bmv2] [D] [thread 4806] [9.0] [cxt 0] Table 'MyIngress.ipv4_lpm': miss
[23:19:48.473] [bmv2] [D] [thread 4806] [9.0] [cxt 0] Action entry is NoAction - 
[23:19:48.473] [bmv2] [T] [thread 4806] [9.0] [cxt 0] Action NoAction
[23:19:48.473] [bmv2] [D] [thread 4806] [9.0] [cxt 0] Pipeline 'ingress': end
[23:19:48.473] [bmv2] [D] [thread 4806] [9.0] [cxt 0] Egress port is 0
[23:19:48.473] [bmv2] [D] [thread 4807] [9.0] [cxt 0] Pipeline 'egress': start
[23:19:48.473] [bmv2] [D] [thread 4807] [9.0] [cxt 0] Pipeline 'egress': end
[23:19:48.473] [bmv2] [D] [thread 4807] [9.0] [cxt 0] Deparser 'deparser': start
[23:19:48.473] [bmv2] [T] [thread 4807] [9.0] [cxt 0] Skipping checksum 'cksum' update because condition not met
[23:19:48.474] [bmv2] [D] [thread 4807] [9.0] [cxt 0] Deparser 'deparser': end
[23:19:48.474] [bmv2] [D] [thread 4811] [9.0] [cxt 0] Transmitting packet of size 110 out of port 0
[23:19:48.498] [bmv2] [D] [thread 4806] [10.0] [cxt 0] Processing packet received on port 2
[23:19:48.498] [bmv2] [D] [thread 4806] [10.0] [cxt 0] Parser 'parser': start
[23:19:48.498] [bmv2] [D] [thread 4806] [10.0] [cxt 0] Parser 'parser' entering state 'start'
[23:19:48.498] [bmv2] [D] [thread 4806] [10.0] [cxt 0] Parser state 'start' has no switch, going to default next state
[23:19:48.498] [bmv2] [T] [thread 4806] [10.0] [cxt 0] Bytes parsed: 0
[23:19:48.498] [bmv2] [D] [thread 4806] [10.0] [cxt 0] Parser 'parser': end
[23:19:48.498] [bmv2] [D] [thread 4806] [10.0] [cxt 0] Pipeline 'ingress': start
[23:19:48.498] [bmv2] [T] [thread 4806] [10.0] [cxt 0] Applying table 'MyIngress.ipv4_lpm'
[23:19:48.498] [bmv2] [D] [thread 4806] [10.0] [cxt 0] Looking up key:
* hdr.ipv4.dstAddr    : 00000000

[23:19:48.498] [bmv2] [D] [thread 4806] [10.0] [cxt 0] Table 'MyIngress.ipv4_lpm': miss
[23:19:48.498] [bmv2] [D] [thread 4806] [10.0] [cxt 0] Action entry is NoAction - 
[23:19:48.498] [bmv2] [T] [thread 4806] [10.0] [cxt 0] Action NoAction
[23:19:48.498] [bmv2] [D] [thread 4806] [10.0] [cxt 0] Pipeline 'ingress': end
[23:19:48.498] [bmv2] [D] [thread 4806] [10.0] [cxt 0] Egress port is 0
[23:19:48.498] [bmv2] [D] [thread 4807] [10.0] [cxt 0] Pipeline 'egress': start
[23:19:48.498] [bmv2] [D] [thread 4807] [10.0] [cxt 0] Pipeline 'egress': end
[23:19:48.498] [bmv2] [D] [thread 4807] [10.0] [cxt 0] Deparser 'deparser': start
[23:19:48.498] [bmv2] [T] [thread 4807] [10.0] [cxt 0] Skipping checksum 'cksum' update because condition not met
[23:19:48.499] [bmv2] [D] [thread 4807] [10.0] [cxt 0] Deparser 'deparser': end
[23:19:48.499] [bmv2] [D] [thread 4811] [10.0] [cxt 0] Transmitting packet of size 107 out of port 0
[23:19:48.598] [bmv2] [D] [thread 4806] [11.0] [cxt 0] Processing packet received on port 2
[23:19:48.598] [bmv2] [D] [thread 4806] [11.0] [cxt 0] Parser 'parser': start
[23:19:48.598] [bmv2] [D] [thread 4806] [11.0] [cxt 0] Parser 'parser' entering state 'start'
[23:19:48.598] [bmv2] [D] [thread 4806] [11.0] [cxt 0] Parser state 'start' has no switch, going to default next state
[23:19:48.598] [bmv2] [T] [thread 4806] [11.0] [cxt 0] Bytes parsed: 0
[23:19:48.598] [bmv2] [D] [thread 4806] [11.0] [cxt 0] Parser 'parser': end
[23:19:48.598] [bmv2] [D] [thread 4806] [11.0] [cxt 0] Pipeline 'ingress': start
[23:19:48.598] [bmv2] [T] [thread 4806] [11.0] [cxt 0] Applying table 'MyIngress.ipv4_lpm'
[23:19:48.599] [bmv2] [D] [thread 4806] [11.0] [cxt 0] Looking up key:
* hdr.ipv4.dstAddr    : 00000000

[23:19:48.599] [bmv2] [D] [thread 4806] [11.0] [cxt 0] Table 'MyIngress.ipv4_lpm': miss
[23:19:48.599] [bmv2] [D] [thread 4806] [11.0] [cxt 0] Action entry is NoAction - 
[23:19:48.599] [bmv2] [T] [thread 4806] [11.0] [cxt 0] Action NoAction
[23:19:48.599] [bmv2] [D] [thread 4806] [11.0] [cxt 0] Pipeline 'ingress': end
[23:19:48.599] [bmv2] [D] [thread 4806] [11.0] [cxt 0] Egress port is 0
[23:19:48.599] [bmv2] [D] [thread 4807] [11.0] [cxt 0] Pipeline 'egress': start
[23:19:48.599] [bmv2] [D] [thread 4807] [11.0] [cxt 0] Pipeline 'egress': end
[23:19:48.599] [bmv2] [D] [thread 4807] [11.0] [cxt 0] Deparser 'deparser': start
[23:19:48.599] [bmv2] [T] [thread 4807] [11.0] [cxt 0] Skipping checksum 'cksum' update because condition not met
[23:19:48.599] [bmv2] [D] [thread 4807] [11.0] [cxt 0] Deparser 'deparser': end
[23:19:48.599] [bmv2] [D] [thread 4811] [11.0] [cxt 0] Transmitting packet of size 208 out of port 0
[23:19:48.606] [bmv2] [D] [thread 4806] [12.0] [cxt 0] Processing packet received on port 2
[23:19:48.607] [bmv2] [D] [thread 4806] [12.0] [cxt 0] Parser 'parser': start
[23:19:48.607] [bmv2] [D] [thread 4806] [12.0] [cxt 0] Parser 'parser' entering state 'start'
[23:19:48.607] [bmv2] [D] [thread 4806] [12.0] [cxt 0] Parser state 'start' has no switch, going to default next state
[23:19:48.607] [bmv2] [T] [thread 4806] [12.0] [cxt 0] Bytes parsed: 0
[23:19:48.607] [bmv2] [D] [thread 4806] [12.0] [cxt 0] Parser 'parser': end
[23:19:48.607] [bmv2] [D] [thread 4806] [12.0] [cxt 0] Pipeline 'ingress': start
[23:19:48.607] [bmv2] [T] [thread 4806] [12.0] [cxt 0] Applying table 'MyIngress.ipv4_lpm'
[23:19:48.607] [bmv2] [D] [thread 4806] [12.0] [cxt 0] Looking up key:
* hdr.ipv4.dstAddr    : 00000000

[23:19:48.607] [bmv2] [D] [thread 4806] [12.0] [cxt 0] Table 'MyIngress.ipv4_lpm': miss
[23:19:48.607] [bmv2] [D] [thread 4806] [12.0] [cxt 0] Action entry is NoAction - 
[23:19:48.607] [bmv2] [T] [thread 4806] [12.0] [cxt 0] Action NoAction
[23:19:48.607] [bmv2] [D] [thread 4806] [12.0] [cxt 0] Pipeline 'ingress': end
[23:19:48.607] [bmv2] [D] [thread 4806] [12.0] [cxt 0] Egress port is 0
[23:19:48.607] [bmv2] [D] [thread 4807] [12.0] [cxt 0] Pipeline 'egress': start
[23:19:48.607] [bmv2] [D] [thread 4807] [12.0] [cxt 0] Pipeline 'egress': end
[23:19:48.607] [bmv2] [D] [thread 4807] [12.0] [cxt 0] Deparser 'deparser': start
[23:19:48.607] [bmv2] [T] [thread 4807] [12.0] [cxt 0] Skipping checksum 'cksum' update because condition not met
[23:19:48.607] [bmv2] [D] [thread 4807] [12.0] [cxt 0] Deparser 'deparser': end
[23:19:48.607] [bmv2] [D] [thread 4811] [12.0] [cxt 0] Transmitting packet of size 208 out of port 0
[23:19:48.609] [bmv2] [D] [thread 4806] [13.0] [cxt 0] Processing packet received on port 1
[23:19:48.609] [bmv2] [D] [thread 4806] [13.0] [cxt 0] Parser 'parser': start
[23:19:48.609] [bmv2] [D] [thread 4806] [13.0] [cxt 0] Parser 'parser' entering state 'start'
[23:19:48.609] [bmv2] [D] [thread 4806] [13.0] [cxt 0] Parser state 'start' has no switch, going to default next state
[23:19:48.609] [bmv2] [T] [thread 4806] [13.0] [cxt 0] Bytes parsed: 0
[23:19:48.609] [bmv2] [D] [thread 4806] [13.0] [cxt 0] Parser 'parser': end
[23:19:48.609] [bmv2] [D] [thread 4806] [13.0] [cxt 0] Pipeline 'ingress': start
[23:19:48.609] [bmv2] [T] [thread 4806] [13.0] [cxt 0] Applying table 'MyIngress.ipv4_lpm'
[23:19:48.609] [bmv2] [D] [thread 4806] [13.0] [cxt 0] Looking up key:
* hdr.ipv4.dstAddr    : 00000000

[23:19:48.609] [bmv2] [D] [thread 4806] [13.0] [cxt 0] Table 'MyIngress.ipv4_lpm': miss
[23:19:48.609] [bmv2] [D] [thread 4806] [13.0] [cxt 0] Action entry is NoAction - 
[23:19:48.609] [bmv2] [T] [thread 4806] [13.0] [cxt 0] Action NoAction
[23:19:48.609] [bmv2] [D] [thread 4806] [13.0] [cxt 0] Pipeline 'ingress': end
[23:19:48.609] [bmv2] [D] [thread 4806] [13.0] [cxt 0] Egress port is 0
[23:19:48.609] [bmv2] [D] [thread 4807] [13.0] [cxt 0] Pipeline 'egress': start
[23:19:48.609] [bmv2] [D] [thread 4807] [13.0] [cxt 0] Pipeline 'egress': end
[23:19:48.609] [bmv2] [D] [thread 4807] [13.0] [cxt 0] Deparser 'deparser': start
[23:19:48.609] [bmv2] [T] [thread 4807] [13.0] [cxt 0] Skipping checksum 'cksum' update because condition not met
[23:19:48.609] [bmv2] [D] [thread 4807] [13.0] [cxt 0] Deparser 'deparser': end
[23:19:48.609] [bmv2] [D] [thread 4811] [13.0] [cxt 0] Transmitting packet of size 208 out of port 0
[23:19:48.664] [bmv2] [D] [thread 4806] [14.0] [cxt 0] Processing packet received on port 2
[23:19:48.664] [bmv2] [D] [thread 4806] [14.0] [cxt 0] Parser 'parser': start
[23:19:48.664] [bmv2] [D] [thread 4806] [14.0] [cxt 0] Parser 'parser' entering state 'start'
[23:19:48.664] [bmv2] [D] [thread 4806] [14.0] [cxt 0] Parser state 'start' has no switch, going to default next state
[23:19:48.664] [bmv2] [T] [thread 4806] [14.0] [cxt 0] Bytes parsed: 0
[23:19:48.664] [bmv2] [D] [thread 4806] [14.0] [cxt 0] Parser 'parser': end
[23:19:48.664] [bmv2] [D] [thread 4806] [14.0] [cxt 0] Pipeline 'ingress': start
[23:19:48.664] [bmv2] [T] [thread 4806] [14.0] [cxt 0] Applying table 'MyIngress.ipv4_lpm'
[23:19:48.664] [bmv2] [D] [thread 4806] [14.0] [cxt 0] Looking up key:
* hdr.ipv4.dstAddr    : 00000000

[23:19:48.664] [bmv2] [D] [thread 4806] [14.0] [cxt 0] Table 'MyIngress.ipv4_lpm': miss
[23:19:48.664] [bmv2] [D] [thread 4806] [14.0] [cxt 0] Action entry is NoAction - 
[23:19:48.664] [bmv2] [T] [thread 4806] [14.0] [cxt 0] Action NoAction
[23:19:48.664] [bmv2] [D] [thread 4806] [14.0] [cxt 0] Pipeline 'ingress': end
[23:19:48.664] [bmv2] [D] [thread 4806] [14.0] [cxt 0] Egress port is 0
[23:19:48.665] [bmv2] [D] [thread 4807] [14.0] [cxt 0] Pipeline 'egress': start
[23:19:48.665] [bmv2] [D] [thread 4807] [14.0] [cxt 0] Pipeline 'egress': end
[23:19:48.665] [bmv2] [D] [thread 4807] [14.0] [cxt 0] Deparser 'deparser': start
[23:19:48.665] [bmv2] [T] [thread 4807] [14.0] [cxt 0] Skipping checksum 'cksum' update because condition not met
[23:19:48.665] [bmv2] [D] [thread 4807] [14.0] [cxt 0] Deparser 'deparser': end
[23:19:48.665] [bmv2] [D] [thread 4811] [14.0] [cxt 0] Transmitting packet of size 110 out of port 0
[23:19:48.838] [bmv2] [D] [thread 4806] [15.0] [cxt 0] Processing packet received on port 1
[23:19:48.838] [bmv2] [D] [thread 4806] [15.0] [cxt 0] Parser 'parser': start
[23:19:48.838] [bmv2] [D] [thread 4806] [15.0] [cxt 0] Parser 'parser' entering state 'start'
[23:19:48.838] [bmv2] [D] [thread 4806] [15.0] [cxt 0] Parser state 'start' has no switch, going to default next state
[23:19:48.838] [bmv2] [T] [thread 4806] [15.0] [cxt 0] Bytes parsed: 0
[23:19:48.838] [bmv2] [D] [thread 4806] [15.0] [cxt 0] Parser 'parser': end
[23:19:48.838] [bmv2] [D] [thread 4806] [15.0] [cxt 0] Pipeline 'ingress': start
[23:19:48.838] [bmv2] [T] [thread 4806] [15.0] [cxt 0] Applying table 'MyIngress.ipv4_lpm'
[23:19:48.838] [bmv2] [D] [thread 4806] [15.0] [cxt 0] Looking up key:
* hdr.ipv4.dstAddr    : 00000000

[23:19:48.838] [bmv2] [D] [thread 4806] [15.0] [cxt 0] Table 'MyIngress.ipv4_lpm': miss
[23:19:48.838] [bmv2] [D] [thread 4806] [15.0] [cxt 0] Action entry is NoAction - 
[23:19:48.838] [bmv2] [T] [thread 4806] [15.0] [cxt 0] Action NoAction
[23:19:48.838] [bmv2] [D] [thread 4806] [15.0] [cxt 0] Pipeline 'ingress': end
[23:19:48.838] [bmv2] [D] [thread 4806] [15.0] [cxt 0] Egress port is 0
[23:19:48.838] [bmv2] [D] [thread 4806] [16.0] [cxt 0] Processing packet received on port 1
[23:19:48.838] [bmv2] [D] [thread 4806] [16.0] [cxt 0] Parser 'parser': start
[23:19:48.838] [bmv2] [D] [thread 4806] [16.0] [cxt 0] Parser 'parser' entering state 'start'
[23:19:48.838] [bmv2] [D] [thread 4806] [16.0] [cxt 0] Parser state 'start' has no switch, going to default next state
[23:19:48.838] [bmv2] [T] [thread 4806] [16.0] [cxt 0] Bytes parsed: 0
[23:19:48.838] [bmv2] [D] [thread 4806] [16.0] [cxt 0] Parser 'parser': end
[23:19:48.838] [bmv2] [D] [thread 4806] [16.0] [cxt 0] Pipeline 'ingress': start
[23:19:48.838] [bmv2] [T] [thread 4806] [16.0] [cxt 0] Applying table 'MyIngress.ipv4_lpm'
[23:19:48.838] [bmv2] [D] [thread 4806] [16.0] [cxt 0] Looking up key:
* hdr.ipv4.dstAddr    : 00000000

[23:19:48.838] [bmv2] [D] [thread 4806] [16.0] [cxt 0] Table 'MyIngress.ipv4_lpm': miss
[23:19:48.838] [bmv2] [D] [thread 4807] [15.0] [cxt 0] Pipeline 'egress': start
[23:19:48.838] [bmv2] [D] [thread 4807] [15.0] [cxt 0] Pipeline 'egress': end
[23:19:48.838] [bmv2] [D] [thread 4807] [15.0] [cxt 0] Deparser 'deparser': start
[23:19:48.838] [bmv2] [T] [thread 4807] [15.0] [cxt 0] Skipping checksum 'cksum' update because condition not met
[23:19:48.838] [bmv2] [D] [thread 4807] [15.0] [cxt 0] Deparser 'deparser': end
[23:19:48.838] [bmv2] [D] [thread 4811] [15.0] [cxt 0] Transmitting packet of size 90 out of port 0
[23:19:48.838] [bmv2] [D] [thread 4806] [16.0] [cxt 0] Action entry is NoAction - 
[23:19:48.839] [bmv2] [T] [thread 4806] [16.0] [cxt 0] Action NoAction
[23:19:48.839] [bmv2] [D] [thread 4806] [16.0] [cxt 0] Pipeline 'ingress': end
[23:19:48.839] [bmv2] [D] [thread 4806] [16.0] [cxt 0] Egress port is 0
[23:19:48.840] [bmv2] [D] [thread 4807] [16.0] [cxt 0] Pipeline 'egress': start
[23:19:48.840] [bmv2] [D] [thread 4807] [16.0] [cxt 0] Pipeline 'egress': end
[23:19:48.840] [bmv2] [D] [thread 4807] [16.0] [cxt 0] Deparser 'deparser': start
[23:19:48.840] [bmv2] [T] [thread 4807] [16.0] [cxt 0] Skipping checksum 'cksum' update because condition not met
[23:19:48.840] [bmv2] [D] [thread 4807] [16.0] [cxt 0] Deparser 'deparser': end
[23:19:48.840] [bmv2] [D] [thread 4811] [16.0] [cxt 0] Transmitting packet of size 70 out of port 0
[23:19:48.846] [bmv2] [D] [thread 4806] [17.0] [cxt 0] Processing packet received on port 1
[23:19:48.846] [bmv2] [D] [thread 4806] [17.0] [cxt 0] Parser 'parser': start
[23:19:48.846] [bmv2] [D] [thread 4806] [17.0] [cxt 0] Parser 'parser' entering state 'start'
[23:19:48.846] [bmv2] [D] [thread 4806] [17.0] [cxt 0] Parser state 'start' has no switch, going to default next state
[23:19:48.846] [bmv2] [T] [thread 4806] [17.0] [cxt 0] Bytes parsed: 0
[23:19:48.846] [bmv2] [D] [thread 4806] [17.0] [cxt 0] Parser 'parser': end
[23:19:48.846] [bmv2] [D] [thread 4806] [17.0] [cxt 0] Pipeline 'ingress': start
[23:19:48.846] [bmv2] [T] [thread 4806] [17.0] [cxt 0] Applying table 'MyIngress.ipv4_lpm'
[23:19:48.846] [bmv2] [D] [thread 4806] [17.0] [cxt 0] Looking up key:
* hdr.ipv4.dstAddr    : 00000000

[23:19:48.846] [bmv2] [D] [thread 4806] [17.0] [cxt 0] Table 'MyIngress.ipv4_lpm': miss
[23:19:48.846] [bmv2] [D] [thread 4806] [17.0] [cxt 0] Action entry is NoAction - 
[23:19:48.846] [bmv2] [T] [thread 4806] [17.0] [cxt 0] Action NoAction
[23:19:48.846] [bmv2] [D] [thread 4806] [17.0] [cxt 0] Pipeline 'ingress': end
[23:19:48.846] [bmv2] [D] [thread 4806] [17.0] [cxt 0] Egress port is 0
[23:19:48.846] [bmv2] [D] [thread 4807] [17.0] [cxt 0] Pipeline 'egress': start
[23:19:48.846] [bmv2] [D] [thread 4807] [17.0] [cxt 0] Pipeline 'egress': end
[23:19:48.846] [bmv2] [D] [thread 4807] [17.0] [cxt 0] Deparser 'deparser': start
[23:19:48.846] [bmv2] [T] [thread 4807] [17.0] [cxt 0] Skipping checksum 'cksum' update because condition not met
[23:19:48.846] [bmv2] [D] [thread 4807] [17.0] [cxt 0] Deparser 'deparser': end
[23:19:48.846] [bmv2] [D] [thread 4811] [17.0] [cxt 0] Transmitting packet of size 90 out of port 0
[23:19:48.848] [bmv2] [D] [thread 4806] [18.0] [cxt 0] Processing packet received on port 2
[23:19:48.849] [bmv2] [D] [thread 4806] [18.0] [cxt 0] Parser 'parser': start
[23:19:48.849] [bmv2] [D] [thread 4806] [18.0] [cxt 0] Parser 'parser' entering state 'start'
[23:19:48.849] [bmv2] [D] [thread 4806] [18.0] [cxt 0] Parser state 'start' has no switch, going to default next state
[23:19:48.849] [bmv2] [T] [thread 4806] [18.0] [cxt 0] Bytes parsed: 0
[23:19:48.849] [bmv2] [D] [thread 4806] [18.0] [cxt 0] Parser 'parser': end
[23:19:48.849] [bmv2] [D] [thread 4806] [18.0] [cxt 0] Pipeline 'ingress': start
[23:19:48.849] [bmv2] [T] [thread 4806] [18.0] [cxt 0] Applying table 'MyIngress.ipv4_lpm'
[23:19:48.849] [bmv2] [D] [thread 4806] [18.0] [cxt 0] Looking up key:
* hdr.ipv4.dstAddr    : 00000000

[23:19:48.849] [bmv2] [D] [thread 4806] [18.0] [cxt 0] Table 'MyIngress.ipv4_lpm': miss
[23:19:48.849] [bmv2] [D] [thread 4806] [18.0] [cxt 0] Action entry is NoAction - 
[23:19:48.849] [bmv2] [T] [thread 4806] [18.0] [cxt 0] Action NoAction
[23:19:48.849] [bmv2] [D] [thread 4806] [18.0] [cxt 0] Pipeline 'ingress': end
[23:19:48.849] [bmv2] [D] [thread 4806] [18.0] [cxt 0] Egress port is 0
[23:19:48.849] [bmv2] [D] [thread 4807] [18.0] [cxt 0] Pipeline 'egress': start
[23:19:48.849] [bmv2] [D] [thread 4807] [18.0] [cxt 0] Pipeline 'egress': end
[23:19:48.849] [bmv2] [D] [thread 4807] [18.0] [cxt 0] Deparser 'deparser': start
[23:19:48.849] [bmv2] [T] [thread 4807] [18.0] [cxt 0] Skipping checksum 'cksum' update because condition not met
[23:19:48.849] [bmv2] [D] [thread 4807] [18.0] [cxt 0] Deparser 'deparser': end
[23:19:48.850] [bmv2] [D] [thread 4811] [18.0] [cxt 0] Transmitting packet of size 208 out of port 0
[23:19:48.859] [bmv2] [D] [thread 4806] [19.0] [cxt 0] Processing packet received on port 1
[23:19:48.859] [bmv2] [D] [thread 4806] [19.0] [cxt 0] Parser 'parser': start
[23:19:48.859] [bmv2] [D] [thread 4806] [19.0] [cxt 0] Parser 'parser' entering state 'start'
[23:19:48.859] [bmv2] [D] [thread 4806] [19.0] [cxt 0] Parser state 'start' has no switch, going to default next state
[23:19:48.860] [bmv2] [T] [thread 4806] [19.0] [cxt 0] Bytes parsed: 0
[23:19:48.860] [bmv2] [D] [thread 4806] [19.0] [cxt 0] Parser 'parser': end
[23:19:48.860] [bmv2] [D] [thread 4806] [19.0] [cxt 0] Pipeline 'ingress': start
[23:19:48.860] [bmv2] [T] [thread 4806] [19.0] [cxt 0] Applying table 'MyIngress.ipv4_lpm'
[23:19:48.860] [bmv2] [D] [thread 4806] [19.0] [cxt 0] Looking up key:
* hdr.ipv4.dstAddr    : 00000000

[23:19:48.860] [bmv2] [D] [thread 4806] [19.0] [cxt 0] Table 'MyIngress.ipv4_lpm': miss
[23:19:48.860] [bmv2] [D] [thread 4806] [19.0] [cxt 0] Action entry is NoAction - 
[23:19:48.860] [bmv2] [T] [thread 4806] [19.0] [cxt 0] Action NoAction
[23:19:48.860] [bmv2] [D] [thread 4806] [19.0] [cxt 0] Pipeline 'ingress': end
[23:19:48.860] [bmv2] [D] [thread 4806] [19.0] [cxt 0] Egress port is 0
[23:19:48.860] [bmv2] [D] [thread 4806] [20.0] [cxt 0] Processing packet received on port 2
[23:19:48.860] [bmv2] [D] [thread 4806] [20.0] [cxt 0] Parser 'parser': start
[23:19:48.860] [bmv2] [D] [thread 4806] [20.0] [cxt 0] Parser 'parser' entering state 'start'
[23:19:48.860] [bmv2] [D] [thread 4806] [20.0] [cxt 0] Parser state 'start' has no switch, going to default next state
[23:19:48.860] [bmv2] [T] [thread 4806] [20.0] [cxt 0] Bytes parsed: 0
[23:19:48.860] [bmv2] [D] [thread 4806] [20.0] [cxt 0] Parser 'parser': end
[23:19:48.860] [bmv2] [D] [thread 4806] [20.0] [cxt 0] Pipeline 'ingress': start
[23:19:48.861] [bmv2] [T] [thread 4806] [20.0] [cxt 0] Applying table 'MyIngress.ipv4_lpm'
[23:19:48.861] [bmv2] [D] [thread 4806] [20.0] [cxt 0] Looking up key:
* hdr.ipv4.dstAddr    : 00000000

[23:19:48.861] [bmv2] [D] [thread 4806] [20.0] [cxt 0] Table 'MyIngress.ipv4_lpm': miss
[23:19:48.861] [bmv2] [D] [thread 4806] [20.0] [cxt 0] Action entry is NoAction - 
[23:19:48.861] [bmv2] [T] [thread 4806] [20.0] [cxt 0] Action NoAction
[23:19:48.861] [bmv2] [D] [thread 4806] [20.0] [cxt 0] Pipeline 'ingress': end
[23:19:48.861] [bmv2] [D] [thread 4806] [20.0] [cxt 0] Egress port is 0
[23:19:48.860] [bmv2] [D] [thread 4807] [19.0] [cxt 0] Pipeline 'egress': start
[23:19:48.861] [bmv2] [D] [thread 4807] [19.0] [cxt 0] Pipeline 'egress': end
[23:19:48.861] [bmv2] [D] [thread 4807] [19.0] [cxt 0] Deparser 'deparser': start
[23:19:48.861] [bmv2] [T] [thread 4807] [19.0] [cxt 0] Skipping checksum 'cksum' update because condition not met
[23:19:48.861] [bmv2] [D] [thread 4807] [19.0] [cxt 0] Deparser 'deparser': end
[23:19:48.861] [bmv2] [D] [thread 4807] [20.0] [cxt 0] Pipeline 'egress': start
[23:19:48.861] [bmv2] [D] [thread 4807] [20.0] [cxt 0] Pipeline 'egress': end
[23:19:48.861] [bmv2] [D] [thread 4807] [20.0] [cxt 0] Deparser 'deparser': start
[23:19:48.861] [bmv2] [T] [thread 4807] [20.0] [cxt 0] Skipping checksum 'cksum' update because condition not met
[23:19:48.861] [bmv2] [D] [thread 4807] [20.0] [cxt 0] Deparser 'deparser': end
[23:19:48.861] [bmv2] [D] [thread 4811] [19.0] [cxt 0] Transmitting packet of size 208 out of port 0
[23:19:48.861] [bmv2] [D] [thread 4811] [20.0] [cxt 0] Transmitting packet of size 208 out of port 0
[23:19:48.942] [bmv2] [D] [thread 4806] [21.0] [cxt 0] Processing packet received on port 1
[23:19:48.942] [bmv2] [D] [thread 4806] [21.0] [cxt 0] Parser 'parser': start
[23:19:48.942] [bmv2] [D] [thread 4806] [21.0] [cxt 0] Parser 'parser' entering state 'start'
[23:19:48.942] [bmv2] [D] [thread 4806] [21.0] [cxt 0] Parser state 'start' has no switch, going to default next state
[23:19:48.942] [bmv2] [T] [thread 4806] [21.0] [cxt 0] Bytes parsed: 0
[23:19:48.942] [bmv2] [D] [thread 4806] [21.0] [cxt 0] Parser 'parser': end
[23:19:48.942] [bmv2] [D] [thread 4806] [21.0] [cxt 0] Pipeline 'ingress': start
[23:19:48.942] [bmv2] [T] [thread 4806] [21.0] [cxt 0] Applying table 'MyIngress.ipv4_lpm'
[23:19:48.942] [bmv2] [D] [thread 4806] [21.0] [cxt 0] Looking up key:
* hdr.ipv4.dstAddr    : 00000000

[23:19:48.942] [bmv2] [D] [thread 4806] [21.0] [cxt 0] Table 'MyIngress.ipv4_lpm': miss
[23:19:48.942] [bmv2] [D] [thread 4806] [21.0] [cxt 0] Action entry is NoAction - 
[23:19:48.942] [bmv2] [T] [thread 4806] [21.0] [cxt 0] Action NoAction
[23:19:48.942] [bmv2] [D] [thread 4806] [21.0] [cxt 0] Pipeline 'ingress': end
[23:19:48.942] [bmv2] [D] [thread 4806] [21.0] [cxt 0] Egress port is 0
[23:19:48.942] [bmv2] [D] [thread 4807] [21.0] [cxt 0] Pipeline 'egress': start
[23:19:48.942] [bmv2] [D] [thread 4807] [21.0] [cxt 0] Pipeline 'egress': end
[23:19:48.942] [bmv2] [D] [thread 4807] [21.0] [cxt 0] Deparser 'deparser': start
[23:19:48.942] [bmv2] [T] [thread 4807] [21.0] [cxt 0] Skipping checksum 'cksum' update because condition not met
[23:19:48.942] [bmv2] [D] [thread 4807] [21.0] [cxt 0] Deparser 'deparser': end
[23:19:48.943] [bmv2] [D] [thread 4811] [21.0] [cxt 0] Transmitting packet of size 107 out of port 0
[23:19:49.001] [bmv2] [D] [thread 4806] [22.0] [cxt 0] Processing packet received on port 2
[23:19:49.001] [bmv2] [D] [thread 4806] [22.0] [cxt 0] Parser 'parser': start
[23:19:49.001] [bmv2] [D] [thread 4806] [22.0] [cxt 0] Parser 'parser' entering state 'start'
[23:19:49.001] [bmv2] [D] [thread 4806] [22.0] [cxt 0] Parser state 'start' has no switch, going to default next state
[23:19:49.001] [bmv2] [T] [thread 4806] [22.0] [cxt 0] Bytes parsed: 0
[23:19:49.001] [bmv2] [D] [thread 4806] [22.0] [cxt 0] Parser 'parser': end
[23:19:49.001] [bmv2] [D] [thread 4806] [22.0] [cxt 0] Pipeline 'ingress': start
[23:19:49.001] [bmv2] [T] [thread 4806] [22.0] [cxt 0] Applying table 'MyIngress.ipv4_lpm'
[23:19:49.001] [bmv2] [D] [thread 4806] [22.0] [cxt 0] Looking up key:
* hdr.ipv4.dstAddr    : 00000000

[23:19:49.001] [bmv2] [D] [thread 4806] [22.0] [cxt 0] Table 'MyIngress.ipv4_lpm': miss
[23:19:49.001] [bmv2] [D] [thread 4806] [22.0] [cxt 0] Action entry is NoAction - 
[23:19:49.001] [bmv2] [T] [thread 4806] [22.0] [cxt 0] Action NoAction
[23:19:49.001] [bmv2] [D] [thread 4806] [22.0] [cxt 0] Pipeline 'ingress': end
[23:19:49.001] [bmv2] [D] [thread 4806] [22.0] [cxt 0] Egress port is 0
[23:19:49.001] [bmv2] [D] [thread 4807] [22.0] [cxt 0] Pipeline 'egress': start
[23:19:49.001] [bmv2] [D] [thread 4807] [22.0] [cxt 0] Pipeline 'egress': end
[23:19:49.001] [bmv2] [D] [thread 4807] [22.0] [cxt 0] Deparser 'deparser': start
[23:19:49.001] [bmv2] [T] [thread 4807] [22.0] [cxt 0] Skipping checksum 'cksum' update because condition not met
[23:19:49.001] [bmv2] [D] [thread 4807] [22.0] [cxt 0] Deparser 'deparser': end
[23:19:49.001] [bmv2] [D] [thread 4811] [22.0] [cxt 0] Transmitting packet of size 90 out of port 0
[23:19:49.040] [bmv2] [D] [thread 4806] [23.0] [cxt 0] Processing packet received on port 1
[23:19:49.040] [bmv2] [D] [thread 4806] [23.0] [cxt 0] Parser 'parser': start
[23:19:49.040] [bmv2] [D] [thread 4806] [23.0] [cxt 0] Parser 'parser' entering state 'start'
[23:19:49.040] [bmv2] [D] [thread 4806] [23.0] [cxt 0] Parser state 'start' has no switch, going to default next state
[23:19:49.040] [bmv2] [T] [thread 4806] [23.0] [cxt 0] Bytes parsed: 0
[23:19:49.040] [bmv2] [D] [thread 4806] [23.0] [cxt 0] Parser 'parser': end
[23:19:49.040] [bmv2] [D] [thread 4806] [23.0] [cxt 0] Pipeline 'ingress': start
[23:19:49.040] [bmv2] [T] [thread 4806] [23.0] [cxt 0] Applying table 'MyIngress.ipv4_lpm'
[23:19:49.040] [bmv2] [D] [thread 4806] [23.0] [cxt 0] Looking up key:
* hdr.ipv4.dstAddr    : 00000000

[23:19:49.040] [bmv2] [D] [thread 4806] [23.0] [cxt 0] Table 'MyIngress.ipv4_lpm': miss
[23:19:49.040] [bmv2] [D] [thread 4806] [23.0] [cxt 0] Action entry is NoAction - 
[23:19:49.040] [bmv2] [T] [thread 4806] [23.0] [cxt 0] Action NoAction
[23:19:49.040] [bmv2] [D] [thread 4806] [23.0] [cxt 0] Pipeline 'ingress': end
[23:19:49.040] [bmv2] [D] [thread 4806] [23.0] [cxt 0] Egress port is 0
[23:19:49.040] [bmv2] [D] [thread 4807] [23.0] [cxt 0] Pipeline 'egress': start
[23:19:49.040] [bmv2] [D] [thread 4807] [23.0] [cxt 0] Pipeline 'egress': end
[23:19:49.040] [bmv2] [D] [thread 4807] [23.0] [cxt 0] Deparser 'deparser': start
[23:19:49.040] [bmv2] [T] [thread 4807] [23.0] [cxt 0] Skipping checksum 'cksum' update because condition not met
[23:19:49.040] [bmv2] [D] [thread 4807] [23.0] [cxt 0] Deparser 'deparser': end
[23:19:49.040] [bmv2] [D] [thread 4811] [23.0] [cxt 0] Transmitting packet of size 208 out of port 0
[23:19:49.066] [bmv2] [D] [thread 4806] [24.0] [cxt 0] Processing packet received on port 1
[23:19:49.066] [bmv2] [D] [thread 4806] [24.0] [cxt 0] Parser 'parser': start
[23:19:49.066] [bmv2] [D] [thread 4806] [24.0] [cxt 0] Parser 'parser' entering state 'start'
[23:19:49.066] [bmv2] [D] [thread 4806] [24.0] [cxt 0] Parser state 'start' has no switch, going to default next state
[23:19:49.066] [bmv2] [T] [thread 4806] [24.0] [cxt 0] Bytes parsed: 0
[23:19:49.066] [bmv2] [D] [thread 4806] [24.0] [cxt 0] Parser 'parser': end
[23:19:49.066] [bmv2] [D] [thread 4806] [24.0] [cxt 0] Pipeline 'ingress': start
[23:19:49.066] [bmv2] [T] [thread 4806] [24.0] [cxt 0] Applying table 'MyIngress.ipv4_lpm'
[23:19:49.066] [bmv2] [D] [thread 4806] [24.0] [cxt 0] Looking up key:
* hdr.ipv4.dstAddr    : 00000000

[23:19:49.066] [bmv2] [D] [thread 4806] [24.0] [cxt 0] Table 'MyIngress.ipv4_lpm': miss
[23:19:49.066] [bmv2] [D] [thread 4806] [24.0] [cxt 0] Action entry is NoAction - 
[23:19:49.066] [bmv2] [T] [thread 4806] [24.0] [cxt 0] Action NoAction
[23:19:49.066] [bmv2] [D] [thread 4806] [24.0] [cxt 0] Pipeline 'ingress': end
[23:19:49.066] [bmv2] [D] [thread 4806] [24.0] [cxt 0] Egress port is 0
[23:19:49.066] [bmv2] [D] [thread 4807] [24.0] [cxt 0] Pipeline 'egress': start
[23:19:49.066] [bmv2] [D] [thread 4807] [24.0] [cxt 0] Pipeline 'egress': end
[23:19:49.066] [bmv2] [D] [thread 4807] [24.0] [cxt 0] Deparser 'deparser': start
[23:19:49.066] [bmv2] [T] [thread 4807] [24.0] [cxt 0] Skipping checksum 'cksum' update because condition not met
[23:19:49.066] [bmv2] [D] [thread 4807] [24.0] [cxt 0] Deparser 'deparser': end
[23:19:49.066] [bmv2] [D] [thread 4811] [24.0] [cxt 0] Transmitting packet of size 196 out of port 0
[23:19:49.103] [bmv2] [D] [thread 4806] [25.0] [cxt 0] Processing packet received on port 2
[23:19:49.103] [bmv2] [D] [thread 4806] [25.0] [cxt 0] Parser 'parser': start
[23:19:49.103] [bmv2] [D] [thread 4806] [25.0] [cxt 0] Parser 'parser' entering state 'start'
[23:19:49.103] [bmv2] [D] [thread 4806] [25.0] [cxt 0] Parser state 'start' has no switch, going to default next state
[23:19:49.103] [bmv2] [T] [thread 4806] [25.0] [cxt 0] Bytes parsed: 0
[23:19:49.103] [bmv2] [D] [thread 4806] [25.0] [cxt 0] Parser 'parser': end
[23:19:49.103] [bmv2] [D] [thread 4806] [25.0] [cxt 0] Pipeline 'ingress': start
[23:19:49.103] [bmv2] [T] [thread 4806] [25.0] [cxt 0] Applying table 'MyIngress.ipv4_lpm'
[23:19:49.103] [bmv2] [D] [thread 4806] [25.0] [cxt 0] Looking up key:
* hdr.ipv4.dstAddr    : 00000000

[23:19:49.103] [bmv2] [D] [thread 4806] [25.0] [cxt 0] Table 'MyIngress.ipv4_lpm': miss
[23:19:49.103] [bmv2] [D] [thread 4806] [25.0] [cxt 0] Action entry is NoAction - 
[23:19:49.103] [bmv2] [T] [thread 4806] [25.0] [cxt 0] Action NoAction
[23:19:49.103] [bmv2] [D] [thread 4806] [25.0] [cxt 0] Pipeline 'ingress': end
[23:19:49.103] [bmv2] [D] [thread 4806] [25.0] [cxt 0] Egress port is 0
[23:19:49.103] [bmv2] [D] [thread 4807] [25.0] [cxt 0] Pipeline 'egress': start
[23:19:49.103] [bmv2] [D] [thread 4807] [25.0] [cxt 0] Pipeline 'egress': end
[23:19:49.103] [bmv2] [D] [thread 4807] [25.0] [cxt 0] Deparser 'deparser': start
[23:19:49.103] [bmv2] [T] [thread 4807] [25.0] [cxt 0] Skipping checksum 'cksum' update because condition not met
[23:19:49.103] [bmv2] [D] [thread 4807] [25.0] [cxt 0] Deparser 'deparser': end
[23:19:49.103] [bmv2] [D] [thread 4811] [25.0] [cxt 0] Transmitting packet of size 208 out of port 0
[23:19:49.117] [bmv2] [D] [thread 4806] [26.0] [cxt 0] Processing packet received on port 2
[23:19:49.117] [bmv2] [D] [thread 4806] [26.0] [cxt 0] Parser 'parser': start
[23:19:49.117] [bmv2] [D] [thread 4806] [26.0] [cxt 0] Parser 'parser' entering state 'start'
[23:19:49.117] [bmv2] [D] [thread 4806] [26.0] [cxt 0] Parser state 'start' has no switch, going to default next state
[23:19:49.117] [bmv2] [T] [thread 4806] [26.0] [cxt 0] Bytes parsed: 0
[23:19:49.117] [bmv2] [D] [thread 4806] [26.0] [cxt 0] Parser 'parser': end
[23:19:49.117] [bmv2] [D] [thread 4806] [26.0] [cxt 0] Pipeline 'ingress': start
[23:19:49.117] [bmv2] [T] [thread 4806] [26.0] [cxt 0] Applying table 'MyIngress.ipv4_lpm'
[23:19:49.117] [bmv2] [D] [thread 4806] [26.0] [cxt 0] Looking up key:
* hdr.ipv4.dstAddr    : 00000000

[23:19:49.117] [bmv2] [D] [thread 4806] [26.0] [cxt 0] Table 'MyIngress.ipv4_lpm': miss
[23:19:49.117] [bmv2] [D] [thread 4806] [26.0] [cxt 0] Action entry is NoAction - 
[23:19:49.117] [bmv2] [T] [thread 4806] [26.0] [cxt 0] Action NoAction
[23:19:49.117] [bmv2] [D] [thread 4806] [26.0] [cxt 0] Pipeline 'ingress': end
[23:19:49.117] [bmv2] [D] [thread 4806] [26.0] [cxt 0] Egress port is 0
[23:19:49.117] [bmv2] [D] [thread 4807] [26.0] [cxt 0] Pipeline 'egress': start
[23:19:49.117] [bmv2] [D] [thread 4807] [26.0] [cxt 0] Pipeline 'egress': end
[23:19:49.117] [bmv2] [D] [thread 4807] [26.0] [cxt 0] Deparser 'deparser': start
[23:19:49.117] [bmv2] [T] [thread 4807] [26.0] [cxt 0] Skipping checksum 'cksum' update because condition not met
[23:19:49.117] [bmv2] [D] [thread 4807] [26.0] [cxt 0] Deparser 'deparser': end
[23:19:49.117] [bmv2] [D] [thread 4811] [26.0] [cxt 0] Transmitting packet of size 208 out of port 0
[23:19:49.169] [bmv2] [D] [thread 4806] [27.0] [cxt 0] Processing packet received on port 2
[23:19:49.169] [bmv2] [D] [thread 4806] [27.0] [cxt 0] Parser 'parser': start
[23:19:49.169] [bmv2] [D] [thread 4806] [27.0] [cxt 0] Parser 'parser' entering state 'start'
[23:19:49.169] [bmv2] [D] [thread 4806] [27.0] [cxt 0] Parser state 'start' has no switch, going to default next state
[23:19:49.169] [bmv2] [T] [thread 4806] [27.0] [cxt 0] Bytes parsed: 0
[23:19:49.169] [bmv2] [D] [thread 4806] [27.0] [cxt 0] Parser 'parser': end
[23:19:49.169] [bmv2] [D] [thread 4806] [27.0] [cxt 0] Pipeline 'ingress': start
[23:19:49.169] [bmv2] [T] [thread 4806] [27.0] [cxt 0] Applying table 'MyIngress.ipv4_lpm'
[23:19:49.169] [bmv2] [D] [thread 4806] [27.0] [cxt 0] Looking up key:
* hdr.ipv4.dstAddr    : 00000000

[23:19:49.169] [bmv2] [D] [thread 4806] [27.0] [cxt 0] Table 'MyIngress.ipv4_lpm': miss
[23:19:49.169] [bmv2] [D] [thread 4806] [27.0] [cxt 0] Action entry is NoAction - 
[23:19:49.169] [bmv2] [T] [thread 4806] [27.0] [cxt 0] Action NoAction
[23:19:49.169] [bmv2] [D] [thread 4806] [27.0] [cxt 0] Pipeline 'ingress': end
[23:19:49.169] [bmv2] [D] [thread 4806] [27.0] [cxt 0] Egress port is 0
[23:19:49.169] [bmv2] [D] [thread 4807] [27.0] [cxt 0] Pipeline 'egress': start
[23:19:49.169] [bmv2] [D] [thread 4807] [27.0] [cxt 0] Pipeline 'egress': end
[23:19:49.169] [bmv2] [D] [thread 4807] [27.0] [cxt 0] Deparser 'deparser': start
[23:19:49.169] [bmv2] [T] [thread 4807] [27.0] [cxt 0] Skipping checksum 'cksum' update because condition not met
[23:19:49.169] [bmv2] [D] [thread 4807] [27.0] [cxt 0] Deparser 'deparser': end
[23:19:49.169] [bmv2] [D] [thread 4811] [27.0] [cxt 0] Transmitting packet of size 90 out of port 0
[23:19:49.257] [bmv2] [D] [thread 4806] [28.0] [cxt 0] Processing packet received on port 1
[23:19:49.257] [bmv2] [D] [thread 4806] [28.0] [cxt 0] Parser 'parser': start
[23:19:49.257] [bmv2] [D] [thread 4806] [28.0] [cxt 0] Parser 'parser' entering state 'start'
[23:19:49.257] [bmv2] [D] [thread 4806] [28.0] [cxt 0] Parser state 'start' has no switch, going to default next state
[23:19:49.257] [bmv2] [T] [thread 4806] [28.0] [cxt 0] Bytes parsed: 0
[23:19:49.257] [bmv2] [D] [thread 4806] [28.0] [cxt 0] Parser 'parser': end
[23:19:49.257] [bmv2] [D] [thread 4806] [28.0] [cxt 0] Pipeline 'ingress': start
[23:19:49.257] [bmv2] [T] [thread 4806] [28.0] [cxt 0] Applying table 'MyIngress.ipv4_lpm'
[23:19:49.257] [bmv2] [D] [thread 4806] [28.0] [cxt 0] Looking up key:
* hdr.ipv4.dstAddr    : 00000000

[23:19:49.257] [bmv2] [D] [thread 4806] [28.0] [cxt 0] Table 'MyIngress.ipv4_lpm': miss
[23:19:49.257] [bmv2] [D] [thread 4806] [28.0] [cxt 0] Action entry is NoAction - 
[23:19:49.257] [bmv2] [T] [thread 4806] [28.0] [cxt 0] Action NoAction
[23:19:49.257] [bmv2] [D] [thread 4806] [28.0] [cxt 0] Pipeline 'ingress': end
[23:19:49.258] [bmv2] [D] [thread 4806] [28.0] [cxt 0] Egress port is 0
[23:19:49.258] [bmv2] [D] [thread 4807] [28.0] [cxt 0] Pipeline 'egress': start
[23:19:49.258] [bmv2] [D] [thread 4807] [28.0] [cxt 0] Pipeline 'egress': end
[23:19:49.258] [bmv2] [D] [thread 4807] [28.0] [cxt 0] Deparser 'deparser': start
[23:19:49.258] [bmv2] [T] [thread 4807] [28.0] [cxt 0] Skipping checksum 'cksum' update because condition not met
[23:19:49.258] [bmv2] [D] [thread 4807] [28.0] [cxt 0] Deparser 'deparser': end
[23:19:49.258] [bmv2] [D] [thread 4811] [28.0] [cxt 0] Transmitting packet of size 107 out of port 0
[23:19:49.290] [bmv2] [D] [thread 4806] [29.0] [cxt 0] Processing packet received on port 1
[23:19:49.290] [bmv2] [D] [thread 4806] [29.0] [cxt 0] Parser 'parser': start
[23:19:49.290] [bmv2] [D] [thread 4806] [29.0] [cxt 0] Parser 'parser' entering state 'start'
[23:19:49.290] [bmv2] [D] [thread 4806] [29.0] [cxt 0] Parser state 'start' has no switch, going to default next state
[23:19:49.290] [bmv2] [T] [thread 4806] [29.0] [cxt 0] Bytes parsed: 0
[23:19:49.290] [bmv2] [D] [thread 4806] [29.0] [cxt 0] Parser 'parser': end
[23:19:49.290] [bmv2] [D] [thread 4806] [29.0] [cxt 0] Pipeline 'ingress': start
[23:19:49.290] [bmv2] [T] [thread 4806] [29.0] [cxt 0] Applying table 'MyIngress.ipv4_lpm'
[23:19:49.290] [bmv2] [D] [thread 4806] [29.0] [cxt 0] Looking up key:
* hdr.ipv4.dstAddr    : 00000000

[23:19:49.290] [bmv2] [D] [thread 4806] [29.0] [cxt 0] Table 'MyIngress.ipv4_lpm': miss
[23:19:49.290] [bmv2] [D] [thread 4806] [29.0] [cxt 0] Action entry is NoAction - 
[23:19:49.290] [bmv2] [T] [thread 4806] [29.0] [cxt 0] Action NoAction
[23:19:49.290] [bmv2] [D] [thread 4806] [29.0] [cxt 0] Pipeline 'ingress': end
[23:19:49.290] [bmv2] [D] [thread 4806] [29.0] [cxt 0] Egress port is 0
[23:19:49.290] [bmv2] [D] [thread 4807] [29.0] [cxt 0] Pipeline 'egress': start
[23:19:49.290] [bmv2] [D] [thread 4807] [29.0] [cxt 0] Pipeline 'egress': end
[23:19:49.290] [bmv2] [D] [thread 4807] [29.0] [cxt 0] Deparser 'deparser': start
[23:19:49.290] [bmv2] [T] [thread 4807] [29.0] [cxt 0] Skipping checksum 'cksum' update because condition not met
[23:19:49.290] [bmv2] [D] [thread 4807] [29.0] [cxt 0] Deparser 'deparser': end
[23:19:49.290] [bmv2] [D] [thread 4811] [29.0] [cxt 0] Transmitting packet of size 208 out of port 0
[23:19:49.304] [bmv2] [D] [thread 4806] [30.0] [cxt 0] Processing packet received on port 2
[23:19:49.304] [bmv2] [D] [thread 4806] [30.0] [cxt 0] Parser 'parser': start
[23:19:49.304] [bmv2] [D] [thread 4806] [30.0] [cxt 0] Parser 'parser' entering state 'start'
[23:19:49.304] [bmv2] [D] [thread 4806] [30.0] [cxt 0] Parser state 'start' has no switch, going to default next state
[23:19:49.304] [bmv2] [T] [thread 4806] [30.0] [cxt 0] Bytes parsed: 0
[23:19:49.304] [bmv2] [D] [thread 4806] [30.0] [cxt 0] Parser 'parser': end
[23:19:49.304] [bmv2] [D] [thread 4806] [30.0] [cxt 0] Pipeline 'ingress': start
[23:19:49.304] [bmv2] [T] [thread 4806] [30.0] [cxt 0] Applying table 'MyIngress.ipv4_lpm'
[23:19:49.304] [bmv2] [D] [thread 4806] [30.0] [cxt 0] Looking up key:
* hdr.ipv4.dstAddr    : 00000000

[23:19:49.304] [bmv2] [D] [thread 4806] [30.0] [cxt 0] Table 'MyIngress.ipv4_lpm': miss
[23:19:49.304] [bmv2] [D] [thread 4806] [30.0] [cxt 0] Action entry is NoAction - 
[23:19:49.304] [bmv2] [T] [thread 4806] [30.0] [cxt 0] Action NoAction
[23:19:49.304] [bmv2] [D] [thread 4806] [30.0] [cxt 0] Pipeline 'ingress': end
[23:19:49.304] [bmv2] [D] [thread 4806] [30.0] [cxt 0] Egress port is 0
[23:19:49.304] [bmv2] [D] [thread 4807] [30.0] [cxt 0] Pipeline 'egress': start
[23:19:49.304] [bmv2] [D] [thread 4807] [30.0] [cxt 0] Pipeline 'egress': end
[23:19:49.304] [bmv2] [D] [thread 4807] [30.0] [cxt 0] Deparser 'deparser': start
[23:19:49.304] [bmv2] [T] [thread 4807] [30.0] [cxt 0] Skipping checksum 'cksum' update because condition not met
[23:19:49.304] [bmv2] [D] [thread 4807] [30.0] [cxt 0] Deparser 'deparser': end
[23:19:49.304] [bmv2] [D] [thread 4811] [30.0] [cxt 0] Transmitting packet of size 196 out of port 0
[23:19:49.317] [bmv2] [D] [thread 4806] [31.0] [cxt 0] Processing packet received on port 2
[23:19:49.317] [bmv2] [D] [thread 4806] [31.0] [cxt 0] Parser 'parser': start
[23:19:49.317] [bmv2] [D] [thread 4806] [31.0] [cxt 0] Parser 'parser' entering state 'start'
[23:19:49.317] [bmv2] [D] [thread 4806] [31.0] [cxt 0] Parser state 'start' has no switch, going to default next state
[23:19:49.317] [bmv2] [T] [thread 4806] [31.0] [cxt 0] Bytes parsed: 0
[23:19:49.317] [bmv2] [D] [thread 4806] [31.0] [cxt 0] Parser 'parser': end
[23:19:49.317] [bmv2] [D] [thread 4806] [31.0] [cxt 0] Pipeline 'ingress': start
[23:19:49.317] [bmv2] [T] [thread 4806] [31.0] [cxt 0] Applying table 'MyIngress.ipv4_lpm'
[23:19:49.317] [bmv2] [D] [thread 4806] [31.0] [cxt 0] Looking up key:
* hdr.ipv4.dstAddr    : 00000000

[23:19:49.317] [bmv2] [D] [thread 4806] [31.0] [cxt 0] Table 'MyIngress.ipv4_lpm': miss
[23:19:49.317] [bmv2] [D] [thread 4806] [31.0] [cxt 0] Action entry is NoAction - 
[23:19:49.317] [bmv2] [T] [thread 4806] [31.0] [cxt 0] Action NoAction
[23:19:49.317] [bmv2] [D] [thread 4806] [31.0] [cxt 0] Pipeline 'ingress': end
[23:19:49.317] [bmv2] [D] [thread 4806] [31.0] [cxt 0] Egress port is 0
[23:19:49.317] [bmv2] [D] [thread 4807] [31.0] [cxt 0] Pipeline 'egress': start
[23:19:49.317] [bmv2] [D] [thread 4807] [31.0] [cxt 0] Pipeline 'egress': end
[23:19:49.317] [bmv2] [D] [thread 4807] [31.0] [cxt 0] Deparser 'deparser': start
[23:19:49.317] [bmv2] [T] [thread 4807] [31.0] [cxt 0] Skipping checksum 'cksum' update because condition not met
[23:19:49.317] [bmv2] [D] [thread 4807] [31.0] [cxt 0] Deparser 'deparser': end
[23:19:49.318] [bmv2] [D] [thread 4811] [31.0] [cxt 0] Transmitting packet of size 196 out of port 0
[23:19:49.499] [bmv2] [D] [thread 4806] [32.0] [cxt 0] Processing packet received on port 2
[23:19:49.499] [bmv2] [D] [thread 4806] [32.0] [cxt 0] Parser 'parser': start
[23:19:49.499] [bmv2] [D] [thread 4806] [32.0] [cxt 0] Parser 'parser' entering state 'start'
[23:19:49.499] [bmv2] [D] [thread 4806] [32.0] [cxt 0] Parser state 'start' has no switch, going to default next state
[23:19:49.499] [bmv2] [T] [thread 4806] [32.0] [cxt 0] Bytes parsed: 0
[23:19:49.499] [bmv2] [D] [thread 4806] [32.0] [cxt 0] Parser 'parser': end
[23:19:49.499] [bmv2] [D] [thread 4806] [32.0] [cxt 0] Pipeline 'ingress': start
[23:19:49.499] [bmv2] [T] [thread 4806] [32.0] [cxt 0] Applying table 'MyIngress.ipv4_lpm'
[23:19:49.499] [bmv2] [D] [thread 4806] [32.0] [cxt 0] Looking up key:
* hdr.ipv4.dstAddr    : 00000000

[23:19:49.499] [bmv2] [D] [thread 4806] [32.0] [cxt 0] Table 'MyIngress.ipv4_lpm': miss
[23:19:49.499] [bmv2] [D] [thread 4806] [32.0] [cxt 0] Action entry is NoAction - 
[23:19:49.499] [bmv2] [T] [thread 4806] [32.0] [cxt 0] Action NoAction
[23:19:49.499] [bmv2] [D] [thread 4806] [32.0] [cxt 0] Pipeline 'ingress': end
[23:19:49.499] [bmv2] [D] [thread 4806] [32.0] [cxt 0] Egress port is 0
[23:19:49.499] [bmv2] [D] [thread 4807] [32.0] [cxt 0] Pipeline 'egress': start
[23:19:49.499] [bmv2] [D] [thread 4807] [32.0] [cxt 0] Pipeline 'egress': end
[23:19:49.499] [bmv2] [D] [thread 4807] [32.0] [cxt 0] Deparser 'deparser': start
[23:19:49.499] [bmv2] [T] [thread 4807] [32.0] [cxt 0] Skipping checksum 'cksum' update because condition not met
[23:19:49.499] [bmv2] [D] [thread 4807] [32.0] [cxt 0] Deparser 'deparser': end
[23:19:49.499] [bmv2] [D] [thread 4811] [32.0] [cxt 0] Transmitting packet of size 107 out of port 0
[23:19:49.542] [bmv2] [D] [thread 4806] [33.0] [cxt 0] Processing packet received on port 1
[23:19:49.542] [bmv2] [D] [thread 4806] [33.0] [cxt 0] Parser 'parser': start
[23:19:49.542] [bmv2] [D] [thread 4806] [33.0] [cxt 0] Parser 'parser' entering state 'start'
[23:19:49.542] [bmv2] [D] [thread 4806] [33.0] [cxt 0] Parser state 'start' has no switch, going to default next state
[23:19:49.542] [bmv2] [T] [thread 4806] [33.0] [cxt 0] Bytes parsed: 0
[23:19:49.542] [bmv2] [D] [thread 4806] [33.0] [cxt 0] Parser 'parser': end
[23:19:49.542] [bmv2] [D] [thread 4806] [33.0] [cxt 0] Pipeline 'ingress': start
[23:19:49.542] [bmv2] [T] [thread 4806] [33.0] [cxt 0] Applying table 'MyIngress.ipv4_lpm'
[23:19:49.542] [bmv2] [D] [thread 4806] [33.0] [cxt 0] Looking up key:
* hdr.ipv4.dstAddr    : 00000000

[23:19:49.542] [bmv2] [D] [thread 4806] [33.0] [cxt 0] Table 'MyIngress.ipv4_lpm': miss
[23:19:49.542] [bmv2] [D] [thread 4806] [33.0] [cxt 0] Action entry is NoAction - 
[23:19:49.542] [bmv2] [T] [thread 4806] [33.0] [cxt 0] Action NoAction
[23:19:49.542] [bmv2] [D] [thread 4806] [33.0] [cxt 0] Pipeline 'ingress': end
[23:19:49.542] [bmv2] [D] [thread 4806] [33.0] [cxt 0] Egress port is 0
[23:19:49.542] [bmv2] [D] [thread 4807] [33.0] [cxt 0] Pipeline 'egress': start
[23:19:49.542] [bmv2] [D] [thread 4807] [33.0] [cxt 0] Pipeline 'egress': end
[23:19:49.542] [bmv2] [D] [thread 4807] [33.0] [cxt 0] Deparser 'deparser': start
[23:19:49.542] [bmv2] [T] [thread 4807] [33.0] [cxt 0] Skipping checksum 'cksum' update because condition not met
[23:19:49.542] [bmv2] [D] [thread 4807] [33.0] [cxt 0] Deparser 'deparser': end
[23:19:49.542] [bmv2] [D] [thread 4811] [33.0] [cxt 0] Transmitting packet of size 208 out of port 0
[23:19:49.593] [bmv2] [D] [thread 4806] [34.0] [cxt 0] Processing packet received on port 1
[23:19:49.593] [bmv2] [D] [thread 4806] [34.0] [cxt 0] Parser 'parser': start
[23:19:49.593] [bmv2] [D] [thread 4806] [34.0] [cxt 0] Parser 'parser' entering state 'start'
[23:19:49.593] [bmv2] [D] [thread 4806] [34.0] [cxt 0] Parser state 'start' has no switch, going to default next state
[23:19:49.593] [bmv2] [T] [thread 4806] [34.0] [cxt 0] Bytes parsed: 0
[23:19:49.593] [bmv2] [D] [thread 4806] [34.0] [cxt 0] Parser 'parser': end
[23:19:49.593] [bmv2] [D] [thread 4806] [34.0] [cxt 0] Pipeline 'ingress': start
[23:19:49.593] [bmv2] [T] [thread 4806] [34.0] [cxt 0] Applying table 'MyIngress.ipv4_lpm'
[23:19:49.593] [bmv2] [D] [thread 4806] [34.0] [cxt 0] Looking up key:
* hdr.ipv4.dstAddr    : 00000000

[23:19:49.593] [bmv2] [D] [thread 4806] [34.0] [cxt 0] Table 'MyIngress.ipv4_lpm': miss
[23:19:49.593] [bmv2] [D] [thread 4806] [34.0] [cxt 0] Action entry is NoAction - 
[23:19:49.593] [bmv2] [T] [thread 4806] [34.0] [cxt 0] Action NoAction
[23:19:49.593] [bmv2] [D] [thread 4806] [34.0] [cxt 0] Pipeline 'ingress': end
[23:19:49.593] [bmv2] [D] [thread 4806] [34.0] [cxt 0] Egress port is 0
[23:19:49.593] [bmv2] [D] [thread 4807] [34.0] [cxt 0] Pipeline 'egress': start
[23:19:49.593] [bmv2] [D] [thread 4807] [34.0] [cxt 0] Pipeline 'egress': end
[23:19:49.593] [bmv2] [D] [thread 4807] [34.0] [cxt 0] Deparser 'deparser': start
[23:19:49.593] [bmv2] [T] [thread 4807] [34.0] [cxt 0] Skipping checksum 'cksum' update because condition not met
[23:19:49.593] [bmv2] [D] [thread 4807] [34.0] [cxt 0] Deparser 'deparser': end
[23:19:49.593] [bmv2] [D] [thread 4811] [34.0] [cxt 0] Transmitting packet of size 90 out of port 0
[23:19:49.622] [bmv2] [D] [thread 4806] [35.0] [cxt 0] Processing packet received on port 1
[23:19:49.622] [bmv2] [D] [thread 4806] [35.0] [cxt 0] Parser 'parser': start
[23:19:49.622] [bmv2] [D] [thread 4806] [35.0] [cxt 0] Parser 'parser' entering state 'start'
[23:19:49.622] [bmv2] [D] [thread 4806] [35.0] [cxt 0] Parser state 'start' has no switch, going to default next state
[23:19:49.622] [bmv2] [T] [thread 4806] [35.0] [cxt 0] Bytes parsed: 0
[23:19:49.622] [bmv2] [D] [thread 4806] [35.0] [cxt 0] Parser 'parser': end
[23:19:49.622] [bmv2] [D] [thread 4806] [35.0] [cxt 0] Pipeline 'ingress': start
[23:19:49.623] [bmv2] [T] [thread 4806] [35.0] [cxt 0] Applying table 'MyIngress.ipv4_lpm'
[23:19:49.623] [bmv2] [D] [thread 4806] [35.0] [cxt 0] Looking up key:
* hdr.ipv4.dstAddr    : 00000000

[23:19:49.623] [bmv2] [D] [thread 4806] [35.0] [cxt 0] Table 'MyIngress.ipv4_lpm': miss
[23:19:49.623] [bmv2] [D] [thread 4806] [35.0] [cxt 0] Action entry is NoAction - 
[23:19:49.623] [bmv2] [T] [thread 4806] [35.0] [cxt 0] Action NoAction
[23:19:49.623] [bmv2] [D] [thread 4806] [35.0] [cxt 0] Pipeline 'ingress': end
[23:19:49.623] [bmv2] [D] [thread 4806] [35.0] [cxt 0] Egress port is 0
[23:19:49.623] [bmv2] [D] [thread 4807] [35.0] [cxt 0] Pipeline 'egress': start
[23:19:49.623] [bmv2] [D] [thread 4807] [35.0] [cxt 0] Pipeline 'egress': end
[23:19:49.623] [bmv2] [D] [thread 4807] [35.0] [cxt 0] Deparser 'deparser': start
[23:19:49.623] [bmv2] [T] [thread 4807] [35.0] [cxt 0] Skipping checksum 'cksum' update because condition not met
[23:19:49.623] [bmv2] [D] [thread 4807] [35.0] [cxt 0] Deparser 'deparser': end
[23:19:49.623] [bmv2] [D] [thread 4811] [35.0] [cxt 0] Transmitting packet of size 110 out of port 0
[23:19:49.742] [bmv2] [D] [thread 4806] [36.0] [cxt 0] Processing packet received on port 1
[23:19:49.742] [bmv2] [D] [thread 4806] [36.0] [cxt 0] Parser 'parser': start
[23:19:49.742] [bmv2] [D] [thread 4806] [36.0] [cxt 0] Parser 'parser' entering state 'start'
[23:19:49.742] [bmv2] [D] [thread 4806] [36.0] [cxt 0] Parser state 'start' has no switch, going to default next state
[23:19:49.742] [bmv2] [T] [thread 4806] [36.0] [cxt 0] Bytes parsed: 0
[23:19:49.742] [bmv2] [D] [thread 4806] [36.0] [cxt 0] Parser 'parser': end
[23:19:49.742] [bmv2] [D] [thread 4806] [36.0] [cxt 0] Pipeline 'ingress': start
[23:19:49.742] [bmv2] [T] [thread 4806] [36.0] [cxt 0] Applying table 'MyIngress.ipv4_lpm'
[23:19:49.742] [bmv2] [D] [thread 4806] [36.0] [cxt 0] Looking up key:
* hdr.ipv4.dstAddr    : 00000000

[23:19:49.742] [bmv2] [D] [thread 4806] [36.0] [cxt 0] Table 'MyIngress.ipv4_lpm': miss
[23:19:49.742] [bmv2] [D] [thread 4806] [36.0] [cxt 0] Action entry is NoAction - 
[23:19:49.742] [bmv2] [T] [thread 4806] [36.0] [cxt 0] Action NoAction
[23:19:49.742] [bmv2] [D] [thread 4806] [36.0] [cxt 0] Pipeline 'ingress': end
[23:19:49.742] [bmv2] [D] [thread 4806] [36.0] [cxt 0] Egress port is 0
[23:19:49.743] [bmv2] [D] [thread 4807] [36.0] [cxt 0] Pipeline 'egress': start
[23:19:49.743] [bmv2] [D] [thread 4807] [36.0] [cxt 0] Pipeline 'egress': end
[23:19:49.743] [bmv2] [D] [thread 4807] [36.0] [cxt 0] Deparser 'deparser': start
[23:19:49.743] [bmv2] [T] [thread 4807] [36.0] [cxt 0] Skipping checksum 'cksum' update because condition not met
[23:19:49.743] [bmv2] [D] [thread 4807] [36.0] [cxt 0] Deparser 'deparser': end
[23:19:49.743] [bmv2] [D] [thread 4811] [36.0] [cxt 0] Transmitting packet of size 196 out of port 0
[23:19:49.941] [bmv2] [D] [thread 4806] [37.0] [cxt 0] Processing packet received on port 1
[23:19:49.941] [bmv2] [D] [thread 4806] [37.0] [cxt 0] Parser 'parser': start
[23:19:49.941] [bmv2] [D] [thread 4806] [37.0] [cxt 0] Parser 'parser' entering state 'start'
[23:19:49.941] [bmv2] [D] [thread 4806] [37.0] [cxt 0] Parser state 'start' has no switch, going to default next state
[23:19:49.941] [bmv2] [T] [thread 4806] [37.0] [cxt 0] Bytes parsed: 0
[23:19:49.941] [bmv2] [D] [thread 4806] [37.0] [cxt 0] Parser 'parser': end
[23:19:49.941] [bmv2] [D] [thread 4806] [37.0] [cxt 0] Pipeline 'ingress': start
[23:19:49.941] [bmv2] [T] [thread 4806] [37.0] [cxt 0] Applying table 'MyIngress.ipv4_lpm'
[23:19:49.941] [bmv2] [D] [thread 4806] [37.0] [cxt 0] Looking up key:
* hdr.ipv4.dstAddr    : 00000000

[23:19:49.941] [bmv2] [D] [thread 4806] [37.0] [cxt 0] Table 'MyIngress.ipv4_lpm': miss
[23:19:49.941] [bmv2] [D] [thread 4806] [37.0] [cxt 0] Action entry is NoAction - 
[23:19:49.941] [bmv2] [T] [thread 4806] [37.0] [cxt 0] Action NoAction
[23:19:49.941] [bmv2] [D] [thread 4806] [37.0] [cxt 0] Pipeline 'ingress': end
[23:19:49.941] [bmv2] [D] [thread 4806] [37.0] [cxt 0] Egress port is 0
[23:19:49.941] [bmv2] [D] [thread 4807] [37.0] [cxt 0] Pipeline 'egress': start
[23:19:49.941] [bmv2] [D] [thread 4807] [37.0] [cxt 0] Pipeline 'egress': end
[23:19:49.941] [bmv2] [D] [thread 4807] [37.0] [cxt 0] Deparser 'deparser': start
[23:19:49.942] [bmv2] [T] [thread 4807] [37.0] [cxt 0] Skipping checksum 'cksum' update because condition not met
[23:19:49.942] [bmv2] [D] [thread 4807] [37.0] [cxt 0] Deparser 'deparser': end
[23:19:49.942] [bmv2] [D] [thread 4811] [37.0] [cxt 0] Transmitting packet of size 107 out of port 0
[23:19:50.218] [bmv2] [D] [thread 4806] [38.0] [cxt 0] Processing packet received on port 1
[23:19:50.218] [bmv2] [D] [thread 4806] [38.0] [cxt 0] Parser 'parser': start
[23:19:50.218] [bmv2] [D] [thread 4806] [38.0] [cxt 0] Parser 'parser' entering state 'start'
[23:19:50.218] [bmv2] [D] [thread 4806] [38.0] [cxt 0] Parser state 'start' has no switch, going to default next state
[23:19:50.218] [bmv2] [T] [thread 4806] [38.0] [cxt 0] Bytes parsed: 0
[23:19:50.218] [bmv2] [D] [thread 4806] [38.0] [cxt 0] Parser 'parser': end
[23:19:50.218] [bmv2] [D] [thread 4806] [38.0] [cxt 0] Pipeline 'ingress': start
[23:19:50.218] [bmv2] [T] [thread 4806] [38.0] [cxt 0] Applying table 'MyIngress.ipv4_lpm'
[23:19:50.218] [bmv2] [D] [thread 4806] [38.0] [cxt 0] Looking up key:
* hdr.ipv4.dstAddr    : 00000000

[23:19:50.218] [bmv2] [D] [thread 4806] [38.0] [cxt 0] Table 'MyIngress.ipv4_lpm': miss
[23:19:50.218] [bmv2] [D] [thread 4806] [38.0] [cxt 0] Action entry is NoAction - 
[23:19:50.218] [bmv2] [T] [thread 4806] [38.0] [cxt 0] Action NoAction
[23:19:50.218] [bmv2] [D] [thread 4806] [38.0] [cxt 0] Pipeline 'ingress': end
[23:19:50.218] [bmv2] [D] [thread 4806] [38.0] [cxt 0] Egress port is 0
[23:19:50.219] [bmv2] [D] [thread 4807] [38.0] [cxt 0] Pipeline 'egress': start
[23:19:50.219] [bmv2] [D] [thread 4807] [38.0] [cxt 0] Pipeline 'egress': end
[23:19:50.219] [bmv2] [D] [thread 4807] [38.0] [cxt 0] Deparser 'deparser': start
[23:19:50.219] [bmv2] [T] [thread 4807] [38.0] [cxt 0] Skipping checksum 'cksum' update because condition not met
[23:19:50.219] [bmv2] [D] [thread 4807] [38.0] [cxt 0] Deparser 'deparser': end
[23:19:50.219] [bmv2] [D] [thread 4811] [38.0] [cxt 0] Transmitting packet of size 196 out of port 0
New connection
P4Runtime SetForwardingPipelineConfig
[23:19:50.335] [bmv2] [W] [thread 4843] [P4Runtime] p4::tmp::P4DeviceConfig is deprecated
[23:19:50.336] [bmv2] [D] [thread 4843] Set default default entry for table 'MyIngress.ipv4_lpm': NoAction - 
P4Runtime Write
device_id: 2
election_id {
  low: 1
}
updates {
  type: MODIFY
  entity {
    table_entry {
      table_id: 33574068
      action {
        action {
          action_id: 16805608
        }
      }
      is_default_action: true
    }
  }
}
[23:19:50.346] [bmv2] [D] [thread 4844] Set default entry for table 'MyIngress.ipv4_lpm': MyIngress.drop - 
P4Runtime Write
device_id: 2
election_id {
  low: 1
}
updates {
  type: INSERT
  entity {
    table_entry {
      table_id: 33574068
      match {
        field_id: 1
        lpm {
          value: "\n\000\001\001"
          prefix_len: 32
        }
      }
      action {
        action {
          action_id: 16799317
          params {
            param_id: 1
            value: "\010\000\000\000\001\000"
          }
          params {
            param_id: 2
            value: "\000\001"
          }
        }
      }
    }
  }
}
[23:19:50.348] [bmv2] [D] [thread 4848] Entry 0 added to table 'MyIngress.ipv4_lpm'
[23:19:50.348] [bmv2] [D] [thread 4848] Dumping entry 0
Match key:
* hdr.ipv4.dstAddr    : LPM       0a000101/32
Action entry: MyIngress.ipv4_forward - 80000000100,1,

P4Runtime Write
device_id: 2
election_id {
  low: 1
}
updates {
  type: INSERT
  entity {
    table_entry {
      table_id: 33574068
      match {
        field_id: 1
        lpm {
          value: "\n\000\002\002"
          prefix_len: 32
        }
      }
      action {
        action {
          action_id: 16799317
          params {
            param_id: 1
            value: "\010\000\000\000\001\000"
          }
          params {
            param_id: 2
            value: "\000\001"
          }
        }
      }
    }
  }
}
[23:19:50.350] [bmv2] [D] [thread 4844] Entry 1 added to table 'MyIngress.ipv4_lpm'
[23:19:50.350] [bmv2] [D] [thread 4844] Dumping entry 1
Match key:
* hdr.ipv4.dstAddr    : LPM       0a000202/32
Action entry: MyIngress.ipv4_forward - 80000000100,1,

P4Runtime Write
device_id: 2
election_id {
  low: 1
}
updates {
  type: INSERT
  entity {
    table_entry {
      table_id: 33574068
      match {
        field_id: 1
        lpm {
          value: "\n\000\003\003"
          prefix_len: 32
        }
      }
      action {
        action {
          action_id: 16799317
          params {
            param_id: 1
            value: "\010\000\000\000\002\000"
          }
          params {
            param_id: 2
            value: "\000\002"
          }
        }
      }
    }
  }
}
[23:19:50.352] [bmv2] [D] [thread 4844] Entry 2 added to table 'MyIngress.ipv4_lpm'
[23:19:50.352] [bmv2] [D] [thread 4844] Dumping entry 2
Match key:
* hdr.ipv4.dstAddr    : LPM       0a000303/32
Action entry: MyIngress.ipv4_forward - 80000000200,2,

P4Runtime Write
device_id: 2
election_id {
  low: 1
}
updates {
  type: INSERT
  entity {
    table_entry {
      table_id: 33574068
      match {
        field_id: 1
        lpm {
          value: "\n\000\004\004"
          prefix_len: 32
        }
      }
      action {
        action {
          action_id: 16799317
          params {
            param_id: 1
            value: "\010\000\000\000\002\000"
          }
          params {
            param_id: 2
            value: "\000\002"
          }
        }
      }
    }
  }
}
[23:19:50.354] [bmv2] [D] [thread 4848] Entry 3 added to table 'MyIngress.ipv4_lpm'
[23:19:50.354] [bmv2] [D] [thread 4848] Dumping entry 3
Match key:
* hdr.ipv4.dstAddr    : LPM       0a000404/32
Action entry: MyIngress.ipv4_forward - 80000000200,2,

Connection removed
[23:19:50.456] [bmv2] [D] [thread 4806] [39.0] [cxt 0] Processing packet received on port 2
[23:19:50.456] [bmv2] [D] [thread 4806] [39.0] [cxt 0] Parser 'parser': start
[23:19:50.456] [bmv2] [D] [thread 4806] [39.0] [cxt 0] Parser 'parser' entering state 'start'
[23:19:50.456] [bmv2] [D] [thread 4806] [39.0] [cxt 0] Parser state 'start' has no switch, going to default next state
[23:19:50.456] [bmv2] [T] [thread 4806] [39.0] [cxt 0] Bytes parsed: 0
[23:19:50.456] [bmv2] [D] [thread 4806] [39.0] [cxt 0] Parser 'parser': end
[23:19:50.456] [bmv2] [D] [thread 4806] [39.0] [cxt 0] Pipeline 'ingress': start
[23:19:50.456] [bmv2] [T] [thread 4806] [39.0] [cxt 0] Applying table 'MyIngress.ipv4_lpm'
[23:19:50.456] [bmv2] [D] [thread 4806] [39.0] [cxt 0] Looking up key:
* hdr.ipv4.dstAddr    : 00000000

[23:19:50.456] [bmv2] [D] [thread 4806] [39.0] [cxt 0] Table 'MyIngress.ipv4_lpm': miss
[23:19:50.456] [bmv2] [D] [thread 4806] [39.0] [cxt 0] Action entry is MyIngress.drop - 
[23:19:50.456] [bmv2] [T] [thread 4806] [39.0] [cxt 0] Action MyIngress.drop
[23:19:50.456] [bmv2] [T] [thread 4806] [39.0] [cxt 0] basic.p4(78) Primitive mark_to_drop(standard_metadata)
[23:19:50.456] [bmv2] [D] [thread 4806] [39.0] [cxt 0] Pipeline 'ingress': end
[23:19:50.456] [bmv2] [D] [thread 4806] [39.0] [cxt 0] Egress port is 511
[23:19:50.456] [bmv2] [D] [thread 4806] [39.0] [cxt 0] Dropping packet at the end of ingress
[23:19:50.469] [bmv2] [D] [thread 4806] [40.0] [cxt 0] Processing packet received on port 2
[23:19:50.469] [bmv2] [D] [thread 4806] [40.0] [cxt 0] Parser 'parser': start
[23:19:50.469] [bmv2] [D] [thread 4806] [40.0] [cxt 0] Parser 'parser' entering state 'start'
[23:19:50.469] [bmv2] [D] [thread 4806] [40.0] [cxt 0] Parser state 'start' has no switch, going to default next state
[23:19:50.469] [bmv2] [T] [thread 4806] [40.0] [cxt 0] Bytes parsed: 0
[23:19:50.469] [bmv2] [D] [thread 4806] [40.0] [cxt 0] Parser 'parser': end
[23:19:50.469] [bmv2] [D] [thread 4806] [40.0] [cxt 0] Pipeline 'ingress': start
[23:19:50.469] [bmv2] [T] [thread 4806] [40.0] [cxt 0] Applying table 'MyIngress.ipv4_lpm'
[23:19:50.469] [bmv2] [D] [thread 4806] [40.0] [cxt 0] Looking up key:
* hdr.ipv4.dstAddr    : 00000000

[23:19:50.469] [bmv2] [D] [thread 4806] [40.0] [cxt 0] Table 'MyIngress.ipv4_lpm': miss
[23:19:50.469] [bmv2] [D] [thread 4806] [40.0] [cxt 0] Action entry is MyIngress.drop - 
[23:19:50.469] [bmv2] [T] [thread 4806] [40.0] [cxt 0] Action MyIngress.drop
[23:19:50.469] [bmv2] [T] [thread 4806] [40.0] [cxt 0] basic.p4(78) Primitive mark_to_drop(standard_metadata)
[23:19:50.469] [bmv2] [D] [thread 4806] [40.0] [cxt 0] Pipeline 'ingress': end
[23:19:50.469] [bmv2] [D] [thread 4806] [40.0] [cxt 0] Egress port is 511
[23:19:50.469] [bmv2] [D] [thread 4806] [40.0] [cxt 0] Dropping packet at the end of ingress
[23:19:50.894] [bmv2] [D] [thread 4806] [41.0] [cxt 0] Processing packet received on port 1
[23:19:50.894] [bmv2] [D] [thread 4806] [41.0] [cxt 0] Parser 'parser': start
[23:19:50.894] [bmv2] [D] [thread 4806] [41.0] [cxt 0] Parser 'parser' entering state 'start'
[23:19:50.894] [bmv2] [D] [thread 4806] [41.0] [cxt 0] Parser state 'start' has no switch, going to default next state
[23:19:50.894] [bmv2] [T] [thread 4806] [41.0] [cxt 0] Bytes parsed: 0
[23:19:50.894] [bmv2] [D] [thread 4806] [41.0] [cxt 0] Parser 'parser': end
[23:19:50.894] [bmv2] [D] [thread 4806] [41.0] [cxt 0] Pipeline 'ingress': start
[23:19:50.894] [bmv2] [T] [thread 4806] [41.0] [cxt 0] Applying table 'MyIngress.ipv4_lpm'
[23:19:50.894] [bmv2] [D] [thread 4806] [41.0] [cxt 0] Looking up key:
* hdr.ipv4.dstAddr    : 00000000

[23:19:50.894] [bmv2] [D] [thread 4806] [41.0] [cxt 0] Table 'MyIngress.ipv4_lpm': miss
[23:19:50.894] [bmv2] [D] [thread 4806] [41.0] [cxt 0] Action entry is MyIngress.drop - 
[23:19:50.894] [bmv2] [T] [thread 4806] [41.0] [cxt 0] Action MyIngress.drop
[23:19:50.894] [bmv2] [T] [thread 4806] [41.0] [cxt 0] basic.p4(78) Primitive mark_to_drop(standard_metadata)
[23:19:50.894] [bmv2] [D] [thread 4806] [41.0] [cxt 0] Pipeline 'ingress': end
[23:19:50.894] [bmv2] [D] [thread 4806] [41.0] [cxt 0] Egress port is 511
[23:19:50.894] [bmv2] [D] [thread 4806] [41.0] [cxt 0] Dropping packet at the end of ingress
[23:19:51.255] [bmv2] [D] [thread 4806] [42.0] [cxt 0] Processing packet received on port 1
[23:19:51.255] [bmv2] [D] [thread 4806] [42.0] [cxt 0] Parser 'parser': start
[23:19:51.255] [bmv2] [D] [thread 4806] [42.0] [cxt 0] Parser 'parser' entering state 'start'
[23:19:51.255] [bmv2] [D] [thread 4806] [42.0] [cxt 0] Parser state 'start' has no switch, going to default next state
[23:19:51.255] [bmv2] [T] [thread 4806] [42.0] [cxt 0] Bytes parsed: 0
[23:19:51.255] [bmv2] [D] [thread 4806] [42.0] [cxt 0] Parser 'parser': end
[23:19:51.255] [bmv2] [D] [thread 4806] [42.0] [cxt 0] Pipeline 'ingress': start
[23:19:51.255] [bmv2] [T] [thread 4806] [42.0] [cxt 0] Applying table 'MyIngress.ipv4_lpm'
[23:19:51.255] [bmv2] [D] [thread 4806] [42.0] [cxt 0] Looking up key:
* hdr.ipv4.dstAddr    : 00000000

[23:19:51.255] [bmv2] [D] [thread 4806] [42.0] [cxt 0] Table 'MyIngress.ipv4_lpm': miss
[23:19:51.256] [bmv2] [D] [thread 4806] [42.0] [cxt 0] Action entry is MyIngress.drop - 
[23:19:51.256] [bmv2] [T] [thread 4806] [42.0] [cxt 0] Action MyIngress.drop
[23:19:51.256] [bmv2] [T] [thread 4806] [42.0] [cxt 0] basic.p4(78) Primitive mark_to_drop(standard_metadata)
[23:19:51.256] [bmv2] [D] [thread 4806] [42.0] [cxt 0] Pipeline 'ingress': end
[23:19:51.256] [bmv2] [D] [thread 4806] [42.0] [cxt 0] Egress port is 511
[23:19:51.256] [bmv2] [D] [thread 4806] [42.0] [cxt 0] Dropping packet at the end of ingress
[23:19:51.501] [bmv2] [D] [thread 4806] [43.0] [cxt 0] Processing packet received on port 2
[23:19:51.501] [bmv2] [D] [thread 4806] [43.0] [cxt 0] Parser 'parser': start
[23:19:51.501] [bmv2] [D] [thread 4806] [43.0] [cxt 0] Parser 'parser' entering state 'start'
[23:19:51.501] [bmv2] [D] [thread 4806] [43.0] [cxt 0] Parser state 'start' has no switch, going to default next state
[23:19:51.501] [bmv2] [T] [thread 4806] [43.0] [cxt 0] Bytes parsed: 0
[23:19:51.501] [bmv2] [D] [thread 4806] [43.0] [cxt 0] Parser 'parser': end
[23:19:51.502] [bmv2] [D] [thread 4806] [43.0] [cxt 0] Pipeline 'ingress': start
[23:19:51.502] [bmv2] [T] [thread 4806] [43.0] [cxt 0] Applying table 'MyIngress.ipv4_lpm'
[23:19:51.502] [bmv2] [D] [thread 4806] [43.0] [cxt 0] Looking up key:
* hdr.ipv4.dstAddr    : 00000000

[23:19:51.502] [bmv2] [D] [thread 4806] [43.0] [cxt 0] Table 'MyIngress.ipv4_lpm': miss
[23:19:51.502] [bmv2] [D] [thread 4806] [43.0] [cxt 0] Action entry is MyIngress.drop - 
[23:19:51.502] [bmv2] [T] [thread 4806] [43.0] [cxt 0] Action MyIngress.drop
[23:19:51.502] [bmv2] [T] [thread 4806] [43.0] [cxt 0] basic.p4(78) Primitive mark_to_drop(standard_metadata)
[23:19:51.502] [bmv2] [D] [thread 4806] [43.0] [cxt 0] Pipeline 'ingress': end
[23:19:51.502] [bmv2] [D] [thread 4806] [43.0] [cxt 0] Egress port is 511
[23:19:51.502] [bmv2] [D] [thread 4806] [43.0] [cxt 0] Dropping packet at the end of ingress
[23:19:51.939] [bmv2] [D] [thread 4806] [44.0] [cxt 0] Processing packet received on port 1
[23:19:51.939] [bmv2] [D] [thread 4806] [44.0] [cxt 0] Parser 'parser': start
[23:19:51.939] [bmv2] [D] [thread 4806] [44.0] [cxt 0] Parser 'parser' entering state 'start'
[23:19:51.939] [bmv2] [D] [thread 4806] [44.0] [cxt 0] Parser state 'start' has no switch, going to default next state
[23:19:51.939] [bmv2] [T] [thread 4806] [44.0] [cxt 0] Bytes parsed: 0
[23:19:51.939] [bmv2] [D] [thread 4806] [44.0] [cxt 0] Parser 'parser': end
[23:19:51.939] [bmv2] [D] [thread 4806] [44.0] [cxt 0] Pipeline 'ingress': start
[23:19:51.939] [bmv2] [T] [thread 4806] [44.0] [cxt 0] Applying table 'MyIngress.ipv4_lpm'
[23:19:51.939] [bmv2] [D] [thread 4806] [44.0] [cxt 0] Looking up key:
* hdr.ipv4.dstAddr    : 00000000

[23:19:51.939] [bmv2] [D] [thread 4806] [44.0] [cxt 0] Table 'MyIngress.ipv4_lpm': miss
[23:19:51.939] [bmv2] [D] [thread 4806] [44.0] [cxt 0] Action entry is MyIngress.drop - 
[23:19:51.939] [bmv2] [T] [thread 4806] [44.0] [cxt 0] Action MyIngress.drop
[23:19:51.939] [bmv2] [T] [thread 4806] [44.0] [cxt 0] basic.p4(78) Primitive mark_to_drop(standard_metadata)
[23:19:51.939] [bmv2] [D] [thread 4806] [44.0] [cxt 0] Pipeline 'ingress': end
[23:19:51.939] [bmv2] [D] [thread 4806] [44.0] [cxt 0] Egress port is 511
[23:19:51.939] [bmv2] [D] [thread 4806] [44.0] [cxt 0] Dropping packet at the end of ingress
[23:19:52.162] [bmv2] [D] [thread 4806] [45.0] [cxt 0] Processing packet received on port 1
[23:19:52.162] [bmv2] [D] [thread 4806] [45.0] [cxt 0] Parser 'parser': start
[23:19:52.162] [bmv2] [D] [thread 4806] [45.0] [cxt 0] Parser 'parser' entering state 'start'
[23:19:52.162] [bmv2] [D] [thread 4806] [45.0] [cxt 0] Parser state 'start' has no switch, going to default next state
[23:19:52.162] [bmv2] [T] [thread 4806] [45.0] [cxt 0] Bytes parsed: 0
[23:19:52.162] [bmv2] [D] [thread 4806] [45.0] [cxt 0] Parser 'parser': end
[23:19:52.162] [bmv2] [D] [thread 4806] [45.0] [cxt 0] Pipeline 'ingress': start
[23:19:52.163] [bmv2] [T] [thread 4806] [45.0] [cxt 0] Applying table 'MyIngress.ipv4_lpm'
[23:19:52.163] [bmv2] [D] [thread 4806] [45.0] [cxt 0] Looking up key:
* hdr.ipv4.dstAddr    : 00000000

[23:19:52.163] [bmv2] [D] [thread 4806] [45.0] [cxt 0] Table 'MyIngress.ipv4_lpm': miss
[23:19:52.163] [bmv2] [D] [thread 4806] [45.0] [cxt 0] Action entry is MyIngress.drop - 
[23:19:52.163] [bmv2] [T] [thread 4806] [45.0] [cxt 0] Action MyIngress.drop
[23:19:52.163] [bmv2] [T] [thread 4806] [45.0] [cxt 0] basic.p4(78) Primitive mark_to_drop(standard_metadata)
[23:19:52.163] [bmv2] [D] [thread 4806] [45.0] [cxt 0] Pipeline 'ingress': end
[23:19:52.163] [bmv2] [D] [thread 4806] [45.0] [cxt 0] Egress port is 511
[23:19:52.163] [bmv2] [D] [thread 4806] [45.0] [cxt 0] Dropping packet at the end of ingress
[23:19:52.386] [bmv2] [D] [thread 4806] [46.0] [cxt 0] Processing packet received on port 1
[23:19:52.386] [bmv2] [D] [thread 4806] [46.0] [cxt 0] Parser 'parser': start
[23:19:52.386] [bmv2] [D] [thread 4806] [46.0] [cxt 0] Parser 'parser' entering state 'start'
[23:19:52.386] [bmv2] [D] [thread 4806] [46.0] [cxt 0] Parser state 'start' has no switch, going to default next state
[23:19:52.386] [bmv2] [T] [thread 4806] [46.0] [cxt 0] Bytes parsed: 0
[23:19:52.386] [bmv2] [D] [thread 4806] [46.0] [cxt 0] Parser 'parser': end
[23:19:52.386] [bmv2] [D] [thread 4806] [46.0] [cxt 0] Pipeline 'ingress': start
[23:19:52.386] [bmv2] [T] [thread 4806] [46.0] [cxt 0] Applying table 'MyIngress.ipv4_lpm'
[23:19:52.386] [bmv2] [D] [thread 4806] [46.0] [cxt 0] Looking up key:
* hdr.ipv4.dstAddr    : 00000000

[23:19:52.386] [bmv2] [D] [thread 4806] [46.0] [cxt 0] Table 'MyIngress.ipv4_lpm': miss
[23:19:52.386] [bmv2] [D] [thread 4806] [46.0] [cxt 0] Action entry is MyIngress.drop - 
[23:19:52.386] [bmv2] [T] [thread 4806] [46.0] [cxt 0] Action MyIngress.drop
[23:19:52.386] [bmv2] [T] [thread 4806] [46.0] [cxt 0] basic.p4(78) Primitive mark_to_drop(standard_metadata)
[23:19:52.386] [bmv2] [D] [thread 4806] [46.0] [cxt 0] Pipeline 'ingress': end
[23:19:52.386] [bmv2] [D] [thread 4806] [46.0] [cxt 0] Egress port is 511
[23:19:52.386] [bmv2] [D] [thread 4806] [46.0] [cxt 0] Dropping packet at the end of ingress
[23:19:52.396] [bmv2] [D] [thread 4806] [47.0] [cxt 0] Processing packet received on port 2
[23:19:52.396] [bmv2] [D] [thread 4806] [47.0] [cxt 0] Parser 'parser': start
[23:19:52.396] [bmv2] [D] [thread 4806] [47.0] [cxt 0] Parser 'parser' entering state 'start'
[23:19:52.396] [bmv2] [D] [thread 4806] [47.0] [cxt 0] Parser state 'start' has no switch, going to default next state
[23:19:52.396] [bmv2] [T] [thread 4806] [47.0] [cxt 0] Bytes parsed: 0
[23:19:52.396] [bmv2] [D] [thread 4806] [47.0] [cxt 0] Parser 'parser': end
[23:19:52.396] [bmv2] [D] [thread 4806] [47.0] [cxt 0] Pipeline 'ingress': start
[23:19:52.396] [bmv2] [T] [thread 4806] [47.0] [cxt 0] Applying table 'MyIngress.ipv4_lpm'
[23:19:52.396] [bmv2] [D] [thread 4806] [47.0] [cxt 0] Looking up key:
* hdr.ipv4.dstAddr    : 00000000

[23:19:52.396] [bmv2] [D] [thread 4806] [47.0] [cxt 0] Table 'MyIngress.ipv4_lpm': miss
[23:19:52.396] [bmv2] [D] [thread 4806] [47.0] [cxt 0] Action entry is MyIngress.drop - 
[23:19:52.396] [bmv2] [T] [thread 4806] [47.0] [cxt 0] Action MyIngress.drop
[23:19:52.396] [bmv2] [T] [thread 4806] [47.0] [cxt 0] basic.p4(78) Primitive mark_to_drop(standard_metadata)
[23:19:52.396] [bmv2] [D] [thread 4806] [47.0] [cxt 0] Pipeline 'ingress': end
[23:19:52.396] [bmv2] [D] [thread 4806] [47.0] [cxt 0] Egress port is 511
[23:19:52.396] [bmv2] [D] [thread 4806] [47.0] [cxt 0] Dropping packet at the end of ingress
[23:19:52.428] [bmv2] [D] [thread 4806] [48.0] [cxt 0] Processing packet received on port 2
[23:19:52.428] [bmv2] [D] [thread 4806] [48.0] [cxt 0] Parser 'parser': start
[23:19:52.428] [bmv2] [D] [thread 4806] [48.0] [cxt 0] Parser 'parser' entering state 'start'
[23:19:52.428] [bmv2] [D] [thread 4806] [48.0] [cxt 0] Parser state 'start' has no switch, going to default next state
[23:19:52.429] [bmv2] [T] [thread 4806] [48.0] [cxt 0] Bytes parsed: 0
[23:19:52.429] [bmv2] [D] [thread 4806] [48.0] [cxt 0] Parser 'parser': end
[23:19:52.429] [bmv2] [D] [thread 4806] [48.0] [cxt 0] Pipeline 'ingress': start
[23:19:52.429] [bmv2] [T] [thread 4806] [48.0] [cxt 0] Applying table 'MyIngress.ipv4_lpm'
[23:19:52.429] [bmv2] [D] [thread 4806] [48.0] [cxt 0] Looking up key:
* hdr.ipv4.dstAddr    : 00000000

[23:19:52.429] [bmv2] [D] [thread 4806] [48.0] [cxt 0] Table 'MyIngress.ipv4_lpm': miss
[23:19:52.429] [bmv2] [D] [thread 4806] [48.0] [cxt 0] Action entry is MyIngress.drop - 
[23:19:52.429] [bmv2] [T] [thread 4806] [48.0] [cxt 0] Action MyIngress.drop
[23:19:52.429] [bmv2] [T] [thread 4806] [48.0] [cxt 0] basic.p4(78) Primitive mark_to_drop(standard_metadata)
[23:19:52.429] [bmv2] [D] [thread 4806] [48.0] [cxt 0] Pipeline 'ingress': end
[23:19:52.429] [bmv2] [D] [thread 4806] [48.0] [cxt 0] Egress port is 511
[23:19:52.430] [bmv2] [D] [thread 4806] [48.0] [cxt 0] Dropping packet at the end of ingress
[23:19:52.608] [bmv2] [D] [thread 4806] [49.0] [cxt 0] Processing packet received on port 2
[23:19:52.608] [bmv2] [D] [thread 4806] [49.0] [cxt 0] Parser 'parser': start
[23:19:52.608] [bmv2] [D] [thread 4806] [49.0] [cxt 0] Parser 'parser' entering state 'start'
[23:19:52.608] [bmv2] [D] [thread 4806] [49.0] [cxt 0] Parser state 'start' has no switch, going to default next state
[23:19:52.608] [bmv2] [T] [thread 4806] [49.0] [cxt 0] Bytes parsed: 0
[23:19:52.608] [bmv2] [D] [thread 4806] [49.0] [cxt 0] Parser 'parser': end
[23:19:52.608] [bmv2] [D] [thread 4806] [49.0] [cxt 0] Pipeline 'ingress': start
[23:19:52.608] [bmv2] [T] [thread 4806] [49.0] [cxt 0] Applying table 'MyIngress.ipv4_lpm'
[23:19:52.608] [bmv2] [D] [thread 4806] [49.0] [cxt 0] Looking up key:
* hdr.ipv4.dstAddr    : 00000000

[23:19:52.608] [bmv2] [D] [thread 4806] [49.0] [cxt 0] Table 'MyIngress.ipv4_lpm': miss
[23:19:52.608] [bmv2] [D] [thread 4806] [49.0] [cxt 0] Action entry is MyIngress.drop - 
[23:19:52.608] [bmv2] [T] [thread 4806] [49.0] [cxt 0] Action MyIngress.drop
[23:19:52.608] [bmv2] [T] [thread 4806] [49.0] [cxt 0] basic.p4(78) Primitive mark_to_drop(standard_metadata)
[23:19:52.609] [bmv2] [D] [thread 4806] [49.0] [cxt 0] Pipeline 'ingress': end
[23:19:52.609] [bmv2] [D] [thread 4806] [49.0] [cxt 0] Egress port is 511
[23:19:52.609] [bmv2] [D] [thread 4806] [49.0] [cxt 0] Dropping packet at the end of ingress
[23:19:52.621] [bmv2] [D] [thread 4806] [50.0] [cxt 0] Processing packet received on port 2
[23:19:52.621] [bmv2] [D] [thread 4806] [50.0] [cxt 0] Parser 'parser': start
[23:19:52.621] [bmv2] [D] [thread 4806] [50.0] [cxt 0] Parser 'parser' entering state 'start'
[23:19:52.621] [bmv2] [D] [thread 4806] [50.0] [cxt 0] Parser state 'start' has no switch, going to default next state
[23:19:52.621] [bmv2] [T] [thread 4806] [50.0] [cxt 0] Bytes parsed: 0
[23:19:52.621] [bmv2] [D] [thread 4806] [50.0] [cxt 0] Parser 'parser': end
[23:19:52.621] [bmv2] [D] [thread 4806] [50.0] [cxt 0] Pipeline 'ingress': start
[23:19:52.621] [bmv2] [T] [thread 4806] [50.0] [cxt 0] Applying table 'MyIngress.ipv4_lpm'
[23:19:52.621] [bmv2] [D] [thread 4806] [50.0] [cxt 0] Looking up key:
* hdr.ipv4.dstAddr    : 00000000

[23:19:52.621] [bmv2] [D] [thread 4806] [50.0] [cxt 0] Table 'MyIngress.ipv4_lpm': miss
[23:19:52.621] [bmv2] [D] [thread 4806] [50.0] [cxt 0] Action entry is MyIngress.drop - 
[23:19:52.621] [bmv2] [T] [thread 4806] [50.0] [cxt 0] Action MyIngress.drop
[23:19:52.621] [bmv2] [T] [thread 4806] [50.0] [cxt 0] basic.p4(78) Primitive mark_to_drop(standard_metadata)
[23:19:52.621] [bmv2] [D] [thread 4806] [50.0] [cxt 0] Pipeline 'ingress': end
[23:19:52.621] [bmv2] [D] [thread 4806] [50.0] [cxt 0] Egress port is 511
[23:19:52.621] [bmv2] [D] [thread 4806] [50.0] [cxt 0] Dropping packet at the end of ingress
[23:19:52.849] [bmv2] [D] [thread 4806] [51.0] [cxt 0] Processing packet received on port 1
[23:19:52.849] [bmv2] [D] [thread 4806] [51.0] [cxt 0] Parser 'parser': start
[23:19:52.849] [bmv2] [D] [thread 4806] [51.0] [cxt 0] Parser 'parser' entering state 'start'
[23:19:52.849] [bmv2] [D] [thread 4806] [51.0] [cxt 0] Parser state 'start' has no switch, going to default next state
[23:19:52.849] [bmv2] [T] [thread 4806] [51.0] [cxt 0] Bytes parsed: 0
[23:19:52.849] [bmv2] [D] [thread 4806] [51.0] [cxt 0] Parser 'parser': end
[23:19:52.849] [bmv2] [D] [thread 4806] [51.0] [cxt 0] Pipeline 'ingress': start
[23:19:52.849] [bmv2] [T] [thread 4806] [51.0] [cxt 0] Applying table 'MyIngress.ipv4_lpm'
[23:19:52.849] [bmv2] [D] [thread 4806] [51.0] [cxt 0] Looking up key:
* hdr.ipv4.dstAddr    : 00000000

[23:19:52.849] [bmv2] [D] [thread 4806] [51.0] [cxt 0] Table 'MyIngress.ipv4_lpm': miss
[23:19:52.849] [bmv2] [D] [thread 4806] [51.0] [cxt 0] Action entry is MyIngress.drop - 
[23:19:52.849] [bmv2] [T] [thread 4806] [51.0] [cxt 0] Action MyIngress.drop
[23:19:52.849] [bmv2] [T] [thread 4806] [51.0] [cxt 0] basic.p4(78) Primitive mark_to_drop(standard_metadata)
[23:19:52.850] [bmv2] [D] [thread 4806] [51.0] [cxt 0] Pipeline 'ingress': end
[23:19:52.850] [bmv2] [D] [thread 4806] [51.0] [cxt 0] Egress port is 511
[23:19:52.850] [bmv2] [D] [thread 4806] [51.0] [cxt 0] Dropping packet at the end of ingress
[23:19:53.047] [bmv2] [D] [thread 4806] [52.0] [cxt 0] Processing packet received on port 1
[23:19:53.047] [bmv2] [D] [thread 4806] [52.0] [cxt 0] Parser 'parser': start
[23:19:53.047] [bmv2] [D] [thread 4806] [52.0] [cxt 0] Parser 'parser' entering state 'start'
[23:19:53.047] [bmv2] [D] [thread 4806] [52.0] [cxt 0] Parser state 'start' has no switch, going to default next state
[23:19:53.047] [bmv2] [T] [thread 4806] [52.0] [cxt 0] Bytes parsed: 0
[23:19:53.047] [bmv2] [D] [thread 4806] [52.0] [cxt 0] Parser 'parser': end
[23:19:53.047] [bmv2] [D] [thread 4806] [52.0] [cxt 0] Pipeline 'ingress': start
[23:19:53.047] [bmv2] [T] [thread 4806] [52.0] [cxt 0] Applying table 'MyIngress.ipv4_lpm'
[23:19:53.047] [bmv2] [D] [thread 4806] [52.0] [cxt 0] Looking up key:
* hdr.ipv4.dstAddr    : 00000000

[23:19:53.047] [bmv2] [D] [thread 4806] [52.0] [cxt 0] Table 'MyIngress.ipv4_lpm': miss
[23:19:53.047] [bmv2] [D] [thread 4806] [52.0] [cxt 0] Action entry is MyIngress.drop - 
[23:19:53.047] [bmv2] [T] [thread 4806] [52.0] [cxt 0] Action MyIngress.drop
[23:19:53.047] [bmv2] [T] [thread 4806] [52.0] [cxt 0] basic.p4(78) Primitive mark_to_drop(standard_metadata)
[23:19:53.047] [bmv2] [D] [thread 4806] [52.0] [cxt 0] Pipeline 'ingress': end
[23:19:53.047] [bmv2] [D] [thread 4806] [52.0] [cxt 0] Egress port is 511
[23:19:53.047] [bmv2] [D] [thread 4806] [52.0] [cxt 0] Dropping packet at the end of ingress
open: No such file or directory
open: No such file or directory
open: No such file or directory
open: No such file or directory
