Calling target program-options parser
[23:19:48.755] [bmv2] [D] [thread 4815] Set default default entry for table 'MyIngress.ipv4_lpm': NoAction - 
Adding interface s4-eth1 as port 1
[23:19:48.755] [bmv2] [D] [thread 4815] Adding interface s4-eth1 as port 1
Adding interface s4-eth2 as port 2
[23:19:48.769] [bmv2] [D] [thread 4815] Adding interface s4-eth2 as port 2
I1024 23:19:48.801614128    4815 server_builder.cc:247]      Synchronous server. Num CQs: 1, Min pollers: 1, Max Pollers: 2147483647, CQ timeout (msec): 1000
Server listening on 0.0.0.0:50054
[23:19:48.807] [bmv2] [I] [thread 4815] Starting Thrift server on port 9093
[23:19:48.808] [bmv2] [I] [thread 4815] Thrift server was started
[23:19:48.816] [bmv2] [D] [thread 4822] [0.0] [cxt 0] Processing packet received on port 1
[23:19:48.816] [bmv2] [D] [thread 4822] [0.0] [cxt 0] Parser 'parser': start
[23:19:48.816] [bmv2] [D] [thread 4822] [0.0] [cxt 0] Parser 'parser' entering state 'start'
[23:19:48.816] [bmv2] [D] [thread 4822] [0.0] [cxt 0] Parser state 'start' has no switch, going to default next state
[23:19:48.816] [bmv2] [T] [thread 4822] [0.0] [cxt 0] Bytes parsed: 0
[23:19:48.816] [bmv2] [D] [thread 4822] [0.0] [cxt 0] Parser 'parser': end
[23:19:48.816] [bmv2] [D] [thread 4822] [0.0] [cxt 0] Pipeline 'ingress': start
[23:19:48.816] [bmv2] [T] [thread 4822] [0.0] [cxt 0] Applying table 'MyIngress.ipv4_lpm'
[23:19:48.816] [bmv2] [D] [thread 4822] [0.0] [cxt 0] Looking up key:
* hdr.ipv4.dstAddr    : 00000000

[23:19:48.816] [bmv2] [D] [thread 4822] [0.0] [cxt 0] Table 'MyIngress.ipv4_lpm': miss
[23:19:48.816] [bmv2] [D] [thread 4822] [0.0] [cxt 0] Action entry is NoAction - 
[23:19:48.816] [bmv2] [T] [thread 4822] [0.0] [cxt 0] Action NoAction
[23:19:48.816] [bmv2] [D] [thread 4822] [0.0] [cxt 0] Pipeline 'ingress': end
[23:19:48.816] [bmv2] [D] [thread 4822] [0.0] [cxt 0] Egress port is 0
[23:19:48.816] [bmv2] [D] [thread 4822] [1.0] [cxt 0] Processing packet received on port 1
[23:19:48.816] [bmv2] [D] [thread 4822] [1.0] [cxt 0] Parser 'parser': start
[23:19:48.816] [bmv2] [D] [thread 4822] [1.0] [cxt 0] Parser 'parser' entering state 'start'
[23:19:48.816] [bmv2] [D] [thread 4822] [1.0] [cxt 0] Parser state 'start' has no switch, going to default next state
[23:19:48.816] [bmv2] [T] [thread 4822] [1.0] [cxt 0] Bytes parsed: 0
[23:19:48.816] [bmv2] [D] [thread 4822] [1.0] [cxt 0] Parser 'parser': end
[23:19:48.816] [bmv2] [D] [thread 4822] [1.0] [cxt 0] Pipeline 'ingress': start
[23:19:48.816] [bmv2] [T] [thread 4822] [1.0] [cxt 0] Applying table 'MyIngress.ipv4_lpm'
[23:19:48.816] [bmv2] [D] [thread 4822] [1.0] [cxt 0] Looking up key:
* hdr.ipv4.dstAddr    : 00000000

[23:19:48.816] [bmv2] [D] [thread 4822] [1.0] [cxt 0] Table 'MyIngress.ipv4_lpm': miss
[23:19:48.816] [bmv2] [D] [thread 4822] [1.0] [cxt 0] Action entry is NoAction - 
[23:19:48.816] [bmv2] [T] [thread 4822] [1.0] [cxt 0] Action NoAction
[23:19:48.816] [bmv2] [D] [thread 4822] [1.0] [cxt 0] Pipeline 'ingress': end
[23:19:48.816] [bmv2] [D] [thread 4822] [1.0] [cxt 0] Egress port is 0
[23:19:48.816] [bmv2] [D] [thread 4823] [0.0] [cxt 0] Pipeline 'egress': start
[23:19:48.816] [bmv2] [D] [thread 4823] [0.0] [cxt 0] Pipeline 'egress': end
[23:19:48.816] [bmv2] [D] [thread 4823] [0.0] [cxt 0] Deparser 'deparser': start
[23:19:48.816] [bmv2] [T] [thread 4823] [0.0] [cxt 0] Skipping checksum 'cksum' update because condition not met
[23:19:48.817] [bmv2] [D] [thread 4823] [0.0] [cxt 0] Deparser 'deparser': end
[23:19:48.817] [bmv2] [D] [thread 4823] [1.0] [cxt 0] Pipeline 'egress': start
[23:19:48.817] [bmv2] [D] [thread 4823] [1.0] [cxt 0] Pipeline 'egress': end
[23:19:48.817] [bmv2] [D] [thread 4823] [1.0] [cxt 0] Deparser 'deparser': start
[23:19:48.817] [bmv2] [T] [thread 4823] [1.0] [cxt 0] Skipping checksum 'cksum' update because condition not met
[23:19:48.817] [bmv2] [D] [thread 4823] [1.0] [cxt 0] Deparser 'deparser': end
[23:19:48.817] [bmv2] [D] [thread 4827] [0.0] [cxt 0] Transmitting packet of size 90 out of port 0
[23:19:48.817] [bmv2] [D] [thread 4827] [1.0] [cxt 0] Transmitting packet of size 70 out of port 0
[23:19:48.817] [bmv2] [D] [thread 4822] [2.0] [cxt 0] Processing packet received on port 1
[23:19:48.817] [bmv2] [D] [thread 4822] [2.0] [cxt 0] Parser 'parser': start
[23:19:48.817] [bmv2] [D] [thread 4822] [2.0] [cxt 0] Parser 'parser' entering state 'start'
[23:19:48.817] [bmv2] [D] [thread 4822] [2.0] [cxt 0] Parser state 'start' has no switch, going to default next state
[23:19:48.817] [bmv2] [T] [thread 4822] [2.0] [cxt 0] Bytes parsed: 0
[23:19:48.817] [bmv2] [D] [thread 4822] [2.0] [cxt 0] Parser 'parser': end
[23:19:48.817] [bmv2] [D] [thread 4822] [2.0] [cxt 0] Pipeline 'ingress': start
[23:19:48.817] [bmv2] [T] [thread 4822] [2.0] [cxt 0] Applying table 'MyIngress.ipv4_lpm'
[23:19:48.817] [bmv2] [D] [thread 4822] [2.0] [cxt 0] Looking up key:
* hdr.ipv4.dstAddr    : 00000000

[23:19:48.817] [bmv2] [D] [thread 4822] [2.0] [cxt 0] Table 'MyIngress.ipv4_lpm': miss
[23:19:48.817] [bmv2] [D] [thread 4822] [2.0] [cxt 0] Action entry is NoAction - 
[23:19:48.817] [bmv2] [T] [thread 4822] [2.0] [cxt 0] Action NoAction
[23:19:48.817] [bmv2] [D] [thread 4822] [2.0] [cxt 0] Pipeline 'ingress': end
[23:19:48.817] [bmv2] [D] [thread 4822] [2.0] [cxt 0] Egress port is 0
[23:19:48.817] [bmv2] [D] [thread 4823] [2.0] [cxt 0] Pipeline 'egress': start
[23:19:48.817] [bmv2] [D] [thread 4823] [2.0] [cxt 0] Pipeline 'egress': end
[23:19:48.817] [bmv2] [D] [thread 4823] [2.0] [cxt 0] Deparser 'deparser': start
[23:19:48.817] [bmv2] [T] [thread 4823] [2.0] [cxt 0] Skipping checksum 'cksum' update because condition not met
[23:19:48.817] [bmv2] [D] [thread 4823] [2.0] [cxt 0] Deparser 'deparser': end
[23:19:48.817] [bmv2] [D] [thread 4827] [2.0] [cxt 0] Transmitting packet of size 90 out of port 0
[23:19:48.832] [bmv2] [D] [thread 4822] [3.0] [cxt 0] Processing packet received on port 2
[23:19:48.832] [bmv2] [D] [thread 4822] [3.0] [cxt 0] Parser 'parser': start
[23:19:48.832] [bmv2] [D] [thread 4822] [3.0] [cxt 0] Parser 'parser' entering state 'start'
[23:19:48.832] [bmv2] [D] [thread 4822] [3.0] [cxt 0] Parser state 'start' has no switch, going to default next state
[23:19:48.832] [bmv2] [T] [thread 4822] [3.0] [cxt 0] Bytes parsed: 0
[23:19:48.832] [bmv2] [D] [thread 4822] [3.0] [cxt 0] Parser 'parser': end
[23:19:48.832] [bmv2] [D] [thread 4822] [3.0] [cxt 0] Pipeline 'ingress': start
[23:19:48.832] [bmv2] [T] [thread 4822] [3.0] [cxt 0] Applying table 'MyIngress.ipv4_lpm'
[23:19:48.832] [bmv2] [D] [thread 4822] [3.0] [cxt 0] Looking up key:
* hdr.ipv4.dstAddr    : 00000000

[23:19:48.832] [bmv2] [D] [thread 4822] [3.0] [cxt 0] Table 'MyIngress.ipv4_lpm': miss
[23:19:48.832] [bmv2] [D] [thread 4822] [3.0] [cxt 0] Action entry is NoAction - 
[23:19:48.832] [bmv2] [T] [thread 4822] [3.0] [cxt 0] Action NoAction
[23:19:48.832] [bmv2] [D] [thread 4822] [3.0] [cxt 0] Pipeline 'ingress': end
[23:19:48.832] [bmv2] [D] [thread 4822] [3.0] [cxt 0] Egress port is 0
[23:19:48.832] [bmv2] [D] [thread 4823] [3.0] [cxt 0] Pipeline 'egress': start
[23:19:48.832] [bmv2] [D] [thread 4823] [3.0] [cxt 0] Pipeline 'egress': end
[23:19:48.832] [bmv2] [D] [thread 4823] [3.0] [cxt 0] Deparser 'deparser': start
[23:19:48.832] [bmv2] [T] [thread 4823] [3.0] [cxt 0] Skipping checksum 'cksum' update because condition not met
[23:19:48.832] [bmv2] [D] [thread 4823] [3.0] [cxt 0] Deparser 'deparser': end
[23:19:48.832] [bmv2] [D] [thread 4827] [3.0] [cxt 0] Transmitting packet of size 107 out of port 0
[23:19:48.840] [bmv2] [D] [thread 4822] [4.0] [cxt 0] Processing packet received on port 2
[23:19:48.840] [bmv2] [D] [thread 4822] [4.0] [cxt 0] Parser 'parser': start
[23:19:48.840] [bmv2] [D] [thread 4822] [4.0] [cxt 0] Parser 'parser' entering state 'start'
[23:19:48.840] [bmv2] [D] [thread 4822] [4.0] [cxt 0] Parser state 'start' has no switch, going to default next state
[23:19:48.840] [bmv2] [T] [thread 4822] [4.0] [cxt 0] Bytes parsed: 0
[23:19:48.840] [bmv2] [D] [thread 4822] [4.0] [cxt 0] Parser 'parser': end
[23:19:48.840] [bmv2] [D] [thread 4822] [4.0] [cxt 0] Pipeline 'ingress': start
[23:19:48.840] [bmv2] [T] [thread 4822] [4.0] [cxt 0] Applying table 'MyIngress.ipv4_lpm'
[23:19:48.840] [bmv2] [D] [thread 4822] [4.0] [cxt 0] Looking up key:
* hdr.ipv4.dstAddr    : 00000000

[23:19:48.840] [bmv2] [D] [thread 4822] [4.0] [cxt 0] Table 'MyIngress.ipv4_lpm': miss
[23:19:48.840] [bmv2] [D] [thread 4822] [4.0] [cxt 0] Action entry is NoAction - 
[23:19:48.840] [bmv2] [T] [thread 4822] [4.0] [cxt 0] Action NoAction
[23:19:48.840] [bmv2] [D] [thread 4822] [4.0] [cxt 0] Pipeline 'ingress': end
[23:19:48.840] [bmv2] [D] [thread 4822] [4.0] [cxt 0] Egress port is 0
[23:19:48.840] [bmv2] [D] [thread 4823] [4.0] [cxt 0] Pipeline 'egress': start
[23:19:48.840] [bmv2] [D] [thread 4823] [4.0] [cxt 0] Pipeline 'egress': end
[23:19:48.840] [bmv2] [D] [thread 4823] [4.0] [cxt 0] Deparser 'deparser': start
[23:19:48.840] [bmv2] [T] [thread 4823] [4.0] [cxt 0] Skipping checksum 'cksum' update because condition not met
[23:19:48.840] [bmv2] [D] [thread 4823] [4.0] [cxt 0] Deparser 'deparser': end
[23:19:48.840] [bmv2] [D] [thread 4827] [4.0] [cxt 0] Transmitting packet of size 90 out of port 0
[23:19:48.853] [bmv2] [D] [thread 4822] [5.0] [cxt 0] Processing packet received on port 2
[23:19:48.853] [bmv2] [D] [thread 4822] [5.0] [cxt 0] Parser 'parser': start
[23:19:48.853] [bmv2] [D] [thread 4822] [5.0] [cxt 0] Parser 'parser' entering state 'start'
[23:19:48.853] [bmv2] [D] [thread 4822] [5.0] [cxt 0] Parser state 'start' has no switch, going to default next state
[23:19:48.853] [bmv2] [T] [thread 4822] [5.0] [cxt 0] Bytes parsed: 0
[23:19:48.853] [bmv2] [D] [thread 4822] [5.0] [cxt 0] Parser 'parser': end
[23:19:48.853] [bmv2] [D] [thread 4822] [5.0] [cxt 0] Pipeline 'ingress': start
[23:19:48.853] [bmv2] [T] [thread 4822] [5.0] [cxt 0] Applying table 'MyIngress.ipv4_lpm'
[23:19:48.853] [bmv2] [D] [thread 4822] [5.0] [cxt 0] Looking up key:
* hdr.ipv4.dstAddr    : 00000000

[23:19:48.853] [bmv2] [D] [thread 4822] [5.0] [cxt 0] Table 'MyIngress.ipv4_lpm': miss
[23:19:48.853] [bmv2] [D] [thread 4822] [5.0] [cxt 0] Action entry is NoAction - 
[23:19:48.853] [bmv2] [T] [thread 4822] [5.0] [cxt 0] Action NoAction
[23:19:48.853] [bmv2] [D] [thread 4822] [5.0] [cxt 0] Pipeline 'ingress': end
[23:19:48.853] [bmv2] [D] [thread 4822] [5.0] [cxt 0] Egress port is 0
[23:19:48.853] [bmv2] [D] [thread 4823] [5.0] [cxt 0] Pipeline 'egress': start
[23:19:48.853] [bmv2] [D] [thread 4823] [5.0] [cxt 0] Pipeline 'egress': end
[23:19:48.853] [bmv2] [D] [thread 4823] [5.0] [cxt 0] Deparser 'deparser': start
[23:19:48.853] [bmv2] [T] [thread 4823] [5.0] [cxt 0] Skipping checksum 'cksum' update because condition not met
[23:19:48.853] [bmv2] [D] [thread 4823] [5.0] [cxt 0] Deparser 'deparser': end
[23:19:48.853] [bmv2] [D] [thread 4827] [5.0] [cxt 0] Transmitting packet of size 90 out of port 0
[23:19:48.911] [bmv2] [D] [thread 4822] [6.0] [cxt 0] Processing packet received on port 1
[23:19:48.911] [bmv2] [D] [thread 4822] [6.0] [cxt 0] Parser 'parser': start
[23:19:48.911] [bmv2] [D] [thread 4822] [6.0] [cxt 0] Parser 'parser' entering state 'start'
[23:19:48.911] [bmv2] [D] [thread 4822] [6.0] [cxt 0] Parser state 'start' has no switch, going to default next state
[23:19:48.911] [bmv2] [T] [thread 4822] [6.0] [cxt 0] Bytes parsed: 0
[23:19:48.911] [bmv2] [D] [thread 4822] [6.0] [cxt 0] Parser 'parser': end
[23:19:48.911] [bmv2] [D] [thread 4822] [6.0] [cxt 0] Pipeline 'ingress': start
[23:19:48.911] [bmv2] [T] [thread 4822] [6.0] [cxt 0] Applying table 'MyIngress.ipv4_lpm'
[23:19:48.911] [bmv2] [D] [thread 4822] [6.0] [cxt 0] Looking up key:
* hdr.ipv4.dstAddr    : 00000000

[23:19:48.911] [bmv2] [D] [thread 4822] [6.0] [cxt 0] Table 'MyIngress.ipv4_lpm': miss
[23:19:48.911] [bmv2] [D] [thread 4822] [6.0] [cxt 0] Action entry is NoAction - 
[23:19:48.912] [bmv2] [T] [thread 4822] [6.0] [cxt 0] Action NoAction
[23:19:48.912] [bmv2] [D] [thread 4822] [6.0] [cxt 0] Pipeline 'ingress': end
[23:19:48.912] [bmv2] [D] [thread 4822] [6.0] [cxt 0] Egress port is 0
[23:19:48.912] [bmv2] [D] [thread 4823] [6.0] [cxt 0] Pipeline 'egress': start
[23:19:48.912] [bmv2] [D] [thread 4823] [6.0] [cxt 0] Pipeline 'egress': end
[23:19:48.912] [bmv2] [D] [thread 4823] [6.0] [cxt 0] Deparser 'deparser': start
[23:19:48.912] [bmv2] [T] [thread 4823] [6.0] [cxt 0] Skipping checksum 'cksum' update because condition not met
[23:19:48.912] [bmv2] [D] [thread 4823] [6.0] [cxt 0] Deparser 'deparser': end
[23:19:48.912] [bmv2] [D] [thread 4827] [6.0] [cxt 0] Transmitting packet of size 107 out of port 0
[23:19:48.917] [bmv2] [D] [thread 4822] [7.0] [cxt 0] Processing packet received on port 2
[23:19:48.917] [bmv2] [D] [thread 4822] [7.0] [cxt 0] Parser 'parser': start
[23:19:48.917] [bmv2] [D] [thread 4822] [7.0] [cxt 0] Parser 'parser' entering state 'start'
[23:19:48.917] [bmv2] [D] [thread 4822] [7.0] [cxt 0] Parser state 'start' has no switch, going to default next state
[23:19:48.917] [bmv2] [T] [thread 4822] [7.0] [cxt 0] Bytes parsed: 0
[23:19:48.917] [bmv2] [D] [thread 4822] [7.0] [cxt 0] Parser 'parser': end
[23:19:48.917] [bmv2] [D] [thread 4822] [7.0] [cxt 0] Pipeline 'ingress': start
[23:19:48.917] [bmv2] [T] [thread 4822] [7.0] [cxt 0] Applying table 'MyIngress.ipv4_lpm'
[23:19:48.917] [bmv2] [D] [thread 4822] [7.0] [cxt 0] Looking up key:
* hdr.ipv4.dstAddr    : 00000000

[23:19:48.917] [bmv2] [D] [thread 4822] [7.0] [cxt 0] Table 'MyIngress.ipv4_lpm': miss
[23:19:48.917] [bmv2] [D] [thread 4822] [7.0] [cxt 0] Action entry is NoAction - 
[23:19:48.917] [bmv2] [T] [thread 4822] [7.0] [cxt 0] Action NoAction
[23:19:48.917] [bmv2] [D] [thread 4822] [7.0] [cxt 0] Pipeline 'ingress': end
[23:19:48.917] [bmv2] [D] [thread 4822] [7.0] [cxt 0] Egress port is 0
[23:19:48.917] [bmv2] [D] [thread 4823] [7.0] [cxt 0] Pipeline 'egress': start
[23:19:48.917] [bmv2] [D] [thread 4823] [7.0] [cxt 0] Pipeline 'egress': end
[23:19:48.917] [bmv2] [D] [thread 4823] [7.0] [cxt 0] Deparser 'deparser': start
[23:19:48.917] [bmv2] [T] [thread 4823] [7.0] [cxt 0] Skipping checksum 'cksum' update because condition not met
[23:19:48.917] [bmv2] [D] [thread 4823] [7.0] [cxt 0] Deparser 'deparser': end
[23:19:48.917] [bmv2] [D] [thread 4827] [7.0] [cxt 0] Transmitting packet of size 196 out of port 0
[23:19:48.934] [bmv2] [D] [thread 4822] [8.0] [cxt 0] Processing packet received on port 2
[23:19:48.934] [bmv2] [D] [thread 4822] [8.0] [cxt 0] Parser 'parser': start
[23:19:48.935] [bmv2] [D] [thread 4822] [8.0] [cxt 0] Parser 'parser' entering state 'start'
[23:19:48.935] [bmv2] [D] [thread 4822] [8.0] [cxt 0] Parser state 'start' has no switch, going to default next state
[23:19:48.935] [bmv2] [T] [thread 4822] [8.0] [cxt 0] Bytes parsed: 0
[23:19:48.935] [bmv2] [D] [thread 4822] [8.0] [cxt 0] Parser 'parser': end
[23:19:48.936] [bmv2] [D] [thread 4822] [8.0] [cxt 0] Pipeline 'ingress': start
[23:19:48.936] [bmv2] [T] [thread 4822] [8.0] [cxt 0] Applying table 'MyIngress.ipv4_lpm'
[23:19:48.936] [bmv2] [D] [thread 4822] [8.0] [cxt 0] Looking up key:
* hdr.ipv4.dstAddr    : 00000000

[23:19:48.936] [bmv2] [D] [thread 4822] [8.0] [cxt 0] Table 'MyIngress.ipv4_lpm': miss
[23:19:48.936] [bmv2] [D] [thread 4822] [8.0] [cxt 0] Action entry is NoAction - 
[23:19:48.936] [bmv2] [T] [thread 4822] [8.0] [cxt 0] Action NoAction
[23:19:48.936] [bmv2] [D] [thread 4822] [8.0] [cxt 0] Pipeline 'ingress': end
[23:19:48.936] [bmv2] [D] [thread 4822] [8.0] [cxt 0] Egress port is 0
[23:19:48.936] [bmv2] [D] [thread 4823] [8.0] [cxt 0] Pipeline 'egress': start
[23:19:48.936] [bmv2] [D] [thread 4823] [8.0] [cxt 0] Pipeline 'egress': end
[23:19:48.936] [bmv2] [D] [thread 4823] [8.0] [cxt 0] Deparser 'deparser': start
[23:19:48.936] [bmv2] [T] [thread 4823] [8.0] [cxt 0] Skipping checksum 'cksum' update because condition not met
[23:19:48.936] [bmv2] [D] [thread 4823] [8.0] [cxt 0] Deparser 'deparser': end
[23:19:48.936] [bmv2] [D] [thread 4827] [8.0] [cxt 0] Transmitting packet of size 208 out of port 0
[23:19:49.011] [bmv2] [D] [thread 4822] [9.0] [cxt 0] Processing packet received on port 1
[23:19:49.011] [bmv2] [D] [thread 4822] [9.0] [cxt 0] Parser 'parser': start
[23:19:49.011] [bmv2] [D] [thread 4822] [9.0] [cxt 0] Parser 'parser' entering state 'start'
[23:19:49.011] [bmv2] [D] [thread 4822] [9.0] [cxt 0] Parser state 'start' has no switch, going to default next state
[23:19:49.011] [bmv2] [T] [thread 4822] [9.0] [cxt 0] Bytes parsed: 0
[23:19:49.011] [bmv2] [D] [thread 4822] [9.0] [cxt 0] Parser 'parser': end
[23:19:49.011] [bmv2] [D] [thread 4822] [9.0] [cxt 0] Pipeline 'ingress': start
[23:19:49.011] [bmv2] [T] [thread 4822] [9.0] [cxt 0] Applying table 'MyIngress.ipv4_lpm'
[23:19:49.011] [bmv2] [D] [thread 4822] [9.0] [cxt 0] Looking up key:
* hdr.ipv4.dstAddr    : 00000000

[23:19:49.011] [bmv2] [D] [thread 4822] [9.0] [cxt 0] Table 'MyIngress.ipv4_lpm': miss
[23:19:49.011] [bmv2] [D] [thread 4822] [9.0] [cxt 0] Action entry is NoAction - 
[23:19:49.012] [bmv2] [T] [thread 4822] [9.0] [cxt 0] Action NoAction
[23:19:49.012] [bmv2] [D] [thread 4822] [9.0] [cxt 0] Pipeline 'ingress': end
[23:19:49.012] [bmv2] [D] [thread 4822] [9.0] [cxt 0] Egress port is 0
[23:19:49.012] [bmv2] [D] [thread 4823] [9.0] [cxt 0] Pipeline 'egress': start
[23:19:49.012] [bmv2] [D] [thread 4823] [9.0] [cxt 0] Pipeline 'egress': end
[23:19:49.012] [bmv2] [D] [thread 4823] [9.0] [cxt 0] Deparser 'deparser': start
[23:19:49.012] [bmv2] [T] [thread 4823] [9.0] [cxt 0] Skipping checksum 'cksum' update because condition not met
[23:19:49.012] [bmv2] [D] [thread 4823] [9.0] [cxt 0] Deparser 'deparser': end
[23:19:49.012] [bmv2] [D] [thread 4822] [10.0] [cxt 0] Processing packet received on port 1
[23:19:49.012] [bmv2] [D] [thread 4822] [10.0] [cxt 0] Parser 'parser': start
[23:19:49.012] [bmv2] [D] [thread 4822] [10.0] [cxt 0] Parser 'parser' entering state 'start'
[23:19:49.012] [bmv2] [D] [thread 4822] [10.0] [cxt 0] Parser state 'start' has no switch, going to default next state
[23:19:49.012] [bmv2] [T] [thread 4822] [10.0] [cxt 0] Bytes parsed: 0
[23:19:49.012] [bmv2] [D] [thread 4822] [10.0] [cxt 0] Parser 'parser': end
[23:19:49.012] [bmv2] [D] [thread 4822] [10.0] [cxt 0] Pipeline 'ingress': start
[23:19:49.012] [bmv2] [T] [thread 4822] [10.0] [cxt 0] Applying table 'MyIngress.ipv4_lpm'
[23:19:49.012] [bmv2] [D] [thread 4822] [10.0] [cxt 0] Looking up key:
* hdr.ipv4.dstAddr    : 00000000

[23:19:49.012] [bmv2] [D] [thread 4822] [10.0] [cxt 0] Table 'MyIngress.ipv4_lpm': miss
[23:19:49.012] [bmv2] [D] [thread 4822] [10.0] [cxt 0] Action entry is NoAction - 
[23:19:49.012] [bmv2] [T] [thread 4822] [10.0] [cxt 0] Action NoAction
[23:19:49.012] [bmv2] [D] [thread 4822] [10.0] [cxt 0] Pipeline 'ingress': end
[23:19:49.012] [bmv2] [D] [thread 4822] [10.0] [cxt 0] Egress port is 0
[23:19:49.012] [bmv2] [D] [thread 4823] [10.0] [cxt 0] Pipeline 'egress': start
[23:19:49.012] [bmv2] [D] [thread 4823] [10.0] [cxt 0] Pipeline 'egress': end
[23:19:49.012] [bmv2] [D] [thread 4823] [10.0] [cxt 0] Deparser 'deparser': start
[23:19:49.012] [bmv2] [T] [thread 4823] [10.0] [cxt 0] Skipping checksum 'cksum' update because condition not met
[23:19:49.012] [bmv2] [D] [thread 4823] [10.0] [cxt 0] Deparser 'deparser': end
[23:19:49.013] [bmv2] [D] [thread 4822] [11.0] [cxt 0] Processing packet received on port 1
[23:19:49.013] [bmv2] [D] [thread 4822] [11.0] [cxt 0] Parser 'parser': start
[23:19:49.013] [bmv2] [D] [thread 4822] [11.0] [cxt 0] Parser 'parser' entering state 'start'
[23:19:49.013] [bmv2] [D] [thread 4822] [11.0] [cxt 0] Parser state 'start' has no switch, going to default next state
[23:19:49.014] [bmv2] [T] [thread 4822] [11.0] [cxt 0] Bytes parsed: 0
[23:19:49.014] [bmv2] [D] [thread 4822] [11.0] [cxt 0] Parser 'parser': end
[23:19:49.014] [bmv2] [D] [thread 4822] [11.0] [cxt 0] Pipeline 'ingress': start
[23:19:49.014] [bmv2] [T] [thread 4822] [11.0] [cxt 0] Applying table 'MyIngress.ipv4_lpm'
[23:19:49.014] [bmv2] [D] [thread 4822] [11.0] [cxt 0] Looking up key:
* hdr.ipv4.dstAddr    : 00000000

[23:19:49.014] [bmv2] [D] [thread 4822] [11.0] [cxt 0] Table 'MyIngress.ipv4_lpm': miss
[23:19:49.014] [bmv2] [D] [thread 4822] [11.0] [cxt 0] Action entry is NoAction - 
[23:19:49.014] [bmv2] [T] [thread 4822] [11.0] [cxt 0] Action NoAction
[23:19:49.014] [bmv2] [D] [thread 4822] [11.0] [cxt 0] Pipeline 'ingress': end
[23:19:49.014] [bmv2] [D] [thread 4822] [11.0] [cxt 0] Egress port is 0
[23:19:49.014] [bmv2] [D] [thread 4823] [11.0] [cxt 0] Pipeline 'egress': start
[23:19:49.014] [bmv2] [D] [thread 4823] [11.0] [cxt 0] Pipeline 'egress': end
[23:19:49.014] [bmv2] [D] [thread 4823] [11.0] [cxt 0] Deparser 'deparser': start
[23:19:49.014] [bmv2] [T] [thread 4823] [11.0] [cxt 0] Skipping checksum 'cksum' update because condition not met
[23:19:49.014] [bmv2] [D] [thread 4823] [11.0] [cxt 0] Deparser 'deparser': end
[23:19:49.015] [bmv2] [D] [thread 4827] [9.0] [cxt 0] Transmitting packet of size 90 out of port 0
[23:19:49.015] [bmv2] [D] [thread 4827] [10.0] [cxt 0] Transmitting packet of size 70 out of port 0
[23:19:49.015] [bmv2] [D] [thread 4827] [11.0] [cxt 0] Transmitting packet of size 208 out of port 0
[23:19:49.021] [bmv2] [D] [thread 4822] [12.0] [cxt 0] Processing packet received on port 1
[23:19:49.021] [bmv2] [D] [thread 4822] [12.0] [cxt 0] Parser 'parser': start
[23:19:49.021] [bmv2] [D] [thread 4822] [12.0] [cxt 0] Parser 'parser' entering state 'start'
[23:19:49.021] [bmv2] [D] [thread 4822] [12.0] [cxt 0] Parser state 'start' has no switch, going to default next state
[23:19:49.021] [bmv2] [T] [thread 4822] [12.0] [cxt 0] Bytes parsed: 0
[23:19:49.021] [bmv2] [D] [thread 4822] [12.0] [cxt 0] Parser 'parser': end
[23:19:49.021] [bmv2] [D] [thread 4822] [12.0] [cxt 0] Pipeline 'ingress': start
[23:19:49.021] [bmv2] [T] [thread 4822] [12.0] [cxt 0] Applying table 'MyIngress.ipv4_lpm'
[23:19:49.021] [bmv2] [D] [thread 4822] [12.0] [cxt 0] Looking up key:
* hdr.ipv4.dstAddr    : 00000000

[23:19:49.021] [bmv2] [D] [thread 4822] [12.0] [cxt 0] Table 'MyIngress.ipv4_lpm': miss
[23:19:49.021] [bmv2] [D] [thread 4822] [12.0] [cxt 0] Action entry is NoAction - 
[23:19:49.021] [bmv2] [T] [thread 4822] [12.0] [cxt 0] Action NoAction
[23:19:49.021] [bmv2] [D] [thread 4822] [12.0] [cxt 0] Pipeline 'ingress': end
[23:19:49.021] [bmv2] [D] [thread 4822] [12.0] [cxt 0] Egress port is 0
[23:19:49.021] [bmv2] [D] [thread 4823] [12.0] [cxt 0] Pipeline 'egress': start
[23:19:49.021] [bmv2] [D] [thread 4823] [12.0] [cxt 0] Pipeline 'egress': end
[23:19:49.021] [bmv2] [D] [thread 4823] [12.0] [cxt 0] Deparser 'deparser': start
[23:19:49.021] [bmv2] [T] [thread 4823] [12.0] [cxt 0] Skipping checksum 'cksum' update because condition not met
[23:19:49.021] [bmv2] [D] [thread 4823] [12.0] [cxt 0] Deparser 'deparser': end
[23:19:49.021] [bmv2] [D] [thread 4827] [12.0] [cxt 0] Transmitting packet of size 90 out of port 0
[23:19:49.116] [bmv2] [D] [thread 4822] [13.0] [cxt 0] Processing packet received on port 2
[23:19:49.116] [bmv2] [D] [thread 4822] [13.0] [cxt 0] Parser 'parser': start
[23:19:49.116] [bmv2] [D] [thread 4822] [13.0] [cxt 0] Parser 'parser' entering state 'start'
[23:19:49.116] [bmv2] [D] [thread 4822] [13.0] [cxt 0] Parser state 'start' has no switch, going to default next state
[23:19:49.116] [bmv2] [T] [thread 4822] [13.0] [cxt 0] Bytes parsed: 0
[23:19:49.116] [bmv2] [D] [thread 4822] [13.0] [cxt 0] Parser 'parser': end
[23:19:49.116] [bmv2] [D] [thread 4822] [13.0] [cxt 0] Pipeline 'ingress': start
[23:19:49.116] [bmv2] [T] [thread 4822] [13.0] [cxt 0] Applying table 'MyIngress.ipv4_lpm'
[23:19:49.116] [bmv2] [D] [thread 4822] [13.0] [cxt 0] Looking up key:
* hdr.ipv4.dstAddr    : 00000000

[23:19:49.116] [bmv2] [D] [thread 4822] [13.0] [cxt 0] Table 'MyIngress.ipv4_lpm': miss
[23:19:49.116] [bmv2] [D] [thread 4822] [13.0] [cxt 0] Action entry is NoAction - 
[23:19:49.116] [bmv2] [T] [thread 4822] [13.0] [cxt 0] Action NoAction
[23:19:49.116] [bmv2] [D] [thread 4822] [13.0] [cxt 0] Pipeline 'ingress': end
[23:19:49.116] [bmv2] [D] [thread 4822] [13.0] [cxt 0] Egress port is 0
[23:19:49.116] [bmv2] [D] [thread 4823] [13.0] [cxt 0] Pipeline 'egress': start
[23:19:49.116] [bmv2] [D] [thread 4823] [13.0] [cxt 0] Pipeline 'egress': end
[23:19:49.116] [bmv2] [D] [thread 4823] [13.0] [cxt 0] Deparser 'deparser': start
[23:19:49.116] [bmv2] [T] [thread 4823] [13.0] [cxt 0] Skipping checksum 'cksum' update because condition not met
[23:19:49.116] [bmv2] [D] [thread 4823] [13.0] [cxt 0] Deparser 'deparser': end
[23:19:49.117] [bmv2] [D] [thread 4827] [13.0] [cxt 0] Transmitting packet of size 107 out of port 0
[23:19:49.118] [bmv2] [D] [thread 4822] [14.0] [cxt 0] Processing packet received on port 1
[23:19:49.118] [bmv2] [D] [thread 4822] [14.0] [cxt 0] Parser 'parser': start
[23:19:49.118] [bmv2] [D] [thread 4822] [14.0] [cxt 0] Parser 'parser' entering state 'start'
[23:19:49.118] [bmv2] [D] [thread 4822] [14.0] [cxt 0] Parser state 'start' has no switch, going to default next state
[23:19:49.118] [bmv2] [T] [thread 4822] [14.0] [cxt 0] Bytes parsed: 0
[23:19:49.118] [bmv2] [D] [thread 4822] [14.0] [cxt 0] Parser 'parser': end
[23:19:49.118] [bmv2] [D] [thread 4822] [14.0] [cxt 0] Pipeline 'ingress': start
[23:19:49.118] [bmv2] [T] [thread 4822] [14.0] [cxt 0] Applying table 'MyIngress.ipv4_lpm'
[23:19:49.118] [bmv2] [D] [thread 4822] [14.0] [cxt 0] Looking up key:
* hdr.ipv4.dstAddr    : 00000000

[23:19:49.118] [bmv2] [D] [thread 4822] [14.0] [cxt 0] Table 'MyIngress.ipv4_lpm': miss
[23:19:49.118] [bmv2] [D] [thread 4822] [14.0] [cxt 0] Action entry is NoAction - 
[23:19:49.118] [bmv2] [T] [thread 4822] [14.0] [cxt 0] Action NoAction
[23:19:49.118] [bmv2] [D] [thread 4822] [14.0] [cxt 0] Pipeline 'ingress': end
[23:19:49.118] [bmv2] [D] [thread 4822] [14.0] [cxt 0] Egress port is 0
[23:19:49.118] [bmv2] [D] [thread 4823] [14.0] [cxt 0] Pipeline 'egress': start
[23:19:49.118] [bmv2] [D] [thread 4823] [14.0] [cxt 0] Pipeline 'egress': end
[23:19:49.118] [bmv2] [D] [thread 4823] [14.0] [cxt 0] Deparser 'deparser': start
[23:19:49.118] [bmv2] [T] [thread 4823] [14.0] [cxt 0] Skipping checksum 'cksum' update because condition not met
[23:19:49.118] [bmv2] [D] [thread 4823] [14.0] [cxt 0] Deparser 'deparser': end
[23:19:49.119] [bmv2] [D] [thread 4827] [14.0] [cxt 0] Transmitting packet of size 107 out of port 0
[23:19:49.184] [bmv2] [D] [thread 4822] [15.0] [cxt 0] Processing packet received on port 2
[23:19:49.184] [bmv2] [D] [thread 4822] [15.0] [cxt 0] Parser 'parser': start
[23:19:49.184] [bmv2] [D] [thread 4822] [15.0] [cxt 0] Parser 'parser' entering state 'start'
[23:19:49.184] [bmv2] [D] [thread 4822] [15.0] [cxt 0] Parser state 'start' has no switch, going to default next state
[23:19:49.184] [bmv2] [T] [thread 4822] [15.0] [cxt 0] Bytes parsed: 0
[23:19:49.184] [bmv2] [D] [thread 4822] [15.0] [cxt 0] Parser 'parser': end
[23:19:49.184] [bmv2] [D] [thread 4822] [15.0] [cxt 0] Pipeline 'ingress': start
[23:19:49.184] [bmv2] [T] [thread 4822] [15.0] [cxt 0] Applying table 'MyIngress.ipv4_lpm'
[23:19:49.184] [bmv2] [D] [thread 4822] [15.0] [cxt 0] Looking up key:
* hdr.ipv4.dstAddr    : 00000000

[23:19:49.184] [bmv2] [D] [thread 4822] [15.0] [cxt 0] Table 'MyIngress.ipv4_lpm': miss
[23:19:49.184] [bmv2] [D] [thread 4822] [15.0] [cxt 0] Action entry is NoAction - 
[23:19:49.184] [bmv2] [T] [thread 4822] [15.0] [cxt 0] Action NoAction
[23:19:49.184] [bmv2] [D] [thread 4822] [15.0] [cxt 0] Pipeline 'ingress': end
[23:19:49.184] [bmv2] [D] [thread 4822] [15.0] [cxt 0] Egress port is 0
[23:19:49.184] [bmv2] [D] [thread 4823] [15.0] [cxt 0] Pipeline 'egress': start
[23:19:49.184] [bmv2] [D] [thread 4823] [15.0] [cxt 0] Pipeline 'egress': end
[23:19:49.184] [bmv2] [D] [thread 4823] [15.0] [cxt 0] Deparser 'deparser': start
[23:19:49.184] [bmv2] [T] [thread 4823] [15.0] [cxt 0] Skipping checksum 'cksum' update because condition not met
[23:19:49.184] [bmv2] [D] [thread 4823] [15.0] [cxt 0] Deparser 'deparser': end
[23:19:49.184] [bmv2] [D] [thread 4827] [15.0] [cxt 0] Transmitting packet of size 208 out of port 0
[23:19:49.185] [bmv2] [D] [thread 4822] [16.0] [cxt 0] Processing packet received on port 1
[23:19:49.185] [bmv2] [D] [thread 4822] [16.0] [cxt 0] Parser 'parser': start
[23:19:49.185] [bmv2] [D] [thread 4822] [16.0] [cxt 0] Parser 'parser' entering state 'start'
[23:19:49.185] [bmv2] [D] [thread 4822] [16.0] [cxt 0] Parser state 'start' has no switch, going to default next state
[23:19:49.185] [bmv2] [T] [thread 4822] [16.0] [cxt 0] Bytes parsed: 0
[23:19:49.185] [bmv2] [D] [thread 4822] [16.0] [cxt 0] Parser 'parser': end
[23:19:49.185] [bmv2] [D] [thread 4822] [16.0] [cxt 0] Pipeline 'ingress': start
[23:19:49.185] [bmv2] [T] [thread 4822] [16.0] [cxt 0] Applying table 'MyIngress.ipv4_lpm'
[23:19:49.185] [bmv2] [D] [thread 4822] [16.0] [cxt 0] Looking up key:
* hdr.ipv4.dstAddr    : 00000000

[23:19:49.185] [bmv2] [D] [thread 4822] [16.0] [cxt 0] Table 'MyIngress.ipv4_lpm': miss
[23:19:49.185] [bmv2] [D] [thread 4822] [16.0] [cxt 0] Action entry is NoAction - 
[23:19:49.185] [bmv2] [T] [thread 4822] [16.0] [cxt 0] Action NoAction
[23:19:49.185] [bmv2] [D] [thread 4822] [16.0] [cxt 0] Pipeline 'ingress': end
[23:19:49.185] [bmv2] [D] [thread 4822] [16.0] [cxt 0] Egress port is 0
[23:19:49.186] [bmv2] [D] [thread 4823] [16.0] [cxt 0] Pipeline 'egress': start
[23:19:49.186] [bmv2] [D] [thread 4823] [16.0] [cxt 0] Pipeline 'egress': end
[23:19:49.186] [bmv2] [D] [thread 4823] [16.0] [cxt 0] Deparser 'deparser': start
[23:19:49.186] [bmv2] [T] [thread 4823] [16.0] [cxt 0] Skipping checksum 'cksum' update because condition not met
[23:19:49.186] [bmv2] [D] [thread 4823] [16.0] [cxt 0] Deparser 'deparser': end
[23:19:49.186] [bmv2] [D] [thread 4827] [16.0] [cxt 0] Transmitting packet of size 90 out of port 0
[23:19:49.222] [bmv2] [D] [thread 4822] [17.0] [cxt 0] Processing packet received on port 1
[23:19:49.222] [bmv2] [D] [thread 4822] [17.0] [cxt 0] Parser 'parser': start
[23:19:49.222] [bmv2] [D] [thread 4822] [17.0] [cxt 0] Parser 'parser' entering state 'start'
[23:19:49.222] [bmv2] [D] [thread 4822] [17.0] [cxt 0] Parser state 'start' has no switch, going to default next state
[23:19:49.222] [bmv2] [T] [thread 4822] [17.0] [cxt 0] Bytes parsed: 0
[23:19:49.222] [bmv2] [D] [thread 4822] [17.0] [cxt 0] Parser 'parser': end
[23:19:49.222] [bmv2] [D] [thread 4822] [17.0] [cxt 0] Pipeline 'ingress': start
[23:19:49.222] [bmv2] [T] [thread 4822] [17.0] [cxt 0] Applying table 'MyIngress.ipv4_lpm'
[23:19:49.222] [bmv2] [D] [thread 4822] [17.0] [cxt 0] Looking up key:
* hdr.ipv4.dstAddr    : 00000000

[23:19:49.222] [bmv2] [D] [thread 4822] [17.0] [cxt 0] Table 'MyIngress.ipv4_lpm': miss
[23:19:49.222] [bmv2] [D] [thread 4822] [17.0] [cxt 0] Action entry is NoAction - 
[23:19:49.222] [bmv2] [T] [thread 4822] [17.0] [cxt 0] Action NoAction
[23:19:49.222] [bmv2] [D] [thread 4822] [17.0] [cxt 0] Pipeline 'ingress': end
[23:19:49.222] [bmv2] [D] [thread 4822] [17.0] [cxt 0] Egress port is 0
[23:19:49.222] [bmv2] [D] [thread 4823] [17.0] [cxt 0] Pipeline 'egress': start
[23:19:49.222] [bmv2] [D] [thread 4823] [17.0] [cxt 0] Pipeline 'egress': end
[23:19:49.222] [bmv2] [D] [thread 4823] [17.0] [cxt 0] Deparser 'deparser': start
[23:19:49.222] [bmv2] [T] [thread 4823] [17.0] [cxt 0] Skipping checksum 'cksum' update because condition not met
[23:19:49.222] [bmv2] [D] [thread 4823] [17.0] [cxt 0] Deparser 'deparser': end
[23:19:49.222] [bmv2] [D] [thread 4827] [17.0] [cxt 0] Transmitting packet of size 208 out of port 0
[23:19:49.262] [bmv2] [D] [thread 4822] [18.0] [cxt 0] Processing packet received on port 1
[23:19:49.262] [bmv2] [D] [thread 4822] [18.0] [cxt 0] Parser 'parser': start
[23:19:49.262] [bmv2] [D] [thread 4822] [18.0] [cxt 0] Parser 'parser' entering state 'start'
[23:19:49.262] [bmv2] [D] [thread 4822] [18.0] [cxt 0] Parser state 'start' has no switch, going to default next state
[23:19:49.262] [bmv2] [T] [thread 4822] [18.0] [cxt 0] Bytes parsed: 0
[23:19:49.262] [bmv2] [D] [thread 4822] [18.0] [cxt 0] Parser 'parser': end
[23:19:49.262] [bmv2] [D] [thread 4822] [18.0] [cxt 0] Pipeline 'ingress': start
[23:19:49.262] [bmv2] [T] [thread 4822] [18.0] [cxt 0] Applying table 'MyIngress.ipv4_lpm'
[23:19:49.262] [bmv2] [D] [thread 4822] [18.0] [cxt 0] Looking up key:
* hdr.ipv4.dstAddr    : 00000000

[23:19:49.262] [bmv2] [D] [thread 4822] [18.0] [cxt 0] Table 'MyIngress.ipv4_lpm': miss
[23:19:49.262] [bmv2] [D] [thread 4822] [18.0] [cxt 0] Action entry is NoAction - 
[23:19:49.262] [bmv2] [T] [thread 4822] [18.0] [cxt 0] Action NoAction
[23:19:49.262] [bmv2] [D] [thread 4822] [18.0] [cxt 0] Pipeline 'ingress': end
[23:19:49.262] [bmv2] [D] [thread 4822] [18.0] [cxt 0] Egress port is 0
[23:19:49.262] [bmv2] [D] [thread 4823] [18.0] [cxt 0] Pipeline 'egress': start
[23:19:49.262] [bmv2] [D] [thread 4823] [18.0] [cxt 0] Pipeline 'egress': end
[23:19:49.262] [bmv2] [D] [thread 4823] [18.0] [cxt 0] Deparser 'deparser': start
[23:19:49.262] [bmv2] [T] [thread 4823] [18.0] [cxt 0] Skipping checksum 'cksum' update because condition not met
[23:19:49.262] [bmv2] [D] [thread 4823] [18.0] [cxt 0] Deparser 'deparser': end
[23:19:49.271] [bmv2] [D] [thread 4827] [18.0] [cxt 0] Transmitting packet of size 208 out of port 0
[23:19:49.325] [bmv2] [D] [thread 4822] [19.0] [cxt 0] Processing packet received on port 2
[23:19:49.325] [bmv2] [D] [thread 4822] [19.0] [cxt 0] Parser 'parser': start
[23:19:49.325] [bmv2] [D] [thread 4822] [19.0] [cxt 0] Parser 'parser' entering state 'start'
[23:19:49.325] [bmv2] [D] [thread 4822] [19.0] [cxt 0] Parser state 'start' has no switch, going to default next state
[23:19:49.325] [bmv2] [T] [thread 4822] [19.0] [cxt 0] Bytes parsed: 0
[23:19:49.325] [bmv2] [D] [thread 4822] [19.0] [cxt 0] Parser 'parser': end
[23:19:49.325] [bmv2] [D] [thread 4822] [19.0] [cxt 0] Pipeline 'ingress': start
[23:19:49.325] [bmv2] [T] [thread 4822] [19.0] [cxt 0] Applying table 'MyIngress.ipv4_lpm'
[23:19:49.325] [bmv2] [D] [thread 4822] [19.0] [cxt 0] Looking up key:
* hdr.ipv4.dstAddr    : 00000000

[23:19:49.325] [bmv2] [D] [thread 4822] [19.0] [cxt 0] Table 'MyIngress.ipv4_lpm': miss
[23:19:49.325] [bmv2] [D] [thread 4822] [19.0] [cxt 0] Action entry is NoAction - 
[23:19:49.325] [bmv2] [T] [thread 4822] [19.0] [cxt 0] Action NoAction
[23:19:49.325] [bmv2] [D] [thread 4822] [19.0] [cxt 0] Pipeline 'ingress': end
[23:19:49.325] [bmv2] [D] [thread 4822] [19.0] [cxt 0] Egress port is 0
[23:19:49.325] [bmv2] [D] [thread 4823] [19.0] [cxt 0] Pipeline 'egress': start
[23:19:49.325] [bmv2] [D] [thread 4823] [19.0] [cxt 0] Pipeline 'egress': end
[23:19:49.325] [bmv2] [D] [thread 4823] [19.0] [cxt 0] Deparser 'deparser': start
[23:19:49.325] [bmv2] [T] [thread 4823] [19.0] [cxt 0] Skipping checksum 'cksum' update because condition not met
[23:19:49.325] [bmv2] [D] [thread 4823] [19.0] [cxt 0] Deparser 'deparser': end
[23:19:49.325] [bmv2] [D] [thread 4827] [19.0] [cxt 0] Transmitting packet of size 110 out of port 0
[23:19:49.434] [bmv2] [D] [thread 4822] [20.0] [cxt 0] Processing packet received on port 2
[23:19:49.434] [bmv2] [D] [thread 4822] [20.0] [cxt 0] Parser 'parser': start
[23:19:49.434] [bmv2] [D] [thread 4822] [20.0] [cxt 0] Parser 'parser' entering state 'start'
[23:19:49.434] [bmv2] [D] [thread 4822] [20.0] [cxt 0] Parser state 'start' has no switch, going to default next state
[23:19:49.434] [bmv2] [T] [thread 4822] [20.0] [cxt 0] Bytes parsed: 0
[23:19:49.434] [bmv2] [D] [thread 4822] [20.0] [cxt 0] Parser 'parser': end
[23:19:49.434] [bmv2] [D] [thread 4822] [20.0] [cxt 0] Pipeline 'ingress': start
[23:19:49.434] [bmv2] [T] [thread 4822] [20.0] [cxt 0] Applying table 'MyIngress.ipv4_lpm'
[23:19:49.434] [bmv2] [D] [thread 4822] [20.0] [cxt 0] Looking up key:
* hdr.ipv4.dstAddr    : 00000000

[23:19:49.434] [bmv2] [D] [thread 4822] [20.0] [cxt 0] Table 'MyIngress.ipv4_lpm': miss
[23:19:49.434] [bmv2] [D] [thread 4822] [20.0] [cxt 0] Action entry is NoAction - 
[23:19:49.434] [bmv2] [T] [thread 4822] [20.0] [cxt 0] Action NoAction
[23:19:49.434] [bmv2] [D] [thread 4822] [20.0] [cxt 0] Pipeline 'ingress': end
[23:19:49.434] [bmv2] [D] [thread 4822] [20.0] [cxt 0] Egress port is 0
[23:19:49.434] [bmv2] [D] [thread 4823] [20.0] [cxt 0] Pipeline 'egress': start
[23:19:49.434] [bmv2] [D] [thread 4823] [20.0] [cxt 0] Pipeline 'egress': end
[23:19:49.434] [bmv2] [D] [thread 4823] [20.0] [cxt 0] Deparser 'deparser': start
[23:19:49.435] [bmv2] [T] [thread 4823] [20.0] [cxt 0] Skipping checksum 'cksum' update because condition not met
[23:19:49.435] [bmv2] [D] [thread 4823] [20.0] [cxt 0] Deparser 'deparser': end
[23:19:49.435] [bmv2] [D] [thread 4827] [20.0] [cxt 0] Transmitting packet of size 208 out of port 0
[23:19:49.435] [bmv2] [D] [thread 4822] [21.0] [cxt 0] Processing packet received on port 2
[23:19:49.435] [bmv2] [D] [thread 4822] [21.0] [cxt 0] Parser 'parser': start
[23:19:49.435] [bmv2] [D] [thread 4822] [21.0] [cxt 0] Parser 'parser' entering state 'start'
[23:19:49.435] [bmv2] [D] [thread 4822] [21.0] [cxt 0] Parser state 'start' has no switch, going to default next state
[23:19:49.435] [bmv2] [T] [thread 4822] [21.0] [cxt 0] Bytes parsed: 0
[23:19:49.435] [bmv2] [D] [thread 4822] [21.0] [cxt 0] Parser 'parser': end
[23:19:49.435] [bmv2] [D] [thread 4822] [21.0] [cxt 0] Pipeline 'ingress': start
[23:19:49.435] [bmv2] [T] [thread 4822] [21.0] [cxt 0] Applying table 'MyIngress.ipv4_lpm'
[23:19:49.435] [bmv2] [D] [thread 4822] [21.0] [cxt 0] Looking up key:
* hdr.ipv4.dstAddr    : 00000000

[23:19:49.435] [bmv2] [D] [thread 4822] [21.0] [cxt 0] Table 'MyIngress.ipv4_lpm': miss
[23:19:49.435] [bmv2] [D] [thread 4822] [21.0] [cxt 0] Action entry is NoAction - 
[23:19:49.435] [bmv2] [T] [thread 4822] [21.0] [cxt 0] Action NoAction
[23:19:49.435] [bmv2] [D] [thread 4822] [21.0] [cxt 0] Pipeline 'ingress': end
[23:19:49.435] [bmv2] [D] [thread 4822] [21.0] [cxt 0] Egress port is 0
[23:19:49.435] [bmv2] [D] [thread 4823] [21.0] [cxt 0] Pipeline 'egress': start
[23:19:49.435] [bmv2] [D] [thread 4823] [21.0] [cxt 0] Pipeline 'egress': end
[23:19:49.435] [bmv2] [D] [thread 4823] [21.0] [cxt 0] Deparser 'deparser': start
[23:19:49.435] [bmv2] [T] [thread 4823] [21.0] [cxt 0] Skipping checksum 'cksum' update because condition not met
[23:19:49.435] [bmv2] [D] [thread 4823] [21.0] [cxt 0] Deparser 'deparser': end
[23:19:49.435] [bmv2] [D] [thread 4827] [21.0] [cxt 0] Transmitting packet of size 110 out of port 0
[23:19:49.473] [bmv2] [D] [thread 4822] [22.0] [cxt 0] Processing packet received on port 1
[23:19:49.473] [bmv2] [D] [thread 4822] [22.0] [cxt 0] Parser 'parser': start
[23:19:49.473] [bmv2] [D] [thread 4822] [22.0] [cxt 0] Parser 'parser' entering state 'start'
[23:19:49.473] [bmv2] [D] [thread 4822] [22.0] [cxt 0] Parser state 'start' has no switch, going to default next state
[23:19:49.473] [bmv2] [T] [thread 4822] [22.0] [cxt 0] Bytes parsed: 0
[23:19:49.473] [bmv2] [D] [thread 4822] [22.0] [cxt 0] Parser 'parser': end
[23:19:49.473] [bmv2] [D] [thread 4822] [22.0] [cxt 0] Pipeline 'ingress': start
[23:19:49.473] [bmv2] [T] [thread 4822] [22.0] [cxt 0] Applying table 'MyIngress.ipv4_lpm'
[23:19:49.473] [bmv2] [D] [thread 4822] [22.0] [cxt 0] Looking up key:
* hdr.ipv4.dstAddr    : 00000000

[23:19:49.473] [bmv2] [D] [thread 4822] [22.0] [cxt 0] Table 'MyIngress.ipv4_lpm': miss
[23:19:49.473] [bmv2] [D] [thread 4822] [22.0] [cxt 0] Action entry is NoAction - 
[23:19:49.473] [bmv2] [T] [thread 4822] [22.0] [cxt 0] Action NoAction
[23:19:49.473] [bmv2] [D] [thread 4822] [22.0] [cxt 0] Pipeline 'ingress': end
[23:19:49.473] [bmv2] [D] [thread 4822] [22.0] [cxt 0] Egress port is 0
[23:19:49.473] [bmv2] [D] [thread 4823] [22.0] [cxt 0] Pipeline 'egress': start
[23:19:49.473] [bmv2] [D] [thread 4823] [22.0] [cxt 0] Pipeline 'egress': end
[23:19:49.473] [bmv2] [D] [thread 4823] [22.0] [cxt 0] Deparser 'deparser': start
[23:19:49.473] [bmv2] [T] [thread 4823] [22.0] [cxt 0] Skipping checksum 'cksum' update because condition not met
[23:19:49.473] [bmv2] [D] [thread 4823] [22.0] [cxt 0] Deparser 'deparser': end
[23:19:49.473] [bmv2] [D] [thread 4827] [22.0] [cxt 0] Transmitting packet of size 110 out of port 0
[23:19:49.473] [bmv2] [D] [thread 4822] [23.0] [cxt 0] Processing packet received on port 1
[23:19:49.473] [bmv2] [D] [thread 4822] [23.0] [cxt 0] Parser 'parser': start
[23:19:49.473] [bmv2] [D] [thread 4822] [23.0] [cxt 0] Parser 'parser' entering state 'start'
[23:19:49.473] [bmv2] [D] [thread 4822] [23.0] [cxt 0] Parser state 'start' has no switch, going to default next state
[23:19:49.473] [bmv2] [T] [thread 4822] [23.0] [cxt 0] Bytes parsed: 0
[23:19:49.473] [bmv2] [D] [thread 4822] [23.0] [cxt 0] Parser 'parser': end
[23:19:49.473] [bmv2] [D] [thread 4822] [23.0] [cxt 0] Pipeline 'ingress': start
[23:19:49.474] [bmv2] [T] [thread 4822] [23.0] [cxt 0] Applying table 'MyIngress.ipv4_lpm'
[23:19:49.474] [bmv2] [D] [thread 4822] [23.0] [cxt 0] Looking up key:
* hdr.ipv4.dstAddr    : 00000000

[23:19:49.474] [bmv2] [D] [thread 4822] [23.0] [cxt 0] Table 'MyIngress.ipv4_lpm': miss
[23:19:49.474] [bmv2] [D] [thread 4822] [23.0] [cxt 0] Action entry is NoAction - 
[23:19:49.474] [bmv2] [T] [thread 4822] [23.0] [cxt 0] Action NoAction
[23:19:49.474] [bmv2] [D] [thread 4822] [23.0] [cxt 0] Pipeline 'ingress': end
[23:19:49.474] [bmv2] [D] [thread 4822] [23.0] [cxt 0] Egress port is 0
[23:19:49.474] [bmv2] [D] [thread 4823] [23.0] [cxt 0] Pipeline 'egress': start
[23:19:49.474] [bmv2] [D] [thread 4823] [23.0] [cxt 0] Pipeline 'egress': end
[23:19:49.474] [bmv2] [D] [thread 4823] [23.0] [cxt 0] Deparser 'deparser': start
[23:19:49.474] [bmv2] [T] [thread 4823] [23.0] [cxt 0] Skipping checksum 'cksum' update because condition not met
[23:19:49.474] [bmv2] [D] [thread 4823] [23.0] [cxt 0] Deparser 'deparser': end
[23:19:49.474] [bmv2] [D] [thread 4827] [23.0] [cxt 0] Transmitting packet of size 208 out of port 0
[23:19:49.515] [bmv2] [D] [thread 4822] [24.0] [cxt 0] Processing packet received on port 1
[23:19:49.515] [bmv2] [D] [thread 4822] [24.0] [cxt 0] Parser 'parser': start
[23:19:49.515] [bmv2] [D] [thread 4822] [24.0] [cxt 0] Parser 'parser' entering state 'start'
[23:19:49.515] [bmv2] [D] [thread 4822] [24.0] [cxt 0] Parser state 'start' has no switch, going to default next state
[23:19:49.515] [bmv2] [T] [thread 4822] [24.0] [cxt 0] Bytes parsed: 0
[23:19:49.515] [bmv2] [D] [thread 4822] [24.0] [cxt 0] Parser 'parser': end
[23:19:49.515] [bmv2] [D] [thread 4822] [24.0] [cxt 0] Pipeline 'ingress': start
[23:19:49.515] [bmv2] [T] [thread 4822] [24.0] [cxt 0] Applying table 'MyIngress.ipv4_lpm'
[23:19:49.515] [bmv2] [D] [thread 4822] [24.0] [cxt 0] Looking up key:
* hdr.ipv4.dstAddr    : 00000000

[23:19:49.515] [bmv2] [D] [thread 4822] [24.0] [cxt 0] Table 'MyIngress.ipv4_lpm': miss
[23:19:49.515] [bmv2] [D] [thread 4822] [24.0] [cxt 0] Action entry is NoAction - 
[23:19:49.515] [bmv2] [T] [thread 4822] [24.0] [cxt 0] Action NoAction
[23:19:49.515] [bmv2] [D] [thread 4822] [24.0] [cxt 0] Pipeline 'ingress': end
[23:19:49.515] [bmv2] [D] [thread 4822] [24.0] [cxt 0] Egress port is 0
[23:19:49.515] [bmv2] [D] [thread 4823] [24.0] [cxt 0] Pipeline 'egress': start
[23:19:49.515] [bmv2] [D] [thread 4823] [24.0] [cxt 0] Pipeline 'egress': end
[23:19:49.515] [bmv2] [D] [thread 4823] [24.0] [cxt 0] Deparser 'deparser': start
[23:19:49.515] [bmv2] [T] [thread 4823] [24.0] [cxt 0] Skipping checksum 'cksum' update because condition not met
[23:19:49.515] [bmv2] [D] [thread 4823] [24.0] [cxt 0] Deparser 'deparser': end
[23:19:49.515] [bmv2] [D] [thread 4827] [24.0] [cxt 0] Transmitting packet of size 208 out of port 0
[23:19:49.633] [bmv2] [D] [thread 4822] [25.0] [cxt 0] Processing packet received on port 2
[23:19:49.633] [bmv2] [D] [thread 4822] [25.0] [cxt 0] Parser 'parser': start
[23:19:49.633] [bmv2] [D] [thread 4822] [25.0] [cxt 0] Parser 'parser' entering state 'start'
[23:19:49.633] [bmv2] [D] [thread 4822] [25.0] [cxt 0] Parser state 'start' has no switch, going to default next state
[23:19:49.633] [bmv2] [T] [thread 4822] [25.0] [cxt 0] Bytes parsed: 0
[23:19:49.633] [bmv2] [D] [thread 4822] [25.0] [cxt 0] Parser 'parser': end
[23:19:49.633] [bmv2] [D] [thread 4822] [25.0] [cxt 0] Pipeline 'ingress': start
[23:19:49.633] [bmv2] [T] [thread 4822] [25.0] [cxt 0] Applying table 'MyIngress.ipv4_lpm'
[23:19:49.633] [bmv2] [D] [thread 4822] [25.0] [cxt 0] Looking up key:
* hdr.ipv4.dstAddr    : 00000000

[23:19:49.633] [bmv2] [D] [thread 4822] [25.0] [cxt 0] Table 'MyIngress.ipv4_lpm': miss
[23:19:49.633] [bmv2] [D] [thread 4822] [25.0] [cxt 0] Action entry is NoAction - 
[23:19:49.633] [bmv2] [T] [thread 4822] [25.0] [cxt 0] Action NoAction
[23:19:49.633] [bmv2] [D] [thread 4822] [25.0] [cxt 0] Pipeline 'ingress': end
[23:19:49.633] [bmv2] [D] [thread 4822] [25.0] [cxt 0] Egress port is 0
[23:19:49.633] [bmv2] [D] [thread 4823] [25.0] [cxt 0] Pipeline 'egress': start
[23:19:49.633] [bmv2] [D] [thread 4823] [25.0] [cxt 0] Pipeline 'egress': end
[23:19:49.633] [bmv2] [D] [thread 4823] [25.0] [cxt 0] Deparser 'deparser': start
[23:19:49.633] [bmv2] [T] [thread 4823] [25.0] [cxt 0] Skipping checksum 'cksum' update because condition not met
[23:19:49.633] [bmv2] [D] [thread 4823] [25.0] [cxt 0] Deparser 'deparser': end
[23:19:49.634] [bmv2] [D] [thread 4827] [25.0] [cxt 0] Transmitting packet of size 196 out of port 0
[23:19:49.693] [bmv2] [D] [thread 4822] [26.0] [cxt 0] Processing packet received on port 1
[23:19:49.693] [bmv2] [D] [thread 4822] [26.0] [cxt 0] Parser 'parser': start
[23:19:49.693] [bmv2] [D] [thread 4822] [26.0] [cxt 0] Parser 'parser' entering state 'start'
[23:19:49.693] [bmv2] [D] [thread 4822] [26.0] [cxt 0] Parser state 'start' has no switch, going to default next state
[23:19:49.693] [bmv2] [T] [thread 4822] [26.0] [cxt 0] Bytes parsed: 0
[23:19:49.693] [bmv2] [D] [thread 4822] [26.0] [cxt 0] Parser 'parser': end
[23:19:49.693] [bmv2] [D] [thread 4822] [26.0] [cxt 0] Pipeline 'ingress': start
[23:19:49.693] [bmv2] [T] [thread 4822] [26.0] [cxt 0] Applying table 'MyIngress.ipv4_lpm'
[23:19:49.693] [bmv2] [D] [thread 4822] [26.0] [cxt 0] Looking up key:
* hdr.ipv4.dstAddr    : 00000000

[23:19:49.693] [bmv2] [D] [thread 4822] [26.0] [cxt 0] Table 'MyIngress.ipv4_lpm': miss
[23:19:49.693] [bmv2] [D] [thread 4822] [26.0] [cxt 0] Action entry is NoAction - 
[23:19:49.693] [bmv2] [T] [thread 4822] [26.0] [cxt 0] Action NoAction
[23:19:49.693] [bmv2] [D] [thread 4822] [26.0] [cxt 0] Pipeline 'ingress': end
[23:19:49.693] [bmv2] [D] [thread 4822] [26.0] [cxt 0] Egress port is 0
[23:19:49.693] [bmv2] [D] [thread 4823] [26.0] [cxt 0] Pipeline 'egress': start
[23:19:49.693] [bmv2] [D] [thread 4823] [26.0] [cxt 0] Pipeline 'egress': end
[23:19:49.693] [bmv2] [D] [thread 4823] [26.0] [cxt 0] Deparser 'deparser': start
[23:19:49.693] [bmv2] [T] [thread 4823] [26.0] [cxt 0] Skipping checksum 'cksum' update because condition not met
[23:19:49.693] [bmv2] [D] [thread 4823] [26.0] [cxt 0] Deparser 'deparser': end
[23:19:49.693] [bmv2] [D] [thread 4827] [26.0] [cxt 0] Transmitting packet of size 110 out of port 0
[23:19:49.715] [bmv2] [D] [thread 4822] [27.0] [cxt 0] Processing packet received on port 1
[23:19:49.715] [bmv2] [D] [thread 4822] [27.0] [cxt 0] Parser 'parser': start
[23:19:49.715] [bmv2] [D] [thread 4822] [27.0] [cxt 0] Parser 'parser' entering state 'start'
[23:19:49.715] [bmv2] [D] [thread 4822] [27.0] [cxt 0] Parser state 'start' has no switch, going to default next state
[23:19:49.715] [bmv2] [T] [thread 4822] [27.0] [cxt 0] Bytes parsed: 0
[23:19:49.715] [bmv2] [D] [thread 4822] [27.0] [cxt 0] Parser 'parser': end
[23:19:49.715] [bmv2] [D] [thread 4822] [27.0] [cxt 0] Pipeline 'ingress': start
[23:19:49.715] [bmv2] [T] [thread 4822] [27.0] [cxt 0] Applying table 'MyIngress.ipv4_lpm'
[23:19:49.715] [bmv2] [D] [thread 4822] [27.0] [cxt 0] Looking up key:
* hdr.ipv4.dstAddr    : 00000000

[23:19:49.715] [bmv2] [D] [thread 4822] [27.0] [cxt 0] Table 'MyIngress.ipv4_lpm': miss
[23:19:49.715] [bmv2] [D] [thread 4822] [27.0] [cxt 0] Action entry is NoAction - 
[23:19:49.715] [bmv2] [T] [thread 4822] [27.0] [cxt 0] Action NoAction
[23:19:49.715] [bmv2] [D] [thread 4822] [27.0] [cxt 0] Pipeline 'ingress': end
[23:19:49.715] [bmv2] [D] [thread 4822] [27.0] [cxt 0] Egress port is 0
[23:19:49.715] [bmv2] [D] [thread 4823] [27.0] [cxt 0] Pipeline 'egress': start
[23:19:49.715] [bmv2] [D] [thread 4823] [27.0] [cxt 0] Pipeline 'egress': end
[23:19:49.715] [bmv2] [D] [thread 4823] [27.0] [cxt 0] Deparser 'deparser': start
[23:19:49.715] [bmv2] [T] [thread 4823] [27.0] [cxt 0] Skipping checksum 'cksum' update because condition not met
[23:19:49.716] [bmv2] [D] [thread 4823] [27.0] [cxt 0] Deparser 'deparser': end
[23:19:49.716] [bmv2] [D] [thread 4827] [27.0] [cxt 0] Transmitting packet of size 196 out of port 0
[23:19:49.723] [bmv2] [D] [thread 4822] [28.0] [cxt 0] Processing packet received on port 1
[23:19:49.723] [bmv2] [D] [thread 4822] [28.0] [cxt 0] Parser 'parser': start
[23:19:49.723] [bmv2] [D] [thread 4822] [28.0] [cxt 0] Parser 'parser' entering state 'start'
[23:19:49.723] [bmv2] [D] [thread 4822] [28.0] [cxt 0] Parser state 'start' has no switch, going to default next state
[23:19:49.723] [bmv2] [T] [thread 4822] [28.0] [cxt 0] Bytes parsed: 0
[23:19:49.723] [bmv2] [D] [thread 4822] [28.0] [cxt 0] Parser 'parser': end
[23:19:49.723] [bmv2] [D] [thread 4822] [28.0] [cxt 0] Pipeline 'ingress': start
[23:19:49.723] [bmv2] [T] [thread 4822] [28.0] [cxt 0] Applying table 'MyIngress.ipv4_lpm'
[23:19:49.723] [bmv2] [D] [thread 4822] [28.0] [cxt 0] Looking up key:
* hdr.ipv4.dstAddr    : 00000000

[23:19:49.723] [bmv2] [D] [thread 4822] [28.0] [cxt 0] Table 'MyIngress.ipv4_lpm': miss
[23:19:49.723] [bmv2] [D] [thread 4822] [28.0] [cxt 0] Action entry is NoAction - 
[23:19:49.723] [bmv2] [T] [thread 4822] [28.0] [cxt 0] Action NoAction
[23:19:49.723] [bmv2] [D] [thread 4822] [28.0] [cxt 0] Pipeline 'ingress': end
[23:19:49.723] [bmv2] [D] [thread 4822] [28.0] [cxt 0] Egress port is 0
[23:19:49.724] [bmv2] [D] [thread 4823] [28.0] [cxt 0] Pipeline 'egress': start
[23:19:49.724] [bmv2] [D] [thread 4823] [28.0] [cxt 0] Pipeline 'egress': end
[23:19:49.724] [bmv2] [D] [thread 4823] [28.0] [cxt 0] Deparser 'deparser': start
[23:19:49.724] [bmv2] [T] [thread 4823] [28.0] [cxt 0] Skipping checksum 'cksum' update because condition not met
[23:19:49.724] [bmv2] [D] [thread 4823] [28.0] [cxt 0] Deparser 'deparser': end
[23:19:49.724] [bmv2] [D] [thread 4827] [28.0] [cxt 0] Transmitting packet of size 208 out of port 0
[23:19:49.821] [bmv2] [D] [thread 4822] [29.0] [cxt 0] Processing packet received on port 1
[23:19:49.821] [bmv2] [D] [thread 4822] [29.0] [cxt 0] Parser 'parser': start
[23:19:49.821] [bmv2] [D] [thread 4822] [29.0] [cxt 0] Parser 'parser' entering state 'start'
[23:19:49.821] [bmv2] [D] [thread 4822] [29.0] [cxt 0] Parser state 'start' has no switch, going to default next state
[23:19:49.821] [bmv2] [T] [thread 4822] [29.0] [cxt 0] Bytes parsed: 0
[23:19:49.821] [bmv2] [D] [thread 4822] [29.0] [cxt 0] Parser 'parser': end
[23:19:49.821] [bmv2] [D] [thread 4822] [29.0] [cxt 0] Pipeline 'ingress': start
[23:19:49.821] [bmv2] [T] [thread 4822] [29.0] [cxt 0] Applying table 'MyIngress.ipv4_lpm'
[23:19:49.821] [bmv2] [D] [thread 4822] [29.0] [cxt 0] Looking up key:
* hdr.ipv4.dstAddr    : 00000000

[23:19:49.821] [bmv2] [D] [thread 4822] [29.0] [cxt 0] Table 'MyIngress.ipv4_lpm': miss
[23:19:49.821] [bmv2] [D] [thread 4822] [29.0] [cxt 0] Action entry is NoAction - 
[23:19:49.821] [bmv2] [T] [thread 4822] [29.0] [cxt 0] Action NoAction
[23:19:49.821] [bmv2] [D] [thread 4822] [29.0] [cxt 0] Pipeline 'ingress': end
[23:19:49.821] [bmv2] [D] [thread 4822] [29.0] [cxt 0] Egress port is 0
[23:19:49.821] [bmv2] [D] [thread 4823] [29.0] [cxt 0] Pipeline 'egress': start
[23:19:49.821] [bmv2] [D] [thread 4823] [29.0] [cxt 0] Pipeline 'egress': end
[23:19:49.821] [bmv2] [D] [thread 4823] [29.0] [cxt 0] Deparser 'deparser': start
[23:19:49.821] [bmv2] [T] [thread 4823] [29.0] [cxt 0] Skipping checksum 'cksum' update because condition not met
[23:19:49.821] [bmv2] [D] [thread 4823] [29.0] [cxt 0] Deparser 'deparser': end
[23:19:49.821] [bmv2] [D] [thread 4827] [29.0] [cxt 0] Transmitting packet of size 90 out of port 0
[23:19:49.833] [bmv2] [D] [thread 4822] [30.0] [cxt 0] Processing packet received on port 2
[23:19:49.833] [bmv2] [D] [thread 4822] [30.0] [cxt 0] Parser 'parser': start
[23:19:49.833] [bmv2] [D] [thread 4822] [30.0] [cxt 0] Parser 'parser' entering state 'start'
[23:19:49.833] [bmv2] [D] [thread 4822] [30.0] [cxt 0] Parser state 'start' has no switch, going to default next state
[23:19:49.833] [bmv2] [T] [thread 4822] [30.0] [cxt 0] Bytes parsed: 0
[23:19:49.833] [bmv2] [D] [thread 4822] [30.0] [cxt 0] Parser 'parser': end
[23:19:49.833] [bmv2] [D] [thread 4822] [30.0] [cxt 0] Pipeline 'ingress': start
[23:19:49.833] [bmv2] [T] [thread 4822] [30.0] [cxt 0] Applying table 'MyIngress.ipv4_lpm'
[23:19:49.833] [bmv2] [D] [thread 4822] [30.0] [cxt 0] Looking up key:
* hdr.ipv4.dstAddr    : 00000000

[23:19:49.833] [bmv2] [D] [thread 4822] [30.0] [cxt 0] Table 'MyIngress.ipv4_lpm': miss
[23:19:49.833] [bmv2] [D] [thread 4822] [30.0] [cxt 0] Action entry is NoAction - 
[23:19:49.833] [bmv2] [T] [thread 4822] [30.0] [cxt 0] Action NoAction
[23:19:49.833] [bmv2] [D] [thread 4822] [30.0] [cxt 0] Pipeline 'ingress': end
[23:19:49.833] [bmv2] [D] [thread 4822] [30.0] [cxt 0] Egress port is 0
[23:19:49.833] [bmv2] [D] [thread 4823] [30.0] [cxt 0] Pipeline 'egress': start
[23:19:49.833] [bmv2] [D] [thread 4823] [30.0] [cxt 0] Pipeline 'egress': end
[23:19:49.833] [bmv2] [D] [thread 4823] [30.0] [cxt 0] Deparser 'deparser': start
[23:19:49.833] [bmv2] [T] [thread 4823] [30.0] [cxt 0] Skipping checksum 'cksum' update because condition not met
[23:19:49.833] [bmv2] [D] [thread 4823] [30.0] [cxt 0] Deparser 'deparser': end
[23:19:49.833] [bmv2] [D] [thread 4827] [30.0] [cxt 0] Transmitting packet of size 107 out of port 0
[23:19:49.910] [bmv2] [D] [thread 4822] [31.0] [cxt 0] Processing packet received on port 1
[23:19:49.910] [bmv2] [D] [thread 4822] [31.0] [cxt 0] Parser 'parser': start
[23:19:49.910] [bmv2] [D] [thread 4822] [31.0] [cxt 0] Parser 'parser' entering state 'start'
[23:19:49.910] [bmv2] [D] [thread 4822] [31.0] [cxt 0] Parser state 'start' has no switch, going to default next state
[23:19:49.910] [bmv2] [T] [thread 4822] [31.0] [cxt 0] Bytes parsed: 0
[23:19:49.910] [bmv2] [D] [thread 4822] [31.0] [cxt 0] Parser 'parser': end
[23:19:49.910] [bmv2] [D] [thread 4822] [31.0] [cxt 0] Pipeline 'ingress': start
[23:19:49.910] [bmv2] [T] [thread 4822] [31.0] [cxt 0] Applying table 'MyIngress.ipv4_lpm'
[23:19:49.910] [bmv2] [D] [thread 4822] [31.0] [cxt 0] Looking up key:
* hdr.ipv4.dstAddr    : 00000000

[23:19:49.910] [bmv2] [D] [thread 4822] [31.0] [cxt 0] Table 'MyIngress.ipv4_lpm': miss
[23:19:49.911] [bmv2] [D] [thread 4822] [31.0] [cxt 0] Action entry is NoAction - 
[23:19:49.911] [bmv2] [T] [thread 4822] [31.0] [cxt 0] Action NoAction
[23:19:49.911] [bmv2] [D] [thread 4822] [31.0] [cxt 0] Pipeline 'ingress': end
[23:19:49.911] [bmv2] [D] [thread 4822] [31.0] [cxt 0] Egress port is 0
[23:19:49.911] [bmv2] [D] [thread 4823] [31.0] [cxt 0] Pipeline 'egress': start
[23:19:49.911] [bmv2] [D] [thread 4823] [31.0] [cxt 0] Pipeline 'egress': end
[23:19:49.911] [bmv2] [D] [thread 4823] [31.0] [cxt 0] Deparser 'deparser': start
[23:19:49.911] [bmv2] [T] [thread 4823] [31.0] [cxt 0] Skipping checksum 'cksum' update because condition not met
[23:19:49.911] [bmv2] [D] [thread 4823] [31.0] [cxt 0] Deparser 'deparser': end
[23:19:49.911] [bmv2] [D] [thread 4827] [31.0] [cxt 0] Transmitting packet of size 107 out of port 0
[23:19:49.927] [bmv2] [D] [thread 4822] [32.0] [cxt 0] Processing packet received on port 1
[23:19:49.927] [bmv2] [D] [thread 4822] [32.0] [cxt 0] Parser 'parser': start
[23:19:49.927] [bmv2] [D] [thread 4822] [32.0] [cxt 0] Parser 'parser' entering state 'start'
[23:19:49.927] [bmv2] [D] [thread 4822] [32.0] [cxt 0] Parser state 'start' has no switch, going to default next state
[23:19:49.927] [bmv2] [T] [thread 4822] [32.0] [cxt 0] Bytes parsed: 0
[23:19:49.927] [bmv2] [D] [thread 4822] [32.0] [cxt 0] Parser 'parser': end
[23:19:49.927] [bmv2] [D] [thread 4822] [32.0] [cxt 0] Pipeline 'ingress': start
[23:19:49.927] [bmv2] [T] [thread 4822] [32.0] [cxt 0] Applying table 'MyIngress.ipv4_lpm'
[23:19:49.927] [bmv2] [D] [thread 4822] [32.0] [cxt 0] Looking up key:
* hdr.ipv4.dstAddr    : 00000000

[23:19:49.927] [bmv2] [D] [thread 4822] [32.0] [cxt 0] Table 'MyIngress.ipv4_lpm': miss
[23:19:49.927] [bmv2] [D] [thread 4822] [32.0] [cxt 0] Action entry is NoAction - 
[23:19:49.927] [bmv2] [T] [thread 4822] [32.0] [cxt 0] Action NoAction
[23:19:49.927] [bmv2] [D] [thread 4822] [32.0] [cxt 0] Pipeline 'ingress': end
[23:19:49.927] [bmv2] [D] [thread 4822] [32.0] [cxt 0] Egress port is 0
[23:19:49.927] [bmv2] [D] [thread 4823] [32.0] [cxt 0] Pipeline 'egress': start
[23:19:49.927] [bmv2] [D] [thread 4823] [32.0] [cxt 0] Pipeline 'egress': end
[23:19:49.927] [bmv2] [D] [thread 4823] [32.0] [cxt 0] Deparser 'deparser': start
[23:19:49.927] [bmv2] [T] [thread 4823] [32.0] [cxt 0] Skipping checksum 'cksum' update because condition not met
[23:19:49.927] [bmv2] [D] [thread 4823] [32.0] [cxt 0] Deparser 'deparser': end
[23:19:49.927] [bmv2] [D] [thread 4827] [32.0] [cxt 0] Transmitting packet of size 196 out of port 0
[23:19:50.069] [bmv2] [D] [thread 4822] [33.0] [cxt 0] Processing packet received on port 2
[23:19:50.069] [bmv2] [D] [thread 4822] [33.0] [cxt 0] Parser 'parser': start
[23:19:50.069] [bmv2] [D] [thread 4822] [33.0] [cxt 0] Parser 'parser' entering state 'start'
[23:19:50.069] [bmv2] [D] [thread 4822] [33.0] [cxt 0] Parser state 'start' has no switch, going to default next state
[23:19:50.069] [bmv2] [T] [thread 4822] [33.0] [cxt 0] Bytes parsed: 0
[23:19:50.070] [bmv2] [D] [thread 4822] [33.0] [cxt 0] Parser 'parser': end
[23:19:50.070] [bmv2] [D] [thread 4822] [33.0] [cxt 0] Pipeline 'ingress': start
[23:19:50.070] [bmv2] [T] [thread 4822] [33.0] [cxt 0] Applying table 'MyIngress.ipv4_lpm'
[23:19:50.070] [bmv2] [D] [thread 4822] [33.0] [cxt 0] Looking up key:
* hdr.ipv4.dstAddr    : 00000000

[23:19:50.070] [bmv2] [D] [thread 4822] [33.0] [cxt 0] Table 'MyIngress.ipv4_lpm': miss
[23:19:50.070] [bmv2] [D] [thread 4822] [33.0] [cxt 0] Action entry is NoAction - 
[23:19:50.070] [bmv2] [T] [thread 4822] [33.0] [cxt 0] Action NoAction
[23:19:50.070] [bmv2] [D] [thread 4822] [33.0] [cxt 0] Pipeline 'ingress': end
[23:19:50.070] [bmv2] [D] [thread 4822] [33.0] [cxt 0] Egress port is 0
[23:19:50.070] [bmv2] [D] [thread 4823] [33.0] [cxt 0] Pipeline 'egress': start
[23:19:50.070] [bmv2] [D] [thread 4823] [33.0] [cxt 0] Pipeline 'egress': end
[23:19:50.070] [bmv2] [D] [thread 4823] [33.0] [cxt 0] Deparser 'deparser': start
[23:19:50.070] [bmv2] [T] [thread 4823] [33.0] [cxt 0] Skipping checksum 'cksum' update because condition not met
[23:19:50.070] [bmv2] [D] [thread 4823] [33.0] [cxt 0] Deparser 'deparser': end
[23:19:50.070] [bmv2] [D] [thread 4827] [33.0] [cxt 0] Transmitting packet of size 196 out of port 0
[23:19:50.123] [bmv2] [D] [thread 4822] [34.0] [cxt 0] Processing packet received on port 1
[23:19:50.123] [bmv2] [D] [thread 4822] [34.0] [cxt 0] Parser 'parser': start
[23:19:50.123] [bmv2] [D] [thread 4822] [34.0] [cxt 0] Parser 'parser' entering state 'start'
[23:19:50.123] [bmv2] [D] [thread 4822] [34.0] [cxt 0] Parser state 'start' has no switch, going to default next state
[23:19:50.123] [bmv2] [T] [thread 4822] [34.0] [cxt 0] Bytes parsed: 0
[23:19:50.123] [bmv2] [D] [thread 4822] [34.0] [cxt 0] Parser 'parser': end
[23:19:50.123] [bmv2] [D] [thread 4822] [34.0] [cxt 0] Pipeline 'ingress': start
[23:19:50.123] [bmv2] [T] [thread 4822] [34.0] [cxt 0] Applying table 'MyIngress.ipv4_lpm'
[23:19:50.123] [bmv2] [D] [thread 4822] [34.0] [cxt 0] Looking up key:
* hdr.ipv4.dstAddr    : 00000000

[23:19:50.123] [bmv2] [D] [thread 4822] [34.0] [cxt 0] Table 'MyIngress.ipv4_lpm': miss
[23:19:50.123] [bmv2] [D] [thread 4822] [34.0] [cxt 0] Action entry is NoAction - 
[23:19:50.123] [bmv2] [T] [thread 4822] [34.0] [cxt 0] Action NoAction
[23:19:50.123] [bmv2] [D] [thread 4822] [34.0] [cxt 0] Pipeline 'ingress': end
[23:19:50.123] [bmv2] [D] [thread 4822] [34.0] [cxt 0] Egress port is 0
[23:19:50.124] [bmv2] [D] [thread 4823] [34.0] [cxt 0] Pipeline 'egress': start
[23:19:50.124] [bmv2] [D] [thread 4823] [34.0] [cxt 0] Pipeline 'egress': end
[23:19:50.124] [bmv2] [D] [thread 4823] [34.0] [cxt 0] Deparser 'deparser': start
[23:19:50.124] [bmv2] [T] [thread 4823] [34.0] [cxt 0] Skipping checksum 'cksum' update because condition not met
[23:19:50.124] [bmv2] [D] [thread 4823] [34.0] [cxt 0] Deparser 'deparser': end
[23:19:50.124] [bmv2] [D] [thread 4827] [34.0] [cxt 0] Transmitting packet of size 107 out of port 0
New connection
P4Runtime SetForwardingPipelineConfig
[23:19:50.399] [bmv2] [W] [thread 4865] [P4Runtime] p4::tmp::P4DeviceConfig is deprecated
[23:19:50.399] [bmv2] [D] [thread 4865] Set default default entry for table 'MyIngress.ipv4_lpm': NoAction - 
P4Runtime Write
device_id: 3
election_id {
  low: 1
}
updates {
  type: MODIFY
  entity {
    table_entry {
      table_id: 33574068
      action {
        action {
          action_id: 16805608
        }
      }
      is_default_action: true
    }
  }
}
[23:19:50.402] [bmv2] [D] [thread 4865] Set default entry for table 'MyIngress.ipv4_lpm': MyIngress.drop - 
P4Runtime Write
device_id: 3
election_id {
  low: 1
}
updates {
  type: INSERT
  entity {
    table_entry {
      table_id: 33574068
      match {
        field_id: 1
        lpm {
          value: "\n\000\001\001"
          prefix_len: 32
        }
      }
      action {
        action {
          action_id: 16799317
          params {
            param_id: 1
            value: "\010\000\000\000\001\000"
          }
          params {
            param_id: 2
            value: "\000\002"
          }
        }
      }
    }
  }
}
[23:19:50.403] [bmv2] [D] [thread 4865] Entry 0 added to table 'MyIngress.ipv4_lpm'
[23:19:50.403] [bmv2] [D] [thread 4865] Dumping entry 0
Match key:
* hdr.ipv4.dstAddr    : LPM       0a000101/32
Action entry: MyIngress.ipv4_forward - 80000000100,2,

P4Runtime Write
device_id: 3
election_id {
  low: 1
}
updates {
  type: INSERT
  entity {
    table_entry {
      table_id: 33574068
      match {
        field_id: 1
        lpm {
          value: "\n\000\002\002"
          prefix_len: 32
        }
      }
      action {
        action {
          action_id: 16799317
          params {
            param_id: 1
            value: "\010\000\000\000\001\000"
          }
          params {
            param_id: 2
            value: "\000\002"
          }
        }
      }
    }
  }
}
[23:19:50.404] [bmv2] [D] [thread 4865] Entry 1 added to table 'MyIngress.ipv4_lpm'
[23:19:50.404] [bmv2] [D] [thread 4865] Dumping entry 1
Match key:
* hdr.ipv4.dstAddr    : LPM       0a000202/32
Action entry: MyIngress.ipv4_forward - 80000000100,2,

P4Runtime Write
device_id: 3
election_id {
  low: 1
}
updates {
  type: INSERT
  entity {
    table_entry {
      table_id: 33574068
      match {
        field_id: 1
        lpm {
          value: "\n\000\003\003"
          prefix_len: 32
        }
      }
      action {
        action {
          action_id: 16799317
          params {
            param_id: 1
            value: "\010\000\000\000\002\000"
          }
          params {
            param_id: 2
            value: "\000\001"
          }
        }
      }
    }
  }
}
[23:19:50.405] [bmv2] [D] [thread 4865] Entry 2 added to table 'MyIngress.ipv4_lpm'
[23:19:50.405] [bmv2] [D] [thread 4865] Dumping entry 2
Match key:
* hdr.ipv4.dstAddr    : LPM       0a000303/32
Action entry: MyIngress.ipv4_forward - 80000000200,1,

P4Runtime Write
device_id: 3
election_id {
  low: 1
}
updates {
  type: INSERT
  entity {
    table_entry {
      table_id: 33574068
      match {
        field_id: 1
        lpm {
          value: "\n\000\004\004"
          prefix_len: 32
        }
      }
      action {
        action {
          action_id: 16799317
          params {
            param_id: 1
            value: "\010\000\000\000\002\000"
          }
          params {
            param_id: 2
            value: "\000\001"
          }
        }
      }
    }
  }
}
[23:19:50.405] [bmv2] [D] [thread 4865] Entry 3 added to table 'MyIngress.ipv4_lpm'
[23:19:50.405] [bmv2] [D] [thread 4865] Dumping entry 3
Match key:
* hdr.ipv4.dstAddr    : LPM       0a000404/32
Action entry: MyIngress.ipv4_forward - 80000000200,1,

Connection removed
[23:19:50.786] [bmv2] [D] [thread 4822] [35.0] [cxt 0] Processing packet received on port 2
[23:19:50.786] [bmv2] [D] [thread 4822] [35.0] [cxt 0] Parser 'parser': start
[23:19:50.786] [bmv2] [D] [thread 4822] [35.0] [cxt 0] Parser 'parser' entering state 'start'
[23:19:50.786] [bmv2] [D] [thread 4822] [35.0] [cxt 0] Parser state 'start' has no switch, going to default next state
[23:19:50.786] [bmv2] [T] [thread 4822] [35.0] [cxt 0] Bytes parsed: 0
[23:19:50.786] [bmv2] [D] [thread 4822] [35.0] [cxt 0] Parser 'parser': end
[23:19:50.786] [bmv2] [D] [thread 4822] [35.0] [cxt 0] Pipeline 'ingress': start
[23:19:50.786] [bmv2] [T] [thread 4822] [35.0] [cxt 0] Applying table 'MyIngress.ipv4_lpm'
[23:19:50.786] [bmv2] [D] [thread 4822] [35.0] [cxt 0] Looking up key:
* hdr.ipv4.dstAddr    : 00000000

[23:19:50.786] [bmv2] [D] [thread 4822] [35.0] [cxt 0] Table 'MyIngress.ipv4_lpm': miss
[23:19:50.786] [bmv2] [D] [thread 4822] [35.0] [cxt 0] Action entry is MyIngress.drop - 
[23:19:50.786] [bmv2] [T] [thread 4822] [35.0] [cxt 0] Action MyIngress.drop
[23:19:50.786] [bmv2] [T] [thread 4822] [35.0] [cxt 0] basic.p4(78) Primitive mark_to_drop(standard_metadata)
[23:19:50.786] [bmv2] [D] [thread 4822] [35.0] [cxt 0] Pipeline 'ingress': end
[23:19:50.786] [bmv2] [D] [thread 4822] [35.0] [cxt 0] Egress port is 511
[23:19:50.786] [bmv2] [D] [thread 4822] [35.0] [cxt 0] Dropping packet at the end of ingress
[23:19:50.866] [bmv2] [D] [thread 4822] [36.0] [cxt 0] Processing packet received on port 1
[23:19:50.866] [bmv2] [D] [thread 4822] [36.0] [cxt 0] Parser 'parser': start
[23:19:50.866] [bmv2] [D] [thread 4822] [36.0] [cxt 0] Parser 'parser' entering state 'start'
[23:19:50.867] [bmv2] [D] [thread 4822] [36.0] [cxt 0] Parser state 'start' has no switch, going to default next state
[23:19:50.867] [bmv2] [T] [thread 4822] [36.0] [cxt 0] Bytes parsed: 0
[23:19:50.867] [bmv2] [D] [thread 4822] [36.0] [cxt 0] Parser 'parser': end
[23:19:50.867] [bmv2] [D] [thread 4822] [36.0] [cxt 0] Pipeline 'ingress': start
[23:19:50.867] [bmv2] [T] [thread 4822] [36.0] [cxt 0] Applying table 'MyIngress.ipv4_lpm'
[23:19:50.867] [bmv2] [D] [thread 4822] [36.0] [cxt 0] Looking up key:
* hdr.ipv4.dstAddr    : 00000000

[23:19:50.867] [bmv2] [D] [thread 4822] [36.0] [cxt 0] Table 'MyIngress.ipv4_lpm': miss
[23:19:50.867] [bmv2] [D] [thread 4822] [36.0] [cxt 0] Action entry is MyIngress.drop - 
[23:19:50.867] [bmv2] [T] [thread 4822] [36.0] [cxt 0] Action MyIngress.drop
[23:19:50.867] [bmv2] [T] [thread 4822] [36.0] [cxt 0] basic.p4(78) Primitive mark_to_drop(standard_metadata)
[23:19:50.867] [bmv2] [D] [thread 4822] [36.0] [cxt 0] Pipeline 'ingress': end
[23:19:50.867] [bmv2] [D] [thread 4822] [36.0] [cxt 0] Egress port is 511
[23:19:50.867] [bmv2] [D] [thread 4822] [36.0] [cxt 0] Dropping packet at the end of ingress
[23:19:51.080] [bmv2] [D] [thread 4822] [37.0] [cxt 0] Processing packet received on port 1
[23:19:51.080] [bmv2] [D] [thread 4822] [37.0] [cxt 0] Parser 'parser': start
[23:19:51.080] [bmv2] [D] [thread 4822] [37.0] [cxt 0] Parser 'parser' entering state 'start'
[23:19:51.080] [bmv2] [D] [thread 4822] [37.0] [cxt 0] Parser state 'start' has no switch, going to default next state
[23:19:51.080] [bmv2] [T] [thread 4822] [37.0] [cxt 0] Bytes parsed: 0
[23:19:51.080] [bmv2] [D] [thread 4822] [37.0] [cxt 0] Parser 'parser': end
[23:19:51.080] [bmv2] [D] [thread 4822] [37.0] [cxt 0] Pipeline 'ingress': start
[23:19:51.080] [bmv2] [T] [thread 4822] [37.0] [cxt 0] Applying table 'MyIngress.ipv4_lpm'
[23:19:51.080] [bmv2] [D] [thread 4822] [37.0] [cxt 0] Looking up key:
* hdr.ipv4.dstAddr    : 00000000

[23:19:51.080] [bmv2] [D] [thread 4822] [37.0] [cxt 0] Table 'MyIngress.ipv4_lpm': miss
[23:19:51.080] [bmv2] [D] [thread 4822] [37.0] [cxt 0] Action entry is MyIngress.drop - 
[23:19:51.080] [bmv2] [T] [thread 4822] [37.0] [cxt 0] Action MyIngress.drop
[23:19:51.080] [bmv2] [T] [thread 4822] [37.0] [cxt 0] basic.p4(78) Primitive mark_to_drop(standard_metadata)
[23:19:51.080] [bmv2] [D] [thread 4822] [37.0] [cxt 0] Pipeline 'ingress': end
[23:19:51.080] [bmv2] [D] [thread 4822] [37.0] [cxt 0] Egress port is 511
[23:19:51.080] [bmv2] [D] [thread 4822] [37.0] [cxt 0] Dropping packet at the end of ingress
[23:19:51.117] [bmv2] [D] [thread 4822] [38.0] [cxt 0] Processing packet received on port 2
[23:19:51.117] [bmv2] [D] [thread 4822] [38.0] [cxt 0] Parser 'parser': start
[23:19:51.117] [bmv2] [D] [thread 4822] [38.0] [cxt 0] Parser 'parser' entering state 'start'
[23:19:51.117] [bmv2] [D] [thread 4822] [38.0] [cxt 0] Parser state 'start' has no switch, going to default next state
[23:19:51.117] [bmv2] [T] [thread 4822] [38.0] [cxt 0] Bytes parsed: 0
[23:19:51.117] [bmv2] [D] [thread 4822] [38.0] [cxt 0] Parser 'parser': end
[23:19:51.117] [bmv2] [D] [thread 4822] [38.0] [cxt 0] Pipeline 'ingress': start
[23:19:51.117] [bmv2] [T] [thread 4822] [38.0] [cxt 0] Applying table 'MyIngress.ipv4_lpm'
[23:19:51.117] [bmv2] [D] [thread 4822] [38.0] [cxt 0] Looking up key:
* hdr.ipv4.dstAddr    : 00000000

[23:19:51.117] [bmv2] [D] [thread 4822] [38.0] [cxt 0] Table 'MyIngress.ipv4_lpm': miss
[23:19:51.117] [bmv2] [D] [thread 4822] [38.0] [cxt 0] Action entry is MyIngress.drop - 
[23:19:51.117] [bmv2] [T] [thread 4822] [38.0] [cxt 0] Action MyIngress.drop
[23:19:51.117] [bmv2] [T] [thread 4822] [38.0] [cxt 0] basic.p4(78) Primitive mark_to_drop(standard_metadata)
[23:19:51.117] [bmv2] [D] [thread 4822] [38.0] [cxt 0] Pipeline 'ingress': end
[23:19:51.117] [bmv2] [D] [thread 4822] [38.0] [cxt 0] Egress port is 511
[23:19:51.117] [bmv2] [D] [thread 4822] [38.0] [cxt 0] Dropping packet at the end of ingress
[23:19:51.837] [bmv2] [D] [thread 4822] [39.0] [cxt 0] Processing packet received on port 2
[23:19:51.837] [bmv2] [D] [thread 4822] [39.0] [cxt 0] Parser 'parser': start
[23:19:51.837] [bmv2] [D] [thread 4822] [39.0] [cxt 0] Parser 'parser' entering state 'start'
[23:19:51.837] [bmv2] [D] [thread 4822] [39.0] [cxt 0] Parser state 'start' has no switch, going to default next state
[23:19:51.837] [bmv2] [T] [thread 4822] [39.0] [cxt 0] Bytes parsed: 0
[23:19:51.837] [bmv2] [D] [thread 4822] [39.0] [cxt 0] Parser 'parser': end
[23:19:51.837] [bmv2] [D] [thread 4822] [39.0] [cxt 0] Pipeline 'ingress': start
[23:19:51.837] [bmv2] [T] [thread 4822] [39.0] [cxt 0] Applying table 'MyIngress.ipv4_lpm'
[23:19:51.837] [bmv2] [D] [thread 4822] [39.0] [cxt 0] Looking up key:
* hdr.ipv4.dstAddr    : 00000000

[23:19:51.837] [bmv2] [D] [thread 4822] [39.0] [cxt 0] Table 'MyIngress.ipv4_lpm': miss
[23:19:51.837] [bmv2] [D] [thread 4822] [39.0] [cxt 0] Action entry is MyIngress.drop - 
[23:19:51.837] [bmv2] [T] [thread 4822] [39.0] [cxt 0] Action MyIngress.drop
[23:19:51.837] [bmv2] [T] [thread 4822] [39.0] [cxt 0] basic.p4(78) Primitive mark_to_drop(standard_metadata)
[23:19:51.837] [bmv2] [D] [thread 4822] [39.0] [cxt 0] Pipeline 'ingress': end
[23:19:51.837] [bmv2] [D] [thread 4822] [39.0] [cxt 0] Egress port is 511
[23:19:51.837] [bmv2] [D] [thread 4822] [39.0] [cxt 0] Dropping packet at the end of ingress
[23:19:51.926] [bmv2] [D] [thread 4822] [40.0] [cxt 0] Processing packet received on port 1
[23:19:51.926] [bmv2] [D] [thread 4822] [40.0] [cxt 0] Parser 'parser': start
[23:19:51.926] [bmv2] [D] [thread 4822] [40.0] [cxt 0] Parser 'parser' entering state 'start'
[23:19:51.926] [bmv2] [D] [thread 4822] [40.0] [cxt 0] Parser state 'start' has no switch, going to default next state
[23:19:51.926] [bmv2] [T] [thread 4822] [40.0] [cxt 0] Bytes parsed: 0
[23:19:51.926] [bmv2] [D] [thread 4822] [40.0] [cxt 0] Parser 'parser': end
[23:19:51.926] [bmv2] [D] [thread 4822] [40.0] [cxt 0] Pipeline 'ingress': start
[23:19:51.926] [bmv2] [T] [thread 4822] [40.0] [cxt 0] Applying table 'MyIngress.ipv4_lpm'
[23:19:51.926] [bmv2] [D] [thread 4822] [40.0] [cxt 0] Looking up key:
* hdr.ipv4.dstAddr    : 00000000

[23:19:51.926] [bmv2] [D] [thread 4822] [40.0] [cxt 0] Table 'MyIngress.ipv4_lpm': miss
[23:19:51.926] [bmv2] [D] [thread 4822] [40.0] [cxt 0] Action entry is MyIngress.drop - 
[23:19:51.926] [bmv2] [T] [thread 4822] [40.0] [cxt 0] Action MyIngress.drop
[23:19:51.926] [bmv2] [T] [thread 4822] [40.0] [cxt 0] basic.p4(78) Primitive mark_to_drop(standard_metadata)
[23:19:51.926] [bmv2] [D] [thread 4822] [40.0] [cxt 0] Pipeline 'ingress': end
[23:19:51.927] [bmv2] [D] [thread 4822] [40.0] [cxt 0] Egress port is 511
[23:19:51.927] [bmv2] [D] [thread 4822] [40.0] [cxt 0] Dropping packet at the end of ingress
[23:19:52.022] [bmv2] [D] [thread 4822] [41.0] [cxt 0] Processing packet received on port 2
[23:19:52.023] [bmv2] [D] [thread 4822] [41.0] [cxt 0] Parser 'parser': start
[23:19:52.023] [bmv2] [D] [thread 4822] [41.0] [cxt 0] Parser 'parser' entering state 'start'
[23:19:52.023] [bmv2] [D] [thread 4822] [41.0] [cxt 0] Parser state 'start' has no switch, going to default next state
[23:19:52.023] [bmv2] [T] [thread 4822] [41.0] [cxt 0] Bytes parsed: 0
[23:19:52.023] [bmv2] [D] [thread 4822] [41.0] [cxt 0] Parser 'parser': end
[23:19:52.023] [bmv2] [D] [thread 4822] [41.0] [cxt 0] Pipeline 'ingress': start
[23:19:52.023] [bmv2] [T] [thread 4822] [41.0] [cxt 0] Applying table 'MyIngress.ipv4_lpm'
[23:19:52.023] [bmv2] [D] [thread 4822] [41.0] [cxt 0] Looking up key:
* hdr.ipv4.dstAddr    : 00000000

[23:19:52.023] [bmv2] [D] [thread 4822] [41.0] [cxt 0] Table 'MyIngress.ipv4_lpm': miss
[23:19:52.023] [bmv2] [D] [thread 4822] [41.0] [cxt 0] Action entry is MyIngress.drop - 
[23:19:52.023] [bmv2] [T] [thread 4822] [41.0] [cxt 0] Action MyIngress.drop
[23:19:52.023] [bmv2] [T] [thread 4822] [41.0] [cxt 0] basic.p4(78) Primitive mark_to_drop(standard_metadata)
[23:19:52.023] [bmv2] [D] [thread 4822] [41.0] [cxt 0] Pipeline 'ingress': end
[23:19:52.023] [bmv2] [D] [thread 4822] [41.0] [cxt 0] Egress port is 511
[23:19:52.023] [bmv2] [D] [thread 4822] [41.0] [cxt 0] Dropping packet at the end of ingress
[23:19:52.222] [bmv2] [D] [thread 4822] [42.0] [cxt 0] Processing packet received on port 2
[23:19:52.222] [bmv2] [D] [thread 4822] [42.0] [cxt 0] Parser 'parser': start
[23:19:52.222] [bmv2] [D] [thread 4822] [42.0] [cxt 0] Parser 'parser' entering state 'start'
[23:19:52.222] [bmv2] [D] [thread 4822] [42.0] [cxt 0] Parser state 'start' has no switch, going to default next state
[23:19:52.222] [bmv2] [T] [thread 4822] [42.0] [cxt 0] Bytes parsed: 0
[23:19:52.222] [bmv2] [D] [thread 4822] [42.0] [cxt 0] Parser 'parser': end
[23:19:52.222] [bmv2] [D] [thread 4822] [42.0] [cxt 0] Pipeline 'ingress': start
[23:19:52.222] [bmv2] [T] [thread 4822] [42.0] [cxt 0] Applying table 'MyIngress.ipv4_lpm'
[23:19:52.222] [bmv2] [D] [thread 4822] [42.0] [cxt 0] Looking up key:
* hdr.ipv4.dstAddr    : 00000000

[23:19:52.222] [bmv2] [D] [thread 4822] [42.0] [cxt 0] Table 'MyIngress.ipv4_lpm': miss
[23:19:52.222] [bmv2] [D] [thread 4822] [42.0] [cxt 0] Action entry is MyIngress.drop - 
[23:19:52.222] [bmv2] [T] [thread 4822] [42.0] [cxt 0] Action MyIngress.drop
[23:19:52.222] [bmv2] [T] [thread 4822] [42.0] [cxt 0] basic.p4(78) Primitive mark_to_drop(standard_metadata)
[23:19:52.222] [bmv2] [D] [thread 4822] [42.0] [cxt 0] Pipeline 'ingress': end
[23:19:52.222] [bmv2] [D] [thread 4822] [42.0] [cxt 0] Egress port is 511
[23:19:52.222] [bmv2] [D] [thread 4822] [42.0] [cxt 0] Dropping packet at the end of ingress
[23:19:52.737] [bmv2] [D] [thread 4822] [43.0] [cxt 0] Processing packet received on port 2
[23:19:52.737] [bmv2] [D] [thread 4822] [43.0] [cxt 0] Parser 'parser': start
[23:19:52.737] [bmv2] [D] [thread 4822] [43.0] [cxt 0] Parser 'parser' entering state 'start'
[23:19:52.737] [bmv2] [D] [thread 4822] [43.0] [cxt 0] Parser state 'start' has no switch, going to default next state
[23:19:52.737] [bmv2] [T] [thread 4822] [43.0] [cxt 0] Bytes parsed: 0
[23:19:52.737] [bmv2] [D] [thread 4822] [43.0] [cxt 0] Parser 'parser': end
[23:19:52.737] [bmv2] [D] [thread 4822] [43.0] [cxt 0] Pipeline 'ingress': start
[23:19:52.737] [bmv2] [T] [thread 4822] [43.0] [cxt 0] Applying table 'MyIngress.ipv4_lpm'
[23:19:52.737] [bmv2] [D] [thread 4822] [43.0] [cxt 0] Looking up key:
* hdr.ipv4.dstAddr    : 00000000

[23:19:52.737] [bmv2] [D] [thread 4822] [43.0] [cxt 0] Table 'MyIngress.ipv4_lpm': miss
[23:19:52.737] [bmv2] [D] [thread 4822] [43.0] [cxt 0] Action entry is MyIngress.drop - 
[23:19:52.737] [bmv2] [T] [thread 4822] [43.0] [cxt 0] Action MyIngress.drop
[23:19:52.737] [bmv2] [T] [thread 4822] [43.0] [cxt 0] basic.p4(78) Primitive mark_to_drop(standard_metadata)
[23:19:52.737] [bmv2] [D] [thread 4822] [43.0] [cxt 0] Pipeline 'ingress': end
[23:19:52.738] [bmv2] [D] [thread 4822] [43.0] [cxt 0] Egress port is 511
[23:19:52.738] [bmv2] [D] [thread 4822] [43.0] [cxt 0] Dropping packet at the end of ingress
[23:19:52.817] [bmv2] [D] [thread 4822] [44.0] [cxt 0] Processing packet received on port 1
[23:19:52.817] [bmv2] [D] [thread 4822] [44.0] [cxt 0] Parser 'parser': start
[23:19:52.817] [bmv2] [D] [thread 4822] [44.0] [cxt 0] Parser 'parser' entering state 'start'
[23:19:52.817] [bmv2] [D] [thread 4822] [44.0] [cxt 0] Parser state 'start' has no switch, going to default next state
[23:19:52.817] [bmv2] [T] [thread 4822] [44.0] [cxt 0] Bytes parsed: 0
[23:19:52.817] [bmv2] [D] [thread 4822] [44.0] [cxt 0] Parser 'parser': end
[23:19:52.817] [bmv2] [D] [thread 4822] [44.0] [cxt 0] Pipeline 'ingress': start
[23:19:52.817] [bmv2] [T] [thread 4822] [44.0] [cxt 0] Applying table 'MyIngress.ipv4_lpm'
[23:19:52.817] [bmv2] [D] [thread 4822] [44.0] [cxt 0] Looking up key:
* hdr.ipv4.dstAddr    : 00000000

[23:19:52.817] [bmv2] [D] [thread 4822] [44.0] [cxt 0] Table 'MyIngress.ipv4_lpm': miss
[23:19:52.817] [bmv2] [D] [thread 4822] [44.0] [cxt 0] Action entry is MyIngress.drop - 
[23:19:52.817] [bmv2] [T] [thread 4822] [44.0] [cxt 0] Action MyIngress.drop
[23:19:52.817] [bmv2] [T] [thread 4822] [44.0] [cxt 0] basic.p4(78) Primitive mark_to_drop(standard_metadata)
[23:19:52.817] [bmv2] [D] [thread 4822] [44.0] [cxt 0] Pipeline 'ingress': end
[23:19:52.817] [bmv2] [D] [thread 4822] [44.0] [cxt 0] Egress port is 511
[23:19:52.817] [bmv2] [D] [thread 4822] [44.0] [cxt 0] Dropping packet at the end of ingress
[23:19:52.937] [bmv2] [D] [thread 4822] [45.0] [cxt 0] Processing packet received on port 2
[23:19:52.937] [bmv2] [D] [thread 4822] [45.0] [cxt 0] Parser 'parser': start
[23:19:52.937] [bmv2] [D] [thread 4822] [45.0] [cxt 0] Parser 'parser' entering state 'start'
[23:19:52.937] [bmv2] [D] [thread 4822] [45.0] [cxt 0] Parser state 'start' has no switch, going to default next state
[23:19:52.937] [bmv2] [T] [thread 4822] [45.0] [cxt 0] Bytes parsed: 0
[23:19:52.937] [bmv2] [D] [thread 4822] [45.0] [cxt 0] Parser 'parser': end
[23:19:52.937] [bmv2] [D] [thread 4822] [45.0] [cxt 0] Pipeline 'ingress': start
[23:19:52.937] [bmv2] [T] [thread 4822] [45.0] [cxt 0] Applying table 'MyIngress.ipv4_lpm'
[23:19:52.937] [bmv2] [D] [thread 4822] [45.0] [cxt 0] Looking up key:
* hdr.ipv4.dstAddr    : 00000000

[23:19:52.937] [bmv2] [D] [thread 4822] [45.0] [cxt 0] Table 'MyIngress.ipv4_lpm': miss
[23:19:52.937] [bmv2] [D] [thread 4822] [45.0] [cxt 0] Action entry is MyIngress.drop - 
[23:19:52.937] [bmv2] [T] [thread 4822] [45.0] [cxt 0] Action MyIngress.drop
[23:19:52.938] [bmv2] [T] [thread 4822] [45.0] [cxt 0] basic.p4(78) Primitive mark_to_drop(standard_metadata)
[23:19:52.938] [bmv2] [D] [thread 4822] [45.0] [cxt 0] Pipeline 'ingress': end
[23:19:52.938] [bmv2] [D] [thread 4822] [45.0] [cxt 0] Egress port is 511
[23:19:52.938] [bmv2] [D] [thread 4822] [45.0] [cxt 0] Dropping packet at the end of ingress
[23:19:53.017] [bmv2] [D] [thread 4822] [46.0] [cxt 0] Processing packet received on port 1
[23:19:53.017] [bmv2] [D] [thread 4822] [46.0] [cxt 0] Parser 'parser': start
[23:19:53.017] [bmv2] [D] [thread 4822] [46.0] [cxt 0] Parser 'parser' entering state 'start'
[23:19:53.017] [bmv2] [D] [thread 4822] [46.0] [cxt 0] Parser state 'start' has no switch, going to default next state
[23:19:53.017] [bmv2] [T] [thread 4822] [46.0] [cxt 0] Bytes parsed: 0
[23:19:53.017] [bmv2] [D] [thread 4822] [46.0] [cxt 0] Parser 'parser': end
[23:19:53.017] [bmv2] [D] [thread 4822] [46.0] [cxt 0] Pipeline 'ingress': start
[23:19:53.017] [bmv2] [T] [thread 4822] [46.0] [cxt 0] Applying table 'MyIngress.ipv4_lpm'
[23:19:53.017] [bmv2] [D] [thread 4822] [46.0] [cxt 0] Looking up key:
* hdr.ipv4.dstAddr    : 00000000

[23:19:53.017] [bmv2] [D] [thread 4822] [46.0] [cxt 0] Table 'MyIngress.ipv4_lpm': miss
[23:19:53.018] [bmv2] [D] [thread 4822] [46.0] [cxt 0] Action entry is MyIngress.drop - 
[23:19:53.018] [bmv2] [T] [thread 4822] [46.0] [cxt 0] Action MyIngress.drop
[23:19:53.018] [bmv2] [T] [thread 4822] [46.0] [cxt 0] basic.p4(78) Primitive mark_to_drop(standard_metadata)
[23:19:53.018] [bmv2] [D] [thread 4822] [46.0] [cxt 0] Pipeline 'ingress': end
[23:19:53.018] [bmv2] [D] [thread 4822] [46.0] [cxt 0] Egress port is 511
[23:19:53.018] [bmv2] [D] [thread 4822] [46.0] [cxt 0] Dropping packet at the end of ingress
[23:19:53.018] [bmv2] [D] [thread 4822] [47.0] [cxt 0] Processing packet received on port 1
[23:19:53.019] [bmv2] [D] [thread 4822] [47.0] [cxt 0] Parser 'parser': start
[23:19:53.019] [bmv2] [D] [thread 4822] [47.0] [cxt 0] Parser 'parser' entering state 'start'
[23:19:53.019] [bmv2] [D] [thread 4822] [47.0] [cxt 0] Parser state 'start' has no switch, going to default next state
[23:19:53.019] [bmv2] [T] [thread 4822] [47.0] [cxt 0] Bytes parsed: 0
[23:19:53.019] [bmv2] [D] [thread 4822] [47.0] [cxt 0] Parser 'parser': end
[23:19:53.019] [bmv2] [D] [thread 4822] [47.0] [cxt 0] Pipeline 'ingress': start
[23:19:53.019] [bmv2] [T] [thread 4822] [47.0] [cxt 0] Applying table 'MyIngress.ipv4_lpm'
[23:19:53.019] [bmv2] [D] [thread 4822] [47.0] [cxt 0] Looking up key:
* hdr.ipv4.dstAddr    : 00000000

[23:19:53.019] [bmv2] [D] [thread 4822] [47.0] [cxt 0] Table 'MyIngress.ipv4_lpm': miss
[23:19:53.019] [bmv2] [D] [thread 4822] [47.0] [cxt 0] Action entry is MyIngress.drop - 
[23:19:53.019] [bmv2] [T] [thread 4822] [47.0] [cxt 0] Action MyIngress.drop
[23:19:53.019] [bmv2] [T] [thread 4822] [47.0] [cxt 0] basic.p4(78) Primitive mark_to_drop(standard_metadata)
[23:19:53.019] [bmv2] [D] [thread 4822] [47.0] [cxt 0] Pipeline 'ingress': end
[23:19:53.019] [bmv2] [D] [thread 4822] [47.0] [cxt 0] Egress port is 511
[23:19:53.019] [bmv2] [D] [thread 4822] [47.0] [cxt 0] Dropping packet at the end of ingress
[23:19:53.232] [bmv2] [D] [thread 4822] [48.0] [cxt 0] Processing packet received on port 1
[23:19:53.232] [bmv2] [D] [thread 4822] [48.0] [cxt 0] Parser 'parser': start
[23:19:53.232] [bmv2] [D] [thread 4822] [48.0] [cxt 0] Parser 'parser' entering state 'start'
[23:19:53.232] [bmv2] [D] [thread 4822] [48.0] [cxt 0] Parser state 'start' has no switch, going to default next state
[23:19:53.233] [bmv2] [T] [thread 4822] [48.0] [cxt 0] Bytes parsed: 0
[23:19:53.233] [bmv2] [D] [thread 4822] [48.0] [cxt 0] Parser 'parser': end
[23:19:53.233] [bmv2] [D] [thread 4822] [48.0] [cxt 0] Pipeline 'ingress': start
[23:19:53.233] [bmv2] [T] [thread 4822] [48.0] [cxt 0] Applying table 'MyIngress.ipv4_lpm'
[23:19:53.233] [bmv2] [D] [thread 4822] [48.0] [cxt 0] Looking up key:
* hdr.ipv4.dstAddr    : 00000000

[23:19:53.233] [bmv2] [D] [thread 4822] [48.0] [cxt 0] Table 'MyIngress.ipv4_lpm': miss
[23:19:53.233] [bmv2] [D] [thread 4822] [48.0] [cxt 0] Action entry is MyIngress.drop - 
[23:19:53.233] [bmv2] [T] [thread 4822] [48.0] [cxt 0] Action MyIngress.drop
[23:19:53.233] [bmv2] [T] [thread 4822] [48.0] [cxt 0] basic.p4(78) Primitive mark_to_drop(standard_metadata)
[23:19:53.233] [bmv2] [D] [thread 4822] [48.0] [cxt 0] Pipeline 'ingress': end
[23:19:53.233] [bmv2] [D] [thread 4822] [48.0] [cxt 0] Egress port is 511
[23:19:53.233] [bmv2] [D] [thread 4822] [48.0] [cxt 0] Dropping packet at the end of ingress
open: No such file or directory
open: No such file or directory
