Calling target program-options parser
[22:36:36.871] [bmv2] [D] [thread 5364] Set default default entry for table 'MyIngress.calculate': MyIngress.operation_drop - 
[22:36:36.871] [bmv2] [D] [thread 5364] Entry 0 added to table 'MyIngress.calculate'
[22:36:36.871] [bmv2] [D] [thread 5364] Dumping entry 0
Match key:
* hdr.p4calc.op       : EXACT     2b
Action entry: MyIngress.operation_add - 

[22:36:36.871] [bmv2] [D] [thread 5364] Entry 1 added to table 'MyIngress.calculate'
[22:36:36.871] [bmv2] [D] [thread 5364] Dumping entry 1
Match key:
* hdr.p4calc.op       : EXACT     2d
Action entry: MyIngress.operation_sub - 

[22:36:36.871] [bmv2] [D] [thread 5364] Entry 2 added to table 'MyIngress.calculate'
[22:36:36.871] [bmv2] [D] [thread 5364] Dumping entry 2
Match key:
* hdr.p4calc.op       : EXACT     26
Action entry: MyIngress.operation_and - 

[22:36:36.871] [bmv2] [D] [thread 5364] Entry 3 added to table 'MyIngress.calculate'
[22:36:36.871] [bmv2] [D] [thread 5364] Dumping entry 3
Match key:
* hdr.p4calc.op       : EXACT     7c
Action entry: MyIngress.operation_or - 

[22:36:36.871] [bmv2] [D] [thread 5364] Entry 4 added to table 'MyIngress.calculate'
[22:36:36.871] [bmv2] [D] [thread 5364] Dumping entry 4
Match key:
* hdr.p4calc.op       : EXACT     5e
Action entry: MyIngress.operation_xor - 

[22:36:36.871] [bmv2] [D] [thread 5364] Set default default entry for table 'tbl_operation_drop': MyIngress.operation_drop - 
Adding interface s1-eth2 as port 2
[22:36:36.872] [bmv2] [D] [thread 5364] Adding interface s1-eth2 as port 2
Adding interface s1-eth8 as port 8
[22:36:36.912] [bmv2] [D] [thread 5364] Adding interface s1-eth8 as port 8
I1113 22:36:36.989565540    5364 server_builder.cc:247]      Synchronous server. Num CQs: 1, Min pollers: 1, Max Pollers: 2147483647, CQ timeout (msec): 1000
Server listening on 0.0.0.0:50051
[22:36:36.995] [bmv2] [I] [thread 5364] Starting Thrift server on port 9090
[22:36:36.996] [bmv2] [I] [thread 5364] Thrift server was started
[22:36:37.144] [bmv2] [D] [thread 5371] [0.0] [cxt 0] Processing packet received on port 2
[22:36:37.144] [bmv2] [D] [thread 5371] [0.0] [cxt 0] Parser 'parser': start
[22:36:37.144] [bmv2] [D] [thread 5371] [0.0] [cxt 0] Parser 'parser' entering state 'start'
[22:36:37.144] [bmv2] [D] [thread 5371] [0.0] [cxt 0] Extracting header 'ethernet'
[22:36:37.144] [bmv2] [D] [thread 5371] [0.0] [cxt 0] Parser state 'start': key is 86dd
[22:36:37.144] [bmv2] [T] [thread 5371] [0.0] [cxt 0] Bytes parsed: 14
[22:36:37.144] [bmv2] [D] [thread 5371] [0.0] [cxt 0] Parser 'parser': end
[22:36:37.144] [bmv2] [D] [thread 5371] [0.0] [cxt 0] Pipeline 'ingress': start
[22:36:37.144] [bmv2] [T] [thread 5371] [0.0] [cxt 0] calc.p4(229) Condition "hdr.p4calc.isValid()" (node_2) is false
[22:36:37.144] [bmv2] [T] [thread 5371] [0.0] [cxt 0] Applying table 'tbl_operation_drop'
[22:36:37.144] [bmv2] [D] [thread 5371] [0.0] [cxt 0] Looking up key:

[22:36:37.144] [bmv2] [D] [thread 5371] [0.0] [cxt 0] Table 'tbl_operation_drop': miss
[22:36:37.144] [bmv2] [D] [thread 5371] [0.0] [cxt 0] Action entry is MyIngress.operation_drop - 
[22:36:37.144] [bmv2] [T] [thread 5371] [0.0] [cxt 0] Action MyIngress.operation_drop
[22:36:37.144] [bmv2] [T] [thread 5371] [0.0] [cxt 0] calc.p4(203) Primitive mark_to_drop(smt)
[22:36:37.144] [bmv2] [D] [thread 5371] [0.0] [cxt 0] Pipeline 'ingress': end
[22:36:37.144] [bmv2] [D] [thread 5371] [0.0] [cxt 0] Egress port is 511
[22:36:37.144] [bmv2] [D] [thread 5371] [0.0] [cxt 0] Dropping packet at the end of ingress
[22:36:37.334] [bmv2] [D] [thread 5371] [1.0] [cxt 0] Processing packet received on port 8
[22:36:37.334] [bmv2] [D] [thread 5371] [1.0] [cxt 0] Parser 'parser': start
[22:36:37.334] [bmv2] [D] [thread 5371] [1.0] [cxt 0] Parser 'parser' entering state 'start'
[22:36:37.334] [bmv2] [D] [thread 5371] [1.0] [cxt 0] Extracting header 'ethernet'
[22:36:37.334] [bmv2] [D] [thread 5371] [1.0] [cxt 0] Parser state 'start': key is 86dd
[22:36:37.334] [bmv2] [T] [thread 5371] [1.0] [cxt 0] Bytes parsed: 14
[22:36:37.334] [bmv2] [D] [thread 5371] [1.0] [cxt 0] Parser 'parser': end
[22:36:37.334] [bmv2] [D] [thread 5371] [1.0] [cxt 0] Pipeline 'ingress': start
[22:36:37.334] [bmv2] [T] [thread 5371] [1.0] [cxt 0] calc.p4(229) Condition "hdr.p4calc.isValid()" (node_2) is false
[22:36:37.334] [bmv2] [T] [thread 5371] [1.0] [cxt 0] Applying table 'tbl_operation_drop'
[22:36:37.334] [bmv2] [D] [thread 5371] [1.0] [cxt 0] Looking up key:

[22:36:37.334] [bmv2] [D] [thread 5371] [1.0] [cxt 0] Table 'tbl_operation_drop': miss
[22:36:37.334] [bmv2] [D] [thread 5371] [1.0] [cxt 0] Action entry is MyIngress.operation_drop - 
[22:36:37.334] [bmv2] [T] [thread 5371] [1.0] [cxt 0] Action MyIngress.operation_drop
[22:36:37.334] [bmv2] [T] [thread 5371] [1.0] [cxt 0] calc.p4(203) Primitive mark_to_drop(smt)
[22:36:37.334] [bmv2] [D] [thread 5371] [1.0] [cxt 0] Pipeline 'ingress': end
[22:36:37.334] [bmv2] [D] [thread 5371] [1.0] [cxt 0] Egress port is 511
[22:36:37.334] [bmv2] [D] [thread 5371] [1.0] [cxt 0] Dropping packet at the end of ingress
[22:36:37.600] [bmv2] [D] [thread 5371] [2.0] [cxt 0] Processing packet received on port 2
[22:36:37.600] [bmv2] [D] [thread 5371] [2.0] [cxt 0] Parser 'parser': start
[22:36:37.600] [bmv2] [D] [thread 5371] [2.0] [cxt 0] Parser 'parser' entering state 'start'
[22:36:37.600] [bmv2] [D] [thread 5371] [2.0] [cxt 0] Extracting header 'ethernet'
[22:36:37.600] [bmv2] [D] [thread 5371] [2.0] [cxt 0] Parser state 'start': key is 86dd
[22:36:37.600] [bmv2] [T] [thread 5371] [2.0] [cxt 0] Bytes parsed: 14
[22:36:37.600] [bmv2] [D] [thread 5371] [2.0] [cxt 0] Parser 'parser': end
[22:36:37.600] [bmv2] [D] [thread 5371] [2.0] [cxt 0] Pipeline 'ingress': start
[22:36:37.600] [bmv2] [T] [thread 5371] [2.0] [cxt 0] calc.p4(229) Condition "hdr.p4calc.isValid()" (node_2) is false
[22:36:37.600] [bmv2] [T] [thread 5371] [2.0] [cxt 0] Applying table 'tbl_operation_drop'
[22:36:37.600] [bmv2] [D] [thread 5371] [2.0] [cxt 0] Looking up key:

[22:36:37.600] [bmv2] [D] [thread 5371] [2.0] [cxt 0] Table 'tbl_operation_drop': miss
[22:36:37.600] [bmv2] [D] [thread 5371] [2.0] [cxt 0] Action entry is MyIngress.operation_drop - 
[22:36:37.600] [bmv2] [T] [thread 5371] [2.0] [cxt 0] Action MyIngress.operation_drop
[22:36:37.600] [bmv2] [T] [thread 5371] [2.0] [cxt 0] calc.p4(203) Primitive mark_to_drop(smt)
[22:36:37.600] [bmv2] [D] [thread 5371] [2.0] [cxt 0] Pipeline 'ingress': end
[22:36:37.600] [bmv2] [D] [thread 5371] [2.0] [cxt 0] Egress port is 511
[22:36:37.600] [bmv2] [D] [thread 5371] [2.0] [cxt 0] Dropping packet at the end of ingress
[22:36:37.775] [bmv2] [D] [thread 5371] [3.0] [cxt 0] Processing packet received on port 8
[22:36:37.775] [bmv2] [D] [thread 5371] [3.0] [cxt 0] Parser 'parser': start
[22:36:37.775] [bmv2] [D] [thread 5371] [3.0] [cxt 0] Parser 'parser' entering state 'start'
[22:36:37.775] [bmv2] [D] [thread 5371] [3.0] [cxt 0] Extracting header 'ethernet'
[22:36:37.775] [bmv2] [D] [thread 5371] [3.0] [cxt 0] Parser state 'start': key is 86dd
[22:36:37.775] [bmv2] [T] [thread 5371] [3.0] [cxt 0] Bytes parsed: 14
[22:36:37.775] [bmv2] [D] [thread 5371] [3.0] [cxt 0] Parser 'parser': end
[22:36:37.775] [bmv2] [D] [thread 5371] [3.0] [cxt 0] Pipeline 'ingress': start
[22:36:37.775] [bmv2] [T] [thread 5371] [3.0] [cxt 0] calc.p4(229) Condition "hdr.p4calc.isValid()" (node_2) is false
[22:36:37.775] [bmv2] [T] [thread 5371] [3.0] [cxt 0] Applying table 'tbl_operation_drop'
[22:36:37.775] [bmv2] [D] [thread 5371] [3.0] [cxt 0] Looking up key:

[22:36:37.775] [bmv2] [D] [thread 5371] [3.0] [cxt 0] Table 'tbl_operation_drop': miss
[22:36:37.775] [bmv2] [D] [thread 5371] [3.0] [cxt 0] Action entry is MyIngress.operation_drop - 
[22:36:37.775] [bmv2] [T] [thread 5371] [3.0] [cxt 0] Action MyIngress.operation_drop
[22:36:37.775] [bmv2] [T] [thread 5371] [3.0] [cxt 0] calc.p4(203) Primitive mark_to_drop(smt)
[22:36:37.775] [bmv2] [D] [thread 5371] [3.0] [cxt 0] Pipeline 'ingress': end
[22:36:37.775] [bmv2] [D] [thread 5371] [3.0] [cxt 0] Egress port is 511
[22:36:37.775] [bmv2] [D] [thread 5371] [3.0] [cxt 0] Dropping packet at the end of ingress
[22:36:38.145] [bmv2] [D] [thread 5371] [4.0] [cxt 0] Processing packet received on port 2
[22:36:38.145] [bmv2] [D] [thread 5371] [4.0] [cxt 0] Parser 'parser': start
[22:36:38.145] [bmv2] [D] [thread 5371] [4.0] [cxt 0] Parser 'parser' entering state 'start'
[22:36:38.145] [bmv2] [D] [thread 5371] [4.0] [cxt 0] Extracting header 'ethernet'
[22:36:38.145] [bmv2] [D] [thread 5371] [4.0] [cxt 0] Parser state 'start': key is 86dd
[22:36:38.145] [bmv2] [T] [thread 5371] [4.0] [cxt 0] Bytes parsed: 14
[22:36:38.145] [bmv2] [D] [thread 5371] [4.0] [cxt 0] Parser 'parser': end
[22:36:38.145] [bmv2] [D] [thread 5371] [4.0] [cxt 0] Pipeline 'ingress': start
[22:36:38.145] [bmv2] [T] [thread 5371] [4.0] [cxt 0] calc.p4(229) Condition "hdr.p4calc.isValid()" (node_2) is false
[22:36:38.145] [bmv2] [T] [thread 5371] [4.0] [cxt 0] Applying table 'tbl_operation_drop'
[22:36:38.145] [bmv2] [D] [thread 5371] [4.0] [cxt 0] Looking up key:

[22:36:38.145] [bmv2] [D] [thread 5371] [4.0] [cxt 0] Table 'tbl_operation_drop': miss
[22:36:38.145] [bmv2] [D] [thread 5371] [4.0] [cxt 0] Action entry is MyIngress.operation_drop - 
[22:36:38.145] [bmv2] [T] [thread 5371] [4.0] [cxt 0] Action MyIngress.operation_drop
[22:36:38.145] [bmv2] [T] [thread 5371] [4.0] [cxt 0] calc.p4(203) Primitive mark_to_drop(smt)
[22:36:38.145] [bmv2] [D] [thread 5371] [4.0] [cxt 0] Pipeline 'ingress': end
[22:36:38.145] [bmv2] [D] [thread 5371] [4.0] [cxt 0] Egress port is 511
[22:36:38.145] [bmv2] [D] [thread 5371] [4.0] [cxt 0] Dropping packet at the end of ingress
[22:36:38.145] [bmv2] [D] [thread 5371] [5.0] [cxt 0] Processing packet received on port 2
[22:36:38.145] [bmv2] [D] [thread 5371] [5.0] [cxt 0] Parser 'parser': start
[22:36:38.145] [bmv2] [D] [thread 5371] [5.0] [cxt 0] Parser 'parser' entering state 'start'
[22:36:38.145] [bmv2] [D] [thread 5371] [5.0] [cxt 0] Extracting header 'ethernet'
[22:36:38.145] [bmv2] [D] [thread 5371] [5.0] [cxt 0] Parser state 'start': key is 86dd
[22:36:38.145] [bmv2] [T] [thread 5371] [5.0] [cxt 0] Bytes parsed: 14
[22:36:38.145] [bmv2] [D] [thread 5371] [5.0] [cxt 0] Parser 'parser': end
[22:36:38.145] [bmv2] [D] [thread 5371] [5.0] [cxt 0] Pipeline 'ingress': start
[22:36:38.145] [bmv2] [T] [thread 5371] [5.0] [cxt 0] calc.p4(229) Condition "hdr.p4calc.isValid()" (node_2) is false
[22:36:38.145] [bmv2] [T] [thread 5371] [5.0] [cxt 0] Applying table 'tbl_operation_drop'
[22:36:38.145] [bmv2] [D] [thread 5371] [5.0] [cxt 0] Looking up key:

[22:36:38.145] [bmv2] [D] [thread 5371] [5.0] [cxt 0] Table 'tbl_operation_drop': miss
[22:36:38.145] [bmv2] [D] [thread 5371] [5.0] [cxt 0] Action entry is MyIngress.operation_drop - 
[22:36:38.145] [bmv2] [T] [thread 5371] [5.0] [cxt 0] Action MyIngress.operation_drop
[22:36:38.145] [bmv2] [T] [thread 5371] [5.0] [cxt 0] calc.p4(203) Primitive mark_to_drop(smt)
[22:36:38.145] [bmv2] [D] [thread 5371] [5.0] [cxt 0] Pipeline 'ingress': end
[22:36:38.145] [bmv2] [D] [thread 5371] [5.0] [cxt 0] Egress port is 511
[22:36:38.145] [bmv2] [D] [thread 5371] [5.0] [cxt 0] Dropping packet at the end of ingress
[22:36:38.152] [bmv2] [D] [thread 5371] [6.0] [cxt 0] Processing packet received on port 2
[22:36:38.152] [bmv2] [D] [thread 5371] [6.0] [cxt 0] Parser 'parser': start
[22:36:38.152] [bmv2] [D] [thread 5371] [6.0] [cxt 0] Parser 'parser' entering state 'start'
[22:36:38.153] [bmv2] [D] [thread 5371] [6.0] [cxt 0] Extracting header 'ethernet'
[22:36:38.153] [bmv2] [D] [thread 5371] [6.0] [cxt 0] Parser state 'start': key is 86dd
[22:36:38.153] [bmv2] [T] [thread 5371] [6.0] [cxt 0] Bytes parsed: 14
[22:36:38.153] [bmv2] [D] [thread 5371] [6.0] [cxt 0] Parser 'parser': end
[22:36:38.153] [bmv2] [D] [thread 5371] [6.0] [cxt 0] Pipeline 'ingress': start
[22:36:38.153] [bmv2] [T] [thread 5371] [6.0] [cxt 0] calc.p4(229) Condition "hdr.p4calc.isValid()" (node_2) is false
[22:36:38.153] [bmv2] [T] [thread 5371] [6.0] [cxt 0] Applying table 'tbl_operation_drop'
[22:36:38.153] [bmv2] [D] [thread 5371] [6.0] [cxt 0] Looking up key:

[22:36:38.153] [bmv2] [D] [thread 5371] [6.0] [cxt 0] Table 'tbl_operation_drop': miss
[22:36:38.153] [bmv2] [D] [thread 5371] [6.0] [cxt 0] Action entry is MyIngress.operation_drop - 
[22:36:38.153] [bmv2] [T] [thread 5371] [6.0] [cxt 0] Action MyIngress.operation_drop
[22:36:38.153] [bmv2] [T] [thread 5371] [6.0] [cxt 0] calc.p4(203) Primitive mark_to_drop(smt)
[22:36:38.153] [bmv2] [D] [thread 5371] [6.0] [cxt 0] Pipeline 'ingress': end
[22:36:38.153] [bmv2] [D] [thread 5371] [6.0] [cxt 0] Egress port is 511
[22:36:38.153] [bmv2] [D] [thread 5371] [6.0] [cxt 0] Dropping packet at the end of ingress
[22:36:38.242] [bmv2] [D] [thread 5371] [7.0] [cxt 0] Processing packet received on port 2
[22:36:38.242] [bmv2] [D] [thread 5371] [7.0] [cxt 0] Parser 'parser': start
[22:36:38.242] [bmv2] [D] [thread 5371] [7.0] [cxt 0] Parser 'parser' entering state 'start'
[22:36:38.242] [bmv2] [D] [thread 5371] [7.0] [cxt 0] Extracting header 'ethernet'
[22:36:38.242] [bmv2] [D] [thread 5371] [7.0] [cxt 0] Parser state 'start': key is 86dd
[22:36:38.242] [bmv2] [T] [thread 5371] [7.0] [cxt 0] Bytes parsed: 14
[22:36:38.242] [bmv2] [D] [thread 5371] [7.0] [cxt 0] Parser 'parser': end
[22:36:38.242] [bmv2] [D] [thread 5371] [7.0] [cxt 0] Pipeline 'ingress': start
[22:36:38.242] [bmv2] [T] [thread 5371] [7.0] [cxt 0] calc.p4(229) Condition "hdr.p4calc.isValid()" (node_2) is false
[22:36:38.242] [bmv2] [T] [thread 5371] [7.0] [cxt 0] Applying table 'tbl_operation_drop'
[22:36:38.242] [bmv2] [D] [thread 5371] [7.0] [cxt 0] Looking up key:

[22:36:38.242] [bmv2] [D] [thread 5371] [7.0] [cxt 0] Table 'tbl_operation_drop': miss
[22:36:38.242] [bmv2] [D] [thread 5371] [7.0] [cxt 0] Action entry is MyIngress.operation_drop - 
[22:36:38.242] [bmv2] [T] [thread 5371] [7.0] [cxt 0] Action MyIngress.operation_drop
[22:36:38.242] [bmv2] [T] [thread 5371] [7.0] [cxt 0] calc.p4(203) Primitive mark_to_drop(smt)
[22:36:38.242] [bmv2] [D] [thread 5371] [7.0] [cxt 0] Pipeline 'ingress': end
[22:36:38.242] [bmv2] [D] [thread 5371] [7.0] [cxt 0] Egress port is 511
[22:36:38.242] [bmv2] [D] [thread 5371] [7.0] [cxt 0] Dropping packet at the end of ingress
[22:36:38.334] [bmv2] [D] [thread 5371] [8.0] [cxt 0] Processing packet received on port 8
[22:36:38.334] [bmv2] [D] [thread 5371] [8.0] [cxt 0] Parser 'parser': start
[22:36:38.334] [bmv2] [D] [thread 5371] [8.0] [cxt 0] Parser 'parser' entering state 'start'
[22:36:38.334] [bmv2] [D] [thread 5371] [8.0] [cxt 0] Extracting header 'ethernet'
[22:36:38.335] [bmv2] [D] [thread 5371] [8.0] [cxt 0] Parser state 'start': key is 86dd
[22:36:38.335] [bmv2] [T] [thread 5371] [8.0] [cxt 0] Bytes parsed: 14
[22:36:38.335] [bmv2] [D] [thread 5371] [8.0] [cxt 0] Parser 'parser': end
[22:36:38.335] [bmv2] [D] [thread 5371] [8.0] [cxt 0] Pipeline 'ingress': start
[22:36:38.335] [bmv2] [T] [thread 5371] [8.0] [cxt 0] calc.p4(229) Condition "hdr.p4calc.isValid()" (node_2) is false
[22:36:38.335] [bmv2] [T] [thread 5371] [8.0] [cxt 0] Applying table 'tbl_operation_drop'
[22:36:38.335] [bmv2] [D] [thread 5371] [8.0] [cxt 0] Looking up key:

[22:36:38.335] [bmv2] [D] [thread 5371] [8.0] [cxt 0] Table 'tbl_operation_drop': miss
[22:36:38.335] [bmv2] [D] [thread 5371] [8.0] [cxt 0] Action entry is MyIngress.operation_drop - 
[22:36:38.335] [bmv2] [T] [thread 5371] [8.0] [cxt 0] Action MyIngress.operation_drop
[22:36:38.335] [bmv2] [T] [thread 5371] [8.0] [cxt 0] calc.p4(203) Primitive mark_to_drop(smt)
[22:36:38.335] [bmv2] [D] [thread 5371] [8.0] [cxt 0] Pipeline 'ingress': end
[22:36:38.335] [bmv2] [D] [thread 5371] [8.0] [cxt 0] Egress port is 511
[22:36:38.335] [bmv2] [D] [thread 5371] [8.0] [cxt 0] Dropping packet at the end of ingress
[22:36:38.335] [bmv2] [D] [thread 5371] [9.0] [cxt 0] Processing packet received on port 8
[22:36:38.335] [bmv2] [D] [thread 5371] [9.0] [cxt 0] Parser 'parser': start
[22:36:38.335] [bmv2] [D] [thread 5371] [9.0] [cxt 0] Parser 'parser' entering state 'start'
[22:36:38.335] [bmv2] [D] [thread 5371] [9.0] [cxt 0] Extracting header 'ethernet'
[22:36:38.335] [bmv2] [D] [thread 5371] [9.0] [cxt 0] Parser state 'start': key is 86dd
[22:36:38.335] [bmv2] [T] [thread 5371] [9.0] [cxt 0] Bytes parsed: 14
[22:36:38.335] [bmv2] [D] [thread 5371] [9.0] [cxt 0] Parser 'parser': end
[22:36:38.335] [bmv2] [D] [thread 5371] [9.0] [cxt 0] Pipeline 'ingress': start
[22:36:38.335] [bmv2] [T] [thread 5371] [9.0] [cxt 0] calc.p4(229) Condition "hdr.p4calc.isValid()" (node_2) is false
[22:36:38.335] [bmv2] [T] [thread 5371] [9.0] [cxt 0] Applying table 'tbl_operation_drop'
[22:36:38.335] [bmv2] [D] [thread 5371] [9.0] [cxt 0] Looking up key:

[22:36:38.335] [bmv2] [D] [thread 5371] [9.0] [cxt 0] Table 'tbl_operation_drop': miss
[22:36:38.335] [bmv2] [D] [thread 5371] [9.0] [cxt 0] Action entry is MyIngress.operation_drop - 
[22:36:38.335] [bmv2] [T] [thread 5371] [9.0] [cxt 0] Action MyIngress.operation_drop
[22:36:38.335] [bmv2] [T] [thread 5371] [9.0] [cxt 0] calc.p4(203) Primitive mark_to_drop(smt)
[22:36:38.335] [bmv2] [D] [thread 5371] [9.0] [cxt 0] Pipeline 'ingress': end
[22:36:38.335] [bmv2] [D] [thread 5371] [9.0] [cxt 0] Egress port is 511
[22:36:38.335] [bmv2] [D] [thread 5371] [9.0] [cxt 0] Dropping packet at the end of ingress
[22:36:38.344] [bmv2] [D] [thread 5371] [10.0] [cxt 0] Processing packet received on port 8
[22:36:38.344] [bmv2] [D] [thread 5371] [10.0] [cxt 0] Parser 'parser': start
[22:36:38.344] [bmv2] [D] [thread 5371] [10.0] [cxt 0] Parser 'parser' entering state 'start'
[22:36:38.344] [bmv2] [D] [thread 5371] [10.0] [cxt 0] Extracting header 'ethernet'
[22:36:38.344] [bmv2] [D] [thread 5371] [10.0] [cxt 0] Parser state 'start': key is 86dd
[22:36:38.344] [bmv2] [T] [thread 5371] [10.0] [cxt 0] Bytes parsed: 14
[22:36:38.344] [bmv2] [D] [thread 5371] [10.0] [cxt 0] Parser 'parser': end
[22:36:38.344] [bmv2] [D] [thread 5371] [10.0] [cxt 0] Pipeline 'ingress': start
[22:36:38.344] [bmv2] [T] [thread 5371] [10.0] [cxt 0] calc.p4(229) Condition "hdr.p4calc.isValid()" (node_2) is false
[22:36:38.344] [bmv2] [T] [thread 5371] [10.0] [cxt 0] Applying table 'tbl_operation_drop'
[22:36:38.344] [bmv2] [D] [thread 5371] [10.0] [cxt 0] Looking up key:

[22:36:38.344] [bmv2] [D] [thread 5371] [10.0] [cxt 0] Table 'tbl_operation_drop': miss
[22:36:38.344] [bmv2] [D] [thread 5371] [10.0] [cxt 0] Action entry is MyIngress.operation_drop - 
[22:36:38.344] [bmv2] [T] [thread 5371] [10.0] [cxt 0] Action MyIngress.operation_drop
[22:36:38.344] [bmv2] [T] [thread 5371] [10.0] [cxt 0] calc.p4(203) Primitive mark_to_drop(smt)
[22:36:38.345] [bmv2] [D] [thread 5371] [10.0] [cxt 0] Pipeline 'ingress': end
[22:36:38.345] [bmv2] [D] [thread 5371] [10.0] [cxt 0] Egress port is 511
[22:36:38.345] [bmv2] [D] [thread 5371] [10.0] [cxt 0] Dropping packet at the end of ingress
[22:36:38.408] [bmv2] [D] [thread 5371] [11.0] [cxt 0] Processing packet received on port 2
[22:36:38.408] [bmv2] [D] [thread 5371] [11.0] [cxt 0] Parser 'parser': start
[22:36:38.408] [bmv2] [D] [thread 5371] [11.0] [cxt 0] Parser 'parser' entering state 'start'
[22:36:38.408] [bmv2] [D] [thread 5371] [11.0] [cxt 0] Extracting header 'ethernet'
[22:36:38.408] [bmv2] [D] [thread 5371] [11.0] [cxt 0] Parser state 'start': key is 86dd
[22:36:38.408] [bmv2] [T] [thread 5371] [11.0] [cxt 0] Bytes parsed: 14
[22:36:38.408] [bmv2] [D] [thread 5371] [11.0] [cxt 0] Parser 'parser': end
[22:36:38.408] [bmv2] [D] [thread 5371] [11.0] [cxt 0] Pipeline 'ingress': start
[22:36:38.408] [bmv2] [T] [thread 5371] [11.0] [cxt 0] calc.p4(229) Condition "hdr.p4calc.isValid()" (node_2) is false
[22:36:38.408] [bmv2] [T] [thread 5371] [11.0] [cxt 0] Applying table 'tbl_operation_drop'
[22:36:38.408] [bmv2] [D] [thread 5371] [11.0] [cxt 0] Looking up key:

[22:36:38.408] [bmv2] [D] [thread 5371] [11.0] [cxt 0] Table 'tbl_operation_drop': miss
[22:36:38.408] [bmv2] [D] [thread 5371] [11.0] [cxt 0] Action entry is MyIngress.operation_drop - 
[22:36:38.408] [bmv2] [T] [thread 5371] [11.0] [cxt 0] Action MyIngress.operation_drop
[22:36:38.408] [bmv2] [T] [thread 5371] [11.0] [cxt 0] calc.p4(203) Primitive mark_to_drop(smt)
[22:36:38.409] [bmv2] [D] [thread 5371] [11.0] [cxt 0] Pipeline 'ingress': end
[22:36:38.409] [bmv2] [D] [thread 5371] [11.0] [cxt 0] Egress port is 511
[22:36:38.409] [bmv2] [D] [thread 5371] [11.0] [cxt 0] Dropping packet at the end of ingress
New connection
P4Runtime SetForwardingPipelineConfig
[22:36:38.431] [bmv2] [W] [thread 5384] [P4Runtime] p4::tmp::P4DeviceConfig is deprecated
[22:36:38.433] [bmv2] [D] [thread 5384] Set default default entry for table 'MyIngress.calculate': MyIngress.operation_drop - 
[22:36:38.433] [bmv2] [D] [thread 5384] Entry 0 added to table 'MyIngress.calculate'
[22:36:38.433] [bmv2] [D] [thread 5384] Dumping entry 0
Match key:
* hdr.p4calc.op       : EXACT     2b
Action entry: MyIngress.operation_add - 

[22:36:38.433] [bmv2] [D] [thread 5384] Entry 1 added to table 'MyIngress.calculate'
[22:36:38.433] [bmv2] [D] [thread 5384] Dumping entry 1
Match key:
* hdr.p4calc.op       : EXACT     2d
Action entry: MyIngress.operation_sub - 

[22:36:38.433] [bmv2] [D] [thread 5384] Entry 2 added to table 'MyIngress.calculate'
[22:36:38.433] [bmv2] [D] [thread 5384] Dumping entry 2
Match key:
* hdr.p4calc.op       : EXACT     26
Action entry: MyIngress.operation_and - 

[22:36:38.433] [bmv2] [D] [thread 5384] Entry 3 added to table 'MyIngress.calculate'
[22:36:38.433] [bmv2] [D] [thread 5384] Dumping entry 3
Match key:
* hdr.p4calc.op       : EXACT     7c
Action entry: MyIngress.operation_or - 

[22:36:38.433] [bmv2] [D] [thread 5384] Entry 4 added to table 'MyIngress.calculate'
[22:36:38.433] [bmv2] [D] [thread 5384] Dumping entry 4
Match key:
* hdr.p4calc.op       : EXACT     5e
Action entry: MyIngress.operation_xor - 

[22:36:38.433] [bmv2] [D] [thread 5384] Set default default entry for table 'tbl_operation_drop': MyIngress.operation_drop - 
[22:36:38.433] [bmv2] [D] [thread 5371] [12.0] [cxt 0] Processing packet received on port 8
[22:36:38.433] [bmv2] [D] [thread 5371] [12.0] [cxt 0] Parser 'parser': start
[22:36:38.433] [bmv2] [D] [thread 5371] [12.0] [cxt 0] Parser 'parser' entering state 'start'
[22:36:38.433] [bmv2] [D] [thread 5371] [12.0] [cxt 0] Extracting header 'ethernet'
[22:36:38.433] [bmv2] [D] [thread 5371] [12.0] [cxt 0] Parser state 'start': key is 86dd
[22:36:38.433] [bmv2] [T] [thread 5371] [12.0] [cxt 0] Bytes parsed: 14
[22:36:38.433] [bmv2] [D] [thread 5371] [12.0] [cxt 0] Parser 'parser': end
[22:36:38.433] [bmv2] [D] [thread 5371] [12.0] [cxt 0] Pipeline 'ingress': start
[22:36:38.433] [bmv2] [T] [thread 5371] [12.0] [cxt 0] calc.p4(229) Condition "hdr.p4calc.isValid()" (node_2) is false
[22:36:38.433] [bmv2] [T] [thread 5371] [12.0] [cxt 0] Applying table 'tbl_operation_drop'
[22:36:38.433] [bmv2] [D] [thread 5371] [12.0] [cxt 0] Looking up key:

[22:36:38.433] [bmv2] [D] [thread 5371] [12.0] [cxt 0] Table 'tbl_operation_drop': miss
[22:36:38.433] [bmv2] [D] [thread 5371] [12.0] [cxt 0] Action entry is MyIngress.operation_drop - 
[22:36:38.433] [bmv2] [T] [thread 5371] [12.0] [cxt 0] Action MyIngress.operation_drop
[22:36:38.433] [bmv2] [T] [thread 5371] [12.0] [cxt 0] calc.p4(203) Primitive mark_to_drop(smt)
[22:36:38.433] [bmv2] [D] [thread 5371] [12.0] [cxt 0] Pipeline 'ingress': end
[22:36:38.433] [bmv2] [D] [thread 5371] [12.0] [cxt 0] Egress port is 511
[22:36:38.433] [bmv2] [D] [thread 5371] [12.0] [cxt 0] Dropping packet at the end of ingress
Connection removed
[22:36:38.538] [bmv2] [D] [thread 5371] [13.0] [cxt 0] Processing packet received on port 8
[22:36:38.538] [bmv2] [D] [thread 5371] [13.0] [cxt 0] Parser 'parser': start
[22:36:38.538] [bmv2] [D] [thread 5371] [13.0] [cxt 0] Parser 'parser' entering state 'start'
[22:36:38.538] [bmv2] [D] [thread 5371] [13.0] [cxt 0] Extracting header 'ethernet'
[22:36:38.538] [bmv2] [D] [thread 5371] [13.0] [cxt 0] Parser state 'start': key is 86dd
[22:36:38.538] [bmv2] [T] [thread 5371] [13.0] [cxt 0] Bytes parsed: 14
[22:36:38.538] [bmv2] [D] [thread 5371] [13.0] [cxt 0] Parser 'parser': end
[22:36:38.538] [bmv2] [D] [thread 5371] [13.0] [cxt 0] Pipeline 'ingress': start
[22:36:38.538] [bmv2] [T] [thread 5371] [13.0] [cxt 0] calc.p4(229) Condition "hdr.p4calc.isValid()" (node_2) is false
[22:36:38.538] [bmv2] [T] [thread 5371] [13.0] [cxt 0] Applying table 'tbl_operation_drop'
[22:36:38.538] [bmv2] [D] [thread 5371] [13.0] [cxt 0] Looking up key:

[22:36:38.538] [bmv2] [D] [thread 5371] [13.0] [cxt 0] Table 'tbl_operation_drop': miss
[22:36:38.538] [bmv2] [D] [thread 5371] [13.0] [cxt 0] Action entry is MyIngress.operation_drop - 
[22:36:38.538] [bmv2] [T] [thread 5371] [13.0] [cxt 0] Action MyIngress.operation_drop
[22:36:38.538] [bmv2] [T] [thread 5371] [13.0] [cxt 0] calc.p4(203) Primitive mark_to_drop(smt)
[22:36:38.538] [bmv2] [D] [thread 5371] [13.0] [cxt 0] Pipeline 'ingress': end
[22:36:38.538] [bmv2] [D] [thread 5371] [13.0] [cxt 0] Egress port is 511
[22:36:38.538] [bmv2] [D] [thread 5371] [13.0] [cxt 0] Dropping packet at the end of ingress
[22:36:38.598] [bmv2] [D] [thread 5371] [14.0] [cxt 0] Processing packet received on port 8
[22:36:38.598] [bmv2] [D] [thread 5371] [14.0] [cxt 0] Parser 'parser': start
[22:36:38.598] [bmv2] [D] [thread 5371] [14.0] [cxt 0] Parser 'parser' entering state 'start'
[22:36:38.598] [bmv2] [D] [thread 5371] [14.0] [cxt 0] Extracting header 'ethernet'
[22:36:38.598] [bmv2] [D] [thread 5371] [14.0] [cxt 0] Parser state 'start': key is 86dd
[22:36:38.598] [bmv2] [T] [thread 5371] [14.0] [cxt 0] Bytes parsed: 14
[22:36:38.598] [bmv2] [D] [thread 5371] [14.0] [cxt 0] Parser 'parser': end
[22:36:38.598] [bmv2] [D] [thread 5371] [14.0] [cxt 0] Pipeline 'ingress': start
[22:36:38.598] [bmv2] [T] [thread 5371] [14.0] [cxt 0] calc.p4(229) Condition "hdr.p4calc.isValid()" (node_2) is false
[22:36:38.598] [bmv2] [T] [thread 5371] [14.0] [cxt 0] Applying table 'tbl_operation_drop'
[22:36:38.598] [bmv2] [D] [thread 5371] [14.0] [cxt 0] Looking up key:

[22:36:38.598] [bmv2] [D] [thread 5371] [14.0] [cxt 0] Table 'tbl_operation_drop': miss
[22:36:38.598] [bmv2] [D] [thread 5371] [14.0] [cxt 0] Action entry is MyIngress.operation_drop - 
[22:36:38.598] [bmv2] [T] [thread 5371] [14.0] [cxt 0] Action MyIngress.operation_drop
[22:36:38.598] [bmv2] [T] [thread 5371] [14.0] [cxt 0] calc.p4(203) Primitive mark_to_drop(smt)
[22:36:38.598] [bmv2] [D] [thread 5371] [14.0] [cxt 0] Pipeline 'ingress': end
[22:36:38.598] [bmv2] [D] [thread 5371] [14.0] [cxt 0] Egress port is 511
[22:36:38.598] [bmv2] [D] [thread 5371] [14.0] [cxt 0] Dropping packet at the end of ingress
[22:36:38.658] [bmv2] [D] [thread 5371] [15.0] [cxt 0] Processing packet received on port 2
[22:36:38.658] [bmv2] [D] [thread 5371] [15.0] [cxt 0] Parser 'parser': start
[22:36:38.658] [bmv2] [D] [thread 5371] [15.0] [cxt 0] Parser 'parser' entering state 'start'
[22:36:38.658] [bmv2] [D] [thread 5371] [15.0] [cxt 0] Extracting header 'ethernet'
[22:36:38.658] [bmv2] [D] [thread 5371] [15.0] [cxt 0] Parser state 'start': key is 86dd
[22:36:38.658] [bmv2] [T] [thread 5371] [15.0] [cxt 0] Bytes parsed: 14
[22:36:38.658] [bmv2] [D] [thread 5371] [15.0] [cxt 0] Parser 'parser': end
[22:36:38.658] [bmv2] [D] [thread 5371] [15.0] [cxt 0] Pipeline 'ingress': start
[22:36:38.658] [bmv2] [T] [thread 5371] [15.0] [cxt 0] calc.p4(229) Condition "hdr.p4calc.isValid()" (node_2) is false
[22:36:38.658] [bmv2] [T] [thread 5371] [15.0] [cxt 0] Applying table 'tbl_operation_drop'
[22:36:38.658] [bmv2] [D] [thread 5371] [15.0] [cxt 0] Looking up key:

[22:36:38.658] [bmv2] [D] [thread 5371] [15.0] [cxt 0] Table 'tbl_operation_drop': miss
[22:36:38.658] [bmv2] [D] [thread 5371] [15.0] [cxt 0] Action entry is MyIngress.operation_drop - 
[22:36:38.658] [bmv2] [T] [thread 5371] [15.0] [cxt 0] Action MyIngress.operation_drop
[22:36:38.658] [bmv2] [T] [thread 5371] [15.0] [cxt 0] calc.p4(203) Primitive mark_to_drop(smt)
[22:36:38.658] [bmv2] [D] [thread 5371] [15.0] [cxt 0] Pipeline 'ingress': end
[22:36:38.658] [bmv2] [D] [thread 5371] [15.0] [cxt 0] Egress port is 511
[22:36:38.658] [bmv2] [D] [thread 5371] [15.0] [cxt 0] Dropping packet at the end of ingress
[22:36:38.696] [bmv2] [D] [thread 5371] [16.0] [cxt 0] Processing packet received on port 2
[22:36:38.696] [bmv2] [D] [thread 5371] [16.0] [cxt 0] Parser 'parser': start
[22:36:38.696] [bmv2] [D] [thread 5371] [16.0] [cxt 0] Parser 'parser' entering state 'start'
[22:36:38.696] [bmv2] [D] [thread 5371] [16.0] [cxt 0] Extracting header 'ethernet'
[22:36:38.697] [bmv2] [D] [thread 5371] [16.0] [cxt 0] Parser state 'start': key is 86dd
[22:36:38.697] [bmv2] [T] [thread 5371] [16.0] [cxt 0] Bytes parsed: 14
[22:36:38.697] [bmv2] [D] [thread 5371] [16.0] [cxt 0] Parser 'parser': end
[22:36:38.697] [bmv2] [D] [thread 5371] [16.0] [cxt 0] Pipeline 'ingress': start
[22:36:38.697] [bmv2] [T] [thread 5371] [16.0] [cxt 0] calc.p4(229) Condition "hdr.p4calc.isValid()" (node_2) is false
[22:36:38.697] [bmv2] [T] [thread 5371] [16.0] [cxt 0] Applying table 'tbl_operation_drop'
[22:36:38.697] [bmv2] [D] [thread 5371] [16.0] [cxt 0] Looking up key:

[22:36:38.697] [bmv2] [D] [thread 5371] [16.0] [cxt 0] Table 'tbl_operation_drop': miss
[22:36:38.697] [bmv2] [D] [thread 5371] [16.0] [cxt 0] Action entry is MyIngress.operation_drop - 
[22:36:38.697] [bmv2] [T] [thread 5371] [16.0] [cxt 0] Action MyIngress.operation_drop
[22:36:38.697] [bmv2] [T] [thread 5371] [16.0] [cxt 0] calc.p4(203) Primitive mark_to_drop(smt)
[22:36:38.697] [bmv2] [D] [thread 5371] [16.0] [cxt 0] Pipeline 'ingress': end
[22:36:38.697] [bmv2] [D] [thread 5371] [16.0] [cxt 0] Egress port is 511
[22:36:38.697] [bmv2] [D] [thread 5371] [16.0] [cxt 0] Dropping packet at the end of ingress
[22:36:38.848] [bmv2] [D] [thread 5371] [17.0] [cxt 0] Processing packet received on port 8
[22:36:38.848] [bmv2] [D] [thread 5371] [17.0] [cxt 0] Parser 'parser': start
[22:36:38.848] [bmv2] [D] [thread 5371] [17.0] [cxt 0] Parser 'parser' entering state 'start'
[22:36:38.848] [bmv2] [D] [thread 5371] [17.0] [cxt 0] Extracting header 'ethernet'
[22:36:38.848] [bmv2] [D] [thread 5371] [17.0] [cxt 0] Parser state 'start': key is 86dd
[22:36:38.848] [bmv2] [T] [thread 5371] [17.0] [cxt 0] Bytes parsed: 14
[22:36:38.848] [bmv2] [D] [thread 5371] [17.0] [cxt 0] Parser 'parser': end
[22:36:38.849] [bmv2] [D] [thread 5371] [17.0] [cxt 0] Pipeline 'ingress': start
[22:36:38.849] [bmv2] [T] [thread 5371] [17.0] [cxt 0] calc.p4(229) Condition "hdr.p4calc.isValid()" (node_2) is false
[22:36:38.849] [bmv2] [T] [thread 5371] [17.0] [cxt 0] Applying table 'tbl_operation_drop'
[22:36:38.849] [bmv2] [D] [thread 5371] [17.0] [cxt 0] Looking up key:

[22:36:38.849] [bmv2] [D] [thread 5371] [17.0] [cxt 0] Table 'tbl_operation_drop': miss
[22:36:38.849] [bmv2] [D] [thread 5371] [17.0] [cxt 0] Action entry is MyIngress.operation_drop - 
[22:36:38.849] [bmv2] [T] [thread 5371] [17.0] [cxt 0] Action MyIngress.operation_drop
[22:36:38.849] [bmv2] [T] [thread 5371] [17.0] [cxt 0] calc.p4(203) Primitive mark_to_drop(smt)
[22:36:38.849] [bmv2] [D] [thread 5371] [17.0] [cxt 0] Pipeline 'ingress': end
[22:36:38.849] [bmv2] [D] [thread 5371] [17.0] [cxt 0] Egress port is 511
[22:36:38.849] [bmv2] [D] [thread 5371] [17.0] [cxt 0] Dropping packet at the end of ingress
[22:36:38.853] [bmv2] [D] [thread 5371] [18.0] [cxt 0] Processing packet received on port 2
[22:36:38.853] [bmv2] [D] [thread 5371] [18.0] [cxt 0] Parser 'parser': start
[22:36:38.853] [bmv2] [D] [thread 5371] [18.0] [cxt 0] Parser 'parser' entering state 'start'
[22:36:38.853] [bmv2] [D] [thread 5371] [18.0] [cxt 0] Extracting header 'ethernet'
[22:36:38.853] [bmv2] [D] [thread 5371] [18.0] [cxt 0] Parser state 'start': key is 86dd
[22:36:38.853] [bmv2] [T] [thread 5371] [18.0] [cxt 0] Bytes parsed: 14
[22:36:38.853] [bmv2] [D] [thread 5371] [18.0] [cxt 0] Parser 'parser': end
[22:36:38.853] [bmv2] [D] [thread 5371] [18.0] [cxt 0] Pipeline 'ingress': start
[22:36:38.854] [bmv2] [T] [thread 5371] [18.0] [cxt 0] calc.p4(229) Condition "hdr.p4calc.isValid()" (node_2) is false
[22:36:38.854] [bmv2] [T] [thread 5371] [18.0] [cxt 0] Applying table 'tbl_operation_drop'
[22:36:38.854] [bmv2] [D] [thread 5371] [18.0] [cxt 0] Looking up key:

[22:36:38.854] [bmv2] [D] [thread 5371] [18.0] [cxt 0] Table 'tbl_operation_drop': miss
[22:36:38.854] [bmv2] [D] [thread 5371] [18.0] [cxt 0] Action entry is MyIngress.operation_drop - 
[22:36:38.854] [bmv2] [T] [thread 5371] [18.0] [cxt 0] Action MyIngress.operation_drop
[22:36:38.854] [bmv2] [T] [thread 5371] [18.0] [cxt 0] calc.p4(203) Primitive mark_to_drop(smt)
[22:36:38.854] [bmv2] [D] [thread 5371] [18.0] [cxt 0] Pipeline 'ingress': end
[22:36:38.854] [bmv2] [D] [thread 5371] [18.0] [cxt 0] Egress port is 511
[22:36:38.854] [bmv2] [D] [thread 5371] [18.0] [cxt 0] Dropping packet at the end of ingress
[22:36:38.908] [bmv2] [D] [thread 5371] [19.0] [cxt 0] Processing packet received on port 2
[22:36:38.908] [bmv2] [D] [thread 5371] [19.0] [cxt 0] Parser 'parser': start
[22:36:38.908] [bmv2] [D] [thread 5371] [19.0] [cxt 0] Parser 'parser' entering state 'start'
[22:36:38.908] [bmv2] [D] [thread 5371] [19.0] [cxt 0] Extracting header 'ethernet'
[22:36:38.908] [bmv2] [D] [thread 5371] [19.0] [cxt 0] Parser state 'start': key is 86dd
[22:36:38.908] [bmv2] [T] [thread 5371] [19.0] [cxt 0] Bytes parsed: 14
[22:36:38.908] [bmv2] [D] [thread 5371] [19.0] [cxt 0] Parser 'parser': end
[22:36:38.908] [bmv2] [D] [thread 5371] [19.0] [cxt 0] Pipeline 'ingress': start
[22:36:38.908] [bmv2] [T] [thread 5371] [19.0] [cxt 0] calc.p4(229) Condition "hdr.p4calc.isValid()" (node_2) is false
[22:36:38.908] [bmv2] [T] [thread 5371] [19.0] [cxt 0] Applying table 'tbl_operation_drop'
[22:36:38.908] [bmv2] [D] [thread 5371] [19.0] [cxt 0] Looking up key:

[22:36:38.908] [bmv2] [D] [thread 5371] [19.0] [cxt 0] Table 'tbl_operation_drop': miss
[22:36:38.908] [bmv2] [D] [thread 5371] [19.0] [cxt 0] Action entry is MyIngress.operation_drop - 
[22:36:38.908] [bmv2] [T] [thread 5371] [19.0] [cxt 0] Action MyIngress.operation_drop
[22:36:38.908] [bmv2] [T] [thread 5371] [19.0] [cxt 0] calc.p4(203) Primitive mark_to_drop(smt)
[22:36:38.908] [bmv2] [D] [thread 5371] [19.0] [cxt 0] Pipeline 'ingress': end
[22:36:38.908] [bmv2] [D] [thread 5371] [19.0] [cxt 0] Egress port is 511
[22:36:38.908] [bmv2] [D] [thread 5371] [19.0] [cxt 0] Dropping packet at the end of ingress
[22:36:39.099] [bmv2] [D] [thread 5371] [20.0] [cxt 0] Processing packet received on port 8
[22:36:39.099] [bmv2] [D] [thread 5371] [20.0] [cxt 0] Parser 'parser': start
[22:36:39.099] [bmv2] [D] [thread 5371] [20.0] [cxt 0] Parser 'parser' entering state 'start'
[22:36:39.099] [bmv2] [D] [thread 5371] [20.0] [cxt 0] Extracting header 'ethernet'
[22:36:39.099] [bmv2] [D] [thread 5371] [20.0] [cxt 0] Parser state 'start': key is 86dd
[22:36:39.099] [bmv2] [T] [thread 5371] [20.0] [cxt 0] Bytes parsed: 14
[22:36:39.099] [bmv2] [D] [thread 5371] [20.0] [cxt 0] Parser 'parser': end
[22:36:39.099] [bmv2] [D] [thread 5371] [20.0] [cxt 0] Pipeline 'ingress': start
[22:36:39.099] [bmv2] [T] [thread 5371] [20.0] [cxt 0] calc.p4(229) Condition "hdr.p4calc.isValid()" (node_2) is false
[22:36:39.099] [bmv2] [T] [thread 5371] [20.0] [cxt 0] Applying table 'tbl_operation_drop'
[22:36:39.099] [bmv2] [D] [thread 5371] [20.0] [cxt 0] Looking up key:

[22:36:39.099] [bmv2] [D] [thread 5371] [20.0] [cxt 0] Table 'tbl_operation_drop': miss
[22:36:39.099] [bmv2] [D] [thread 5371] [20.0] [cxt 0] Action entry is MyIngress.operation_drop - 
[22:36:39.099] [bmv2] [T] [thread 5371] [20.0] [cxt 0] Action MyIngress.operation_drop
[22:36:39.099] [bmv2] [T] [thread 5371] [20.0] [cxt 0] calc.p4(203) Primitive mark_to_drop(smt)
[22:36:39.099] [bmv2] [D] [thread 5371] [20.0] [cxt 0] Pipeline 'ingress': end
[22:36:39.099] [bmv2] [D] [thread 5371] [20.0] [cxt 0] Egress port is 511
[22:36:39.099] [bmv2] [D] [thread 5371] [20.0] [cxt 0] Dropping packet at the end of ingress
[22:36:39.108] [bmv2] [D] [thread 5371] [21.0] [cxt 0] Processing packet received on port 2
[22:36:39.109] [bmv2] [D] [thread 5371] [21.0] [cxt 0] Parser 'parser': start
[22:36:39.109] [bmv2] [D] [thread 5371] [21.0] [cxt 0] Parser 'parser' entering state 'start'
[22:36:39.109] [bmv2] [D] [thread 5371] [21.0] [cxt 0] Extracting header 'ethernet'
[22:36:39.109] [bmv2] [D] [thread 5371] [21.0] [cxt 0] Parser state 'start': key is 86dd
[22:36:39.109] [bmv2] [T] [thread 5371] [21.0] [cxt 0] Bytes parsed: 14
[22:36:39.109] [bmv2] [D] [thread 5371] [21.0] [cxt 0] Parser 'parser': end
[22:36:39.109] [bmv2] [D] [thread 5371] [21.0] [cxt 0] Pipeline 'ingress': start
[22:36:39.109] [bmv2] [T] [thread 5371] [21.0] [cxt 0] calc.p4(229) Condition "hdr.p4calc.isValid()" (node_2) is false
[22:36:39.109] [bmv2] [T] [thread 5371] [21.0] [cxt 0] Applying table 'tbl_operation_drop'
[22:36:39.109] [bmv2] [D] [thread 5371] [21.0] [cxt 0] Looking up key:

[22:36:39.109] [bmv2] [D] [thread 5371] [21.0] [cxt 0] Table 'tbl_operation_drop': miss
[22:36:39.109] [bmv2] [D] [thread 5371] [21.0] [cxt 0] Action entry is MyIngress.operation_drop - 
[22:36:39.109] [bmv2] [T] [thread 5371] [21.0] [cxt 0] Action MyIngress.operation_drop
[22:36:39.109] [bmv2] [T] [thread 5371] [21.0] [cxt 0] calc.p4(203) Primitive mark_to_drop(smt)
[22:36:39.109] [bmv2] [D] [thread 5371] [21.0] [cxt 0] Pipeline 'ingress': end
[22:36:39.109] [bmv2] [D] [thread 5371] [21.0] [cxt 0] Egress port is 511
[22:36:39.109] [bmv2] [D] [thread 5371] [21.0] [cxt 0] Dropping packet at the end of ingress
[22:36:39.136] [bmv2] [D] [thread 5371] [22.0] [cxt 0] Processing packet received on port 8
[22:36:39.136] [bmv2] [D] [thread 5371] [22.0] [cxt 0] Parser 'parser': start
[22:36:39.136] [bmv2] [D] [thread 5371] [22.0] [cxt 0] Parser 'parser' entering state 'start'
[22:36:39.136] [bmv2] [D] [thread 5371] [22.0] [cxt 0] Extracting header 'ethernet'
[22:36:39.136] [bmv2] [D] [thread 5371] [22.0] [cxt 0] Parser state 'start': key is 86dd
[22:36:39.136] [bmv2] [T] [thread 5371] [22.0] [cxt 0] Bytes parsed: 14
[22:36:39.136] [bmv2] [D] [thread 5371] [22.0] [cxt 0] Parser 'parser': end
[22:36:39.136] [bmv2] [D] [thread 5371] [22.0] [cxt 0] Pipeline 'ingress': start
[22:36:39.136] [bmv2] [T] [thread 5371] [22.0] [cxt 0] calc.p4(229) Condition "hdr.p4calc.isValid()" (node_2) is false
[22:36:39.136] [bmv2] [T] [thread 5371] [22.0] [cxt 0] Applying table 'tbl_operation_drop'
[22:36:39.136] [bmv2] [D] [thread 5371] [22.0] [cxt 0] Looking up key:

[22:36:39.136] [bmv2] [D] [thread 5371] [22.0] [cxt 0] Table 'tbl_operation_drop': miss
[22:36:39.136] [bmv2] [D] [thread 5371] [22.0] [cxt 0] Action entry is MyIngress.operation_drop - 
[22:36:39.136] [bmv2] [T] [thread 5371] [22.0] [cxt 0] Action MyIngress.operation_drop
[22:36:39.136] [bmv2] [T] [thread 5371] [22.0] [cxt 0] calc.p4(203) Primitive mark_to_drop(smt)
[22:36:39.136] [bmv2] [D] [thread 5371] [22.0] [cxt 0] Pipeline 'ingress': end
[22:36:39.136] [bmv2] [D] [thread 5371] [22.0] [cxt 0] Egress port is 511
[22:36:39.136] [bmv2] [D] [thread 5371] [22.0] [cxt 0] Dropping packet at the end of ingress
[22:36:39.242] [bmv2] [D] [thread 5371] [23.0] [cxt 0] Processing packet received on port 2
[22:36:39.243] [bmv2] [D] [thread 5371] [23.0] [cxt 0] Parser 'parser': start
[22:36:39.243] [bmv2] [D] [thread 5371] [23.0] [cxt 0] Parser 'parser' entering state 'start'
[22:36:39.243] [bmv2] [D] [thread 5371] [23.0] [cxt 0] Extracting header 'ethernet'
[22:36:39.243] [bmv2] [D] [thread 5371] [23.0] [cxt 0] Parser state 'start': key is 86dd
[22:36:39.243] [bmv2] [T] [thread 5371] [23.0] [cxt 0] Bytes parsed: 14
[22:36:39.243] [bmv2] [D] [thread 5371] [23.0] [cxt 0] Parser 'parser': end
[22:36:39.243] [bmv2] [D] [thread 5371] [23.0] [cxt 0] Pipeline 'ingress': start
[22:36:39.243] [bmv2] [T] [thread 5371] [23.0] [cxt 0] calc.p4(229) Condition "hdr.p4calc.isValid()" (node_2) is false
[22:36:39.243] [bmv2] [T] [thread 5371] [23.0] [cxt 0] Applying table 'tbl_operation_drop'
[22:36:39.243] [bmv2] [D] [thread 5371] [23.0] [cxt 0] Looking up key:

[22:36:39.243] [bmv2] [D] [thread 5371] [23.0] [cxt 0] Table 'tbl_operation_drop': miss
[22:36:39.243] [bmv2] [D] [thread 5371] [23.0] [cxt 0] Action entry is MyIngress.operation_drop - 
[22:36:39.243] [bmv2] [T] [thread 5371] [23.0] [cxt 0] Action MyIngress.operation_drop
[22:36:39.243] [bmv2] [T] [thread 5371] [23.0] [cxt 0] calc.p4(203) Primitive mark_to_drop(smt)
[22:36:39.243] [bmv2] [D] [thread 5371] [23.0] [cxt 0] Pipeline 'ingress': end
[22:36:39.243] [bmv2] [D] [thread 5371] [23.0] [cxt 0] Egress port is 511
[22:36:39.243] [bmv2] [D] [thread 5371] [23.0] [cxt 0] Dropping packet at the end of ingress
[22:36:39.301] [bmv2] [D] [thread 5371] [24.0] [cxt 0] Processing packet received on port 8
[22:36:39.301] [bmv2] [D] [thread 5371] [24.0] [cxt 0] Parser 'parser': start
[22:36:39.301] [bmv2] [D] [thread 5371] [24.0] [cxt 0] Parser 'parser' entering state 'start'
[22:36:39.301] [bmv2] [D] [thread 5371] [24.0] [cxt 0] Extracting header 'ethernet'
[22:36:39.301] [bmv2] [D] [thread 5371] [24.0] [cxt 0] Parser state 'start': key is 86dd
[22:36:39.301] [bmv2] [T] [thread 5371] [24.0] [cxt 0] Bytes parsed: 14
[22:36:39.301] [bmv2] [D] [thread 5371] [24.0] [cxt 0] Parser 'parser': end
[22:36:39.301] [bmv2] [D] [thread 5371] [24.0] [cxt 0] Pipeline 'ingress': start
[22:36:39.301] [bmv2] [T] [thread 5371] [24.0] [cxt 0] calc.p4(229) Condition "hdr.p4calc.isValid()" (node_2) is false
[22:36:39.301] [bmv2] [T] [thread 5371] [24.0] [cxt 0] Applying table 'tbl_operation_drop'
[22:36:39.301] [bmv2] [D] [thread 5371] [24.0] [cxt 0] Looking up key:

[22:36:39.301] [bmv2] [D] [thread 5371] [24.0] [cxt 0] Table 'tbl_operation_drop': miss
[22:36:39.301] [bmv2] [D] [thread 5371] [24.0] [cxt 0] Action entry is MyIngress.operation_drop - 
[22:36:39.301] [bmv2] [T] [thread 5371] [24.0] [cxt 0] Action MyIngress.operation_drop
[22:36:39.301] [bmv2] [T] [thread 5371] [24.0] [cxt 0] calc.p4(203) Primitive mark_to_drop(smt)
[22:36:39.301] [bmv2] [D] [thread 5371] [24.0] [cxt 0] Pipeline 'ingress': end
[22:36:39.301] [bmv2] [D] [thread 5371] [24.0] [cxt 0] Egress port is 511
[22:36:39.301] [bmv2] [D] [thread 5371] [24.0] [cxt 0] Dropping packet at the end of ingress
[22:36:39.439] [bmv2] [D] [thread 5371] [25.0] [cxt 0] Processing packet received on port 8
[22:36:39.439] [bmv2] [D] [thread 5371] [25.0] [cxt 0] Parser 'parser': start
[22:36:39.439] [bmv2] [D] [thread 5371] [25.0] [cxt 0] Parser 'parser' entering state 'start'
[22:36:39.439] [bmv2] [D] [thread 5371] [25.0] [cxt 0] Extracting header 'ethernet'
[22:36:39.439] [bmv2] [D] [thread 5371] [25.0] [cxt 0] Parser state 'start': key is 86dd
[22:36:39.439] [bmv2] [T] [thread 5371] [25.0] [cxt 0] Bytes parsed: 14
[22:36:39.439] [bmv2] [D] [thread 5371] [25.0] [cxt 0] Parser 'parser': end
[22:36:39.439] [bmv2] [D] [thread 5371] [25.0] [cxt 0] Pipeline 'ingress': start
[22:36:39.439] [bmv2] [T] [thread 5371] [25.0] [cxt 0] calc.p4(229) Condition "hdr.p4calc.isValid()" (node_2) is false
[22:36:39.439] [bmv2] [T] [thread 5371] [25.0] [cxt 0] Applying table 'tbl_operation_drop'
[22:36:39.439] [bmv2] [D] [thread 5371] [25.0] [cxt 0] Looking up key:

[22:36:39.439] [bmv2] [D] [thread 5371] [25.0] [cxt 0] Table 'tbl_operation_drop': miss
[22:36:39.439] [bmv2] [D] [thread 5371] [25.0] [cxt 0] Action entry is MyIngress.operation_drop - 
[22:36:39.439] [bmv2] [T] [thread 5371] [25.0] [cxt 0] Action MyIngress.operation_drop
[22:36:39.439] [bmv2] [T] [thread 5371] [25.0] [cxt 0] calc.p4(203) Primitive mark_to_drop(smt)
[22:36:39.439] [bmv2] [D] [thread 5371] [25.0] [cxt 0] Pipeline 'ingress': end
[22:36:39.439] [bmv2] [D] [thread 5371] [25.0] [cxt 0] Egress port is 511
[22:36:39.439] [bmv2] [D] [thread 5371] [25.0] [cxt 0] Dropping packet at the end of ingress
[22:36:40.324] [bmv2] [D] [thread 5371] [26.0] [cxt 0] Processing packet received on port 2
[22:36:40.324] [bmv2] [D] [thread 5371] [26.0] [cxt 0] Parser 'parser': start
[22:36:40.324] [bmv2] [D] [thread 5371] [26.0] [cxt 0] Parser 'parser' entering state 'start'
[22:36:40.324] [bmv2] [D] [thread 5371] [26.0] [cxt 0] Extracting header 'ethernet'
[22:36:40.324] [bmv2] [D] [thread 5371] [26.0] [cxt 0] Parser state 'start': key is 86dd
[22:36:40.324] [bmv2] [T] [thread 5371] [26.0] [cxt 0] Bytes parsed: 14
[22:36:40.324] [bmv2] [D] [thread 5371] [26.0] [cxt 0] Parser 'parser': end
[22:36:40.324] [bmv2] [D] [thread 5371] [26.0] [cxt 0] Pipeline 'ingress': start
[22:36:40.324] [bmv2] [T] [thread 5371] [26.0] [cxt 0] calc.p4(229) Condition "hdr.p4calc.isValid()" (node_2) is false
[22:36:40.324] [bmv2] [T] [thread 5371] [26.0] [cxt 0] Applying table 'tbl_operation_drop'
[22:36:40.324] [bmv2] [D] [thread 5371] [26.0] [cxt 0] Looking up key:

[22:36:40.324] [bmv2] [D] [thread 5371] [26.0] [cxt 0] Table 'tbl_operation_drop': miss
[22:36:40.324] [bmv2] [D] [thread 5371] [26.0] [cxt 0] Action entry is MyIngress.operation_drop - 
[22:36:40.324] [bmv2] [T] [thread 5371] [26.0] [cxt 0] Action MyIngress.operation_drop
[22:36:40.324] [bmv2] [T] [thread 5371] [26.0] [cxt 0] calc.p4(203) Primitive mark_to_drop(smt)
[22:36:40.324] [bmv2] [D] [thread 5371] [26.0] [cxt 0] Pipeline 'ingress': end
[22:36:40.324] [bmv2] [D] [thread 5371] [26.0] [cxt 0] Egress port is 511
[22:36:40.324] [bmv2] [D] [thread 5371] [26.0] [cxt 0] Dropping packet at the end of ingress
[22:36:40.517] [bmv2] [D] [thread 5371] [27.0] [cxt 0] Processing packet received on port 8
[22:36:40.517] [bmv2] [D] [thread 5371] [27.0] [cxt 0] Parser 'parser': start
[22:36:40.517] [bmv2] [D] [thread 5371] [27.0] [cxt 0] Parser 'parser' entering state 'start'
[22:36:40.517] [bmv2] [D] [thread 5371] [27.0] [cxt 0] Extracting header 'ethernet'
[22:36:40.517] [bmv2] [D] [thread 5371] [27.0] [cxt 0] Parser state 'start': key is 86dd
[22:36:40.517] [bmv2] [T] [thread 5371] [27.0] [cxt 0] Bytes parsed: 14
[22:36:40.517] [bmv2] [D] [thread 5371] [27.0] [cxt 0] Parser 'parser': end
[22:36:40.517] [bmv2] [D] [thread 5371] [27.0] [cxt 0] Pipeline 'ingress': start
[22:36:40.517] [bmv2] [T] [thread 5371] [27.0] [cxt 0] calc.p4(229) Condition "hdr.p4calc.isValid()" (node_2) is false
[22:36:40.517] [bmv2] [T] [thread 5371] [27.0] [cxt 0] Applying table 'tbl_operation_drop'
[22:36:40.517] [bmv2] [D] [thread 5371] [27.0] [cxt 0] Looking up key:

[22:36:40.517] [bmv2] [D] [thread 5371] [27.0] [cxt 0] Table 'tbl_operation_drop': miss
[22:36:40.517] [bmv2] [D] [thread 5371] [27.0] [cxt 0] Action entry is MyIngress.operation_drop - 
[22:36:40.517] [bmv2] [T] [thread 5371] [27.0] [cxt 0] Action MyIngress.operation_drop
[22:36:40.517] [bmv2] [T] [thread 5371] [27.0] [cxt 0] calc.p4(203) Primitive mark_to_drop(smt)
[22:36:40.517] [bmv2] [D] [thread 5371] [27.0] [cxt 0] Pipeline 'ingress': end
[22:36:40.517] [bmv2] [D] [thread 5371] [27.0] [cxt 0] Egress port is 511
[22:36:40.517] [bmv2] [D] [thread 5371] [27.0] [cxt 0] Dropping packet at the end of ingress
[22:36:41.251] [bmv2] [D] [thread 5371] [28.0] [cxt 0] Processing packet received on port 2
[22:36:41.251] [bmv2] [D] [thread 5371] [28.0] [cxt 0] Parser 'parser': start
[22:36:41.251] [bmv2] [D] [thread 5371] [28.0] [cxt 0] Parser 'parser' entering state 'start'
[22:36:41.251] [bmv2] [D] [thread 5371] [28.0] [cxt 0] Extracting header 'ethernet'
[22:36:41.251] [bmv2] [D] [thread 5371] [28.0] [cxt 0] Parser state 'start': key is 86dd
[22:36:41.251] [bmv2] [T] [thread 5371] [28.0] [cxt 0] Bytes parsed: 14
[22:36:41.251] [bmv2] [D] [thread 5371] [28.0] [cxt 0] Parser 'parser': end
[22:36:41.251] [bmv2] [D] [thread 5371] [28.0] [cxt 0] Pipeline 'ingress': start
[22:36:41.251] [bmv2] [T] [thread 5371] [28.0] [cxt 0] calc.p4(229) Condition "hdr.p4calc.isValid()" (node_2) is false
[22:36:41.251] [bmv2] [T] [thread 5371] [28.0] [cxt 0] Applying table 'tbl_operation_drop'
[22:36:41.251] [bmv2] [D] [thread 5371] [28.0] [cxt 0] Looking up key:

[22:36:41.251] [bmv2] [D] [thread 5371] [28.0] [cxt 0] Table 'tbl_operation_drop': miss
[22:36:41.251] [bmv2] [D] [thread 5371] [28.0] [cxt 0] Action entry is MyIngress.operation_drop - 
[22:36:41.251] [bmv2] [T] [thread 5371] [28.0] [cxt 0] Action MyIngress.operation_drop
[22:36:41.251] [bmv2] [T] [thread 5371] [28.0] [cxt 0] calc.p4(203) Primitive mark_to_drop(smt)
[22:36:41.251] [bmv2] [D] [thread 5371] [28.0] [cxt 0] Pipeline 'ingress': end
[22:36:41.251] [bmv2] [D] [thread 5371] [28.0] [cxt 0] Egress port is 511
[22:36:41.251] [bmv2] [D] [thread 5371] [28.0] [cxt 0] Dropping packet at the end of ingress
[22:36:41.439] [bmv2] [D] [thread 5371] [29.0] [cxt 0] Processing packet received on port 8
[22:36:41.439] [bmv2] [D] [thread 5371] [29.0] [cxt 0] Parser 'parser': start
[22:36:41.439] [bmv2] [D] [thread 5371] [29.0] [cxt 0] Parser 'parser' entering state 'start'
[22:36:41.439] [bmv2] [D] [thread 5371] [29.0] [cxt 0] Extracting header 'ethernet'
[22:36:41.439] [bmv2] [D] [thread 5371] [29.0] [cxt 0] Parser state 'start': key is 86dd
[22:36:41.439] [bmv2] [T] [thread 5371] [29.0] [cxt 0] Bytes parsed: 14
[22:36:41.439] [bmv2] [D] [thread 5371] [29.0] [cxt 0] Parser 'parser': end
[22:36:41.439] [bmv2] [D] [thread 5371] [29.0] [cxt 0] Pipeline 'ingress': start
[22:36:41.439] [bmv2] [T] [thread 5371] [29.0] [cxt 0] calc.p4(229) Condition "hdr.p4calc.isValid()" (node_2) is false
[22:36:41.439] [bmv2] [T] [thread 5371] [29.0] [cxt 0] Applying table 'tbl_operation_drop'
[22:36:41.439] [bmv2] [D] [thread 5371] [29.0] [cxt 0] Looking up key:

[22:36:41.439] [bmv2] [D] [thread 5371] [29.0] [cxt 0] Table 'tbl_operation_drop': miss
[22:36:41.439] [bmv2] [D] [thread 5371] [29.0] [cxt 0] Action entry is MyIngress.operation_drop - 
[22:36:41.439] [bmv2] [T] [thread 5371] [29.0] [cxt 0] Action MyIngress.operation_drop
[22:36:41.439] [bmv2] [T] [thread 5371] [29.0] [cxt 0] calc.p4(203) Primitive mark_to_drop(smt)
[22:36:41.439] [bmv2] [D] [thread 5371] [29.0] [cxt 0] Pipeline 'ingress': end
[22:36:41.439] [bmv2] [D] [thread 5371] [29.0] [cxt 0] Egress port is 511
[22:36:41.439] [bmv2] [D] [thread 5371] [29.0] [cxt 0] Dropping packet at the end of ingress
[22:36:42.154] [bmv2] [D] [thread 5371] [30.0] [cxt 0] Processing packet received on port 2
[22:36:42.154] [bmv2] [D] [thread 5371] [30.0] [cxt 0] Parser 'parser': start
[22:36:42.154] [bmv2] [D] [thread 5371] [30.0] [cxt 0] Parser 'parser' entering state 'start'
[22:36:42.154] [bmv2] [D] [thread 5371] [30.0] [cxt 0] Extracting header 'ethernet'
[22:36:42.154] [bmv2] [D] [thread 5371] [30.0] [cxt 0] Parser state 'start': key is 86dd
[22:36:42.154] [bmv2] [T] [thread 5371] [30.0] [cxt 0] Bytes parsed: 14
[22:36:42.154] [bmv2] [D] [thread 5371] [30.0] [cxt 0] Parser 'parser': end
[22:36:42.154] [bmv2] [D] [thread 5371] [30.0] [cxt 0] Pipeline 'ingress': start
[22:36:42.154] [bmv2] [T] [thread 5371] [30.0] [cxt 0] calc.p4(229) Condition "hdr.p4calc.isValid()" (node_2) is false
[22:36:42.154] [bmv2] [T] [thread 5371] [30.0] [cxt 0] Applying table 'tbl_operation_drop'
[22:36:42.154] [bmv2] [D] [thread 5371] [30.0] [cxt 0] Looking up key:

[22:36:42.154] [bmv2] [D] [thread 5371] [30.0] [cxt 0] Table 'tbl_operation_drop': miss
[22:36:42.154] [bmv2] [D] [thread 5371] [30.0] [cxt 0] Action entry is MyIngress.operation_drop - 
[22:36:42.154] [bmv2] [T] [thread 5371] [30.0] [cxt 0] Action MyIngress.operation_drop
[22:36:42.154] [bmv2] [T] [thread 5371] [30.0] [cxt 0] calc.p4(203) Primitive mark_to_drop(smt)
[22:36:42.154] [bmv2] [D] [thread 5371] [30.0] [cxt 0] Pipeline 'ingress': end
[22:36:42.154] [bmv2] [D] [thread 5371] [30.0] [cxt 0] Egress port is 511
[22:36:42.154] [bmv2] [D] [thread 5371] [30.0] [cxt 0] Dropping packet at the end of ingress
[22:36:42.341] [bmv2] [D] [thread 5371] [31.0] [cxt 0] Processing packet received on port 8
[22:36:42.341] [bmv2] [D] [thread 5371] [31.0] [cxt 0] Parser 'parser': start
[22:36:42.341] [bmv2] [D] [thread 5371] [31.0] [cxt 0] Parser 'parser' entering state 'start'
[22:36:42.341] [bmv2] [D] [thread 5371] [31.0] [cxt 0] Extracting header 'ethernet'
[22:36:42.341] [bmv2] [D] [thread 5371] [31.0] [cxt 0] Parser state 'start': key is 86dd
[22:36:42.341] [bmv2] [T] [thread 5371] [31.0] [cxt 0] Bytes parsed: 14
[22:36:42.341] [bmv2] [D] [thread 5371] [31.0] [cxt 0] Parser 'parser': end
[22:36:42.341] [bmv2] [D] [thread 5371] [31.0] [cxt 0] Pipeline 'ingress': start
[22:36:42.341] [bmv2] [T] [thread 5371] [31.0] [cxt 0] calc.p4(229) Condition "hdr.p4calc.isValid()" (node_2) is false
[22:36:42.341] [bmv2] [T] [thread 5371] [31.0] [cxt 0] Applying table 'tbl_operation_drop'
[22:36:42.341] [bmv2] [D] [thread 5371] [31.0] [cxt 0] Looking up key:

[22:36:42.341] [bmv2] [D] [thread 5371] [31.0] [cxt 0] Table 'tbl_operation_drop': miss
[22:36:42.341] [bmv2] [D] [thread 5371] [31.0] [cxt 0] Action entry is MyIngress.operation_drop - 
[22:36:42.341] [bmv2] [T] [thread 5371] [31.0] [cxt 0] Action MyIngress.operation_drop
[22:36:42.341] [bmv2] [T] [thread 5371] [31.0] [cxt 0] calc.p4(203) Primitive mark_to_drop(smt)
[22:36:42.341] [bmv2] [D] [thread 5371] [31.0] [cxt 0] Pipeline 'ingress': end
[22:36:42.341] [bmv2] [D] [thread 5371] [31.0] [cxt 0] Egress port is 511
[22:36:42.341] [bmv2] [D] [thread 5371] [31.0] [cxt 0] Dropping packet at the end of ingress
[22:36:42.539] [bmv2] [D] [thread 5371] [32.0] [cxt 0] Processing packet received on port 2
[22:36:42.539] [bmv2] [D] [thread 5371] [32.0] [cxt 0] Parser 'parser': start
[22:36:42.539] [bmv2] [D] [thread 5371] [32.0] [cxt 0] Parser 'parser' entering state 'start'
[22:36:42.539] [bmv2] [D] [thread 5371] [32.0] [cxt 0] Extracting header 'ethernet'
[22:36:42.539] [bmv2] [D] [thread 5371] [32.0] [cxt 0] Parser state 'start': key is 86dd
[22:36:42.539] [bmv2] [T] [thread 5371] [32.0] [cxt 0] Bytes parsed: 14
[22:36:42.539] [bmv2] [D] [thread 5371] [32.0] [cxt 0] Parser 'parser': end
[22:36:42.539] [bmv2] [D] [thread 5371] [32.0] [cxt 0] Pipeline 'ingress': start
[22:36:42.539] [bmv2] [T] [thread 5371] [32.0] [cxt 0] calc.p4(229) Condition "hdr.p4calc.isValid()" (node_2) is false
[22:36:42.539] [bmv2] [T] [thread 5371] [32.0] [cxt 0] Applying table 'tbl_operation_drop'
[22:36:42.539] [bmv2] [D] [thread 5371] [32.0] [cxt 0] Looking up key:

[22:36:42.539] [bmv2] [D] [thread 5371] [32.0] [cxt 0] Table 'tbl_operation_drop': miss
[22:36:42.539] [bmv2] [D] [thread 5371] [32.0] [cxt 0] Action entry is MyIngress.operation_drop - 
[22:36:42.539] [bmv2] [T] [thread 5371] [32.0] [cxt 0] Action MyIngress.operation_drop
[22:36:42.539] [bmv2] [T] [thread 5371] [32.0] [cxt 0] calc.p4(203) Primitive mark_to_drop(smt)
[22:36:42.539] [bmv2] [D] [thread 5371] [32.0] [cxt 0] Pipeline 'ingress': end
[22:36:42.539] [bmv2] [D] [thread 5371] [32.0] [cxt 0] Egress port is 511
[22:36:42.539] [bmv2] [D] [thread 5371] [32.0] [cxt 0] Dropping packet at the end of ingress
[22:36:42.732] [bmv2] [D] [thread 5371] [33.0] [cxt 0] Processing packet received on port 8
[22:36:42.732] [bmv2] [D] [thread 5371] [33.0] [cxt 0] Parser 'parser': start
[22:36:42.732] [bmv2] [D] [thread 5371] [33.0] [cxt 0] Parser 'parser' entering state 'start'
[22:36:42.732] [bmv2] [D] [thread 5371] [33.0] [cxt 0] Extracting header 'ethernet'
[22:36:42.732] [bmv2] [D] [thread 5371] [33.0] [cxt 0] Parser state 'start': key is 86dd
[22:36:42.732] [bmv2] [T] [thread 5371] [33.0] [cxt 0] Bytes parsed: 14
[22:36:42.732] [bmv2] [D] [thread 5371] [33.0] [cxt 0] Parser 'parser': end
[22:36:42.732] [bmv2] [D] [thread 5371] [33.0] [cxt 0] Pipeline 'ingress': start
[22:36:42.732] [bmv2] [T] [thread 5371] [33.0] [cxt 0] calc.p4(229) Condition "hdr.p4calc.isValid()" (node_2) is false
[22:36:42.732] [bmv2] [T] [thread 5371] [33.0] [cxt 0] Applying table 'tbl_operation_drop'
[22:36:42.732] [bmv2] [D] [thread 5371] [33.0] [cxt 0] Looking up key:

[22:36:42.732] [bmv2] [D] [thread 5371] [33.0] [cxt 0] Table 'tbl_operation_drop': miss
[22:36:42.732] [bmv2] [D] [thread 5371] [33.0] [cxt 0] Action entry is MyIngress.operation_drop - 
[22:36:42.732] [bmv2] [T] [thread 5371] [33.0] [cxt 0] Action MyIngress.operation_drop
[22:36:42.732] [bmv2] [T] [thread 5371] [33.0] [cxt 0] calc.p4(203) Primitive mark_to_drop(smt)
[22:36:42.732] [bmv2] [D] [thread 5371] [33.0] [cxt 0] Pipeline 'ingress': end
[22:36:42.732] [bmv2] [D] [thread 5371] [33.0] [cxt 0] Egress port is 511
[22:36:42.732] [bmv2] [D] [thread 5371] [33.0] [cxt 0] Dropping packet at the end of ingress
[22:36:44.677] [bmv2] [D] [thread 5371] [34.0] [cxt 0] Processing packet received on port 8
[22:36:44.677] [bmv2] [D] [thread 5371] [34.0] [cxt 0] Parser 'parser': start
[22:36:44.677] [bmv2] [D] [thread 5371] [34.0] [cxt 0] Parser 'parser' entering state 'start'
[22:36:44.677] [bmv2] [D] [thread 5371] [34.0] [cxt 0] Extracting header 'ethernet'
[22:36:44.677] [bmv2] [D] [thread 5371] [34.0] [cxt 0] Parser state 'start': key is 1234
[22:36:44.677] [bmv2] [T] [thread 5371] [34.0] [cxt 0] Bytes parsed: 14
[22:36:44.677] [bmv2] [D] [thread 5371] [34.0] [cxt 0] Parser 'parser' entering state 'parse_p4calc'
[22:36:44.677] [bmv2] [D] [thread 5371] [34.0] [cxt 0] Extracting header 'p4calc'
[22:36:44.692] [bmv2] [E] [thread 5371] [34.0] [cxt 0] Exception while parsing: PacketTooShort
[22:36:44.692] [bmv2] [D] [thread 5371] [34.0] [cxt 0] Parser 'parser': end
[22:36:44.692] [bmv2] [D] [thread 5371] [34.0] [cxt 0] Pipeline 'ingress': start
[22:36:44.692] [bmv2] [T] [thread 5371] [34.0] [cxt 0] calc.p4(229) Condition "hdr.p4calc.isValid()" (node_2) is false
[22:36:44.692] [bmv2] [T] [thread 5371] [34.0] [cxt 0] Applying table 'tbl_operation_drop'
[22:36:44.692] [bmv2] [D] [thread 5371] [34.0] [cxt 0] Looking up key:

[22:36:44.692] [bmv2] [D] [thread 5371] [34.0] [cxt 0] Table 'tbl_operation_drop': miss
[22:36:44.692] [bmv2] [D] [thread 5371] [34.0] [cxt 0] Action entry is MyIngress.operation_drop - 
[22:36:44.692] [bmv2] [T] [thread 5371] [34.0] [cxt 0] Action MyIngress.operation_drop
[22:36:44.692] [bmv2] [T] [thread 5371] [34.0] [cxt 0] calc.p4(203) Primitive mark_to_drop(smt)
[22:36:44.692] [bmv2] [D] [thread 5371] [34.0] [cxt 0] Pipeline 'ingress': end
[22:36:44.692] [bmv2] [D] [thread 5371] [34.0] [cxt 0] Egress port is 511
[22:36:44.692] [bmv2] [D] [thread 5371] [34.0] [cxt 0] Dropping packet at the end of ingress
[22:36:45.246] [bmv2] [D] [thread 5371] [35.0] [cxt 0] Processing packet received on port 2
[22:36:45.246] [bmv2] [D] [thread 5371] [35.0] [cxt 0] Parser 'parser': start
[22:36:45.246] [bmv2] [D] [thread 5371] [35.0] [cxt 0] Parser 'parser' entering state 'start'
[22:36:45.246] [bmv2] [D] [thread 5371] [35.0] [cxt 0] Extracting header 'ethernet'
[22:36:45.246] [bmv2] [D] [thread 5371] [35.0] [cxt 0] Parser state 'start': key is 86dd
[22:36:45.246] [bmv2] [T] [thread 5371] [35.0] [cxt 0] Bytes parsed: 14
[22:36:45.246] [bmv2] [D] [thread 5371] [35.0] [cxt 0] Parser 'parser': end
[22:36:45.247] [bmv2] [D] [thread 5371] [35.0] [cxt 0] Pipeline 'ingress': start
[22:36:45.247] [bmv2] [T] [thread 5371] [35.0] [cxt 0] calc.p4(229) Condition "hdr.p4calc.isValid()" (node_2) is false
[22:36:45.247] [bmv2] [T] [thread 5371] [35.0] [cxt 0] Applying table 'tbl_operation_drop'
[22:36:45.247] [bmv2] [D] [thread 5371] [35.0] [cxt 0] Looking up key:

[22:36:45.247] [bmv2] [D] [thread 5371] [35.0] [cxt 0] Table 'tbl_operation_drop': miss
[22:36:45.247] [bmv2] [D] [thread 5371] [35.0] [cxt 0] Action entry is MyIngress.operation_drop - 
[22:36:45.247] [bmv2] [T] [thread 5371] [35.0] [cxt 0] Action MyIngress.operation_drop
[22:36:45.247] [bmv2] [T] [thread 5371] [35.0] [cxt 0] calc.p4(203) Primitive mark_to_drop(smt)
[22:36:45.247] [bmv2] [D] [thread 5371] [35.0] [cxt 0] Pipeline 'ingress': end
[22:36:45.247] [bmv2] [D] [thread 5371] [35.0] [cxt 0] Egress port is 511
[22:36:45.247] [bmv2] [D] [thread 5371] [35.0] [cxt 0] Dropping packet at the end of ingress
[22:36:45.440] [bmv2] [D] [thread 5371] [36.0] [cxt 0] Processing packet received on port 8
[22:36:45.440] [bmv2] [D] [thread 5371] [36.0] [cxt 0] Parser 'parser': start
[22:36:45.440] [bmv2] [D] [thread 5371] [36.0] [cxt 0] Parser 'parser' entering state 'start'
[22:36:45.440] [bmv2] [D] [thread 5371] [36.0] [cxt 0] Extracting header 'ethernet'
[22:36:45.440] [bmv2] [D] [thread 5371] [36.0] [cxt 0] Parser state 'start': key is 86dd
[22:36:45.440] [bmv2] [T] [thread 5371] [36.0] [cxt 0] Bytes parsed: 14
[22:36:45.440] [bmv2] [D] [thread 5371] [36.0] [cxt 0] Parser 'parser': end
[22:36:45.440] [bmv2] [D] [thread 5371] [36.0] [cxt 0] Pipeline 'ingress': start
[22:36:45.440] [bmv2] [T] [thread 5371] [36.0] [cxt 0] calc.p4(229) Condition "hdr.p4calc.isValid()" (node_2) is false
[22:36:45.440] [bmv2] [T] [thread 5371] [36.0] [cxt 0] Applying table 'tbl_operation_drop'
[22:36:45.440] [bmv2] [D] [thread 5371] [36.0] [cxt 0] Looking up key:

[22:36:45.440] [bmv2] [D] [thread 5371] [36.0] [cxt 0] Table 'tbl_operation_drop': miss
[22:36:45.440] [bmv2] [D] [thread 5371] [36.0] [cxt 0] Action entry is MyIngress.operation_drop - 
[22:36:45.440] [bmv2] [T] [thread 5371] [36.0] [cxt 0] Action MyIngress.operation_drop
[22:36:45.440] [bmv2] [T] [thread 5371] [36.0] [cxt 0] calc.p4(203) Primitive mark_to_drop(smt)
[22:36:45.440] [bmv2] [D] [thread 5371] [36.0] [cxt 0] Pipeline 'ingress': end
[22:36:45.440] [bmv2] [D] [thread 5371] [36.0] [cxt 0] Egress port is 511
[22:36:45.440] [bmv2] [D] [thread 5371] [36.0] [cxt 0] Dropping packet at the end of ingress
[22:36:46.173] [bmv2] [D] [thread 5371] [37.0] [cxt 0] Processing packet received on port 2
[22:36:46.173] [bmv2] [D] [thread 5371] [37.0] [cxt 0] Parser 'parser': start
[22:36:46.173] [bmv2] [D] [thread 5371] [37.0] [cxt 0] Parser 'parser' entering state 'start'
[22:36:46.173] [bmv2] [D] [thread 5371] [37.0] [cxt 0] Extracting header 'ethernet'
[22:36:46.174] [bmv2] [D] [thread 5371] [37.0] [cxt 0] Parser state 'start': key is 86dd
[22:36:46.174] [bmv2] [T] [thread 5371] [37.0] [cxt 0] Bytes parsed: 14
[22:36:46.174] [bmv2] [D] [thread 5371] [37.0] [cxt 0] Parser 'parser': end
[22:36:46.174] [bmv2] [D] [thread 5371] [37.0] [cxt 0] Pipeline 'ingress': start
[22:36:46.174] [bmv2] [T] [thread 5371] [37.0] [cxt 0] calc.p4(229) Condition "hdr.p4calc.isValid()" (node_2) is false
[22:36:46.174] [bmv2] [T] [thread 5371] [37.0] [cxt 0] Applying table 'tbl_operation_drop'
[22:36:46.174] [bmv2] [D] [thread 5371] [37.0] [cxt 0] Looking up key:

[22:36:46.174] [bmv2] [D] [thread 5371] [37.0] [cxt 0] Table 'tbl_operation_drop': miss
[22:36:46.174] [bmv2] [D] [thread 5371] [37.0] [cxt 0] Action entry is MyIngress.operation_drop - 
[22:36:46.174] [bmv2] [T] [thread 5371] [37.0] [cxt 0] Action MyIngress.operation_drop
[22:36:46.174] [bmv2] [T] [thread 5371] [37.0] [cxt 0] calc.p4(203) Primitive mark_to_drop(smt)
[22:36:46.174] [bmv2] [D] [thread 5371] [37.0] [cxt 0] Pipeline 'ingress': end
[22:36:46.174] [bmv2] [D] [thread 5371] [37.0] [cxt 0] Egress port is 511
[22:36:46.174] [bmv2] [D] [thread 5371] [37.0] [cxt 0] Dropping packet at the end of ingress
[22:36:46.349] [bmv2] [D] [thread 5371] [38.0] [cxt 0] Processing packet received on port 8
[22:36:46.349] [bmv2] [D] [thread 5371] [38.0] [cxt 0] Parser 'parser': start
[22:36:46.349] [bmv2] [D] [thread 5371] [38.0] [cxt 0] Parser 'parser' entering state 'start'
[22:36:46.349] [bmv2] [D] [thread 5371] [38.0] [cxt 0] Extracting header 'ethernet'
[22:36:46.349] [bmv2] [D] [thread 5371] [38.0] [cxt 0] Parser state 'start': key is 86dd
[22:36:46.349] [bmv2] [T] [thread 5371] [38.0] [cxt 0] Bytes parsed: 14
[22:36:46.349] [bmv2] [D] [thread 5371] [38.0] [cxt 0] Parser 'parser': end
[22:36:46.349] [bmv2] [D] [thread 5371] [38.0] [cxt 0] Pipeline 'ingress': start
[22:36:46.349] [bmv2] [T] [thread 5371] [38.0] [cxt 0] calc.p4(229) Condition "hdr.p4calc.isValid()" (node_2) is false
[22:36:46.349] [bmv2] [T] [thread 5371] [38.0] [cxt 0] Applying table 'tbl_operation_drop'
[22:36:46.349] [bmv2] [D] [thread 5371] [38.0] [cxt 0] Looking up key:

[22:36:46.349] [bmv2] [D] [thread 5371] [38.0] [cxt 0] Table 'tbl_operation_drop': miss
[22:36:46.349] [bmv2] [D] [thread 5371] [38.0] [cxt 0] Action entry is MyIngress.operation_drop - 
[22:36:46.349] [bmv2] [T] [thread 5371] [38.0] [cxt 0] Action MyIngress.operation_drop
[22:36:46.349] [bmv2] [T] [thread 5371] [38.0] [cxt 0] calc.p4(203) Primitive mark_to_drop(smt)
[22:36:46.349] [bmv2] [D] [thread 5371] [38.0] [cxt 0] Pipeline 'ingress': end
[22:36:46.349] [bmv2] [D] [thread 5371] [38.0] [cxt 0] Egress port is 511
[22:36:46.349] [bmv2] [D] [thread 5371] [38.0] [cxt 0] Dropping packet at the end of ingress
[22:36:53.253] [bmv2] [D] [thread 5371] [39.0] [cxt 0] Processing packet received on port 2
[22:36:53.253] [bmv2] [D] [thread 5371] [39.0] [cxt 0] Parser 'parser': start
[22:36:53.253] [bmv2] [D] [thread 5371] [39.0] [cxt 0] Parser 'parser' entering state 'start'
[22:36:53.253] [bmv2] [D] [thread 5371] [39.0] [cxt 0] Extracting header 'ethernet'
[22:36:53.253] [bmv2] [D] [thread 5371] [39.0] [cxt 0] Parser state 'start': key is 86dd
[22:36:53.253] [bmv2] [T] [thread 5371] [39.0] [cxt 0] Bytes parsed: 14
[22:36:53.253] [bmv2] [D] [thread 5371] [39.0] [cxt 0] Parser 'parser': end
[22:36:53.253] [bmv2] [D] [thread 5371] [39.0] [cxt 0] Pipeline 'ingress': start
[22:36:53.253] [bmv2] [T] [thread 5371] [39.0] [cxt 0] calc.p4(229) Condition "hdr.p4calc.isValid()" (node_2) is false
[22:36:53.253] [bmv2] [T] [thread 5371] [39.0] [cxt 0] Applying table 'tbl_operation_drop'
[22:36:53.253] [bmv2] [D] [thread 5371] [39.0] [cxt 0] Looking up key:

[22:36:53.253] [bmv2] [D] [thread 5371] [39.0] [cxt 0] Table 'tbl_operation_drop': miss
[22:36:53.253] [bmv2] [D] [thread 5371] [39.0] [cxt 0] Action entry is MyIngress.operation_drop - 
[22:36:53.253] [bmv2] [T] [thread 5371] [39.0] [cxt 0] Action MyIngress.operation_drop
[22:36:53.253] [bmv2] [T] [thread 5371] [39.0] [cxt 0] calc.p4(203) Primitive mark_to_drop(smt)
[22:36:53.253] [bmv2] [D] [thread 5371] [39.0] [cxt 0] Pipeline 'ingress': end
[22:36:53.253] [bmv2] [D] [thread 5371] [39.0] [cxt 0] Egress port is 511
[22:36:53.253] [bmv2] [D] [thread 5371] [39.0] [cxt 0] Dropping packet at the end of ingress
[22:36:53.446] [bmv2] [D] [thread 5371] [40.0] [cxt 0] Processing packet received on port 8
[22:36:53.446] [bmv2] [D] [thread 5371] [40.0] [cxt 0] Parser 'parser': start
[22:36:53.446] [bmv2] [D] [thread 5371] [40.0] [cxt 0] Parser 'parser' entering state 'start'
[22:36:53.446] [bmv2] [D] [thread 5371] [40.0] [cxt 0] Extracting header 'ethernet'
[22:36:53.446] [bmv2] [D] [thread 5371] [40.0] [cxt 0] Parser state 'start': key is 86dd
[22:36:53.446] [bmv2] [T] [thread 5371] [40.0] [cxt 0] Bytes parsed: 14
[22:36:53.446] [bmv2] [D] [thread 5371] [40.0] [cxt 0] Parser 'parser': end
[22:36:53.446] [bmv2] [D] [thread 5371] [40.0] [cxt 0] Pipeline 'ingress': start
[22:36:53.446] [bmv2] [T] [thread 5371] [40.0] [cxt 0] calc.p4(229) Condition "hdr.p4calc.isValid()" (node_2) is false
[22:36:53.446] [bmv2] [T] [thread 5371] [40.0] [cxt 0] Applying table 'tbl_operation_drop'
[22:36:53.446] [bmv2] [D] [thread 5371] [40.0] [cxt 0] Looking up key:

[22:36:53.446] [bmv2] [D] [thread 5371] [40.0] [cxt 0] Table 'tbl_operation_drop': miss
[22:36:53.446] [bmv2] [D] [thread 5371] [40.0] [cxt 0] Action entry is MyIngress.operation_drop - 
[22:36:53.446] [bmv2] [T] [thread 5371] [40.0] [cxt 0] Action MyIngress.operation_drop
[22:36:53.446] [bmv2] [T] [thread 5371] [40.0] [cxt 0] calc.p4(203) Primitive mark_to_drop(smt)
[22:36:53.446] [bmv2] [D] [thread 5371] [40.0] [cxt 0] Pipeline 'ingress': end
[22:36:53.446] [bmv2] [D] [thread 5371] [40.0] [cxt 0] Egress port is 511
[22:36:53.446] [bmv2] [D] [thread 5371] [40.0] [cxt 0] Dropping packet at the end of ingress
[22:37:09.261] [bmv2] [D] [thread 5371] [41.0] [cxt 0] Processing packet received on port 2
[22:37:09.261] [bmv2] [D] [thread 5371] [41.0] [cxt 0] Parser 'parser': start
[22:37:09.261] [bmv2] [D] [thread 5371] [41.0] [cxt 0] Parser 'parser' entering state 'start'
[22:37:09.261] [bmv2] [D] [thread 5371] [41.0] [cxt 0] Extracting header 'ethernet'
[22:37:09.261] [bmv2] [D] [thread 5371] [41.0] [cxt 0] Parser state 'start': key is 86dd
[22:37:09.261] [bmv2] [T] [thread 5371] [41.0] [cxt 0] Bytes parsed: 14
[22:37:09.261] [bmv2] [D] [thread 5371] [41.0] [cxt 0] Parser 'parser': end
[22:37:09.261] [bmv2] [D] [thread 5371] [41.0] [cxt 0] Pipeline 'ingress': start
[22:37:09.261] [bmv2] [T] [thread 5371] [41.0] [cxt 0] calc.p4(229) Condition "hdr.p4calc.isValid()" (node_2) is false
[22:37:09.261] [bmv2] [T] [thread 5371] [41.0] [cxt 0] Applying table 'tbl_operation_drop'
[22:37:09.261] [bmv2] [D] [thread 5371] [41.0] [cxt 0] Looking up key:

[22:37:09.261] [bmv2] [D] [thread 5371] [41.0] [cxt 0] Table 'tbl_operation_drop': miss
[22:37:09.261] [bmv2] [D] [thread 5371] [41.0] [cxt 0] Action entry is MyIngress.operation_drop - 
[22:37:09.261] [bmv2] [T] [thread 5371] [41.0] [cxt 0] Action MyIngress.operation_drop
[22:37:09.261] [bmv2] [T] [thread 5371] [41.0] [cxt 0] calc.p4(203) Primitive mark_to_drop(smt)
[22:37:09.261] [bmv2] [D] [thread 5371] [41.0] [cxt 0] Pipeline 'ingress': end
[22:37:09.261] [bmv2] [D] [thread 5371] [41.0] [cxt 0] Egress port is 511
[22:37:09.261] [bmv2] [D] [thread 5371] [41.0] [cxt 0] Dropping packet at the end of ingress
