Calling target program-options parser
[19:06:38.805] [bmv2] [D] [thread 4728] Set default default entry for table 'MyIngress.ipv4_lpm': MyIngress.drop - 
[19:06:38.805] [bmv2] [D] [thread 4728] Set default default entry for table 'tbl_act': act - 
[19:06:38.805] [bmv2] [D] [thread 4728] Set default default entry for table 'tbl_act_0': act_2 - 
[19:06:38.805] [bmv2] [D] [thread 4728] Set default default entry for table 'tbl_act_1': act_0 - 
[19:06:38.805] [bmv2] [D] [thread 4728] Set default default entry for table 'tbl_act_2': act_1 - 
[19:06:38.805] [bmv2] [D] [thread 4728] Set default default entry for table 'tbl_act_3': act_6 - 
[19:06:38.805] [bmv2] [D] [thread 4728] Set default default entry for table 'tbl_act_4': act_5 - 
[19:06:38.805] [bmv2] [D] [thread 4728] Set default default entry for table 'tbl_act_5': act_3 - 
[19:06:38.805] [bmv2] [D] [thread 4728] Set default default entry for table 'tbl_act_6': act_4 - 
[19:06:38.805] [bmv2] [D] [thread 4728] Set default default entry for table 'MyEgress.swid': NoAction - 
Adding interface s4-eth1 as port 1
[19:06:38.805] [bmv2] [D] [thread 4728] Adding interface s4-eth1 as port 1
Adding interface s4-eth2 as port 2
[19:06:38.828] [bmv2] [D] [thread 4728] Adding interface s4-eth2 as port 2
I1212 19:06:38.853167954    4728 server_builder.cc:247]      Synchronous server. Num CQs: 1, Min pollers: 1, Max Pollers: 2147483647, CQ timeout (msec): 1000
Server listening on 0.0.0.0:50054
[19:06:38.857] [bmv2] [I] [thread 4728] Starting Thrift server on port 9093
[19:06:38.858] [bmv2] [I] [thread 4728] Thrift server was started
[19:06:38.892] [bmv2] [D] [thread 4735] [0.0] [cxt 0] Processing packet received on port 1
[19:06:38.892] [bmv2] [D] [thread 4735] [0.0] [cxt 0] Parser 'parser': start
[19:06:38.892] [bmv2] [D] [thread 4735] [0.0] [cxt 0] Parser 'parser' entering state 'start'
[19:06:38.892] [bmv2] [D] [thread 4735] [0.0] [cxt 0] Extracting header 'ethernet'
[19:06:38.892] [bmv2] [D] [thread 4735] [0.0] [cxt 0] Parser state 'start': key is 86dd
[19:06:38.892] [bmv2] [T] [thread 4735] [0.0] [cxt 0] Bytes parsed: 14
[19:06:38.892] [bmv2] [D] [thread 4735] [0.0] [cxt 0] Parser 'parser': end
[19:06:38.892] [bmv2] [D] [thread 4735] [0.0] [cxt 0] Pipeline 'ingress': start
[19:06:38.892] [bmv2] [T] [thread 4735] [0.0] [cxt 0] link_monitor.p4(179) Condition "hdr.ipv4.isValid()" (node_2) is false
[19:06:38.892] [bmv2] [T] [thread 4735] [0.0] [cxt 0] link_monitor.p4(182) Condition "hdr.probe.isValid()" (node_4) is false
[19:06:38.892] [bmv2] [D] [thread 4735] [0.0] [cxt 0] Pipeline 'ingress': end
[19:06:38.892] [bmv2] [D] [thread 4735] [0.0] [cxt 0] Egress port is 0
[19:06:38.892] [bmv2] [D] [thread 4735] [1.0] [cxt 0] Processing packet received on port 1
[19:06:38.892] [bmv2] [D] [thread 4735] [1.0] [cxt 0] Parser 'parser': start
[19:06:38.892] [bmv2] [D] [thread 4735] [1.0] [cxt 0] Parser 'parser' entering state 'start'
[19:06:38.892] [bmv2] [D] [thread 4735] [1.0] [cxt 0] Extracting header 'ethernet'
[19:06:38.892] [bmv2] [D] [thread 4735] [1.0] [cxt 0] Parser state 'start': key is 86dd
[19:06:38.892] [bmv2] [T] [thread 4735] [1.0] [cxt 0] Bytes parsed: 14
[19:06:38.892] [bmv2] [D] [thread 4735] [1.0] [cxt 0] Parser 'parser': end
[19:06:38.892] [bmv2] [D] [thread 4735] [1.0] [cxt 0] Pipeline 'ingress': start
[19:06:38.892] [bmv2] [T] [thread 4735] [1.0] [cxt 0] link_monitor.p4(179) Condition "hdr.ipv4.isValid()" (node_2) is false
[19:06:38.892] [bmv2] [T] [thread 4735] [1.0] [cxt 0] link_monitor.p4(182) Condition "hdr.probe.isValid()" (node_4) is false
[19:06:38.892] [bmv2] [D] [thread 4735] [1.0] [cxt 0] Pipeline 'ingress': end
[19:06:38.892] [bmv2] [D] [thread 4736] [0.0] [cxt 0] Pipeline 'egress': start
[19:06:38.892] [bmv2] [D] [thread 4735] [1.0] [cxt 0] Egress port is 0
[19:06:38.892] [bmv2] [T] [thread 4736] [0.0] [cxt 0] Applying table 'tbl_act_0'
[19:06:38.892] [bmv2] [D] [thread 4736] [0.0] [cxt 0] Looking up key:

[19:06:38.892] [bmv2] [D] [thread 4736] [0.0] [cxt 0] Table 'tbl_act_0': miss
[19:06:38.892] [bmv2] [D] [thread 4736] [0.0] [cxt 0] Action entry is act_2 - 
[19:06:38.892] [bmv2] [T] [thread 4736] [0.0] [cxt 0] Action act_2
[19:06:38.892] [bmv2] [T] [thread 4736] [0.0] [cxt 0] link_monitor.p4(220) Primitive (bit<32>)standard_metadata.egress_port
[19:06:38.892] [bmv2] [T] [thread 4736] [0.0] [cxt 0] link_monitor.p4(220) Primitive byte_cnt_reg.read(byte_cnt, (bit<32>)standard_metadata.egress_port)
[19:06:38.892] [bmv2] [T] [thread 4736] [0.0] [cxt 0] Read register 'MyEgress.byte_cnt_reg' at index 0 read value 0
[19:06:38.892] [bmv2] [T] [thread 4736] [0.0] [cxt 0] link_monitor.p4(221) Primitive byte_cnt = byte_cnt + standard_metadata.packet_length
[19:06:38.892] [bmv2] [T] [thread 4736] [0.0] [cxt 0] link_monitor.p4(223) Condition "hdr.probe.isValid()" (node_9) is false
[19:06:38.893] [bmv2] [T] [thread 4736] [0.0] [cxt 0] Applying table 'tbl_act_2'
[19:06:38.893] [bmv2] [D] [thread 4736] [0.0] [cxt 0] Looking up key:

[19:06:38.893] [bmv2] [D] [thread 4736] [0.0] [cxt 0] Table 'tbl_act_2': miss
[19:06:38.893] [bmv2] [D] [thread 4736] [0.0] [cxt 0] Action entry is act_1 - 
[19:06:38.893] [bmv2] [T] [thread 4736] [0.0] [cxt 0] Action act_1
[19:06:38.893] [bmv2] [T] [thread 4736] [0.0] [cxt 0] link_monitor.p4(223) Primitive (hdr.probe.isValid()) ? 0 : byte_cnt
[19:06:38.893] [bmv2] [T] [thread 4736] [0.0] [cxt 0] Applying table 'tbl_act_3'
[19:06:38.893] [bmv2] [D] [thread 4736] [0.0] [cxt 0] Looking up key:

[19:06:38.893] [bmv2] [D] [thread 4736] [0.0] [cxt 0] Table 'tbl_act_3': miss
[19:06:38.893] [bmv2] [D] [thread 4736] [0.0] [cxt 0] Action entry is act_6 - 
[19:06:38.893] [bmv2] [T] [thread 4736] [0.0] [cxt 0] Action act_6
[19:06:38.893] [bmv2] [T] [thread 4736] [0.0] [cxt 0] link_monitor.p4(224) Primitive (bit<32>)standard_metadata.egress_port
[19:06:38.893] [bmv2] [T] [thread 4736] [0.0] [cxt 0] link_monitor.p4(224) Primitive byte_cnt_reg.write((bit<32>)standard_metadata.egress_port, new_byte_cnt)
[19:06:38.893] [bmv2] [T] [thread 4736] [0.0] [cxt 0] Wrote register 'MyEgress.byte_cnt_reg' at index 0 with value 196
[19:06:38.893] [bmv2] [T] [thread 4736] [0.0] [cxt 0] link_monitor.p4(226) Condition "hdr.probe.isValid()" (node_13) is false
[19:06:38.893] [bmv2] [D] [thread 4736] [0.0] [cxt 0] Pipeline 'egress': end
[19:06:38.893] [bmv2] [D] [thread 4736] [0.0] [cxt 0] Deparser 'deparser': start
[19:06:38.893] [bmv2] [T] [thread 4736] [0.0] [cxt 0] Skipping checksum 'cksum' update because condition not met
[19:06:38.893] [bmv2] [D] [thread 4736] [0.0] [cxt 0] Deparsing header 'ethernet'
[19:06:38.893] [bmv2] [D] [thread 4736] [0.0] [cxt 0] Deparser 'deparser': end
[19:06:38.893] [bmv2] [D] [thread 4736] [1.0] [cxt 0] Pipeline 'egress': start
[19:06:38.893] [bmv2] [T] [thread 4736] [1.0] [cxt 0] Applying table 'tbl_act_0'
[19:06:38.893] [bmv2] [D] [thread 4736] [1.0] [cxt 0] Looking up key:

[19:06:38.893] [bmv2] [D] [thread 4736] [1.0] [cxt 0] Table 'tbl_act_0': miss
[19:06:38.893] [bmv2] [D] [thread 4736] [1.0] [cxt 0] Action entry is act_2 - 
[19:06:38.893] [bmv2] [T] [thread 4736] [1.0] [cxt 0] Action act_2
[19:06:38.893] [bmv2] [T] [thread 4736] [1.0] [cxt 0] link_monitor.p4(220) Primitive (bit<32>)standard_metadata.egress_port
[19:06:38.893] [bmv2] [T] [thread 4736] [1.0] [cxt 0] link_monitor.p4(220) Primitive byte_cnt_reg.read(byte_cnt, (bit<32>)standard_metadata.egress_port)
[19:06:38.893] [bmv2] [T] [thread 4736] [1.0] [cxt 0] Read register 'MyEgress.byte_cnt_reg' at index 0 read value 196
[19:06:38.893] [bmv2] [T] [thread 4736] [1.0] [cxt 0] link_monitor.p4(221) Primitive byte_cnt = byte_cnt + standard_metadata.packet_length
[19:06:38.893] [bmv2] [T] [thread 4736] [1.0] [cxt 0] link_monitor.p4(223) Condition "hdr.probe.isValid()" (node_9) is false
[19:06:38.893] [bmv2] [T] [thread 4736] [1.0] [cxt 0] Applying table 'tbl_act_2'
[19:06:38.893] [bmv2] [D] [thread 4736] [1.0] [cxt 0] Looking up key:

[19:06:38.893] [bmv2] [D] [thread 4736] [1.0] [cxt 0] Table 'tbl_act_2': miss
[19:06:38.893] [bmv2] [D] [thread 4736] [1.0] [cxt 0] Action entry is act_1 - 
[19:06:38.893] [bmv2] [T] [thread 4736] [1.0] [cxt 0] Action act_1
[19:06:38.893] [bmv2] [T] [thread 4736] [1.0] [cxt 0] link_monitor.p4(223) Primitive (hdr.probe.isValid()) ? 0 : byte_cnt
[19:06:38.893] [bmv2] [T] [thread 4736] [1.0] [cxt 0] Applying table 'tbl_act_3'
[19:06:38.893] [bmv2] [D] [thread 4736] [1.0] [cxt 0] Looking up key:

[19:06:38.893] [bmv2] [D] [thread 4736] [1.0] [cxt 0] Table 'tbl_act_3': miss
[19:06:38.893] [bmv2] [D] [thread 4736] [1.0] [cxt 0] Action entry is act_6 - 
[19:06:38.893] [bmv2] [T] [thread 4736] [1.0] [cxt 0] Action act_6
[19:06:38.893] [bmv2] [T] [thread 4736] [1.0] [cxt 0] link_monitor.p4(224) Primitive (bit<32>)standard_metadata.egress_port
[19:06:38.893] [bmv2] [T] [thread 4736] [1.0] [cxt 0] link_monitor.p4(224) Primitive byte_cnt_reg.write((bit<32>)standard_metadata.egress_port, new_byte_cnt)
[19:06:38.893] [bmv2] [T] [thread 4736] [1.0] [cxt 0] Wrote register 'MyEgress.byte_cnt_reg' at index 0 with value 392
[19:06:38.893] [bmv2] [T] [thread 4736] [1.0] [cxt 0] link_monitor.p4(226) Condition "hdr.probe.isValid()" (node_13) is false
[19:06:38.893] [bmv2] [D] [thread 4736] [1.0] [cxt 0] Pipeline 'egress': end
[19:06:38.893] [bmv2] [D] [thread 4736] [1.0] [cxt 0] Deparser 'deparser': start
[19:06:38.893] [bmv2] [T] [thread 4736] [1.0] [cxt 0] Skipping checksum 'cksum' update because condition not met
[19:06:38.893] [bmv2] [D] [thread 4736] [1.0] [cxt 0] Deparsing header 'ethernet'
[19:06:38.893] [bmv2] [D] [thread 4736] [1.0] [cxt 0] Deparser 'deparser': end
[19:06:38.893] [bmv2] [D] [thread 4740] [0.0] [cxt 0] Transmitting packet of size 196 out of port 0
[19:06:38.893] [bmv2] [D] [thread 4740] [1.0] [cxt 0] Transmitting packet of size 196 out of port 0
[19:06:38.941] [bmv2] [D] [thread 4735] [2.0] [cxt 0] Processing packet received on port 2
[19:06:38.941] [bmv2] [D] [thread 4735] [2.0] [cxt 0] Parser 'parser': start
[19:06:38.941] [bmv2] [D] [thread 4735] [2.0] [cxt 0] Parser 'parser' entering state 'start'
[19:06:38.941] [bmv2] [D] [thread 4735] [2.0] [cxt 0] Extracting header 'ethernet'
[19:06:38.941] [bmv2] [D] [thread 4735] [2.0] [cxt 0] Parser state 'start': key is 86dd
[19:06:38.941] [bmv2] [T] [thread 4735] [2.0] [cxt 0] Bytes parsed: 14
[19:06:38.941] [bmv2] [D] [thread 4735] [2.0] [cxt 0] Parser 'parser': end
[19:06:38.941] [bmv2] [D] [thread 4735] [2.0] [cxt 0] Pipeline 'ingress': start
[19:06:38.941] [bmv2] [T] [thread 4735] [2.0] [cxt 0] link_monitor.p4(179) Condition "hdr.ipv4.isValid()" (node_2) is false
[19:06:38.941] [bmv2] [T] [thread 4735] [2.0] [cxt 0] link_monitor.p4(182) Condition "hdr.probe.isValid()" (node_4) is false
[19:06:38.941] [bmv2] [D] [thread 4735] [2.0] [cxt 0] Pipeline 'ingress': end
[19:06:38.941] [bmv2] [D] [thread 4735] [2.0] [cxt 0] Egress port is 0
[19:06:38.942] [bmv2] [D] [thread 4735] [3.0] [cxt 0] Processing packet received on port 2
[19:06:38.942] [bmv2] [D] [thread 4735] [3.0] [cxt 0] Parser 'parser': start
[19:06:38.942] [bmv2] [D] [thread 4735] [3.0] [cxt 0] Parser 'parser' entering state 'start'
[19:06:38.942] [bmv2] [D] [thread 4735] [3.0] [cxt 0] Extracting header 'ethernet'
[19:06:38.942] [bmv2] [D] [thread 4735] [3.0] [cxt 0] Parser state 'start': key is 86dd
[19:06:38.942] [bmv2] [T] [thread 4735] [3.0] [cxt 0] Bytes parsed: 14
[19:06:38.942] [bmv2] [D] [thread 4735] [3.0] [cxt 0] Parser 'parser': end
[19:06:38.942] [bmv2] [D] [thread 4735] [3.0] [cxt 0] Pipeline 'ingress': start
[19:06:38.942] [bmv2] [T] [thread 4735] [3.0] [cxt 0] link_monitor.p4(179) Condition "hdr.ipv4.isValid()" (node_2) is false
[19:06:38.942] [bmv2] [T] [thread 4735] [3.0] [cxt 0] link_monitor.p4(182) Condition "hdr.probe.isValid()" (node_4) is false
[19:06:38.942] [bmv2] [D] [thread 4735] [3.0] [cxt 0] Pipeline 'ingress': end
[19:06:38.942] [bmv2] [D] [thread 4735] [3.0] [cxt 0] Egress port is 0
[19:06:38.942] [bmv2] [D] [thread 4736] [2.0] [cxt 0] Pipeline 'egress': start
[19:06:38.942] [bmv2] [T] [thread 4736] [2.0] [cxt 0] Applying table 'tbl_act_0'
[19:06:38.942] [bmv2] [D] [thread 4736] [2.0] [cxt 0] Looking up key:

[19:06:38.942] [bmv2] [D] [thread 4736] [2.0] [cxt 0] Table 'tbl_act_0': miss
[19:06:38.942] [bmv2] [D] [thread 4736] [2.0] [cxt 0] Action entry is act_2 - 
[19:06:38.942] [bmv2] [T] [thread 4736] [2.0] [cxt 0] Action act_2
[19:06:38.942] [bmv2] [T] [thread 4736] [2.0] [cxt 0] link_monitor.p4(220) Primitive (bit<32>)standard_metadata.egress_port
[19:06:38.942] [bmv2] [T] [thread 4736] [2.0] [cxt 0] link_monitor.p4(220) Primitive byte_cnt_reg.read(byte_cnt, (bit<32>)standard_metadata.egress_port)
[19:06:38.942] [bmv2] [T] [thread 4736] [2.0] [cxt 0] Read register 'MyEgress.byte_cnt_reg' at index 0 read value 392
[19:06:38.942] [bmv2] [T] [thread 4736] [2.0] [cxt 0] link_monitor.p4(221) Primitive byte_cnt = byte_cnt + standard_metadata.packet_length
[19:06:38.942] [bmv2] [T] [thread 4736] [2.0] [cxt 0] link_monitor.p4(223) Condition "hdr.probe.isValid()" (node_9) is false
[19:06:38.942] [bmv2] [T] [thread 4736] [2.0] [cxt 0] Applying table 'tbl_act_2'
[19:06:38.942] [bmv2] [D] [thread 4736] [2.0] [cxt 0] Looking up key:

[19:06:38.942] [bmv2] [D] [thread 4736] [2.0] [cxt 0] Table 'tbl_act_2': miss
[19:06:38.942] [bmv2] [D] [thread 4736] [2.0] [cxt 0] Action entry is act_1 - 
[19:06:38.942] [bmv2] [T] [thread 4736] [2.0] [cxt 0] Action act_1
[19:06:38.942] [bmv2] [T] [thread 4736] [2.0] [cxt 0] link_monitor.p4(223) Primitive (hdr.probe.isValid()) ? 0 : byte_cnt
[19:06:38.942] [bmv2] [T] [thread 4736] [2.0] [cxt 0] Applying table 'tbl_act_3'
[19:06:38.942] [bmv2] [D] [thread 4736] [2.0] [cxt 0] Looking up key:

[19:06:38.942] [bmv2] [D] [thread 4736] [2.0] [cxt 0] Table 'tbl_act_3': miss
[19:06:38.942] [bmv2] [D] [thread 4736] [2.0] [cxt 0] Action entry is act_6 - 
[19:06:38.942] [bmv2] [T] [thread 4736] [2.0] [cxt 0] Action act_6
[19:06:38.942] [bmv2] [T] [thread 4736] [2.0] [cxt 0] link_monitor.p4(224) Primitive (bit<32>)standard_metadata.egress_port
[19:06:38.942] [bmv2] [T] [thread 4736] [2.0] [cxt 0] link_monitor.p4(224) Primitive byte_cnt_reg.write((bit<32>)standard_metadata.egress_port, new_byte_cnt)
[19:06:38.942] [bmv2] [T] [thread 4736] [2.0] [cxt 0] Wrote register 'MyEgress.byte_cnt_reg' at index 0 with value 600
[19:06:38.942] [bmv2] [T] [thread 4736] [2.0] [cxt 0] link_monitor.p4(226) Condition "hdr.probe.isValid()" (node_13) is false
[19:06:38.942] [bmv2] [D] [thread 4736] [2.0] [cxt 0] Pipeline 'egress': end
[19:06:38.942] [bmv2] [D] [thread 4736] [2.0] [cxt 0] Deparser 'deparser': start
[19:06:38.942] [bmv2] [T] [thread 4736] [2.0] [cxt 0] Skipping checksum 'cksum' update because condition not met
[19:06:38.942] [bmv2] [D] [thread 4736] [2.0] [cxt 0] Deparsing header 'ethernet'
[19:06:38.942] [bmv2] [D] [thread 4736] [2.0] [cxt 0] Deparser 'deparser': end
[19:06:38.942] [bmv2] [D] [thread 4736] [3.0] [cxt 0] Pipeline 'egress': start
[19:06:38.942] [bmv2] [T] [thread 4736] [3.0] [cxt 0] Applying table 'tbl_act_0'
[19:06:38.942] [bmv2] [D] [thread 4736] [3.0] [cxt 0] Looking up key:

[19:06:38.942] [bmv2] [D] [thread 4736] [3.0] [cxt 0] Table 'tbl_act_0': miss
[19:06:38.942] [bmv2] [D] [thread 4736] [3.0] [cxt 0] Action entry is act_2 - 
[19:06:38.942] [bmv2] [T] [thread 4736] [3.0] [cxt 0] Action act_2
[19:06:38.942] [bmv2] [T] [thread 4736] [3.0] [cxt 0] link_monitor.p4(220) Primitive (bit<32>)standard_metadata.egress_port
[19:06:38.942] [bmv2] [T] [thread 4736] [3.0] [cxt 0] link_monitor.p4(220) Primitive byte_cnt_reg.read(byte_cnt, (bit<32>)standard_metadata.egress_port)
[19:06:38.942] [bmv2] [T] [thread 4736] [3.0] [cxt 0] Read register 'MyEgress.byte_cnt_reg' at index 0 read value 600
[19:06:38.942] [bmv2] [T] [thread 4736] [3.0] [cxt 0] link_monitor.p4(221) Primitive byte_cnt = byte_cnt + standard_metadata.packet_length
[19:06:38.942] [bmv2] [T] [thread 4736] [3.0] [cxt 0] link_monitor.p4(223) Condition "hdr.probe.isValid()" (node_9) is false
[19:06:38.942] [bmv2] [T] [thread 4736] [3.0] [cxt 0] Applying table 'tbl_act_2'
[19:06:38.942] [bmv2] [D] [thread 4736] [3.0] [cxt 0] Looking up key:

[19:06:38.942] [bmv2] [D] [thread 4736] [3.0] [cxt 0] Table 'tbl_act_2': miss
[19:06:38.942] [bmv2] [D] [thread 4736] [3.0] [cxt 0] Action entry is act_1 - 
[19:06:38.943] [bmv2] [T] [thread 4736] [3.0] [cxt 0] Action act_1
[19:06:38.943] [bmv2] [T] [thread 4736] [3.0] [cxt 0] link_monitor.p4(223) Primitive (hdr.probe.isValid()) ? 0 : byte_cnt
[19:06:38.943] [bmv2] [T] [thread 4736] [3.0] [cxt 0] Applying table 'tbl_act_3'
[19:06:38.943] [bmv2] [D] [thread 4736] [3.0] [cxt 0] Looking up key:

[19:06:38.943] [bmv2] [D] [thread 4736] [3.0] [cxt 0] Table 'tbl_act_3': miss
[19:06:38.943] [bmv2] [D] [thread 4736] [3.0] [cxt 0] Action entry is act_6 - 
[19:06:38.943] [bmv2] [T] [thread 4736] [3.0] [cxt 0] Action act_6
[19:06:38.943] [bmv2] [T] [thread 4736] [3.0] [cxt 0] link_monitor.p4(224) Primitive (bit<32>)standard_metadata.egress_port
[19:06:38.943] [bmv2] [T] [thread 4736] [3.0] [cxt 0] link_monitor.p4(224) Primitive byte_cnt_reg.write((bit<32>)standard_metadata.egress_port, new_byte_cnt)
[19:06:38.943] [bmv2] [T] [thread 4736] [3.0] [cxt 0] Wrote register 'MyEgress.byte_cnt_reg' at index 0 with value 710
[19:06:38.943] [bmv2] [T] [thread 4736] [3.0] [cxt 0] link_monitor.p4(226) Condition "hdr.probe.isValid()" (node_13) is false
[19:06:38.943] [bmv2] [D] [thread 4736] [3.0] [cxt 0] Pipeline 'egress': end
[19:06:38.943] [bmv2] [D] [thread 4736] [3.0] [cxt 0] Deparser 'deparser': start
[19:06:38.943] [bmv2] [T] [thread 4736] [3.0] [cxt 0] Skipping checksum 'cksum' update because condition not met
[19:06:38.943] [bmv2] [D] [thread 4736] [3.0] [cxt 0] Deparsing header 'ethernet'
[19:06:38.943] [bmv2] [D] [thread 4736] [3.0] [cxt 0] Deparser 'deparser': end
[19:06:38.943] [bmv2] [D] [thread 4740] [2.0] [cxt 0] Transmitting packet of size 208 out of port 0
[19:06:38.943] [bmv2] [D] [thread 4740] [3.0] [cxt 0] Transmitting packet of size 110 out of port 0
[19:06:38.954] [bmv2] [D] [thread 4735] [4.0] [cxt 0] Processing packet received on port 1
[19:06:38.954] [bmv2] [D] [thread 4735] [4.0] [cxt 0] Parser 'parser': start
[19:06:38.954] [bmv2] [D] [thread 4735] [4.0] [cxt 0] Parser 'parser' entering state 'start'
[19:06:38.954] [bmv2] [D] [thread 4735] [4.0] [cxt 0] Extracting header 'ethernet'
[19:06:38.954] [bmv2] [D] [thread 4735] [4.0] [cxt 0] Parser state 'start': key is 86dd
[19:06:38.954] [bmv2] [T] [thread 4735] [4.0] [cxt 0] Bytes parsed: 14
[19:06:38.954] [bmv2] [D] [thread 4735] [4.0] [cxt 0] Parser 'parser': end
[19:06:38.954] [bmv2] [D] [thread 4735] [4.0] [cxt 0] Pipeline 'ingress': start
[19:06:38.954] [bmv2] [T] [thread 4735] [4.0] [cxt 0] link_monitor.p4(179) Condition "hdr.ipv4.isValid()" (node_2) is false
[19:06:38.954] [bmv2] [T] [thread 4735] [4.0] [cxt 0] link_monitor.p4(182) Condition "hdr.probe.isValid()" (node_4) is false
[19:06:38.954] [bmv2] [D] [thread 4735] [4.0] [cxt 0] Pipeline 'ingress': end
[19:06:38.954] [bmv2] [D] [thread 4735] [4.0] [cxt 0] Egress port is 0
[19:06:38.954] [bmv2] [D] [thread 4736] [4.0] [cxt 0] Pipeline 'egress': start
[19:06:38.954] [bmv2] [T] [thread 4736] [4.0] [cxt 0] Applying table 'tbl_act_0'
[19:06:38.954] [bmv2] [D] [thread 4736] [4.0] [cxt 0] Looking up key:

[19:06:38.954] [bmv2] [D] [thread 4736] [4.0] [cxt 0] Table 'tbl_act_0': miss
[19:06:38.954] [bmv2] [D] [thread 4736] [4.0] [cxt 0] Action entry is act_2 - 
[19:06:38.954] [bmv2] [T] [thread 4736] [4.0] [cxt 0] Action act_2
[19:06:38.954] [bmv2] [T] [thread 4736] [4.0] [cxt 0] link_monitor.p4(220) Primitive (bit<32>)standard_metadata.egress_port
[19:06:38.954] [bmv2] [T] [thread 4736] [4.0] [cxt 0] link_monitor.p4(220) Primitive byte_cnt_reg.read(byte_cnt, (bit<32>)standard_metadata.egress_port)
[19:06:38.954] [bmv2] [T] [thread 4736] [4.0] [cxt 0] Read register 'MyEgress.byte_cnt_reg' at index 0 read value 710
[19:06:38.954] [bmv2] [T] [thread 4736] [4.0] [cxt 0] link_monitor.p4(221) Primitive byte_cnt = byte_cnt + standard_metadata.packet_length
[19:06:38.954] [bmv2] [T] [thread 4736] [4.0] [cxt 0] link_monitor.p4(223) Condition "hdr.probe.isValid()" (node_9) is false
[19:06:38.954] [bmv2] [T] [thread 4736] [4.0] [cxt 0] Applying table 'tbl_act_2'
[19:06:38.954] [bmv2] [D] [thread 4736] [4.0] [cxt 0] Looking up key:

[19:06:38.954] [bmv2] [D] [thread 4736] [4.0] [cxt 0] Table 'tbl_act_2': miss
[19:06:38.954] [bmv2] [D] [thread 4736] [4.0] [cxt 0] Action entry is act_1 - 
[19:06:38.954] [bmv2] [T] [thread 4736] [4.0] [cxt 0] Action act_1
[19:06:38.954] [bmv2] [T] [thread 4736] [4.0] [cxt 0] link_monitor.p4(223) Primitive (hdr.probe.isValid()) ? 0 : byte_cnt
[19:06:38.954] [bmv2] [T] [thread 4736] [4.0] [cxt 0] Applying table 'tbl_act_3'
[19:06:38.954] [bmv2] [D] [thread 4736] [4.0] [cxt 0] Looking up key:

[19:06:38.954] [bmv2] [D] [thread 4736] [4.0] [cxt 0] Table 'tbl_act_3': miss
[19:06:38.954] [bmv2] [D] [thread 4736] [4.0] [cxt 0] Action entry is act_6 - 
[19:06:38.954] [bmv2] [T] [thread 4736] [4.0] [cxt 0] Action act_6
[19:06:38.954] [bmv2] [T] [thread 4736] [4.0] [cxt 0] link_monitor.p4(224) Primitive (bit<32>)standard_metadata.egress_port
[19:06:38.954] [bmv2] [T] [thread 4736] [4.0] [cxt 0] link_monitor.p4(224) Primitive byte_cnt_reg.write((bit<32>)standard_metadata.egress_port, new_byte_cnt)
[19:06:38.954] [bmv2] [T] [thread 4736] [4.0] [cxt 0] Wrote register 'MyEgress.byte_cnt_reg' at index 0 with value 817
[19:06:38.954] [bmv2] [T] [thread 4736] [4.0] [cxt 0] link_monitor.p4(226) Condition "hdr.probe.isValid()" (node_13) is false
[19:06:38.954] [bmv2] [D] [thread 4736] [4.0] [cxt 0] Pipeline 'egress': end
[19:06:38.954] [bmv2] [D] [thread 4736] [4.0] [cxt 0] Deparser 'deparser': start
[19:06:38.954] [bmv2] [T] [thread 4736] [4.0] [cxt 0] Skipping checksum 'cksum' update because condition not met
[19:06:38.954] [bmv2] [D] [thread 4736] [4.0] [cxt 0] Deparsing header 'ethernet'
[19:06:38.954] [bmv2] [D] [thread 4736] [4.0] [cxt 0] Deparser 'deparser': end
[19:06:38.955] [bmv2] [D] [thread 4740] [4.0] [cxt 0] Transmitting packet of size 107 out of port 0
[19:06:39.139] [bmv2] [D] [thread 4735] [5.0] [cxt 0] Processing packet received on port 2
[19:06:39.140] [bmv2] [D] [thread 4735] [5.0] [cxt 0] Parser 'parser': start
[19:06:39.140] [bmv2] [D] [thread 4735] [5.0] [cxt 0] Parser 'parser' entering state 'start'
[19:06:39.140] [bmv2] [D] [thread 4735] [5.0] [cxt 0] Extracting header 'ethernet'
[19:06:39.140] [bmv2] [D] [thread 4735] [5.0] [cxt 0] Parser state 'start': key is 86dd
[19:06:39.140] [bmv2] [T] [thread 4735] [5.0] [cxt 0] Bytes parsed: 14
[19:06:39.140] [bmv2] [D] [thread 4735] [5.0] [cxt 0] Parser 'parser': end
[19:06:39.140] [bmv2] [D] [thread 4735] [5.0] [cxt 0] Pipeline 'ingress': start
[19:06:39.140] [bmv2] [T] [thread 4735] [5.0] [cxt 0] link_monitor.p4(179) Condition "hdr.ipv4.isValid()" (node_2) is false
[19:06:39.140] [bmv2] [T] [thread 4735] [5.0] [cxt 0] link_monitor.p4(182) Condition "hdr.probe.isValid()" (node_4) is false
[19:06:39.140] [bmv2] [D] [thread 4735] [5.0] [cxt 0] Pipeline 'ingress': end
[19:06:39.140] [bmv2] [D] [thread 4735] [5.0] [cxt 0] Egress port is 0
[19:06:39.140] [bmv2] [D] [thread 4736] [5.0] [cxt 0] Pipeline 'egress': start
[19:06:39.140] [bmv2] [T] [thread 4736] [5.0] [cxt 0] Applying table 'tbl_act_0'
[19:06:39.140] [bmv2] [D] [thread 4736] [5.0] [cxt 0] Looking up key:

[19:06:39.140] [bmv2] [D] [thread 4736] [5.0] [cxt 0] Table 'tbl_act_0': miss
[19:06:39.140] [bmv2] [D] [thread 4736] [5.0] [cxt 0] Action entry is act_2 - 
[19:06:39.140] [bmv2] [T] [thread 4736] [5.0] [cxt 0] Action act_2
[19:06:39.140] [bmv2] [T] [thread 4736] [5.0] [cxt 0] link_monitor.p4(220) Primitive (bit<32>)standard_metadata.egress_port
[19:06:39.140] [bmv2] [T] [thread 4736] [5.0] [cxt 0] link_monitor.p4(220) Primitive byte_cnt_reg.read(byte_cnt, (bit<32>)standard_metadata.egress_port)
[19:06:39.140] [bmv2] [T] [thread 4736] [5.0] [cxt 0] Read register 'MyEgress.byte_cnt_reg' at index 0 read value 817
[19:06:39.140] [bmv2] [T] [thread 4736] [5.0] [cxt 0] link_monitor.p4(221) Primitive byte_cnt = byte_cnt + standard_metadata.packet_length
[19:06:39.140] [bmv2] [T] [thread 4736] [5.0] [cxt 0] link_monitor.p4(223) Condition "hdr.probe.isValid()" (node_9) is false
[19:06:39.140] [bmv2] [T] [thread 4736] [5.0] [cxt 0] Applying table 'tbl_act_2'
[19:06:39.140] [bmv2] [D] [thread 4736] [5.0] [cxt 0] Looking up key:

[19:06:39.140] [bmv2] [D] [thread 4736] [5.0] [cxt 0] Table 'tbl_act_2': miss
[19:06:39.140] [bmv2] [D] [thread 4736] [5.0] [cxt 0] Action entry is act_1 - 
[19:06:39.140] [bmv2] [T] [thread 4736] [5.0] [cxt 0] Action act_1
[19:06:39.140] [bmv2] [T] [thread 4736] [5.0] [cxt 0] link_monitor.p4(223) Primitive (hdr.probe.isValid()) ? 0 : byte_cnt
[19:06:39.140] [bmv2] [T] [thread 4736] [5.0] [cxt 0] Applying table 'tbl_act_3'
[19:06:39.140] [bmv2] [D] [thread 4736] [5.0] [cxt 0] Looking up key:

[19:06:39.140] [bmv2] [D] [thread 4736] [5.0] [cxt 0] Table 'tbl_act_3': miss
[19:06:39.140] [bmv2] [D] [thread 4736] [5.0] [cxt 0] Action entry is act_6 - 
[19:06:39.140] [bmv2] [T] [thread 4736] [5.0] [cxt 0] Action act_6
[19:06:39.140] [bmv2] [T] [thread 4736] [5.0] [cxt 0] link_monitor.p4(224) Primitive (bit<32>)standard_metadata.egress_port
[19:06:39.140] [bmv2] [T] [thread 4736] [5.0] [cxt 0] link_monitor.p4(224) Primitive byte_cnt_reg.write((bit<32>)standard_metadata.egress_port, new_byte_cnt)
[19:06:39.140] [bmv2] [T] [thread 4736] [5.0] [cxt 0] Wrote register 'MyEgress.byte_cnt_reg' at index 0 with value 1013
[19:06:39.140] [bmv2] [T] [thread 4736] [5.0] [cxt 0] link_monitor.p4(226) Condition "hdr.probe.isValid()" (node_13) is false
[19:06:39.140] [bmv2] [D] [thread 4736] [5.0] [cxt 0] Pipeline 'egress': end
[19:06:39.140] [bmv2] [D] [thread 4736] [5.0] [cxt 0] Deparser 'deparser': start
[19:06:39.140] [bmv2] [T] [thread 4736] [5.0] [cxt 0] Skipping checksum 'cksum' update because condition not met
[19:06:39.140] [bmv2] [D] [thread 4736] [5.0] [cxt 0] Deparsing header 'ethernet'
[19:06:39.141] [bmv2] [D] [thread 4736] [5.0] [cxt 0] Deparser 'deparser': end
[19:06:39.141] [bmv2] [D] [thread 4740] [5.0] [cxt 0] Transmitting packet of size 196 out of port 0
[19:06:39.190] [bmv2] [D] [thread 4735] [6.0] [cxt 0] Processing packet received on port 2
[19:06:39.190] [bmv2] [D] [thread 4735] [6.0] [cxt 0] Parser 'parser': start
[19:06:39.190] [bmv2] [D] [thread 4735] [6.0] [cxt 0] Parser 'parser' entering state 'start'
[19:06:39.190] [bmv2] [D] [thread 4735] [6.0] [cxt 0] Extracting header 'ethernet'
[19:06:39.190] [bmv2] [D] [thread 4735] [6.0] [cxt 0] Parser state 'start': key is 86dd
[19:06:39.190] [bmv2] [T] [thread 4735] [6.0] [cxt 0] Bytes parsed: 14
[19:06:39.190] [bmv2] [D] [thread 4735] [6.0] [cxt 0] Parser 'parser': end
[19:06:39.190] [bmv2] [D] [thread 4735] [6.0] [cxt 0] Pipeline 'ingress': start
[19:06:39.190] [bmv2] [T] [thread 4735] [6.0] [cxt 0] link_monitor.p4(179) Condition "hdr.ipv4.isValid()" (node_2) is false
[19:06:39.190] [bmv2] [T] [thread 4735] [6.0] [cxt 0] link_monitor.p4(182) Condition "hdr.probe.isValid()" (node_4) is false
[19:06:39.190] [bmv2] [D] [thread 4735] [6.0] [cxt 0] Pipeline 'ingress': end
[19:06:39.190] [bmv2] [D] [thread 4735] [6.0] [cxt 0] Egress port is 0
[19:06:39.191] [bmv2] [D] [thread 4736] [6.0] [cxt 0] Pipeline 'egress': start
[19:06:39.191] [bmv2] [T] [thread 4736] [6.0] [cxt 0] Applying table 'tbl_act_0'
[19:06:39.191] [bmv2] [D] [thread 4736] [6.0] [cxt 0] Looking up key:

[19:06:39.191] [bmv2] [D] [thread 4736] [6.0] [cxt 0] Table 'tbl_act_0': miss
[19:06:39.191] [bmv2] [D] [thread 4736] [6.0] [cxt 0] Action entry is act_2 - 
[19:06:39.191] [bmv2] [T] [thread 4736] [6.0] [cxt 0] Action act_2
[19:06:39.191] [bmv2] [T] [thread 4736] [6.0] [cxt 0] link_monitor.p4(220) Primitive (bit<32>)standard_metadata.egress_port
[19:06:39.191] [bmv2] [T] [thread 4736] [6.0] [cxt 0] link_monitor.p4(220) Primitive byte_cnt_reg.read(byte_cnt, (bit<32>)standard_metadata.egress_port)
[19:06:39.191] [bmv2] [T] [thread 4736] [6.0] [cxt 0] Read register 'MyEgress.byte_cnt_reg' at index 0 read value 1013
[19:06:39.191] [bmv2] [T] [thread 4736] [6.0] [cxt 0] link_monitor.p4(221) Primitive byte_cnt = byte_cnt + standard_metadata.packet_length
[19:06:39.191] [bmv2] [T] [thread 4736] [6.0] [cxt 0] link_monitor.p4(223) Condition "hdr.probe.isValid()" (node_9) is false
[19:06:39.191] [bmv2] [T] [thread 4736] [6.0] [cxt 0] Applying table 'tbl_act_2'
[19:06:39.191] [bmv2] [D] [thread 4736] [6.0] [cxt 0] Looking up key:

[19:06:39.191] [bmv2] [D] [thread 4736] [6.0] [cxt 0] Table 'tbl_act_2': miss
[19:06:39.191] [bmv2] [D] [thread 4736] [6.0] [cxt 0] Action entry is act_1 - 
[19:06:39.191] [bmv2] [T] [thread 4736] [6.0] [cxt 0] Action act_1
[19:06:39.191] [bmv2] [T] [thread 4736] [6.0] [cxt 0] link_monitor.p4(223) Primitive (hdr.probe.isValid()) ? 0 : byte_cnt
[19:06:39.191] [bmv2] [T] [thread 4736] [6.0] [cxt 0] Applying table 'tbl_act_3'
[19:06:39.191] [bmv2] [D] [thread 4736] [6.0] [cxt 0] Looking up key:

[19:06:39.191] [bmv2] [D] [thread 4736] [6.0] [cxt 0] Table 'tbl_act_3': miss
[19:06:39.191] [bmv2] [D] [thread 4736] [6.0] [cxt 0] Action entry is act_6 - 
[19:06:39.191] [bmv2] [T] [thread 4736] [6.0] [cxt 0] Action act_6
[19:06:39.191] [bmv2] [T] [thread 4736] [6.0] [cxt 0] link_monitor.p4(224) Primitive (bit<32>)standard_metadata.egress_port
[19:06:39.191] [bmv2] [T] [thread 4736] [6.0] [cxt 0] link_monitor.p4(224) Primitive byte_cnt_reg.write((bit<32>)standard_metadata.egress_port, new_byte_cnt)
[19:06:39.191] [bmv2] [T] [thread 4736] [6.0] [cxt 0] Wrote register 'MyEgress.byte_cnt_reg' at index 0 with value 1120
[19:06:39.191] [bmv2] [T] [thread 4736] [6.0] [cxt 0] link_monitor.p4(226) Condition "hdr.probe.isValid()" (node_13) is false
[19:06:39.191] [bmv2] [D] [thread 4736] [6.0] [cxt 0] Pipeline 'egress': end
[19:06:39.191] [bmv2] [D] [thread 4736] [6.0] [cxt 0] Deparser 'deparser': start
[19:06:39.191] [bmv2] [T] [thread 4736] [6.0] [cxt 0] Skipping checksum 'cksum' update because condition not met
[19:06:39.191] [bmv2] [D] [thread 4736] [6.0] [cxt 0] Deparsing header 'ethernet'
[19:06:39.191] [bmv2] [D] [thread 4736] [6.0] [cxt 0] Deparser 'deparser': end
[19:06:39.191] [bmv2] [D] [thread 4740] [6.0] [cxt 0] Transmitting packet of size 107 out of port 0
[19:06:39.799] [bmv2] [D] [thread 4735] [7.0] [cxt 0] Processing packet received on port 2
[19:06:39.799] [bmv2] [D] [thread 4735] [7.0] [cxt 0] Parser 'parser': start
[19:06:39.799] [bmv2] [D] [thread 4735] [7.0] [cxt 0] Parser 'parser' entering state 'start'
[19:06:39.799] [bmv2] [D] [thread 4735] [7.0] [cxt 0] Extracting header 'ethernet'
[19:06:39.799] [bmv2] [D] [thread 4735] [7.0] [cxt 0] Parser state 'start': key is 86dd
[19:06:39.799] [bmv2] [T] [thread 4735] [7.0] [cxt 0] Bytes parsed: 14
[19:06:39.799] [bmv2] [D] [thread 4735] [7.0] [cxt 0] Parser 'parser': end
[19:06:39.799] [bmv2] [D] [thread 4735] [7.0] [cxt 0] Pipeline 'ingress': start
[19:06:39.799] [bmv2] [T] [thread 4735] [7.0] [cxt 0] link_monitor.p4(179) Condition "hdr.ipv4.isValid()" (node_2) is false
[19:06:39.799] [bmv2] [T] [thread 4735] [7.0] [cxt 0] link_monitor.p4(182) Condition "hdr.probe.isValid()" (node_4) is false
[19:06:39.799] [bmv2] [D] [thread 4735] [7.0] [cxt 0] Pipeline 'ingress': end
[19:06:39.799] [bmv2] [D] [thread 4735] [7.0] [cxt 0] Egress port is 0
[19:06:39.799] [bmv2] [D] [thread 4736] [7.0] [cxt 0] Pipeline 'egress': start
[19:06:39.799] [bmv2] [T] [thread 4736] [7.0] [cxt 0] Applying table 'tbl_act_0'
[19:06:39.799] [bmv2] [D] [thread 4736] [7.0] [cxt 0] Looking up key:

[19:06:39.799] [bmv2] [D] [thread 4736] [7.0] [cxt 0] Table 'tbl_act_0': miss
[19:06:39.799] [bmv2] [D] [thread 4736] [7.0] [cxt 0] Action entry is act_2 - 
[19:06:39.799] [bmv2] [T] [thread 4736] [7.0] [cxt 0] Action act_2
[19:06:39.799] [bmv2] [T] [thread 4736] [7.0] [cxt 0] link_monitor.p4(220) Primitive (bit<32>)standard_metadata.egress_port
[19:06:39.799] [bmv2] [T] [thread 4736] [7.0] [cxt 0] link_monitor.p4(220) Primitive byte_cnt_reg.read(byte_cnt, (bit<32>)standard_metadata.egress_port)
[19:06:39.799] [bmv2] [T] [thread 4736] [7.0] [cxt 0] Read register 'MyEgress.byte_cnt_reg' at index 0 read value 1120
[19:06:39.799] [bmv2] [T] [thread 4736] [7.0] [cxt 0] link_monitor.p4(221) Primitive byte_cnt = byte_cnt + standard_metadata.packet_length
[19:06:39.799] [bmv2] [T] [thread 4736] [7.0] [cxt 0] link_monitor.p4(223) Condition "hdr.probe.isValid()" (node_9) is false
[19:06:39.799] [bmv2] [T] [thread 4736] [7.0] [cxt 0] Applying table 'tbl_act_2'
[19:06:39.799] [bmv2] [D] [thread 4736] [7.0] [cxt 0] Looking up key:

[19:06:39.799] [bmv2] [D] [thread 4736] [7.0] [cxt 0] Table 'tbl_act_2': miss
[19:06:39.799] [bmv2] [D] [thread 4736] [7.0] [cxt 0] Action entry is act_1 - 
[19:06:39.799] [bmv2] [T] [thread 4736] [7.0] [cxt 0] Action act_1
[19:06:39.799] [bmv2] [T] [thread 4736] [7.0] [cxt 0] link_monitor.p4(223) Primitive (hdr.probe.isValid()) ? 0 : byte_cnt
[19:06:39.799] [bmv2] [T] [thread 4736] [7.0] [cxt 0] Applying table 'tbl_act_3'
[19:06:39.799] [bmv2] [D] [thread 4736] [7.0] [cxt 0] Looking up key:

[19:06:39.799] [bmv2] [D] [thread 4736] [7.0] [cxt 0] Table 'tbl_act_3': miss
[19:06:39.799] [bmv2] [D] [thread 4736] [7.0] [cxt 0] Action entry is act_6 - 
[19:06:39.799] [bmv2] [T] [thread 4736] [7.0] [cxt 0] Action act_6
[19:06:39.799] [bmv2] [T] [thread 4736] [7.0] [cxt 0] link_monitor.p4(224) Primitive (bit<32>)standard_metadata.egress_port
[19:06:39.799] [bmv2] [T] [thread 4736] [7.0] [cxt 0] link_monitor.p4(224) Primitive byte_cnt_reg.write((bit<32>)standard_metadata.egress_port, new_byte_cnt)
[19:06:39.799] [bmv2] [T] [thread 4736] [7.0] [cxt 0] Wrote register 'MyEgress.byte_cnt_reg' at index 0 with value 1316
[19:06:39.800] [bmv2] [T] [thread 4736] [7.0] [cxt 0] link_monitor.p4(226) Condition "hdr.probe.isValid()" (node_13) is false
[19:06:39.800] [bmv2] [D] [thread 4736] [7.0] [cxt 0] Pipeline 'egress': end
[19:06:39.800] [bmv2] [D] [thread 4736] [7.0] [cxt 0] Deparser 'deparser': start
[19:06:39.800] [bmv2] [T] [thread 4736] [7.0] [cxt 0] Skipping checksum 'cksum' update because condition not met
[19:06:39.800] [bmv2] [D] [thread 4736] [7.0] [cxt 0] Deparsing header 'ethernet'
[19:06:39.800] [bmv2] [D] [thread 4736] [7.0] [cxt 0] Deparser 'deparser': end
[19:06:39.800] [bmv2] [D] [thread 4740] [7.0] [cxt 0] Transmitting packet of size 196 out of port 0
[19:06:40.121] [bmv2] [D] [thread 4735] [8.0] [cxt 0] Processing packet received on port 1
[19:06:40.121] [bmv2] [D] [thread 4735] [8.0] [cxt 0] Parser 'parser': start
[19:06:40.121] [bmv2] [D] [thread 4735] [8.0] [cxt 0] Parser 'parser' entering state 'start'
[19:06:40.121] [bmv2] [D] [thread 4735] [8.0] [cxt 0] Extracting header 'ethernet'
[19:06:40.121] [bmv2] [D] [thread 4735] [8.0] [cxt 0] Parser state 'start': key is 86dd
[19:06:40.121] [bmv2] [T] [thread 4735] [8.0] [cxt 0] Bytes parsed: 14
[19:06:40.121] [bmv2] [D] [thread 4735] [8.0] [cxt 0] Parser 'parser': end
[19:06:40.121] [bmv2] [D] [thread 4735] [8.0] [cxt 0] Pipeline 'ingress': start
[19:06:40.121] [bmv2] [T] [thread 4735] [8.0] [cxt 0] link_monitor.p4(179) Condition "hdr.ipv4.isValid()" (node_2) is false
[19:06:40.121] [bmv2] [T] [thread 4735] [8.0] [cxt 0] link_monitor.p4(182) Condition "hdr.probe.isValid()" (node_4) is false
[19:06:40.121] [bmv2] [D] [thread 4735] [8.0] [cxt 0] Pipeline 'ingress': end
[19:06:40.121] [bmv2] [D] [thread 4735] [8.0] [cxt 0] Egress port is 0
[19:06:40.121] [bmv2] [D] [thread 4735] [9.0] [cxt 0] Processing packet received on port 1
[19:06:40.121] [bmv2] [D] [thread 4735] [9.0] [cxt 0] Parser 'parser': start
[19:06:40.121] [bmv2] [D] [thread 4735] [9.0] [cxt 0] Parser 'parser' entering state 'start'
[19:06:40.121] [bmv2] [D] [thread 4735] [9.0] [cxt 0] Extracting header 'ethernet'
[19:06:40.121] [bmv2] [D] [thread 4735] [9.0] [cxt 0] Parser state 'start': key is 86dd
[19:06:40.121] [bmv2] [T] [thread 4735] [9.0] [cxt 0] Bytes parsed: 14
[19:06:40.121] [bmv2] [D] [thread 4735] [9.0] [cxt 0] Parser 'parser': end
[19:06:40.121] [bmv2] [D] [thread 4735] [9.0] [cxt 0] Pipeline 'ingress': start
[19:06:40.121] [bmv2] [T] [thread 4735] [9.0] [cxt 0] link_monitor.p4(179) Condition "hdr.ipv4.isValid()" (node_2) is false
[19:06:40.121] [bmv2] [T] [thread 4735] [9.0] [cxt 0] link_monitor.p4(182) Condition "hdr.probe.isValid()" (node_4) is false
[19:06:40.121] [bmv2] [D] [thread 4735] [9.0] [cxt 0] Pipeline 'ingress': end
[19:06:40.121] [bmv2] [D] [thread 4735] [9.0] [cxt 0] Egress port is 0
[19:06:40.121] [bmv2] [D] [thread 4736] [8.0] [cxt 0] Pipeline 'egress': start
[19:06:40.121] [bmv2] [T] [thread 4736] [8.0] [cxt 0] Applying table 'tbl_act_0'
[19:06:40.121] [bmv2] [D] [thread 4736] [8.0] [cxt 0] Looking up key:

[19:06:40.121] [bmv2] [D] [thread 4736] [8.0] [cxt 0] Table 'tbl_act_0': miss
[19:06:40.121] [bmv2] [D] [thread 4736] [8.0] [cxt 0] Action entry is act_2 - 
[19:06:40.121] [bmv2] [T] [thread 4736] [8.0] [cxt 0] Action act_2
[19:06:40.121] [bmv2] [T] [thread 4736] [8.0] [cxt 0] link_monitor.p4(220) Primitive (bit<32>)standard_metadata.egress_port
[19:06:40.121] [bmv2] [T] [thread 4736] [8.0] [cxt 0] link_monitor.p4(220) Primitive byte_cnt_reg.read(byte_cnt, (bit<32>)standard_metadata.egress_port)
[19:06:40.121] [bmv2] [T] [thread 4736] [8.0] [cxt 0] Read register 'MyEgress.byte_cnt_reg' at index 0 read value 1316
[19:06:40.121] [bmv2] [T] [thread 4736] [8.0] [cxt 0] link_monitor.p4(221) Primitive byte_cnt = byte_cnt + standard_metadata.packet_length
[19:06:40.121] [bmv2] [T] [thread 4736] [8.0] [cxt 0] link_monitor.p4(223) Condition "hdr.probe.isValid()" (node_9) is false
[19:06:40.121] [bmv2] [T] [thread 4736] [8.0] [cxt 0] Applying table 'tbl_act_2'
[19:06:40.121] [bmv2] [D] [thread 4736] [8.0] [cxt 0] Looking up key:

[19:06:40.121] [bmv2] [D] [thread 4736] [8.0] [cxt 0] Table 'tbl_act_2': miss
[19:06:40.121] [bmv2] [D] [thread 4736] [8.0] [cxt 0] Action entry is act_1 - 
[19:06:40.121] [bmv2] [T] [thread 4736] [8.0] [cxt 0] Action act_1
[19:06:40.121] [bmv2] [T] [thread 4736] [8.0] [cxt 0] link_monitor.p4(223) Primitive (hdr.probe.isValid()) ? 0 : byte_cnt
[19:06:40.121] [bmv2] [T] [thread 4736] [8.0] [cxt 0] Applying table 'tbl_act_3'
[19:06:40.121] [bmv2] [D] [thread 4736] [8.0] [cxt 0] Looking up key:

[19:06:40.121] [bmv2] [D] [thread 4736] [8.0] [cxt 0] Table 'tbl_act_3': miss
[19:06:40.121] [bmv2] [D] [thread 4736] [8.0] [cxt 0] Action entry is act_6 - 
[19:06:40.121] [bmv2] [T] [thread 4736] [8.0] [cxt 0] Action act_6
[19:06:40.121] [bmv2] [T] [thread 4736] [8.0] [cxt 0] link_monitor.p4(224) Primitive (bit<32>)standard_metadata.egress_port
[19:06:40.121] [bmv2] [T] [thread 4736] [8.0] [cxt 0] link_monitor.p4(224) Primitive byte_cnt_reg.write((bit<32>)standard_metadata.egress_port, new_byte_cnt)
[19:06:40.121] [bmv2] [T] [thread 4736] [8.0] [cxt 0] Wrote register 'MyEgress.byte_cnt_reg' at index 0 with value 1512
[19:06:40.121] [bmv2] [T] [thread 4736] [8.0] [cxt 0] link_monitor.p4(226) Condition "hdr.probe.isValid()" (node_13) is false
[19:06:40.121] [bmv2] [D] [thread 4736] [8.0] [cxt 0] Pipeline 'egress': end
[19:06:40.122] [bmv2] [D] [thread 4736] [8.0] [cxt 0] Deparser 'deparser': start
[19:06:40.122] [bmv2] [T] [thread 4736] [8.0] [cxt 0] Skipping checksum 'cksum' update because condition not met
[19:06:40.122] [bmv2] [D] [thread 4736] [8.0] [cxt 0] Deparsing header 'ethernet'
[19:06:40.122] [bmv2] [D] [thread 4736] [8.0] [cxt 0] Deparser 'deparser': end
[19:06:40.122] [bmv2] [D] [thread 4740] [8.0] [cxt 0] Transmitting packet of size 196 out of port 0
[19:06:40.122] [bmv2] [D] [thread 4736] [9.0] [cxt 0] Pipeline 'egress': start
[19:06:40.122] [bmv2] [T] [thread 4736] [9.0] [cxt 0] Applying table 'tbl_act_0'
[19:06:40.122] [bmv2] [D] [thread 4736] [9.0] [cxt 0] Looking up key:

[19:06:40.122] [bmv2] [D] [thread 4736] [9.0] [cxt 0] Table 'tbl_act_0': miss
[19:06:40.122] [bmv2] [D] [thread 4736] [9.0] [cxt 0] Action entry is act_2 - 
[19:06:40.122] [bmv2] [T] [thread 4736] [9.0] [cxt 0] Action act_2
[19:06:40.122] [bmv2] [T] [thread 4736] [9.0] [cxt 0] link_monitor.p4(220) Primitive (bit<32>)standard_metadata.egress_port
[19:06:40.122] [bmv2] [T] [thread 4736] [9.0] [cxt 0] link_monitor.p4(220) Primitive byte_cnt_reg.read(byte_cnt, (bit<32>)standard_metadata.egress_port)
[19:06:40.122] [bmv2] [T] [thread 4736] [9.0] [cxt 0] Read register 'MyEgress.byte_cnt_reg' at index 0 read value 1512
[19:06:40.122] [bmv2] [T] [thread 4736] [9.0] [cxt 0] link_monitor.p4(221) Primitive byte_cnt = byte_cnt + standard_metadata.packet_length
[19:06:40.122] [bmv2] [T] [thread 4736] [9.0] [cxt 0] link_monitor.p4(223) Condition "hdr.probe.isValid()" (node_9) is false
[19:06:40.122] [bmv2] [T] [thread 4736] [9.0] [cxt 0] Applying table 'tbl_act_2'
[19:06:40.122] [bmv2] [D] [thread 4736] [9.0] [cxt 0] Looking up key:

[19:06:40.122] [bmv2] [D] [thread 4736] [9.0] [cxt 0] Table 'tbl_act_2': miss
[19:06:40.122] [bmv2] [D] [thread 4736] [9.0] [cxt 0] Action entry is act_1 - 
[19:06:40.122] [bmv2] [T] [thread 4736] [9.0] [cxt 0] Action act_1
[19:06:40.122] [bmv2] [T] [thread 4736] [9.0] [cxt 0] link_monitor.p4(223) Primitive (hdr.probe.isValid()) ? 0 : byte_cnt
[19:06:40.122] [bmv2] [T] [thread 4736] [9.0] [cxt 0] Applying table 'tbl_act_3'
[19:06:40.122] [bmv2] [D] [thread 4736] [9.0] [cxt 0] Looking up key:

[19:06:40.122] [bmv2] [D] [thread 4736] [9.0] [cxt 0] Table 'tbl_act_3': miss
[19:06:40.122] [bmv2] [D] [thread 4736] [9.0] [cxt 0] Action entry is act_6 - 
[19:06:40.122] [bmv2] [T] [thread 4736] [9.0] [cxt 0] Action act_6
[19:06:40.122] [bmv2] [T] [thread 4736] [9.0] [cxt 0] link_monitor.p4(224) Primitive (bit<32>)standard_metadata.egress_port
[19:06:40.122] [bmv2] [T] [thread 4736] [9.0] [cxt 0] link_monitor.p4(224) Primitive byte_cnt_reg.write((bit<32>)standard_metadata.egress_port, new_byte_cnt)
[19:06:40.122] [bmv2] [T] [thread 4736] [9.0] [cxt 0] Wrote register 'MyEgress.byte_cnt_reg' at index 0 with value 1708
[19:06:40.122] [bmv2] [T] [thread 4736] [9.0] [cxt 0] link_monitor.p4(226) Condition "hdr.probe.isValid()" (node_13) is false
[19:06:40.122] [bmv2] [D] [thread 4736] [9.0] [cxt 0] Pipeline 'egress': end
[19:06:40.122] [bmv2] [D] [thread 4736] [9.0] [cxt 0] Deparser 'deparser': start
[19:06:40.122] [bmv2] [T] [thread 4736] [9.0] [cxt 0] Skipping checksum 'cksum' update because condition not met
[19:06:40.122] [bmv2] [D] [thread 4736] [9.0] [cxt 0] Deparsing header 'ethernet'
[19:06:40.122] [bmv2] [D] [thread 4736] [9.0] [cxt 0] Deparser 'deparser': end
[19:06:40.122] [bmv2] [D] [thread 4740] [9.0] [cxt 0] Transmitting packet of size 196 out of port 0
[19:06:40.370] [bmv2] [D] [thread 4735] [10.0] [cxt 0] Processing packet received on port 2
[19:06:40.370] [bmv2] [D] [thread 4735] [10.0] [cxt 0] Parser 'parser': start
[19:06:40.370] [bmv2] [D] [thread 4735] [10.0] [cxt 0] Parser 'parser' entering state 'start'
[19:06:40.370] [bmv2] [D] [thread 4735] [10.0] [cxt 0] Extracting header 'ethernet'
[19:06:40.370] [bmv2] [D] [thread 4735] [10.0] [cxt 0] Parser state 'start': key is 86dd
[19:06:40.370] [bmv2] [T] [thread 4735] [10.0] [cxt 0] Bytes parsed: 14
[19:06:40.370] [bmv2] [D] [thread 4735] [10.0] [cxt 0] Parser 'parser': end
[19:06:40.370] [bmv2] [D] [thread 4735] [10.0] [cxt 0] Pipeline 'ingress': start
[19:06:40.370] [bmv2] [T] [thread 4735] [10.0] [cxt 0] link_monitor.p4(179) Condition "hdr.ipv4.isValid()" (node_2) is false
[19:06:40.370] [bmv2] [T] [thread 4735] [10.0] [cxt 0] link_monitor.p4(182) Condition "hdr.probe.isValid()" (node_4) is false
[19:06:40.370] [bmv2] [D] [thread 4735] [10.0] [cxt 0] Pipeline 'ingress': end
[19:06:40.370] [bmv2] [D] [thread 4735] [10.0] [cxt 0] Egress port is 0
[19:06:40.371] [bmv2] [D] [thread 4736] [10.0] [cxt 0] Pipeline 'egress': start
[19:06:40.371] [bmv2] [T] [thread 4736] [10.0] [cxt 0] Applying table 'tbl_act_0'
[19:06:40.371] [bmv2] [D] [thread 4736] [10.0] [cxt 0] Looking up key:

[19:06:40.371] [bmv2] [D] [thread 4736] [10.0] [cxt 0] Table 'tbl_act_0': miss
[19:06:40.371] [bmv2] [D] [thread 4736] [10.0] [cxt 0] Action entry is act_2 - 
[19:06:40.371] [bmv2] [T] [thread 4736] [10.0] [cxt 0] Action act_2
[19:06:40.371] [bmv2] [T] [thread 4736] [10.0] [cxt 0] link_monitor.p4(220) Primitive (bit<32>)standard_metadata.egress_port
[19:06:40.371] [bmv2] [T] [thread 4736] [10.0] [cxt 0] link_monitor.p4(220) Primitive byte_cnt_reg.read(byte_cnt, (bit<32>)standard_metadata.egress_port)
[19:06:40.371] [bmv2] [T] [thread 4736] [10.0] [cxt 0] Read register 'MyEgress.byte_cnt_reg' at index 0 read value 1708
[19:06:40.371] [bmv2] [T] [thread 4736] [10.0] [cxt 0] link_monitor.p4(221) Primitive byte_cnt = byte_cnt + standard_metadata.packet_length
[19:06:40.371] [bmv2] [T] [thread 4736] [10.0] [cxt 0] link_monitor.p4(223) Condition "hdr.probe.isValid()" (node_9) is false
[19:06:40.371] [bmv2] [T] [thread 4736] [10.0] [cxt 0] Applying table 'tbl_act_2'
[19:06:40.371] [bmv2] [D] [thread 4736] [10.0] [cxt 0] Looking up key:

[19:06:40.371] [bmv2] [D] [thread 4736] [10.0] [cxt 0] Table 'tbl_act_2': miss
[19:06:40.371] [bmv2] [D] [thread 4736] [10.0] [cxt 0] Action entry is act_1 - 
[19:06:40.371] [bmv2] [T] [thread 4736] [10.0] [cxt 0] Action act_1
[19:06:40.371] [bmv2] [T] [thread 4736] [10.0] [cxt 0] link_monitor.p4(223) Primitive (hdr.probe.isValid()) ? 0 : byte_cnt
[19:06:40.371] [bmv2] [T] [thread 4736] [10.0] [cxt 0] Applying table 'tbl_act_3'
[19:06:40.371] [bmv2] [D] [thread 4736] [10.0] [cxt 0] Looking up key:

[19:06:40.371] [bmv2] [D] [thread 4736] [10.0] [cxt 0] Table 'tbl_act_3': miss
[19:06:40.371] [bmv2] [D] [thread 4736] [10.0] [cxt 0] Action entry is act_6 - 
[19:06:40.371] [bmv2] [T] [thread 4736] [10.0] [cxt 0] Action act_6
[19:06:40.371] [bmv2] [T] [thread 4736] [10.0] [cxt 0] link_monitor.p4(224) Primitive (bit<32>)standard_metadata.egress_port
[19:06:40.371] [bmv2] [T] [thread 4736] [10.0] [cxt 0] link_monitor.p4(224) Primitive byte_cnt_reg.write((bit<32>)standard_metadata.egress_port, new_byte_cnt)
[19:06:40.371] [bmv2] [T] [thread 4736] [10.0] [cxt 0] Wrote register 'MyEgress.byte_cnt_reg' at index 0 with value 1904
[19:06:40.371] [bmv2] [T] [thread 4736] [10.0] [cxt 0] link_monitor.p4(226) Condition "hdr.probe.isValid()" (node_13) is false
[19:06:40.371] [bmv2] [D] [thread 4736] [10.0] [cxt 0] Pipeline 'egress': end
[19:06:40.371] [bmv2] [D] [thread 4736] [10.0] [cxt 0] Deparser 'deparser': start
[19:06:40.371] [bmv2] [T] [thread 4736] [10.0] [cxt 0] Skipping checksum 'cksum' update because condition not met
[19:06:40.371] [bmv2] [D] [thread 4736] [10.0] [cxt 0] Deparsing header 'ethernet'
[19:06:40.371] [bmv2] [D] [thread 4736] [10.0] [cxt 0] Deparser 'deparser': end
[19:06:40.371] [bmv2] [D] [thread 4740] [10.0] [cxt 0] Transmitting packet of size 196 out of port 0
New connection
P4Runtime SetForwardingPipelineConfig
[19:06:40.506] [bmv2] [W] [thread 4781] [P4Runtime] p4::tmp::P4DeviceConfig is deprecated
[19:06:40.507] [bmv2] [D] [thread 4781] Set default default entry for table 'MyIngress.ipv4_lpm': MyIngress.drop - 
[19:06:40.507] [bmv2] [D] [thread 4781] Set default default entry for table 'tbl_act': act - 
[19:06:40.508] [bmv2] [D] [thread 4781] Set default default entry for table 'tbl_act_0': act_2 - 
[19:06:40.508] [bmv2] [D] [thread 4781] Set default default entry for table 'tbl_act_1': act_0 - 
[19:06:40.508] [bmv2] [D] [thread 4781] Set default default entry for table 'tbl_act_2': act_1 - 
[19:06:40.508] [bmv2] [D] [thread 4781] Set default default entry for table 'tbl_act_3': act_6 - 
[19:06:40.508] [bmv2] [D] [thread 4781] Set default default entry for table 'tbl_act_4': act_5 - 
[19:06:40.508] [bmv2] [D] [thread 4781] Set default default entry for table 'tbl_act_5': act_3 - 
[19:06:40.508] [bmv2] [D] [thread 4781] Set default default entry for table 'tbl_act_6': act_4 - 
[19:06:40.508] [bmv2] [D] [thread 4781] Set default default entry for table 'MyEgress.swid': NoAction - 
P4Runtime Write
device_id: 3
election_id {
  low: 1
}
updates {
  type: MODIFY
  entity {
    table_entry {
      table_id: 33591643
      action {
        action {
          action_id: 16808262
          params {
            param_id: 1
            value: "\004"
          }
        }
      }
      is_default_action: true
    }
  }
}
[19:06:40.511] [bmv2] [D] [thread 4781] Set default entry for table 'MyEgress.swid': MyEgress.set_swid - 4,
P4Runtime Write
device_id: 3
election_id {
  low: 1
}
updates {
  type: MODIFY
  entity {
    table_entry {
      table_id: 33574068
      action {
        action {
          action_id: 16805608
        }
      }
      is_default_action: true
    }
  }
}
[19:06:40.512] [bmv2] [D] [thread 4781] Set default entry for table 'MyIngress.ipv4_lpm': MyIngress.drop - 
P4Runtime Write
device_id: 3
election_id {
  low: 1
}
updates {
  type: INSERT
  entity {
    table_entry {
      table_id: 33574068
      match {
        field_id: 1
        lpm {
          value: "\n\000\001\001"
          prefix_len: 32
        }
      }
      action {
        action {
          action_id: 16799317
          params {
            param_id: 1
            value: "\010\000\000\000\001\000"
          }
          params {
            param_id: 2
            value: "\000\002"
          }
        }
      }
    }
  }
}
[19:06:40.513] [bmv2] [D] [thread 4781] Entry 0 added to table 'MyIngress.ipv4_lpm'
[19:06:40.513] [bmv2] [D] [thread 4781] Dumping entry 0
Match key:
* hdr.ipv4.dstAddr    : LPM       0a000101/32
Action entry: MyIngress.ipv4_forward - 80000000100,2,

P4Runtime Write
device_id: 3
election_id {
  low: 1
}
updates {
  type: INSERT
  entity {
    table_entry {
      table_id: 33574068
      match {
        field_id: 1
        lpm {
          value: "\n\000\002\002"
          prefix_len: 32
        }
      }
      action {
        action {
          action_id: 16799317
          params {
            param_id: 1
            value: "\010\000\000\000\001\000"
          }
          params {
            param_id: 2
            value: "\000\002"
          }
        }
      }
    }
  }
}
[19:06:40.514] [bmv2] [D] [thread 4781] Entry 1 added to table 'MyIngress.ipv4_lpm'
[19:06:40.514] [bmv2] [D] [thread 4781] Dumping entry 1
Match key:
* hdr.ipv4.dstAddr    : LPM       0a000202/32
Action entry: MyIngress.ipv4_forward - 80000000100,2,

P4Runtime Write
device_id: 3
election_id {
  low: 1
}
updates {
  type: INSERT
  entity {
    table_entry {
      table_id: 33574068
      match {
        field_id: 1
        lpm {
          value: "\n\000\003\003"
          prefix_len: 32
        }
      }
      action {
        action {
          action_id: 16799317
          params {
            param_id: 1
            value: "\010\000\000\000\002\000"
          }
          params {
            param_id: 2
            value: "\000\001"
          }
        }
      }
    }
  }
}
[19:06:40.515] [bmv2] [D] [thread 4781] Entry 2 added to table 'MyIngress.ipv4_lpm'
[19:06:40.515] [bmv2] [D] [thread 4781] Dumping entry 2
Match key:
* hdr.ipv4.dstAddr    : LPM       0a000303/32
Action entry: MyIngress.ipv4_forward - 80000000200,1,

P4Runtime Write
device_id: 3
election_id {
  low: 1
}
updates {
  type: INSERT
  entity {
    table_entry {
      table_id: 33574068
      match {
        field_id: 1
        lpm {
          value: "\n\000\004\004"
          prefix_len: 32
        }
      }
      action {
        action {
          action_id: 16799317
          params {
            param_id: 1
            value: "\010\000\000\000\002\000"
          }
          params {
            param_id: 2
            value: "\000\001"
          }
        }
      }
    }
  }
}
[19:06:40.516] [bmv2] [D] [thread 4781] Entry 3 added to table 'MyIngress.ipv4_lpm'
[19:06:40.516] [bmv2] [D] [thread 4781] Dumping entry 3
Match key:
* hdr.ipv4.dstAddr    : LPM       0a000404/32
Action entry: MyIngress.ipv4_forward - 80000000200,1,

Connection removed
[19:06:40.679] [bmv2] [D] [thread 4735] [11.0] [cxt 0] Processing packet received on port 2
[19:06:40.679] [bmv2] [D] [thread 4735] [11.0] [cxt 0] Parser 'parser': start
[19:06:40.679] [bmv2] [D] [thread 4735] [11.0] [cxt 0] Parser 'parser' entering state 'start'
[19:06:40.679] [bmv2] [D] [thread 4735] [11.0] [cxt 0] Extracting header 'ethernet'
[19:06:40.679] [bmv2] [D] [thread 4735] [11.0] [cxt 0] Parser state 'start': key is 86dd
[19:06:40.679] [bmv2] [T] [thread 4735] [11.0] [cxt 0] Bytes parsed: 14
[19:06:40.679] [bmv2] [D] [thread 4735] [11.0] [cxt 0] Parser 'parser': end
[19:06:40.679] [bmv2] [D] [thread 4735] [11.0] [cxt 0] Pipeline 'ingress': start
[19:06:40.680] [bmv2] [T] [thread 4735] [11.0] [cxt 0] link_monitor.p4(179) Condition "hdr.ipv4.isValid()" (node_2) is false
[19:06:40.680] [bmv2] [T] [thread 4735] [11.0] [cxt 0] link_monitor.p4(182) Condition "hdr.probe.isValid()" (node_4) is false
[19:06:40.680] [bmv2] [D] [thread 4735] [11.0] [cxt 0] Pipeline 'ingress': end
[19:06:40.680] [bmv2] [D] [thread 4735] [11.0] [cxt 0] Egress port is 0
[19:06:40.681] [bmv2] [D] [thread 4736] [11.0] [cxt 0] Pipeline 'egress': start
[19:06:40.681] [bmv2] [T] [thread 4736] [11.0] [cxt 0] Applying table 'tbl_act_0'
[19:06:40.681] [bmv2] [D] [thread 4736] [11.0] [cxt 0] Looking up key:

[19:06:40.681] [bmv2] [D] [thread 4736] [11.0] [cxt 0] Table 'tbl_act_0': miss
[19:06:40.681] [bmv2] [D] [thread 4736] [11.0] [cxt 0] Action entry is act_2 - 
[19:06:40.681] [bmv2] [T] [thread 4736] [11.0] [cxt 0] Action act_2
[19:06:40.681] [bmv2] [T] [thread 4736] [11.0] [cxt 0] link_monitor.p4(220) Primitive (bit<32>)standard_metadata.egress_port
[19:06:40.681] [bmv2] [T] [thread 4736] [11.0] [cxt 0] link_monitor.p4(220) Primitive byte_cnt_reg.read(byte_cnt, (bit<32>)standard_metadata.egress_port)
[19:06:40.681] [bmv2] [T] [thread 4736] [11.0] [cxt 0] Read register 'MyEgress.byte_cnt_reg' at index 0 read value 0
[19:06:40.681] [bmv2] [T] [thread 4736] [11.0] [cxt 0] link_monitor.p4(221) Primitive byte_cnt = byte_cnt + standard_metadata.packet_length
[19:06:40.681] [bmv2] [T] [thread 4736] [11.0] [cxt 0] link_monitor.p4(223) Condition "hdr.probe.isValid()" (node_9) is false
[19:06:40.681] [bmv2] [T] [thread 4736] [11.0] [cxt 0] Applying table 'tbl_act_2'
[19:06:40.681] [bmv2] [D] [thread 4736] [11.0] [cxt 0] Looking up key:

[19:06:40.681] [bmv2] [D] [thread 4736] [11.0] [cxt 0] Table 'tbl_act_2': miss
[19:06:40.681] [bmv2] [D] [thread 4736] [11.0] [cxt 0] Action entry is act_1 - 
[19:06:40.681] [bmv2] [T] [thread 4736] [11.0] [cxt 0] Action act_1
[19:06:40.681] [bmv2] [T] [thread 4736] [11.0] [cxt 0] link_monitor.p4(223) Primitive (hdr.probe.isValid()) ? 0 : byte_cnt
[19:06:40.681] [bmv2] [T] [thread 4736] [11.0] [cxt 0] Applying table 'tbl_act_3'
[19:06:40.681] [bmv2] [D] [thread 4736] [11.0] [cxt 0] Looking up key:

[19:06:40.681] [bmv2] [D] [thread 4736] [11.0] [cxt 0] Table 'tbl_act_3': miss
[19:06:40.681] [bmv2] [D] [thread 4736] [11.0] [cxt 0] Action entry is act_6 - 
[19:06:40.681] [bmv2] [T] [thread 4736] [11.0] [cxt 0] Action act_6
[19:06:40.681] [bmv2] [T] [thread 4736] [11.0] [cxt 0] link_monitor.p4(224) Primitive (bit<32>)standard_metadata.egress_port
[19:06:40.681] [bmv2] [T] [thread 4736] [11.0] [cxt 0] link_monitor.p4(224) Primitive byte_cnt_reg.write((bit<32>)standard_metadata.egress_port, new_byte_cnt)
[19:06:40.681] [bmv2] [T] [thread 4736] [11.0] [cxt 0] Wrote register 'MyEgress.byte_cnt_reg' at index 0 with value 107
[19:06:40.681] [bmv2] [T] [thread 4736] [11.0] [cxt 0] link_monitor.p4(226) Condition "hdr.probe.isValid()" (node_13) is false
[19:06:40.681] [bmv2] [D] [thread 4736] [11.0] [cxt 0] Pipeline 'egress': end
[19:06:40.681] [bmv2] [D] [thread 4736] [11.0] [cxt 0] Deparser 'deparser': start
[19:06:40.681] [bmv2] [T] [thread 4736] [11.0] [cxt 0] Skipping checksum 'cksum' update because condition not met
[19:06:40.681] [bmv2] [D] [thread 4736] [11.0] [cxt 0] Deparsing header 'ethernet'
[19:06:40.681] [bmv2] [D] [thread 4736] [11.0] [cxt 0] Deparser 'deparser': end
[19:06:40.681] [bmv2] [D] [thread 4740] [11.0] [cxt 0] Transmitting packet of size 107 out of port 0
[19:06:40.970] [bmv2] [D] [thread 4735] [12.0] [cxt 0] Processing packet received on port 1
[19:06:40.970] [bmv2] [D] [thread 4735] [12.0] [cxt 0] Parser 'parser': start
[19:06:40.970] [bmv2] [D] [thread 4735] [12.0] [cxt 0] Parser 'parser' entering state 'start'
[19:06:40.970] [bmv2] [D] [thread 4735] [12.0] [cxt 0] Extracting header 'ethernet'
[19:06:40.970] [bmv2] [D] [thread 4735] [12.0] [cxt 0] Parser state 'start': key is 86dd
[19:06:40.970] [bmv2] [T] [thread 4735] [12.0] [cxt 0] Bytes parsed: 14
[19:06:40.970] [bmv2] [D] [thread 4735] [12.0] [cxt 0] Parser 'parser': end
[19:06:40.970] [bmv2] [D] [thread 4735] [12.0] [cxt 0] Pipeline 'ingress': start
[19:06:40.970] [bmv2] [T] [thread 4735] [12.0] [cxt 0] link_monitor.p4(179) Condition "hdr.ipv4.isValid()" (node_2) is false
[19:06:40.970] [bmv2] [T] [thread 4735] [12.0] [cxt 0] link_monitor.p4(182) Condition "hdr.probe.isValid()" (node_4) is false
[19:06:40.970] [bmv2] [D] [thread 4735] [12.0] [cxt 0] Pipeline 'ingress': end
[19:06:40.970] [bmv2] [D] [thread 4735] [12.0] [cxt 0] Egress port is 0
[19:06:40.971] [bmv2] [D] [thread 4736] [12.0] [cxt 0] Pipeline 'egress': start
[19:06:40.971] [bmv2] [T] [thread 4736] [12.0] [cxt 0] Applying table 'tbl_act_0'
[19:06:40.971] [bmv2] [D] [thread 4736] [12.0] [cxt 0] Looking up key:

[19:06:40.971] [bmv2] [D] [thread 4736] [12.0] [cxt 0] Table 'tbl_act_0': miss
[19:06:40.971] [bmv2] [D] [thread 4736] [12.0] [cxt 0] Action entry is act_2 - 
[19:06:40.971] [bmv2] [T] [thread 4736] [12.0] [cxt 0] Action act_2
[19:06:40.971] [bmv2] [T] [thread 4736] [12.0] [cxt 0] link_monitor.p4(220) Primitive (bit<32>)standard_metadata.egress_port
[19:06:40.971] [bmv2] [T] [thread 4736] [12.0] [cxt 0] link_monitor.p4(220) Primitive byte_cnt_reg.read(byte_cnt, (bit<32>)standard_metadata.egress_port)
[19:06:40.971] [bmv2] [T] [thread 4736] [12.0] [cxt 0] Read register 'MyEgress.byte_cnt_reg' at index 0 read value 107
[19:06:40.971] [bmv2] [T] [thread 4736] [12.0] [cxt 0] link_monitor.p4(221) Primitive byte_cnt = byte_cnt + standard_metadata.packet_length
[19:06:40.971] [bmv2] [T] [thread 4736] [12.0] [cxt 0] link_monitor.p4(223) Condition "hdr.probe.isValid()" (node_9) is false
[19:06:40.971] [bmv2] [T] [thread 4736] [12.0] [cxt 0] Applying table 'tbl_act_2'
[19:06:40.971] [bmv2] [D] [thread 4736] [12.0] [cxt 0] Looking up key:

[19:06:40.971] [bmv2] [D] [thread 4736] [12.0] [cxt 0] Table 'tbl_act_2': miss
[19:06:40.971] [bmv2] [D] [thread 4736] [12.0] [cxt 0] Action entry is act_1 - 
[19:06:40.971] [bmv2] [T] [thread 4736] [12.0] [cxt 0] Action act_1
[19:06:40.971] [bmv2] [T] [thread 4736] [12.0] [cxt 0] link_monitor.p4(223) Primitive (hdr.probe.isValid()) ? 0 : byte_cnt
[19:06:40.971] [bmv2] [T] [thread 4736] [12.0] [cxt 0] Applying table 'tbl_act_3'
[19:06:40.971] [bmv2] [D] [thread 4736] [12.0] [cxt 0] Looking up key:

[19:06:40.971] [bmv2] [D] [thread 4736] [12.0] [cxt 0] Table 'tbl_act_3': miss
[19:06:40.971] [bmv2] [D] [thread 4736] [12.0] [cxt 0] Action entry is act_6 - 
[19:06:40.971] [bmv2] [T] [thread 4736] [12.0] [cxt 0] Action act_6
[19:06:40.971] [bmv2] [T] [thread 4736] [12.0] [cxt 0] link_monitor.p4(224) Primitive (bit<32>)standard_metadata.egress_port
[19:06:40.971] [bmv2] [T] [thread 4736] [12.0] [cxt 0] link_monitor.p4(224) Primitive byte_cnt_reg.write((bit<32>)standard_metadata.egress_port, new_byte_cnt)
[19:06:40.971] [bmv2] [T] [thread 4736] [12.0] [cxt 0] Wrote register 'MyEgress.byte_cnt_reg' at index 0 with value 214
[19:06:40.971] [bmv2] [T] [thread 4736] [12.0] [cxt 0] link_monitor.p4(226) Condition "hdr.probe.isValid()" (node_13) is false
[19:06:40.971] [bmv2] [D] [thread 4736] [12.0] [cxt 0] Pipeline 'egress': end
[19:06:40.971] [bmv2] [D] [thread 4736] [12.0] [cxt 0] Deparser 'deparser': start
[19:06:40.971] [bmv2] [T] [thread 4736] [12.0] [cxt 0] Skipping checksum 'cksum' update because condition not met
[19:06:40.971] [bmv2] [D] [thread 4736] [12.0] [cxt 0] Deparsing header 'ethernet'
[19:06:40.971] [bmv2] [D] [thread 4736] [12.0] [cxt 0] Deparser 'deparser': end
[19:06:40.971] [bmv2] [D] [thread 4740] [12.0] [cxt 0] Transmitting packet of size 107 out of port 0
[19:06:41.190] [bmv2] [D] [thread 4735] [13.0] [cxt 0] Processing packet received on port 2
[19:06:41.190] [bmv2] [D] [thread 4735] [13.0] [cxt 0] Parser 'parser': start
[19:06:41.190] [bmv2] [D] [thread 4735] [13.0] [cxt 0] Parser 'parser' entering state 'start'
[19:06:41.190] [bmv2] [D] [thread 4735] [13.0] [cxt 0] Extracting header 'ethernet'
[19:06:41.190] [bmv2] [D] [thread 4735] [13.0] [cxt 0] Parser state 'start': key is 86dd
[19:06:41.190] [bmv2] [T] [thread 4735] [13.0] [cxt 0] Bytes parsed: 14
[19:06:41.190] [bmv2] [D] [thread 4735] [13.0] [cxt 0] Parser 'parser': end
[19:06:41.190] [bmv2] [D] [thread 4735] [13.0] [cxt 0] Pipeline 'ingress': start
[19:06:41.190] [bmv2] [T] [thread 4735] [13.0] [cxt 0] link_monitor.p4(179) Condition "hdr.ipv4.isValid()" (node_2) is false
[19:06:41.190] [bmv2] [T] [thread 4735] [13.0] [cxt 0] link_monitor.p4(182) Condition "hdr.probe.isValid()" (node_4) is false
[19:06:41.190] [bmv2] [D] [thread 4735] [13.0] [cxt 0] Pipeline 'ingress': end
[19:06:41.190] [bmv2] [D] [thread 4735] [13.0] [cxt 0] Egress port is 0
[19:06:41.190] [bmv2] [D] [thread 4736] [13.0] [cxt 0] Pipeline 'egress': start
[19:06:41.190] [bmv2] [T] [thread 4736] [13.0] [cxt 0] Applying table 'tbl_act_0'
[19:06:41.190] [bmv2] [D] [thread 4736] [13.0] [cxt 0] Looking up key:

[19:06:41.190] [bmv2] [D] [thread 4736] [13.0] [cxt 0] Table 'tbl_act_0': miss
[19:06:41.190] [bmv2] [D] [thread 4736] [13.0] [cxt 0] Action entry is act_2 - 
[19:06:41.190] [bmv2] [T] [thread 4736] [13.0] [cxt 0] Action act_2
[19:06:41.190] [bmv2] [T] [thread 4736] [13.0] [cxt 0] link_monitor.p4(220) Primitive (bit<32>)standard_metadata.egress_port
[19:06:41.190] [bmv2] [T] [thread 4736] [13.0] [cxt 0] link_monitor.p4(220) Primitive byte_cnt_reg.read(byte_cnt, (bit<32>)standard_metadata.egress_port)
[19:06:41.190] [bmv2] [T] [thread 4736] [13.0] [cxt 0] Read register 'MyEgress.byte_cnt_reg' at index 0 read value 214
[19:06:41.190] [bmv2] [T] [thread 4736] [13.0] [cxt 0] link_monitor.p4(221) Primitive byte_cnt = byte_cnt + standard_metadata.packet_length
[19:06:41.190] [bmv2] [T] [thread 4736] [13.0] [cxt 0] link_monitor.p4(223) Condition "hdr.probe.isValid()" (node_9) is false
[19:06:41.190] [bmv2] [T] [thread 4736] [13.0] [cxt 0] Applying table 'tbl_act_2'
[19:06:41.190] [bmv2] [D] [thread 4736] [13.0] [cxt 0] Looking up key:

[19:06:41.190] [bmv2] [D] [thread 4736] [13.0] [cxt 0] Table 'tbl_act_2': miss
[19:06:41.190] [bmv2] [D] [thread 4736] [13.0] [cxt 0] Action entry is act_1 - 
[19:06:41.190] [bmv2] [T] [thread 4736] [13.0] [cxt 0] Action act_1
[19:06:41.190] [bmv2] [T] [thread 4736] [13.0] [cxt 0] link_monitor.p4(223) Primitive (hdr.probe.isValid()) ? 0 : byte_cnt
[19:06:41.190] [bmv2] [T] [thread 4736] [13.0] [cxt 0] Applying table 'tbl_act_3'
[19:06:41.190] [bmv2] [D] [thread 4736] [13.0] [cxt 0] Looking up key:

[19:06:41.190] [bmv2] [D] [thread 4736] [13.0] [cxt 0] Table 'tbl_act_3': miss
[19:06:41.190] [bmv2] [D] [thread 4736] [13.0] [cxt 0] Action entry is act_6 - 
[19:06:41.190] [bmv2] [T] [thread 4736] [13.0] [cxt 0] Action act_6
[19:06:41.190] [bmv2] [T] [thread 4736] [13.0] [cxt 0] link_monitor.p4(224) Primitive (bit<32>)standard_metadata.egress_port
[19:06:41.190] [bmv2] [T] [thread 4736] [13.0] [cxt 0] link_monitor.p4(224) Primitive byte_cnt_reg.write((bit<32>)standard_metadata.egress_port, new_byte_cnt)
[19:06:41.190] [bmv2] [T] [thread 4736] [13.0] [cxt 0] Wrote register 'MyEgress.byte_cnt_reg' at index 0 with value 321
[19:06:41.190] [bmv2] [T] [thread 4736] [13.0] [cxt 0] link_monitor.p4(226) Condition "hdr.probe.isValid()" (node_13) is false
[19:06:41.190] [bmv2] [D] [thread 4736] [13.0] [cxt 0] Pipeline 'egress': end
[19:06:41.190] [bmv2] [D] [thread 4736] [13.0] [cxt 0] Deparser 'deparser': start
[19:06:41.190] [bmv2] [T] [thread 4736] [13.0] [cxt 0] Skipping checksum 'cksum' update because condition not met
[19:06:41.190] [bmv2] [D] [thread 4736] [13.0] [cxt 0] Deparsing header 'ethernet'
[19:06:41.190] [bmv2] [D] [thread 4736] [13.0] [cxt 0] Deparser 'deparser': end
[19:06:41.190] [bmv2] [D] [thread 4740] [13.0] [cxt 0] Transmitting packet of size 107 out of port 0
[19:06:41.581] [bmv2] [D] [thread 4735] [14.0] [cxt 0] Processing packet received on port 2
[19:06:41.581] [bmv2] [D] [thread 4735] [14.0] [cxt 0] Parser 'parser': start
[19:06:41.581] [bmv2] [D] [thread 4735] [14.0] [cxt 0] Parser 'parser' entering state 'start'
[19:06:41.581] [bmv2] [D] [thread 4735] [14.0] [cxt 0] Extracting header 'ethernet'
[19:06:41.581] [bmv2] [D] [thread 4735] [14.0] [cxt 0] Parser state 'start': key is 86dd
[19:06:41.581] [bmv2] [T] [thread 4735] [14.0] [cxt 0] Bytes parsed: 14
[19:06:41.581] [bmv2] [D] [thread 4735] [14.0] [cxt 0] Parser 'parser': end
[19:06:41.581] [bmv2] [D] [thread 4735] [14.0] [cxt 0] Pipeline 'ingress': start
[19:06:41.581] [bmv2] [T] [thread 4735] [14.0] [cxt 0] link_monitor.p4(179) Condition "hdr.ipv4.isValid()" (node_2) is false
[19:06:41.581] [bmv2] [T] [thread 4735] [14.0] [cxt 0] link_monitor.p4(182) Condition "hdr.probe.isValid()" (node_4) is false
[19:06:41.581] [bmv2] [D] [thread 4735] [14.0] [cxt 0] Pipeline 'ingress': end
[19:06:41.581] [bmv2] [D] [thread 4735] [14.0] [cxt 0] Egress port is 0
[19:06:41.581] [bmv2] [D] [thread 4736] [14.0] [cxt 0] Pipeline 'egress': start
[19:06:41.581] [bmv2] [T] [thread 4736] [14.0] [cxt 0] Applying table 'tbl_act_0'
[19:06:41.581] [bmv2] [D] [thread 4736] [14.0] [cxt 0] Looking up key:

[19:06:41.582] [bmv2] [D] [thread 4736] [14.0] [cxt 0] Table 'tbl_act_0': miss
[19:06:41.582] [bmv2] [D] [thread 4736] [14.0] [cxt 0] Action entry is act_2 - 
[19:06:41.582] [bmv2] [T] [thread 4736] [14.0] [cxt 0] Action act_2
[19:06:41.582] [bmv2] [T] [thread 4736] [14.0] [cxt 0] link_monitor.p4(220) Primitive (bit<32>)standard_metadata.egress_port
[19:06:41.582] [bmv2] [T] [thread 4736] [14.0] [cxt 0] link_monitor.p4(220) Primitive byte_cnt_reg.read(byte_cnt, (bit<32>)standard_metadata.egress_port)
[19:06:41.582] [bmv2] [T] [thread 4736] [14.0] [cxt 0] Read register 'MyEgress.byte_cnt_reg' at index 0 read value 321
[19:06:41.582] [bmv2] [T] [thread 4736] [14.0] [cxt 0] link_monitor.p4(221) Primitive byte_cnt = byte_cnt + standard_metadata.packet_length
[19:06:41.582] [bmv2] [T] [thread 4736] [14.0] [cxt 0] link_monitor.p4(223) Condition "hdr.probe.isValid()" (node_9) is false
[19:06:41.582] [bmv2] [T] [thread 4736] [14.0] [cxt 0] Applying table 'tbl_act_2'
[19:06:41.582] [bmv2] [D] [thread 4736] [14.0] [cxt 0] Looking up key:

[19:06:41.582] [bmv2] [D] [thread 4736] [14.0] [cxt 0] Table 'tbl_act_2': miss
[19:06:41.582] [bmv2] [D] [thread 4736] [14.0] [cxt 0] Action entry is act_1 - 
[19:06:41.582] [bmv2] [T] [thread 4736] [14.0] [cxt 0] Action act_1
[19:06:41.582] [bmv2] [T] [thread 4736] [14.0] [cxt 0] link_monitor.p4(223) Primitive (hdr.probe.isValid()) ? 0 : byte_cnt
[19:06:41.582] [bmv2] [T] [thread 4736] [14.0] [cxt 0] Applying table 'tbl_act_3'
[19:06:41.582] [bmv2] [D] [thread 4736] [14.0] [cxt 0] Looking up key:

[19:06:41.582] [bmv2] [D] [thread 4736] [14.0] [cxt 0] Table 'tbl_act_3': miss
[19:06:41.582] [bmv2] [D] [thread 4736] [14.0] [cxt 0] Action entry is act_6 - 
[19:06:41.582] [bmv2] [T] [thread 4736] [14.0] [cxt 0] Action act_6
[19:06:41.582] [bmv2] [T] [thread 4736] [14.0] [cxt 0] link_monitor.p4(224) Primitive (bit<32>)standard_metadata.egress_port
[19:06:41.582] [bmv2] [T] [thread 4736] [14.0] [cxt 0] link_monitor.p4(224) Primitive byte_cnt_reg.write((bit<32>)standard_metadata.egress_port, new_byte_cnt)
[19:06:41.582] [bmv2] [T] [thread 4736] [14.0] [cxt 0] Wrote register 'MyEgress.byte_cnt_reg' at index 0 with value 391
[19:06:41.582] [bmv2] [T] [thread 4736] [14.0] [cxt 0] link_monitor.p4(226) Condition "hdr.probe.isValid()" (node_13) is false
[19:06:41.582] [bmv2] [D] [thread 4736] [14.0] [cxt 0] Pipeline 'egress': end
[19:06:41.582] [bmv2] [D] [thread 4736] [14.0] [cxt 0] Deparser 'deparser': start
[19:06:41.582] [bmv2] [T] [thread 4736] [14.0] [cxt 0] Skipping checksum 'cksum' update because condition not met
[19:06:41.582] [bmv2] [D] [thread 4736] [14.0] [cxt 0] Deparsing header 'ethernet'
[19:06:41.582] [bmv2] [D] [thread 4736] [14.0] [cxt 0] Deparser 'deparser': end
[19:06:41.582] [bmv2] [D] [thread 4740] [14.0] [cxt 0] Transmitting packet of size 70 out of port 0
[19:06:41.880] [bmv2] [D] [thread 4735] [15.0] [cxt 0] Processing packet received on port 1
[19:06:41.881] [bmv2] [D] [thread 4735] [15.0] [cxt 0] Parser 'parser': start
[19:06:41.881] [bmv2] [D] [thread 4735] [15.0] [cxt 0] Parser 'parser' entering state 'start'
[19:06:41.881] [bmv2] [D] [thread 4735] [15.0] [cxt 0] Extracting header 'ethernet'
[19:06:41.881] [bmv2] [D] [thread 4735] [15.0] [cxt 0] Parser state 'start': key is 86dd
[19:06:41.881] [bmv2] [T] [thread 4735] [15.0] [cxt 0] Bytes parsed: 14
[19:06:41.881] [bmv2] [D] [thread 4735] [15.0] [cxt 0] Parser 'parser': end
[19:06:41.881] [bmv2] [D] [thread 4735] [15.0] [cxt 0] Pipeline 'ingress': start
[19:06:41.881] [bmv2] [T] [thread 4735] [15.0] [cxt 0] link_monitor.p4(179) Condition "hdr.ipv4.isValid()" (node_2) is false
[19:06:41.881] [bmv2] [T] [thread 4735] [15.0] [cxt 0] link_monitor.p4(182) Condition "hdr.probe.isValid()" (node_4) is false
[19:06:41.881] [bmv2] [D] [thread 4735] [15.0] [cxt 0] Pipeline 'ingress': end
[19:06:41.881] [bmv2] [D] [thread 4735] [15.0] [cxt 0] Egress port is 0
[19:06:41.881] [bmv2] [D] [thread 4736] [15.0] [cxt 0] Pipeline 'egress': start
[19:06:41.881] [bmv2] [T] [thread 4736] [15.0] [cxt 0] Applying table 'tbl_act_0'
[19:06:41.881] [bmv2] [D] [thread 4736] [15.0] [cxt 0] Looking up key:

[19:06:41.881] [bmv2] [D] [thread 4736] [15.0] [cxt 0] Table 'tbl_act_0': miss
[19:06:41.881] [bmv2] [D] [thread 4736] [15.0] [cxt 0] Action entry is act_2 - 
[19:06:41.881] [bmv2] [T] [thread 4736] [15.0] [cxt 0] Action act_2
[19:06:41.881] [bmv2] [T] [thread 4736] [15.0] [cxt 0] link_monitor.p4(220) Primitive (bit<32>)standard_metadata.egress_port
[19:06:41.881] [bmv2] [T] [thread 4736] [15.0] [cxt 0] link_monitor.p4(220) Primitive byte_cnt_reg.read(byte_cnt, (bit<32>)standard_metadata.egress_port)
[19:06:41.881] [bmv2] [T] [thread 4736] [15.0] [cxt 0] Read register 'MyEgress.byte_cnt_reg' at index 0 read value 391
[19:06:41.881] [bmv2] [T] [thread 4736] [15.0] [cxt 0] link_monitor.p4(221) Primitive byte_cnt = byte_cnt + standard_metadata.packet_length
[19:06:41.881] [bmv2] [T] [thread 4736] [15.0] [cxt 0] link_monitor.p4(223) Condition "hdr.probe.isValid()" (node_9) is false
[19:06:41.881] [bmv2] [T] [thread 4736] [15.0] [cxt 0] Applying table 'tbl_act_2'
[19:06:41.881] [bmv2] [D] [thread 4736] [15.0] [cxt 0] Looking up key:

[19:06:41.881] [bmv2] [D] [thread 4736] [15.0] [cxt 0] Table 'tbl_act_2': miss
[19:06:41.881] [bmv2] [D] [thread 4736] [15.0] [cxt 0] Action entry is act_1 - 
[19:06:41.881] [bmv2] [T] [thread 4736] [15.0] [cxt 0] Action act_1
[19:06:41.881] [bmv2] [T] [thread 4736] [15.0] [cxt 0] link_monitor.p4(223) Primitive (hdr.probe.isValid()) ? 0 : byte_cnt
[19:06:41.882] [bmv2] [T] [thread 4736] [15.0] [cxt 0] Applying table 'tbl_act_3'
[19:06:41.882] [bmv2] [D] [thread 4736] [15.0] [cxt 0] Looking up key:

[19:06:41.882] [bmv2] [D] [thread 4736] [15.0] [cxt 0] Table 'tbl_act_3': miss
[19:06:41.882] [bmv2] [D] [thread 4736] [15.0] [cxt 0] Action entry is act_6 - 
[19:06:41.882] [bmv2] [T] [thread 4736] [15.0] [cxt 0] Action act_6
[19:06:41.882] [bmv2] [T] [thread 4736] [15.0] [cxt 0] link_monitor.p4(224) Primitive (bit<32>)standard_metadata.egress_port
[19:06:41.882] [bmv2] [T] [thread 4736] [15.0] [cxt 0] link_monitor.p4(224) Primitive byte_cnt_reg.write((bit<32>)standard_metadata.egress_port, new_byte_cnt)
[19:06:41.882] [bmv2] [T] [thread 4736] [15.0] [cxt 0] Wrote register 'MyEgress.byte_cnt_reg' at index 0 with value 461
[19:06:41.882] [bmv2] [T] [thread 4736] [15.0] [cxt 0] link_monitor.p4(226) Condition "hdr.probe.isValid()" (node_13) is false
[19:06:41.882] [bmv2] [D] [thread 4736] [15.0] [cxt 0] Pipeline 'egress': end
[19:06:41.882] [bmv2] [D] [thread 4736] [15.0] [cxt 0] Deparser 'deparser': start
[19:06:41.882] [bmv2] [T] [thread 4736] [15.0] [cxt 0] Skipping checksum 'cksum' update because condition not met
[19:06:41.882] [bmv2] [D] [thread 4736] [15.0] [cxt 0] Deparsing header 'ethernet'
[19:06:41.882] [bmv2] [D] [thread 4736] [15.0] [cxt 0] Deparser 'deparser': end
[19:06:41.882] [bmv2] [D] [thread 4740] [15.0] [cxt 0] Transmitting packet of size 70 out of port 0
[19:06:41.884] [bmv2] [D] [thread 4735] [16.0] [cxt 0] Processing packet received on port 1
[19:06:41.884] [bmv2] [D] [thread 4735] [16.0] [cxt 0] Parser 'parser': start
[19:06:41.884] [bmv2] [D] [thread 4735] [16.0] [cxt 0] Parser 'parser' entering state 'start'
[19:06:41.884] [bmv2] [D] [thread 4735] [16.0] [cxt 0] Extracting header 'ethernet'
[19:06:41.884] [bmv2] [D] [thread 4735] [16.0] [cxt 0] Parser state 'start': key is 86dd
[19:06:41.884] [bmv2] [T] [thread 4735] [16.0] [cxt 0] Bytes parsed: 14
[19:06:41.884] [bmv2] [D] [thread 4735] [16.0] [cxt 0] Parser 'parser': end
[19:06:41.884] [bmv2] [D] [thread 4735] [16.0] [cxt 0] Pipeline 'ingress': start
[19:06:41.884] [bmv2] [T] [thread 4735] [16.0] [cxt 0] link_monitor.p4(179) Condition "hdr.ipv4.isValid()" (node_2) is false
[19:06:41.884] [bmv2] [T] [thread 4735] [16.0] [cxt 0] link_monitor.p4(182) Condition "hdr.probe.isValid()" (node_4) is false
[19:06:41.884] [bmv2] [D] [thread 4735] [16.0] [cxt 0] Pipeline 'ingress': end
[19:06:41.884] [bmv2] [D] [thread 4735] [16.0] [cxt 0] Egress port is 0
[19:06:41.884] [bmv2] [D] [thread 4736] [16.0] [cxt 0] Pipeline 'egress': start
[19:06:41.884] [bmv2] [T] [thread 4736] [16.0] [cxt 0] Applying table 'tbl_act_0'
[19:06:41.884] [bmv2] [D] [thread 4736] [16.0] [cxt 0] Looking up key:

[19:06:41.884] [bmv2] [D] [thread 4736] [16.0] [cxt 0] Table 'tbl_act_0': miss
[19:06:41.884] [bmv2] [D] [thread 4736] [16.0] [cxt 0] Action entry is act_2 - 
[19:06:41.884] [bmv2] [T] [thread 4736] [16.0] [cxt 0] Action act_2
[19:06:41.884] [bmv2] [T] [thread 4736] [16.0] [cxt 0] link_monitor.p4(220) Primitive (bit<32>)standard_metadata.egress_port
[19:06:41.884] [bmv2] [T] [thread 4736] [16.0] [cxt 0] link_monitor.p4(220) Primitive byte_cnt_reg.read(byte_cnt, (bit<32>)standard_metadata.egress_port)
[19:06:41.884] [bmv2] [T] [thread 4736] [16.0] [cxt 0] Read register 'MyEgress.byte_cnt_reg' at index 0 read value 461
[19:06:41.885] [bmv2] [T] [thread 4736] [16.0] [cxt 0] link_monitor.p4(221) Primitive byte_cnt = byte_cnt + standard_metadata.packet_length
[19:06:41.885] [bmv2] [T] [thread 4736] [16.0] [cxt 0] link_monitor.p4(223) Condition "hdr.probe.isValid()" (node_9) is false
[19:06:41.885] [bmv2] [T] [thread 4736] [16.0] [cxt 0] Applying table 'tbl_act_2'
[19:06:41.885] [bmv2] [D] [thread 4736] [16.0] [cxt 0] Looking up key:

[19:06:41.885] [bmv2] [D] [thread 4736] [16.0] [cxt 0] Table 'tbl_act_2': miss
[19:06:41.885] [bmv2] [D] [thread 4736] [16.0] [cxt 0] Action entry is act_1 - 
[19:06:41.885] [bmv2] [T] [thread 4736] [16.0] [cxt 0] Action act_1
[19:06:41.885] [bmv2] [T] [thread 4736] [16.0] [cxt 0] link_monitor.p4(223) Primitive (hdr.probe.isValid()) ? 0 : byte_cnt
[19:06:41.885] [bmv2] [T] [thread 4736] [16.0] [cxt 0] Applying table 'tbl_act_3'
[19:06:41.885] [bmv2] [D] [thread 4736] [16.0] [cxt 0] Looking up key:

[19:06:41.885] [bmv2] [D] [thread 4736] [16.0] [cxt 0] Table 'tbl_act_3': miss
[19:06:41.885] [bmv2] [D] [thread 4736] [16.0] [cxt 0] Action entry is act_6 - 
[19:06:41.885] [bmv2] [T] [thread 4736] [16.0] [cxt 0] Action act_6
[19:06:41.885] [bmv2] [T] [thread 4736] [16.0] [cxt 0] link_monitor.p4(224) Primitive (bit<32>)standard_metadata.egress_port
[19:06:41.885] [bmv2] [T] [thread 4736] [16.0] [cxt 0] link_monitor.p4(224) Primitive byte_cnt_reg.write((bit<32>)standard_metadata.egress_port, new_byte_cnt)
[19:06:41.885] [bmv2] [T] [thread 4736] [16.0] [cxt 0] Wrote register 'MyEgress.byte_cnt_reg' at index 0 with value 531
[19:06:41.885] [bmv2] [T] [thread 4736] [16.0] [cxt 0] link_monitor.p4(226) Condition "hdr.probe.isValid()" (node_13) is false
[19:06:41.885] [bmv2] [D] [thread 4736] [16.0] [cxt 0] Pipeline 'egress': end
[19:06:41.885] [bmv2] [D] [thread 4736] [16.0] [cxt 0] Deparser 'deparser': start
[19:06:41.885] [bmv2] [T] [thread 4736] [16.0] [cxt 0] Skipping checksum 'cksum' update because condition not met
[19:06:41.885] [bmv2] [D] [thread 4736] [16.0] [cxt 0] Deparsing header 'ethernet'
[19:06:41.885] [bmv2] [D] [thread 4736] [16.0] [cxt 0] Deparser 'deparser': end
[19:06:41.885] [bmv2] [D] [thread 4740] [16.0] [cxt 0] Transmitting packet of size 70 out of port 0
[19:06:42.030] [bmv2] [D] [thread 4735] [17.0] [cxt 0] Processing packet received on port 2
[19:06:42.030] [bmv2] [D] [thread 4735] [17.0] [cxt 0] Parser 'parser': start
[19:06:42.030] [bmv2] [D] [thread 4735] [17.0] [cxt 0] Parser 'parser' entering state 'start'
[19:06:42.030] [bmv2] [D] [thread 4735] [17.0] [cxt 0] Extracting header 'ethernet'
[19:06:42.030] [bmv2] [D] [thread 4735] [17.0] [cxt 0] Parser state 'start': key is 86dd
[19:06:42.030] [bmv2] [T] [thread 4735] [17.0] [cxt 0] Bytes parsed: 14
[19:06:42.030] [bmv2] [D] [thread 4735] [17.0] [cxt 0] Parser 'parser': end
[19:06:42.030] [bmv2] [D] [thread 4735] [17.0] [cxt 0] Pipeline 'ingress': start
[19:06:42.030] [bmv2] [T] [thread 4735] [17.0] [cxt 0] link_monitor.p4(179) Condition "hdr.ipv4.isValid()" (node_2) is false
[19:06:42.030] [bmv2] [T] [thread 4735] [17.0] [cxt 0] link_monitor.p4(182) Condition "hdr.probe.isValid()" (node_4) is false
[19:06:42.030] [bmv2] [D] [thread 4735] [17.0] [cxt 0] Pipeline 'ingress': end
[19:06:42.031] [bmv2] [D] [thread 4735] [17.0] [cxt 0] Egress port is 0
[19:06:42.031] [bmv2] [D] [thread 4736] [17.0] [cxt 0] Pipeline 'egress': start
[19:06:42.031] [bmv2] [T] [thread 4736] [17.0] [cxt 0] Applying table 'tbl_act_0'
[19:06:42.031] [bmv2] [D] [thread 4736] [17.0] [cxt 0] Looking up key:

[19:06:42.031] [bmv2] [D] [thread 4736] [17.0] [cxt 0] Table 'tbl_act_0': miss
[19:06:42.031] [bmv2] [D] [thread 4736] [17.0] [cxt 0] Action entry is act_2 - 
[19:06:42.031] [bmv2] [T] [thread 4736] [17.0] [cxt 0] Action act_2
[19:06:42.031] [bmv2] [T] [thread 4736] [17.0] [cxt 0] link_monitor.p4(220) Primitive (bit<32>)standard_metadata.egress_port
[19:06:42.031] [bmv2] [T] [thread 4736] [17.0] [cxt 0] link_monitor.p4(220) Primitive byte_cnt_reg.read(byte_cnt, (bit<32>)standard_metadata.egress_port)
[19:06:42.031] [bmv2] [T] [thread 4736] [17.0] [cxt 0] Read register 'MyEgress.byte_cnt_reg' at index 0 read value 531
[19:06:42.031] [bmv2] [T] [thread 4736] [17.0] [cxt 0] link_monitor.p4(221) Primitive byte_cnt = byte_cnt + standard_metadata.packet_length
[19:06:42.031] [bmv2] [T] [thread 4736] [17.0] [cxt 0] link_monitor.p4(223) Condition "hdr.probe.isValid()" (node_9) is false
[19:06:42.031] [bmv2] [T] [thread 4736] [17.0] [cxt 0] Applying table 'tbl_act_2'
[19:06:42.031] [bmv2] [D] [thread 4736] [17.0] [cxt 0] Looking up key:

[19:06:42.031] [bmv2] [D] [thread 4736] [17.0] [cxt 0] Table 'tbl_act_2': miss
[19:06:42.031] [bmv2] [D] [thread 4736] [17.0] [cxt 0] Action entry is act_1 - 
[19:06:42.031] [bmv2] [T] [thread 4736] [17.0] [cxt 0] Action act_1
[19:06:42.031] [bmv2] [T] [thread 4736] [17.0] [cxt 0] link_monitor.p4(223) Primitive (hdr.probe.isValid()) ? 0 : byte_cnt
[19:06:42.031] [bmv2] [T] [thread 4736] [17.0] [cxt 0] Applying table 'tbl_act_3'
[19:06:42.031] [bmv2] [D] [thread 4736] [17.0] [cxt 0] Looking up key:

[19:06:42.031] [bmv2] [D] [thread 4736] [17.0] [cxt 0] Table 'tbl_act_3': miss
[19:06:42.031] [bmv2] [D] [thread 4736] [17.0] [cxt 0] Action entry is act_6 - 
[19:06:42.031] [bmv2] [T] [thread 4736] [17.0] [cxt 0] Action act_6
[19:06:42.031] [bmv2] [T] [thread 4736] [17.0] [cxt 0] link_monitor.p4(224) Primitive (bit<32>)standard_metadata.egress_port
[19:06:42.031] [bmv2] [T] [thread 4736] [17.0] [cxt 0] link_monitor.p4(224) Primitive byte_cnt_reg.write((bit<32>)standard_metadata.egress_port, new_byte_cnt)
[19:06:42.031] [bmv2] [T] [thread 4736] [17.0] [cxt 0] Wrote register 'MyEgress.byte_cnt_reg' at index 0 with value 727
[19:06:42.031] [bmv2] [T] [thread 4736] [17.0] [cxt 0] link_monitor.p4(226) Condition "hdr.probe.isValid()" (node_13) is false
[19:06:42.031] [bmv2] [D] [thread 4736] [17.0] [cxt 0] Pipeline 'egress': end
[19:06:42.031] [bmv2] [D] [thread 4736] [17.0] [cxt 0] Deparser 'deparser': start
[19:06:42.031] [bmv2] [T] [thread 4736] [17.0] [cxt 0] Skipping checksum 'cksum' update because condition not met
[19:06:42.032] [bmv2] [D] [thread 4736] [17.0] [cxt 0] Deparsing header 'ethernet'
[19:06:42.032] [bmv2] [D] [thread 4736] [17.0] [cxt 0] Deparser 'deparser': end
[19:06:42.032] [bmv2] [D] [thread 4740] [17.0] [cxt 0] Transmitting packet of size 196 out of port 0
[19:06:42.092] [bmv2] [D] [thread 4735] [18.0] [cxt 0] Processing packet received on port 2
[19:06:42.092] [bmv2] [D] [thread 4735] [18.0] [cxt 0] Parser 'parser': start
[19:06:42.092] [bmv2] [D] [thread 4735] [18.0] [cxt 0] Parser 'parser' entering state 'start'
[19:06:42.093] [bmv2] [D] [thread 4735] [18.0] [cxt 0] Extracting header 'ethernet'
[19:06:42.093] [bmv2] [D] [thread 4735] [18.0] [cxt 0] Parser state 'start': key is 86dd
[19:06:42.093] [bmv2] [T] [thread 4735] [18.0] [cxt 0] Bytes parsed: 14
[19:06:42.093] [bmv2] [D] [thread 4735] [18.0] [cxt 0] Parser 'parser': end
[19:06:42.093] [bmv2] [D] [thread 4735] [18.0] [cxt 0] Pipeline 'ingress': start
[19:06:42.093] [bmv2] [T] [thread 4735] [18.0] [cxt 0] link_monitor.p4(179) Condition "hdr.ipv4.isValid()" (node_2) is false
[19:06:42.093] [bmv2] [T] [thread 4735] [18.0] [cxt 0] link_monitor.p4(182) Condition "hdr.probe.isValid()" (node_4) is false
[19:06:42.093] [bmv2] [D] [thread 4735] [18.0] [cxt 0] Pipeline 'ingress': end
[19:06:42.093] [bmv2] [D] [thread 4735] [18.0] [cxt 0] Egress port is 0
[19:06:42.094] [bmv2] [D] [thread 4736] [18.0] [cxt 0] Pipeline 'egress': start
[19:06:42.094] [bmv2] [T] [thread 4736] [18.0] [cxt 0] Applying table 'tbl_act_0'
[19:06:42.094] [bmv2] [D] [thread 4736] [18.0] [cxt 0] Looking up key:

[19:06:42.094] [bmv2] [D] [thread 4736] [18.0] [cxt 0] Table 'tbl_act_0': miss
[19:06:42.094] [bmv2] [D] [thread 4736] [18.0] [cxt 0] Action entry is act_2 - 
[19:06:42.094] [bmv2] [T] [thread 4736] [18.0] [cxt 0] Action act_2
[19:06:42.094] [bmv2] [T] [thread 4736] [18.0] [cxt 0] link_monitor.p4(220) Primitive (bit<32>)standard_metadata.egress_port
[19:06:42.094] [bmv2] [T] [thread 4736] [18.0] [cxt 0] link_monitor.p4(220) Primitive byte_cnt_reg.read(byte_cnt, (bit<32>)standard_metadata.egress_port)
[19:06:42.094] [bmv2] [T] [thread 4736] [18.0] [cxt 0] Read register 'MyEgress.byte_cnt_reg' at index 0 read value 727
[19:06:42.094] [bmv2] [T] [thread 4736] [18.0] [cxt 0] link_monitor.p4(221) Primitive byte_cnt = byte_cnt + standard_metadata.packet_length
[19:06:42.094] [bmv2] [T] [thread 4736] [18.0] [cxt 0] link_monitor.p4(223) Condition "hdr.probe.isValid()" (node_9) is false
[19:06:42.094] [bmv2] [T] [thread 4736] [18.0] [cxt 0] Applying table 'tbl_act_2'
[19:06:42.094] [bmv2] [D] [thread 4736] [18.0] [cxt 0] Looking up key:

[19:06:42.094] [bmv2] [D] [thread 4736] [18.0] [cxt 0] Table 'tbl_act_2': miss
[19:06:42.094] [bmv2] [D] [thread 4736] [18.0] [cxt 0] Action entry is act_1 - 
[19:06:42.094] [bmv2] [T] [thread 4736] [18.0] [cxt 0] Action act_1
[19:06:42.094] [bmv2] [T] [thread 4736] [18.0] [cxt 0] link_monitor.p4(223) Primitive (hdr.probe.isValid()) ? 0 : byte_cnt
[19:06:42.094] [bmv2] [T] [thread 4736] [18.0] [cxt 0] Applying table 'tbl_act_3'
[19:06:42.094] [bmv2] [D] [thread 4736] [18.0] [cxt 0] Looking up key:

[19:06:42.094] [bmv2] [D] [thread 4736] [18.0] [cxt 0] Table 'tbl_act_3': miss
[19:06:42.094] [bmv2] [D] [thread 4736] [18.0] [cxt 0] Action entry is act_6 - 
[19:06:42.094] [bmv2] [T] [thread 4736] [18.0] [cxt 0] Action act_6
[19:06:42.094] [bmv2] [T] [thread 4736] [18.0] [cxt 0] link_monitor.p4(224) Primitive (bit<32>)standard_metadata.egress_port
[19:06:42.094] [bmv2] [T] [thread 4736] [18.0] [cxt 0] link_monitor.p4(224) Primitive byte_cnt_reg.write((bit<32>)standard_metadata.egress_port, new_byte_cnt)
[19:06:42.094] [bmv2] [T] [thread 4736] [18.0] [cxt 0] Wrote register 'MyEgress.byte_cnt_reg' at index 0 with value 797
[19:06:42.094] [bmv2] [T] [thread 4736] [18.0] [cxt 0] link_monitor.p4(226) Condition "hdr.probe.isValid()" (node_13) is false
[19:06:42.094] [bmv2] [D] [thread 4736] [18.0] [cxt 0] Pipeline 'egress': end
[19:06:42.094] [bmv2] [D] [thread 4736] [18.0] [cxt 0] Deparser 'deparser': start
[19:06:42.094] [bmv2] [T] [thread 4736] [18.0] [cxt 0] Skipping checksum 'cksum' update because condition not met
[19:06:42.094] [bmv2] [D] [thread 4736] [18.0] [cxt 0] Deparsing header 'ethernet'
[19:06:42.094] [bmv2] [D] [thread 4736] [18.0] [cxt 0] Deparser 'deparser': end
[19:06:42.094] [bmv2] [D] [thread 4740] [18.0] [cxt 0] Transmitting packet of size 70 out of port 0
[19:06:42.353] [bmv2] [D] [thread 4735] [19.0] [cxt 0] Processing packet received on port 1
[19:06:42.353] [bmv2] [D] [thread 4735] [19.0] [cxt 0] Parser 'parser': start
[19:06:42.353] [bmv2] [D] [thread 4735] [19.0] [cxt 0] Parser 'parser' entering state 'start'
[19:06:42.353] [bmv2] [D] [thread 4735] [19.0] [cxt 0] Extracting header 'ethernet'
[19:06:42.353] [bmv2] [D] [thread 4735] [19.0] [cxt 0] Parser state 'start': key is 86dd
[19:06:42.353] [bmv2] [T] [thread 4735] [19.0] [cxt 0] Bytes parsed: 14
[19:06:42.353] [bmv2] [D] [thread 4735] [19.0] [cxt 0] Parser 'parser': end
[19:06:42.353] [bmv2] [D] [thread 4735] [19.0] [cxt 0] Pipeline 'ingress': start
[19:06:42.353] [bmv2] [T] [thread 4735] [19.0] [cxt 0] link_monitor.p4(179) Condition "hdr.ipv4.isValid()" (node_2) is false
[19:06:42.353] [bmv2] [T] [thread 4735] [19.0] [cxt 0] link_monitor.p4(182) Condition "hdr.probe.isValid()" (node_4) is false
[19:06:42.353] [bmv2] [D] [thread 4735] [19.0] [cxt 0] Pipeline 'ingress': end
[19:06:42.353] [bmv2] [D] [thread 4735] [19.0] [cxt 0] Egress port is 0
[19:06:42.353] [bmv2] [D] [thread 4735] [20.0] [cxt 0] Processing packet received on port 1
[19:06:42.353] [bmv2] [D] [thread 4735] [20.0] [cxt 0] Parser 'parser': start
[19:06:42.353] [bmv2] [D] [thread 4735] [20.0] [cxt 0] Parser 'parser' entering state 'start'
[19:06:42.353] [bmv2] [D] [thread 4735] [20.0] [cxt 0] Extracting header 'ethernet'
[19:06:42.353] [bmv2] [D] [thread 4735] [20.0] [cxt 0] Parser state 'start': key is 86dd
[19:06:42.353] [bmv2] [T] [thread 4735] [20.0] [cxt 0] Bytes parsed: 14
[19:06:42.353] [bmv2] [D] [thread 4735] [20.0] [cxt 0] Parser 'parser': end
[19:06:42.353] [bmv2] [D] [thread 4735] [20.0] [cxt 0] Pipeline 'ingress': start
[19:06:42.353] [bmv2] [T] [thread 4735] [20.0] [cxt 0] link_monitor.p4(179) Condition "hdr.ipv4.isValid()" (node_2) is false
[19:06:42.353] [bmv2] [T] [thread 4735] [20.0] [cxt 0] link_monitor.p4(182) Condition "hdr.probe.isValid()" (node_4) is false
[19:06:42.353] [bmv2] [D] [thread 4735] [20.0] [cxt 0] Pipeline 'ingress': end
[19:06:42.353] [bmv2] [D] [thread 4735] [20.0] [cxt 0] Egress port is 0
[19:06:42.353] [bmv2] [D] [thread 4736] [19.0] [cxt 0] Pipeline 'egress': start
[19:06:42.353] [bmv2] [T] [thread 4736] [19.0] [cxt 0] Applying table 'tbl_act_0'
[19:06:42.354] [bmv2] [D] [thread 4736] [19.0] [cxt 0] Looking up key:

[19:06:42.354] [bmv2] [D] [thread 4736] [19.0] [cxt 0] Table 'tbl_act_0': miss
[19:06:42.354] [bmv2] [D] [thread 4736] [19.0] [cxt 0] Action entry is act_2 - 
[19:06:42.354] [bmv2] [T] [thread 4736] [19.0] [cxt 0] Action act_2
[19:06:42.354] [bmv2] [T] [thread 4736] [19.0] [cxt 0] link_monitor.p4(220) Primitive (bit<32>)standard_metadata.egress_port
[19:06:42.354] [bmv2] [T] [thread 4736] [19.0] [cxt 0] link_monitor.p4(220) Primitive byte_cnt_reg.read(byte_cnt, (bit<32>)standard_metadata.egress_port)
[19:06:42.354] [bmv2] [T] [thread 4736] [19.0] [cxt 0] Read register 'MyEgress.byte_cnt_reg' at index 0 read value 797
[19:06:42.354] [bmv2] [T] [thread 4736] [19.0] [cxt 0] link_monitor.p4(221) Primitive byte_cnt = byte_cnt + standard_metadata.packet_length
[19:06:42.354] [bmv2] [T] [thread 4736] [19.0] [cxt 0] link_monitor.p4(223) Condition "hdr.probe.isValid()" (node_9) is false
[19:06:42.354] [bmv2] [T] [thread 4736] [19.0] [cxt 0] Applying table 'tbl_act_2'
[19:06:42.354] [bmv2] [D] [thread 4736] [19.0] [cxt 0] Looking up key:

[19:06:42.354] [bmv2] [D] [thread 4736] [19.0] [cxt 0] Table 'tbl_act_2': miss
[19:06:42.354] [bmv2] [D] [thread 4736] [19.0] [cxt 0] Action entry is act_1 - 
[19:06:42.354] [bmv2] [T] [thread 4736] [19.0] [cxt 0] Action act_1
[19:06:42.354] [bmv2] [T] [thread 4736] [19.0] [cxt 0] link_monitor.p4(223) Primitive (hdr.probe.isValid()) ? 0 : byte_cnt
[19:06:42.354] [bmv2] [T] [thread 4736] [19.0] [cxt 0] Applying table 'tbl_act_3'
[19:06:42.354] [bmv2] [D] [thread 4736] [19.0] [cxt 0] Looking up key:

[19:06:42.354] [bmv2] [D] [thread 4736] [19.0] [cxt 0] Table 'tbl_act_3': miss
[19:06:42.354] [bmv2] [D] [thread 4736] [19.0] [cxt 0] Action entry is act_6 - 
[19:06:42.354] [bmv2] [T] [thread 4736] [19.0] [cxt 0] Action act_6
[19:06:42.354] [bmv2] [T] [thread 4736] [19.0] [cxt 0] link_monitor.p4(224) Primitive (bit<32>)standard_metadata.egress_port
[19:06:42.354] [bmv2] [T] [thread 4736] [19.0] [cxt 0] link_monitor.p4(224) Primitive byte_cnt_reg.write((bit<32>)standard_metadata.egress_port, new_byte_cnt)
[19:06:42.354] [bmv2] [T] [thread 4736] [19.0] [cxt 0] Wrote register 'MyEgress.byte_cnt_reg' at index 0 with value 993
[19:06:42.354] [bmv2] [T] [thread 4736] [19.0] [cxt 0] link_monitor.p4(226) Condition "hdr.probe.isValid()" (node_13) is false
[19:06:42.354] [bmv2] [D] [thread 4736] [19.0] [cxt 0] Pipeline 'egress': end
[19:06:42.354] [bmv2] [D] [thread 4736] [19.0] [cxt 0] Deparser 'deparser': start
[19:06:42.354] [bmv2] [T] [thread 4736] [19.0] [cxt 0] Skipping checksum 'cksum' update because condition not met
[19:06:42.354] [bmv2] [D] [thread 4736] [19.0] [cxt 0] Deparsing header 'ethernet'
[19:06:42.354] [bmv2] [D] [thread 4736] [19.0] [cxt 0] Deparser 'deparser': end
[19:06:42.354] [bmv2] [D] [thread 4736] [20.0] [cxt 0] Pipeline 'egress': start
[19:06:42.354] [bmv2] [T] [thread 4736] [20.0] [cxt 0] Applying table 'tbl_act_0'
[19:06:42.354] [bmv2] [D] [thread 4740] [19.0] [cxt 0] Transmitting packet of size 196 out of port 0
[19:06:42.354] [bmv2] [D] [thread 4736] [20.0] [cxt 0] Looking up key:

[19:06:42.355] [bmv2] [D] [thread 4736] [20.0] [cxt 0] Table 'tbl_act_0': miss
[19:06:42.355] [bmv2] [D] [thread 4736] [20.0] [cxt 0] Action entry is act_2 - 
[19:06:42.355] [bmv2] [T] [thread 4736] [20.0] [cxt 0] Action act_2
[19:06:42.355] [bmv2] [T] [thread 4736] [20.0] [cxt 0] link_monitor.p4(220) Primitive (bit<32>)standard_metadata.egress_port
[19:06:42.355] [bmv2] [T] [thread 4736] [20.0] [cxt 0] link_monitor.p4(220) Primitive byte_cnt_reg.read(byte_cnt, (bit<32>)standard_metadata.egress_port)
[19:06:42.355] [bmv2] [T] [thread 4736] [20.0] [cxt 0] Read register 'MyEgress.byte_cnt_reg' at index 0 read value 993
[19:06:42.355] [bmv2] [T] [thread 4736] [20.0] [cxt 0] link_monitor.p4(221) Primitive byte_cnt = byte_cnt + standard_metadata.packet_length
[19:06:42.355] [bmv2] [T] [thread 4736] [20.0] [cxt 0] link_monitor.p4(223) Condition "hdr.probe.isValid()" (node_9) is false
[19:06:42.355] [bmv2] [T] [thread 4736] [20.0] [cxt 0] Applying table 'tbl_act_2'
[19:06:42.355] [bmv2] [D] [thread 4736] [20.0] [cxt 0] Looking up key:

[19:06:42.355] [bmv2] [D] [thread 4736] [20.0] [cxt 0] Table 'tbl_act_2': miss
[19:06:42.355] [bmv2] [D] [thread 4736] [20.0] [cxt 0] Action entry is act_1 - 
[19:06:42.355] [bmv2] [T] [thread 4736] [20.0] [cxt 0] Action act_1
[19:06:42.355] [bmv2] [T] [thread 4736] [20.0] [cxt 0] link_monitor.p4(223) Primitive (hdr.probe.isValid()) ? 0 : byte_cnt
[19:06:42.355] [bmv2] [T] [thread 4736] [20.0] [cxt 0] Applying table 'tbl_act_3'
[19:06:42.355] [bmv2] [D] [thread 4736] [20.0] [cxt 0] Looking up key:

[19:06:42.355] [bmv2] [D] [thread 4736] [20.0] [cxt 0] Table 'tbl_act_3': miss
[19:06:42.355] [bmv2] [D] [thread 4736] [20.0] [cxt 0] Action entry is act_6 - 
[19:06:42.356] [bmv2] [T] [thread 4736] [20.0] [cxt 0] Action act_6
[19:06:42.356] [bmv2] [T] [thread 4736] [20.0] [cxt 0] link_monitor.p4(224) Primitive (bit<32>)standard_metadata.egress_port
[19:06:42.356] [bmv2] [T] [thread 4736] [20.0] [cxt 0] link_monitor.p4(224) Primitive byte_cnt_reg.write((bit<32>)standard_metadata.egress_port, new_byte_cnt)
[19:06:42.356] [bmv2] [T] [thread 4736] [20.0] [cxt 0] Wrote register 'MyEgress.byte_cnt_reg' at index 0 with value 1189
[19:06:42.356] [bmv2] [T] [thread 4736] [20.0] [cxt 0] link_monitor.p4(226) Condition "hdr.probe.isValid()" (node_13) is false
[19:06:42.356] [bmv2] [D] [thread 4736] [20.0] [cxt 0] Pipeline 'egress': end
[19:06:42.356] [bmv2] [D] [thread 4736] [20.0] [cxt 0] Deparser 'deparser': start
[19:06:42.356] [bmv2] [T] [thread 4736] [20.0] [cxt 0] Skipping checksum 'cksum' update because condition not met
[19:06:42.356] [bmv2] [D] [thread 4736] [20.0] [cxt 0] Deparsing header 'ethernet'
[19:06:42.356] [bmv2] [D] [thread 4736] [20.0] [cxt 0] Deparser 'deparser': end
[19:06:42.356] [bmv2] [D] [thread 4740] [20.0] [cxt 0] Transmitting packet of size 196 out of port 0
[19:06:42.603] [bmv2] [D] [thread 4735] [21.0] [cxt 0] Processing packet received on port 2
[19:06:42.603] [bmv2] [D] [thread 4735] [21.0] [cxt 0] Parser 'parser': start
[19:06:42.603] [bmv2] [D] [thread 4735] [21.0] [cxt 0] Parser 'parser' entering state 'start'
[19:06:42.603] [bmv2] [D] [thread 4735] [21.0] [cxt 0] Extracting header 'ethernet'
[19:06:42.603] [bmv2] [D] [thread 4735] [21.0] [cxt 0] Parser state 'start': key is 86dd
[19:06:42.603] [bmv2] [T] [thread 4735] [21.0] [cxt 0] Bytes parsed: 14
[19:06:42.603] [bmv2] [D] [thread 4735] [21.0] [cxt 0] Parser 'parser': end
[19:06:42.603] [bmv2] [D] [thread 4735] [21.0] [cxt 0] Pipeline 'ingress': start
[19:06:42.603] [bmv2] [T] [thread 4735] [21.0] [cxt 0] link_monitor.p4(179) Condition "hdr.ipv4.isValid()" (node_2) is false
[19:06:42.603] [bmv2] [T] [thread 4735] [21.0] [cxt 0] link_monitor.p4(182) Condition "hdr.probe.isValid()" (node_4) is false
[19:06:42.603] [bmv2] [D] [thread 4735] [21.0] [cxt 0] Pipeline 'ingress': end
[19:06:42.603] [bmv2] [D] [thread 4735] [21.0] [cxt 0] Egress port is 0
[19:06:42.603] [bmv2] [D] [thread 4736] [21.0] [cxt 0] Pipeline 'egress': start
[19:06:42.603] [bmv2] [T] [thread 4736] [21.0] [cxt 0] Applying table 'tbl_act_0'
[19:06:42.603] [bmv2] [D] [thread 4736] [21.0] [cxt 0] Looking up key:

[19:06:42.603] [bmv2] [D] [thread 4736] [21.0] [cxt 0] Table 'tbl_act_0': miss
[19:06:42.603] [bmv2] [D] [thread 4736] [21.0] [cxt 0] Action entry is act_2 - 
[19:06:42.603] [bmv2] [T] [thread 4736] [21.0] [cxt 0] Action act_2
[19:06:42.603] [bmv2] [T] [thread 4736] [21.0] [cxt 0] link_monitor.p4(220) Primitive (bit<32>)standard_metadata.egress_port
[19:06:42.603] [bmv2] [T] [thread 4736] [21.0] [cxt 0] link_monitor.p4(220) Primitive byte_cnt_reg.read(byte_cnt, (bit<32>)standard_metadata.egress_port)
[19:06:42.603] [bmv2] [T] [thread 4736] [21.0] [cxt 0] Read register 'MyEgress.byte_cnt_reg' at index 0 read value 1189
[19:06:42.604] [bmv2] [T] [thread 4736] [21.0] [cxt 0] link_monitor.p4(221) Primitive byte_cnt = byte_cnt + standard_metadata.packet_length
[19:06:42.604] [bmv2] [T] [thread 4736] [21.0] [cxt 0] link_monitor.p4(223) Condition "hdr.probe.isValid()" (node_9) is false
[19:06:42.604] [bmv2] [T] [thread 4736] [21.0] [cxt 0] Applying table 'tbl_act_2'
[19:06:42.604] [bmv2] [D] [thread 4736] [21.0] [cxt 0] Looking up key:

[19:06:42.604] [bmv2] [D] [thread 4736] [21.0] [cxt 0] Table 'tbl_act_2': miss
[19:06:42.604] [bmv2] [D] [thread 4736] [21.0] [cxt 0] Action entry is act_1 - 
[19:06:42.604] [bmv2] [T] [thread 4736] [21.0] [cxt 0] Action act_1
[19:06:42.604] [bmv2] [T] [thread 4736] [21.0] [cxt 0] link_monitor.p4(223) Primitive (hdr.probe.isValid()) ? 0 : byte_cnt
[19:06:42.604] [bmv2] [T] [thread 4736] [21.0] [cxt 0] Applying table 'tbl_act_3'
[19:06:42.604] [bmv2] [D] [thread 4736] [21.0] [cxt 0] Looking up key:

[19:06:42.604] [bmv2] [D] [thread 4736] [21.0] [cxt 0] Table 'tbl_act_3': miss
[19:06:42.604] [bmv2] [D] [thread 4736] [21.0] [cxt 0] Action entry is act_6 - 
[19:06:42.604] [bmv2] [T] [thread 4736] [21.0] [cxt 0] Action act_6
[19:06:42.604] [bmv2] [T] [thread 4736] [21.0] [cxt 0] link_monitor.p4(224) Primitive (bit<32>)standard_metadata.egress_port
[19:06:42.604] [bmv2] [T] [thread 4736] [21.0] [cxt 0] link_monitor.p4(224) Primitive byte_cnt_reg.write((bit<32>)standard_metadata.egress_port, new_byte_cnt)
[19:06:42.604] [bmv2] [T] [thread 4736] [21.0] [cxt 0] Wrote register 'MyEgress.byte_cnt_reg' at index 0 with value 1385
[19:06:42.604] [bmv2] [T] [thread 4736] [21.0] [cxt 0] link_monitor.p4(226) Condition "hdr.probe.isValid()" (node_13) is false
[19:06:42.604] [bmv2] [D] [thread 4736] [21.0] [cxt 0] Pipeline 'egress': end
[19:06:42.604] [bmv2] [D] [thread 4736] [21.0] [cxt 0] Deparser 'deparser': start
[19:06:42.604] [bmv2] [T] [thread 4736] [21.0] [cxt 0] Skipping checksum 'cksum' update because condition not met
[19:06:42.604] [bmv2] [D] [thread 4736] [21.0] [cxt 0] Deparsing header 'ethernet'
[19:06:42.604] [bmv2] [D] [thread 4736] [21.0] [cxt 0] Deparser 'deparser': end
[19:06:42.605] [bmv2] [D] [thread 4740] [21.0] [cxt 0] Transmitting packet of size 196 out of port 0
open: No such file or directory
open: No such file or directory
open: No such file or directory
open: No such file or directory
