Calling target program-options parser
[16:22:00.036] [bmv2] [D] [thread 4317] Set default default entry for table 'MyIngress.ipv4_lpm': MyIngress.drop - 
[16:22:00.036] [bmv2] [D] [thread 4317] Set default default entry for table 'tbl_act': act - 
[16:22:00.037] [bmv2] [D] [thread 4317] Set default default entry for table 'tbl_act_0': act_2 - 
[16:22:00.037] [bmv2] [D] [thread 4317] Set default default entry for table 'tbl_act_1': act_0 - 
[16:22:00.037] [bmv2] [D] [thread 4317] Set default default entry for table 'tbl_act_2': act_1 - 
[16:22:00.037] [bmv2] [D] [thread 4317] Set default default entry for table 'MyEgress.swid': NoAction - 
[16:22:00.037] [bmv2] [D] [thread 4317] Set default default entry for table 'tbl_act_3': act_10 - 
[16:22:00.037] [bmv2] [D] [thread 4317] Set default default entry for table 'tbl_act_4': act_3 - 
[16:22:00.037] [bmv2] [D] [thread 4317] Set default default entry for table 'tbl_act_5': act_4 - 
[16:22:00.037] [bmv2] [D] [thread 4317] Set default default entry for table 'tbl_act_6': act_5 - 
[16:22:00.037] [bmv2] [D] [thread 4317] Set default default entry for table 'tbl_act_7': act_6 - 
[16:22:00.037] [bmv2] [D] [thread 4317] Set default default entry for table 'tbl_act_8': act_7 - 
[16:22:00.037] [bmv2] [D] [thread 4317] Set default default entry for table 'tbl_act_9': act_8 - 
[16:22:00.037] [bmv2] [D] [thread 4317] Set default default entry for table 'tbl_act_10': act_9 - 
[16:22:00.037] [bmv2] [D] [thread 4317] Set default default entry for table 'tbl_act_11': act_11 - 
Adding interface s4-eth1 as port 1
[16:22:00.038] [bmv2] [D] [thread 4317] Adding interface s4-eth1 as port 1
Adding interface s4-eth2 as port 2
[16:22:00.069] [bmv2] [D] [thread 4317] Adding interface s4-eth2 as port 2
Adding interface s4-eth5 as port 5
[16:22:00.094] [bmv2] [D] [thread 4317] Adding interface s4-eth5 as port 5
I0618 16:22:00.122921174    4317 server_builder.cc:247]      Synchronous server. Num CQs: 1, Min pollers: 1, Max Pollers: 2147483647, CQ timeout (msec): 1000
Server listening on 0.0.0.0:50054
[16:22:00.131] [bmv2] [I] [thread 4317] Starting Thrift server on port 9093
[16:22:00.132] [bmv2] [I] [thread 4317] Thrift server was started
[16:22:00.133] [bmv2] [D] [thread 4324] [0.0] [cxt 0] Processing packet received on port 1
[16:22:00.133] [bmv2] [D] [thread 4324] [0.0] [cxt 0] Parser 'parser': start
[16:22:00.133] [bmv2] [D] [thread 4324] [0.0] [cxt 0] Parser 'parser' entering state 'start'
[16:22:00.133] [bmv2] [D] [thread 4324] [0.0] [cxt 0] Extracting header 'ethernet'
[16:22:00.133] [bmv2] [D] [thread 4324] [0.0] [cxt 0] Parser state 'start': key is 86dd
[16:22:00.133] [bmv2] [T] [thread 4324] [0.0] [cxt 0] Bytes parsed: 14
[16:22:00.133] [bmv2] [D] [thread 4324] [0.0] [cxt 0] Parser 'parser': end
[16:22:00.133] [bmv2] [D] [thread 4324] [0.0] [cxt 0] Pipeline 'ingress': start
[16:22:00.133] [bmv2] [T] [thread 4324] [0.0] [cxt 0] lmpp.p4(198) Condition "hdr.ipv4.isValid()" (node_2) is false
[16:22:00.133] [bmv2] [T] [thread 4324] [0.0] [cxt 0] lmpp.p4(200) Condition "hdr.probe.isValid()" (node_4) is false
[16:22:00.133] [bmv2] [D] [thread 4324] [0.0] [cxt 0] Pipeline 'ingress': end
[16:22:00.133] [bmv2] [D] [thread 4324] [0.0] [cxt 0] Egress port is 0
[16:22:00.133] [bmv2] [D] [thread 4325] [0.0] [cxt 0] Pipeline 'egress': start
[16:22:00.134] [bmv2] [T] [thread 4325] [0.0] [cxt 0] lmpp.p4(229) Condition "hdr.probe.isValid()" (node_8) is false
[16:22:00.134] [bmv2] [T] [thread 4325] [0.0] [cxt 0] lmpp.p4(264) Condition "smt.egress_port == PORT_RECIRCULATE" (node_28) is false
[16:22:00.134] [bmv2] [D] [thread 4325] [0.0] [cxt 0] Pipeline 'egress': end
[16:22:00.134] [bmv2] [D] [thread 4325] [0.0] [cxt 0] Deparser 'deparser': start
[16:22:00.134] [bmv2] [T] [thread 4325] [0.0] [cxt 0] Skipping checksum 'cksum' update because condition not met
[16:22:00.134] [bmv2] [D] [thread 4325] [0.0] [cxt 0] Deparsing header 'ethernet'
[16:22:00.134] [bmv2] [D] [thread 4325] [0.0] [cxt 0] Deparser 'deparser': end
[16:22:00.134] [bmv2] [D] [thread 4324] [1.0] [cxt 0] Processing packet received on port 1
[16:22:00.134] [bmv2] [D] [thread 4324] [1.0] [cxt 0] Parser 'parser': start
[16:22:00.134] [bmv2] [D] [thread 4324] [1.0] [cxt 0] Parser 'parser' entering state 'start'
[16:22:00.134] [bmv2] [D] [thread 4324] [1.0] [cxt 0] Extracting header 'ethernet'
[16:22:00.134] [bmv2] [D] [thread 4324] [1.0] [cxt 0] Parser state 'start': key is 86dd
[16:22:00.134] [bmv2] [T] [thread 4324] [1.0] [cxt 0] Bytes parsed: 14
[16:22:00.134] [bmv2] [D] [thread 4324] [1.0] [cxt 0] Parser 'parser': end
[16:22:00.134] [bmv2] [D] [thread 4324] [1.0] [cxt 0] Pipeline 'ingress': start
[16:22:00.134] [bmv2] [T] [thread 4324] [1.0] [cxt 0] lmpp.p4(198) Condition "hdr.ipv4.isValid()" (node_2) is false
[16:22:00.134] [bmv2] [T] [thread 4324] [1.0] [cxt 0] lmpp.p4(200) Condition "hdr.probe.isValid()" (node_4) is false
[16:22:00.134] [bmv2] [D] [thread 4324] [1.0] [cxt 0] Pipeline 'ingress': end
[16:22:00.134] [bmv2] [D] [thread 4324] [1.0] [cxt 0] Egress port is 0
[16:22:00.134] [bmv2] [D] [thread 4325] [1.0] [cxt 0] Pipeline 'egress': start
[16:22:00.134] [bmv2] [T] [thread 4325] [1.0] [cxt 0] lmpp.p4(229) Condition "hdr.probe.isValid()" (node_8) is false
[16:22:00.134] [bmv2] [T] [thread 4325] [1.0] [cxt 0] lmpp.p4(264) Condition "smt.egress_port == PORT_RECIRCULATE" (node_28) is false
[16:22:00.134] [bmv2] [D] [thread 4325] [1.0] [cxt 0] Pipeline 'egress': end
[16:22:00.134] [bmv2] [D] [thread 4325] [1.0] [cxt 0] Deparser 'deparser': start
[16:22:00.134] [bmv2] [T] [thread 4325] [1.0] [cxt 0] Skipping checksum 'cksum' update because condition not met
[16:22:00.134] [bmv2] [D] [thread 4325] [1.0] [cxt 0] Deparsing header 'ethernet'
[16:22:00.134] [bmv2] [D] [thread 4325] [1.0] [cxt 0] Deparser 'deparser': end
[16:22:00.134] [bmv2] [D] [thread 4329] [0.0] [cxt 0] Transmitting packet of size 110 out of port 0
[16:22:00.134] [bmv2] [D] [thread 4329] [1.0] [cxt 0] Transmitting packet of size 208 out of port 0
[16:22:00.134] [bmv2] [D] [thread 4324] [2.0] [cxt 0] Processing packet received on port 1
[16:22:00.135] [bmv2] [D] [thread 4324] [2.0] [cxt 0] Parser 'parser': start
[16:22:00.135] [bmv2] [D] [thread 4324] [2.0] [cxt 0] Parser 'parser' entering state 'start'
[16:22:00.135] [bmv2] [D] [thread 4324] [2.0] [cxt 0] Extracting header 'ethernet'
[16:22:00.135] [bmv2] [D] [thread 4324] [2.0] [cxt 0] Parser state 'start': key is 86dd
[16:22:00.135] [bmv2] [T] [thread 4324] [2.0] [cxt 0] Bytes parsed: 14
[16:22:00.135] [bmv2] [D] [thread 4324] [2.0] [cxt 0] Parser 'parser': end
[16:22:00.135] [bmv2] [D] [thread 4324] [2.0] [cxt 0] Pipeline 'ingress': start
[16:22:00.135] [bmv2] [T] [thread 4324] [2.0] [cxt 0] lmpp.p4(198) Condition "hdr.ipv4.isValid()" (node_2) is false
[16:22:00.135] [bmv2] [T] [thread 4324] [2.0] [cxt 0] lmpp.p4(200) Condition "hdr.probe.isValid()" (node_4) is false
[16:22:00.135] [bmv2] [D] [thread 4324] [2.0] [cxt 0] Pipeline 'ingress': end
[16:22:00.135] [bmv2] [D] [thread 4324] [2.0] [cxt 0] Egress port is 0
[16:22:00.135] [bmv2] [D] [thread 4324] [3.0] [cxt 0] Processing packet received on port 1
[16:22:00.135] [bmv2] [D] [thread 4324] [3.0] [cxt 0] Parser 'parser': start
[16:22:00.135] [bmv2] [D] [thread 4324] [3.0] [cxt 0] Parser 'parser' entering state 'start'
[16:22:00.135] [bmv2] [D] [thread 4324] [3.0] [cxt 0] Extracting header 'ethernet'
[16:22:00.135] [bmv2] [D] [thread 4324] [3.0] [cxt 0] Parser state 'start': key is 86dd
[16:22:00.135] [bmv2] [T] [thread 4324] [3.0] [cxt 0] Bytes parsed: 14
[16:22:00.135] [bmv2] [D] [thread 4324] [3.0] [cxt 0] Parser 'parser': end
[16:22:00.135] [bmv2] [D] [thread 4324] [3.0] [cxt 0] Pipeline 'ingress': start
[16:22:00.135] [bmv2] [T] [thread 4324] [3.0] [cxt 0] lmpp.p4(198) Condition "hdr.ipv4.isValid()" (node_2) is false
[16:22:00.135] [bmv2] [T] [thread 4324] [3.0] [cxt 0] lmpp.p4(200) Condition "hdr.probe.isValid()" (node_4) is false
[16:22:00.135] [bmv2] [D] [thread 4324] [3.0] [cxt 0] Pipeline 'ingress': end
[16:22:00.135] [bmv2] [D] [thread 4324] [3.0] [cxt 0] Egress port is 0
[16:22:00.135] [bmv2] [D] [thread 4325] [2.0] [cxt 0] Pipeline 'egress': start
[16:22:00.135] [bmv2] [T] [thread 4325] [2.0] [cxt 0] lmpp.p4(229) Condition "hdr.probe.isValid()" (node_8) is false
[16:22:00.135] [bmv2] [T] [thread 4325] [2.0] [cxt 0] lmpp.p4(264) Condition "smt.egress_port == PORT_RECIRCULATE" (node_28) is false
[16:22:00.135] [bmv2] [D] [thread 4325] [2.0] [cxt 0] Pipeline 'egress': end
[16:22:00.135] [bmv2] [D] [thread 4325] [2.0] [cxt 0] Deparser 'deparser': start
[16:22:00.135] [bmv2] [T] [thread 4325] [2.0] [cxt 0] Skipping checksum 'cksum' update because condition not met
[16:22:00.135] [bmv2] [D] [thread 4325] [2.0] [cxt 0] Deparsing header 'ethernet'
[16:22:00.135] [bmv2] [D] [thread 4325] [2.0] [cxt 0] Deparser 'deparser': end
[16:22:00.135] [bmv2] [D] [thread 4325] [3.0] [cxt 0] Pipeline 'egress': start
[16:22:00.135] [bmv2] [T] [thread 4325] [3.0] [cxt 0] lmpp.p4(229) Condition "hdr.probe.isValid()" (node_8) is false
[16:22:00.135] [bmv2] [T] [thread 4325] [3.0] [cxt 0] lmpp.p4(264) Condition "smt.egress_port == PORT_RECIRCULATE" (node_28) is false
[16:22:00.135] [bmv2] [D] [thread 4325] [3.0] [cxt 0] Pipeline 'egress': end
[16:22:00.135] [bmv2] [D] [thread 4325] [3.0] [cxt 0] Deparser 'deparser': start
[16:22:00.135] [bmv2] [T] [thread 4325] [3.0] [cxt 0] Skipping checksum 'cksum' update because condition not met
[16:22:00.135] [bmv2] [D] [thread 4325] [3.0] [cxt 0] Deparsing header 'ethernet'
[16:22:00.135] [bmv2] [D] [thread 4325] [3.0] [cxt 0] Deparser 'deparser': end
[16:22:00.135] [bmv2] [D] [thread 4329] [2.0] [cxt 0] Transmitting packet of size 208 out of port 0
[16:22:00.135] [bmv2] [D] [thread 4329] [3.0] [cxt 0] Transmitting packet of size 90 out of port 0
[16:22:00.271] [bmv2] [D] [thread 4324] [4.0] [cxt 0] Processing packet received on port 1
[16:22:00.271] [bmv2] [D] [thread 4324] [4.0] [cxt 0] Parser 'parser': start
[16:22:00.271] [bmv2] [D] [thread 4324] [4.0] [cxt 0] Parser 'parser' entering state 'start'
[16:22:00.271] [bmv2] [D] [thread 4324] [4.0] [cxt 0] Extracting header 'ethernet'
[16:22:00.271] [bmv2] [D] [thread 4324] [4.0] [cxt 0] Parser state 'start': key is 86dd
[16:22:00.271] [bmv2] [T] [thread 4324] [4.0] [cxt 0] Bytes parsed: 14
[16:22:00.271] [bmv2] [D] [thread 4324] [4.0] [cxt 0] Parser 'parser': end
[16:22:00.271] [bmv2] [D] [thread 4324] [4.0] [cxt 0] Pipeline 'ingress': start
[16:22:00.271] [bmv2] [T] [thread 4324] [4.0] [cxt 0] lmpp.p4(198) Condition "hdr.ipv4.isValid()" (node_2) is false
[16:22:00.271] [bmv2] [T] [thread 4324] [4.0] [cxt 0] lmpp.p4(200) Condition "hdr.probe.isValid()" (node_4) is false
[16:22:00.271] [bmv2] [D] [thread 4324] [4.0] [cxt 0] Pipeline 'ingress': end
[16:22:00.271] [bmv2] [D] [thread 4324] [4.0] [cxt 0] Egress port is 0
[16:22:00.271] [bmv2] [D] [thread 4325] [4.0] [cxt 0] Pipeline 'egress': start
[16:22:00.272] [bmv2] [T] [thread 4325] [4.0] [cxt 0] lmpp.p4(229) Condition "hdr.probe.isValid()" (node_8) is false
[16:22:00.272] [bmv2] [T] [thread 4325] [4.0] [cxt 0] lmpp.p4(264) Condition "smt.egress_port == PORT_RECIRCULATE" (node_28) is false
[16:22:00.272] [bmv2] [D] [thread 4325] [4.0] [cxt 0] Pipeline 'egress': end
[16:22:00.272] [bmv2] [D] [thread 4325] [4.0] [cxt 0] Deparser 'deparser': start
[16:22:00.272] [bmv2] [T] [thread 4325] [4.0] [cxt 0] Skipping checksum 'cksum' update because condition not met
[16:22:00.272] [bmv2] [D] [thread 4325] [4.0] [cxt 0] Deparsing header 'ethernet'
[16:22:00.272] [bmv2] [D] [thread 4325] [4.0] [cxt 0] Deparser 'deparser': end
[16:22:00.272] [bmv2] [D] [thread 4329] [4.0] [cxt 0] Transmitting packet of size 196 out of port 0
[16:22:00.304] [bmv2] [D] [thread 4324] [5.0] [cxt 0] Processing packet received on port 5
[16:22:00.305] [bmv2] [D] [thread 4324] [5.0] [cxt 0] Parser 'parser': start
[16:22:00.305] [bmv2] [D] [thread 4324] [5.0] [cxt 0] Parser 'parser' entering state 'start'
[16:22:00.305] [bmv2] [D] [thread 4324] [5.0] [cxt 0] Extracting header 'ethernet'
[16:22:00.305] [bmv2] [D] [thread 4324] [5.0] [cxt 0] Parser state 'start': key is 86dd
[16:22:00.305] [bmv2] [T] [thread 4324] [5.0] [cxt 0] Bytes parsed: 14
[16:22:00.305] [bmv2] [D] [thread 4324] [5.0] [cxt 0] Parser 'parser': end
[16:22:00.305] [bmv2] [D] [thread 4324] [5.0] [cxt 0] Pipeline 'ingress': start
[16:22:00.305] [bmv2] [T] [thread 4324] [5.0] [cxt 0] lmpp.p4(198) Condition "hdr.ipv4.isValid()" (node_2) is false
[16:22:00.305] [bmv2] [T] [thread 4324] [5.0] [cxt 0] lmpp.p4(200) Condition "hdr.probe.isValid()" (node_4) is false
[16:22:00.305] [bmv2] [D] [thread 4324] [5.0] [cxt 0] Pipeline 'ingress': end
[16:22:00.305] [bmv2] [D] [thread 4324] [5.0] [cxt 0] Egress port is 0
[16:22:00.305] [bmv2] [D] [thread 4325] [5.0] [cxt 0] Pipeline 'egress': start
[16:22:00.305] [bmv2] [T] [thread 4325] [5.0] [cxt 0] lmpp.p4(229) Condition "hdr.probe.isValid()" (node_8) is false
[16:22:00.305] [bmv2] [T] [thread 4325] [5.0] [cxt 0] lmpp.p4(264) Condition "smt.egress_port == PORT_RECIRCULATE" (node_28) is false
[16:22:00.305] [bmv2] [D] [thread 4325] [5.0] [cxt 0] Pipeline 'egress': end
[16:22:00.305] [bmv2] [D] [thread 4325] [5.0] [cxt 0] Deparser 'deparser': start
[16:22:00.305] [bmv2] [T] [thread 4325] [5.0] [cxt 0] Skipping checksum 'cksum' update because condition not met
[16:22:00.305] [bmv2] [D] [thread 4325] [5.0] [cxt 0] Deparsing header 'ethernet'
[16:22:00.305] [bmv2] [D] [thread 4325] [5.0] [cxt 0] Deparser 'deparser': end
[16:22:00.305] [bmv2] [D] [thread 4329] [5.0] [cxt 0] Transmitting packet of size 196 out of port 0
[16:22:00.328] [bmv2] [D] [thread 4324] [6.0] [cxt 0] Processing packet received on port 1
[16:22:00.328] [bmv2] [D] [thread 4324] [6.0] [cxt 0] Parser 'parser': start
[16:22:00.328] [bmv2] [D] [thread 4324] [6.0] [cxt 0] Parser 'parser' entering state 'start'
[16:22:00.328] [bmv2] [D] [thread 4324] [6.0] [cxt 0] Extracting header 'ethernet'
[16:22:00.328] [bmv2] [D] [thread 4324] [6.0] [cxt 0] Parser state 'start': key is 86dd
[16:22:00.328] [bmv2] [T] [thread 4324] [6.0] [cxt 0] Bytes parsed: 14
[16:22:00.328] [bmv2] [D] [thread 4324] [6.0] [cxt 0] Parser 'parser': end
[16:22:00.328] [bmv2] [D] [thread 4324] [6.0] [cxt 0] Pipeline 'ingress': start
[16:22:00.328] [bmv2] [T] [thread 4324] [6.0] [cxt 0] lmpp.p4(198) Condition "hdr.ipv4.isValid()" (node_2) is false
[16:22:00.328] [bmv2] [T] [thread 4324] [6.0] [cxt 0] lmpp.p4(200) Condition "hdr.probe.isValid()" (node_4) is false
[16:22:00.328] [bmv2] [D] [thread 4324] [6.0] [cxt 0] Pipeline 'ingress': end
[16:22:00.328] [bmv2] [D] [thread 4324] [6.0] [cxt 0] Egress port is 0
[16:22:00.328] [bmv2] [D] [thread 4325] [6.0] [cxt 0] Pipeline 'egress': start
[16:22:00.328] [bmv2] [T] [thread 4325] [6.0] [cxt 0] lmpp.p4(229) Condition "hdr.probe.isValid()" (node_8) is false
[16:22:00.328] [bmv2] [T] [thread 4325] [6.0] [cxt 0] lmpp.p4(264) Condition "smt.egress_port == PORT_RECIRCULATE" (node_28) is false
[16:22:00.328] [bmv2] [D] [thread 4325] [6.0] [cxt 0] Pipeline 'egress': end
[16:22:00.328] [bmv2] [D] [thread 4325] [6.0] [cxt 0] Deparser 'deparser': start
[16:22:00.328] [bmv2] [T] [thread 4325] [6.0] [cxt 0] Skipping checksum 'cksum' update because condition not met
[16:22:00.328] [bmv2] [D] [thread 4325] [6.0] [cxt 0] Deparsing header 'ethernet'
[16:22:00.328] [bmv2] [D] [thread 4325] [6.0] [cxt 0] Deparser 'deparser': end
[16:22:00.328] [bmv2] [D] [thread 4329] [6.0] [cxt 0] Transmitting packet of size 208 out of port 0
[16:22:00.422] [bmv2] [D] [thread 4324] [7.0] [cxt 0] Processing packet received on port 1
[16:22:00.422] [bmv2] [D] [thread 4324] [7.0] [cxt 0] Parser 'parser': start
[16:22:00.422] [bmv2] [D] [thread 4324] [7.0] [cxt 0] Parser 'parser' entering state 'start'
[16:22:00.422] [bmv2] [D] [thread 4324] [7.0] [cxt 0] Extracting header 'ethernet'
[16:22:00.422] [bmv2] [D] [thread 4324] [7.0] [cxt 0] Parser state 'start': key is 86dd
[16:22:00.422] [bmv2] [T] [thread 4324] [7.0] [cxt 0] Bytes parsed: 14
[16:22:00.422] [bmv2] [D] [thread 4324] [7.0] [cxt 0] Parser 'parser': end
[16:22:00.422] [bmv2] [D] [thread 4324] [7.0] [cxt 0] Pipeline 'ingress': start
[16:22:00.422] [bmv2] [T] [thread 4324] [7.0] [cxt 0] lmpp.p4(198) Condition "hdr.ipv4.isValid()" (node_2) is false
[16:22:00.422] [bmv2] [T] [thread 4324] [7.0] [cxt 0] lmpp.p4(200) Condition "hdr.probe.isValid()" (node_4) is false
[16:22:00.422] [bmv2] [D] [thread 4324] [7.0] [cxt 0] Pipeline 'ingress': end
[16:22:00.422] [bmv2] [D] [thread 4324] [7.0] [cxt 0] Egress port is 0
[16:22:00.422] [bmv2] [D] [thread 4325] [7.0] [cxt 0] Pipeline 'egress': start
[16:22:00.422] [bmv2] [T] [thread 4325] [7.0] [cxt 0] lmpp.p4(229) Condition "hdr.probe.isValid()" (node_8) is false
[16:22:00.422] [bmv2] [T] [thread 4325] [7.0] [cxt 0] lmpp.p4(264) Condition "smt.egress_port == PORT_RECIRCULATE" (node_28) is false
[16:22:00.422] [bmv2] [D] [thread 4325] [7.0] [cxt 0] Pipeline 'egress': end
[16:22:00.422] [bmv2] [D] [thread 4325] [7.0] [cxt 0] Deparser 'deparser': start
[16:22:00.422] [bmv2] [T] [thread 4325] [7.0] [cxt 0] Skipping checksum 'cksum' update because condition not met
[16:22:00.422] [bmv2] [D] [thread 4325] [7.0] [cxt 0] Deparsing header 'ethernet'
[16:22:00.422] [bmv2] [D] [thread 4325] [7.0] [cxt 0] Deparser 'deparser': end
[16:22:00.423] [bmv2] [D] [thread 4329] [7.0] [cxt 0] Transmitting packet of size 107 out of port 0
[16:22:00.454] [bmv2] [D] [thread 4324] [8.0] [cxt 0] Processing packet received on port 5
[16:22:00.454] [bmv2] [D] [thread 4324] [8.0] [cxt 0] Parser 'parser': start
[16:22:00.454] [bmv2] [D] [thread 4324] [8.0] [cxt 0] Parser 'parser' entering state 'start'
[16:22:00.454] [bmv2] [D] [thread 4324] [8.0] [cxt 0] Extracting header 'ethernet'
[16:22:00.454] [bmv2] [D] [thread 4324] [8.0] [cxt 0] Parser state 'start': key is 86dd
[16:22:00.454] [bmv2] [T] [thread 4324] [8.0] [cxt 0] Bytes parsed: 14
[16:22:00.454] [bmv2] [D] [thread 4324] [8.0] [cxt 0] Parser 'parser': end
[16:22:00.454] [bmv2] [D] [thread 4324] [8.0] [cxt 0] Pipeline 'ingress': start
[16:22:00.454] [bmv2] [T] [thread 4324] [8.0] [cxt 0] lmpp.p4(198) Condition "hdr.ipv4.isValid()" (node_2) is false
[16:22:00.454] [bmv2] [T] [thread 4324] [8.0] [cxt 0] lmpp.p4(200) Condition "hdr.probe.isValid()" (node_4) is false
[16:22:00.454] [bmv2] [D] [thread 4324] [8.0] [cxt 0] Pipeline 'ingress': end
[16:22:00.454] [bmv2] [D] [thread 4324] [8.0] [cxt 0] Egress port is 0
[16:22:00.454] [bmv2] [D] [thread 4325] [8.0] [cxt 0] Pipeline 'egress': start
[16:22:00.454] [bmv2] [T] [thread 4325] [8.0] [cxt 0] lmpp.p4(229) Condition "hdr.probe.isValid()" (node_8) is false
[16:22:00.454] [bmv2] [T] [thread 4325] [8.0] [cxt 0] lmpp.p4(264) Condition "smt.egress_port == PORT_RECIRCULATE" (node_28) is false
[16:22:00.454] [bmv2] [D] [thread 4325] [8.0] [cxt 0] Pipeline 'egress': end
[16:22:00.454] [bmv2] [D] [thread 4325] [8.0] [cxt 0] Deparser 'deparser': start
[16:22:00.454] [bmv2] [T] [thread 4325] [8.0] [cxt 0] Skipping checksum 'cksum' update because condition not met
[16:22:00.454] [bmv2] [D] [thread 4325] [8.0] [cxt 0] Deparsing header 'ethernet'
[16:22:00.454] [bmv2] [D] [thread 4325] [8.0] [cxt 0] Deparser 'deparser': end
[16:22:00.454] [bmv2] [D] [thread 4329] [8.0] [cxt 0] Transmitting packet of size 107 out of port 0
[16:22:00.541] [bmv2] [D] [thread 4324] [9.0] [cxt 0] Processing packet received on port 1
[16:22:00.541] [bmv2] [D] [thread 4324] [9.0] [cxt 0] Parser 'parser': start
[16:22:00.541] [bmv2] [D] [thread 4324] [9.0] [cxt 0] Parser 'parser' entering state 'start'
[16:22:00.541] [bmv2] [D] [thread 4324] [9.0] [cxt 0] Extracting header 'ethernet'
[16:22:00.541] [bmv2] [D] [thread 4324] [9.0] [cxt 0] Parser state 'start': key is 86dd
[16:22:00.541] [bmv2] [T] [thread 4324] [9.0] [cxt 0] Bytes parsed: 14
[16:22:00.541] [bmv2] [D] [thread 4324] [9.0] [cxt 0] Parser 'parser': end
[16:22:00.541] [bmv2] [D] [thread 4324] [9.0] [cxt 0] Pipeline 'ingress': start
[16:22:00.542] [bmv2] [T] [thread 4324] [9.0] [cxt 0] lmpp.p4(198) Condition "hdr.ipv4.isValid()" (node_2) is false
[16:22:00.542] [bmv2] [T] [thread 4324] [9.0] [cxt 0] lmpp.p4(200) Condition "hdr.probe.isValid()" (node_4) is false
[16:22:00.542] [bmv2] [D] [thread 4324] [9.0] [cxt 0] Pipeline 'ingress': end
[16:22:00.542] [bmv2] [D] [thread 4324] [9.0] [cxt 0] Egress port is 0
[16:22:00.542] [bmv2] [D] [thread 4325] [9.0] [cxt 0] Pipeline 'egress': start
[16:22:00.542] [bmv2] [T] [thread 4325] [9.0] [cxt 0] lmpp.p4(229) Condition "hdr.probe.isValid()" (node_8) is false
[16:22:00.542] [bmv2] [T] [thread 4325] [9.0] [cxt 0] lmpp.p4(264) Condition "smt.egress_port == PORT_RECIRCULATE" (node_28) is false
[16:22:00.542] [bmv2] [D] [thread 4325] [9.0] [cxt 0] Pipeline 'egress': end
[16:22:00.542] [bmv2] [D] [thread 4325] [9.0] [cxt 0] Deparser 'deparser': start
[16:22:00.542] [bmv2] [T] [thread 4325] [9.0] [cxt 0] Skipping checksum 'cksum' update because condition not met
[16:22:00.542] [bmv2] [D] [thread 4325] [9.0] [cxt 0] Deparsing header 'ethernet'
[16:22:00.542] [bmv2] [D] [thread 4325] [9.0] [cxt 0] Deparser 'deparser': end
[16:22:00.542] [bmv2] [D] [thread 4329] [9.0] [cxt 0] Transmitting packet of size 196 out of port 0
[16:22:00.681] [bmv2] [D] [thread 4324] [10.0] [cxt 0] Processing packet received on port 1
[16:22:00.681] [bmv2] [D] [thread 4324] [10.0] [cxt 0] Parser 'parser': start
[16:22:00.681] [bmv2] [D] [thread 4324] [10.0] [cxt 0] Parser 'parser' entering state 'start'
[16:22:00.681] [bmv2] [D] [thread 4324] [10.0] [cxt 0] Extracting header 'ethernet'
[16:22:00.681] [bmv2] [D] [thread 4324] [10.0] [cxt 0] Parser state 'start': key is 86dd
[16:22:00.681] [bmv2] [T] [thread 4324] [10.0] [cxt 0] Bytes parsed: 14
[16:22:00.681] [bmv2] [D] [thread 4324] [10.0] [cxt 0] Parser 'parser': end
[16:22:00.681] [bmv2] [D] [thread 4324] [10.0] [cxt 0] Pipeline 'ingress': start
[16:22:00.681] [bmv2] [T] [thread 4324] [10.0] [cxt 0] lmpp.p4(198) Condition "hdr.ipv4.isValid()" (node_2) is false
[16:22:00.681] [bmv2] [T] [thread 4324] [10.0] [cxt 0] lmpp.p4(200) Condition "hdr.probe.isValid()" (node_4) is false
[16:22:00.681] [bmv2] [D] [thread 4324] [10.0] [cxt 0] Pipeline 'ingress': end
[16:22:00.681] [bmv2] [D] [thread 4324] [10.0] [cxt 0] Egress port is 0
[16:22:00.681] [bmv2] [D] [thread 4325] [10.0] [cxt 0] Pipeline 'egress': start
[16:22:00.681] [bmv2] [T] [thread 4325] [10.0] [cxt 0] lmpp.p4(229) Condition "hdr.probe.isValid()" (node_8) is false
[16:22:00.681] [bmv2] [T] [thread 4325] [10.0] [cxt 0] lmpp.p4(264) Condition "smt.egress_port == PORT_RECIRCULATE" (node_28) is false
[16:22:00.681] [bmv2] [D] [thread 4325] [10.0] [cxt 0] Pipeline 'egress': end
[16:22:00.681] [bmv2] [D] [thread 4325] [10.0] [cxt 0] Deparser 'deparser': start
[16:22:00.681] [bmv2] [T] [thread 4325] [10.0] [cxt 0] Skipping checksum 'cksum' update because condition not met
[16:22:00.681] [bmv2] [D] [thread 4325] [10.0] [cxt 0] Deparsing header 'ethernet'
[16:22:00.681] [bmv2] [D] [thread 4325] [10.0] [cxt 0] Deparser 'deparser': end
[16:22:00.681] [bmv2] [D] [thread 4329] [10.0] [cxt 0] Transmitting packet of size 107 out of port 0
[16:22:01.109] [bmv2] [D] [thread 4324] [11.0] [cxt 0] Processing packet received on port 2
[16:22:01.109] [bmv2] [D] [thread 4324] [11.0] [cxt 0] Parser 'parser': start
[16:22:01.109] [bmv2] [D] [thread 4324] [11.0] [cxt 0] Parser 'parser' entering state 'start'
[16:22:01.109] [bmv2] [D] [thread 4324] [11.0] [cxt 0] Extracting header 'ethernet'
[16:22:01.109] [bmv2] [D] [thread 4324] [11.0] [cxt 0] Parser state 'start': key is 86dd
[16:22:01.109] [bmv2] [T] [thread 4324] [11.0] [cxt 0] Bytes parsed: 14
[16:22:01.109] [bmv2] [D] [thread 4324] [11.0] [cxt 0] Parser 'parser': end
[16:22:01.109] [bmv2] [D] [thread 4324] [11.0] [cxt 0] Pipeline 'ingress': start
[16:22:01.110] [bmv2] [T] [thread 4324] [11.0] [cxt 0] lmpp.p4(198) Condition "hdr.ipv4.isValid()" (node_2) is false
[16:22:01.110] [bmv2] [T] [thread 4324] [11.0] [cxt 0] lmpp.p4(200) Condition "hdr.probe.isValid()" (node_4) is false
[16:22:01.110] [bmv2] [D] [thread 4324] [11.0] [cxt 0] Pipeline 'ingress': end
[16:22:01.110] [bmv2] [D] [thread 4324] [11.0] [cxt 0] Egress port is 0
[16:22:01.110] [bmv2] [D] [thread 4325] [11.0] [cxt 0] Pipeline 'egress': start
[16:22:01.110] [bmv2] [T] [thread 4325] [11.0] [cxt 0] lmpp.p4(229) Condition "hdr.probe.isValid()" (node_8) is false
[16:22:01.110] [bmv2] [T] [thread 4325] [11.0] [cxt 0] lmpp.p4(264) Condition "smt.egress_port == PORT_RECIRCULATE" (node_28) is false
[16:22:01.110] [bmv2] [D] [thread 4325] [11.0] [cxt 0] Pipeline 'egress': end
[16:22:01.110] [bmv2] [D] [thread 4325] [11.0] [cxt 0] Deparser 'deparser': start
[16:22:01.110] [bmv2] [T] [thread 4325] [11.0] [cxt 0] Skipping checksum 'cksum' update because condition not met
[16:22:01.110] [bmv2] [D] [thread 4325] [11.0] [cxt 0] Deparsing header 'ethernet'
[16:22:01.110] [bmv2] [D] [thread 4325] [11.0] [cxt 0] Deparser 'deparser': end
[16:22:01.110] [bmv2] [D] [thread 4329] [11.0] [cxt 0] Transmitting packet of size 196 out of port 0
[16:22:01.139] [bmv2] [D] [thread 4324] [12.0] [cxt 0] Processing packet received on port 5
[16:22:01.139] [bmv2] [D] [thread 4324] [12.0] [cxt 0] Parser 'parser': start
[16:22:01.139] [bmv2] [D] [thread 4324] [12.0] [cxt 0] Parser 'parser' entering state 'start'
[16:22:01.139] [bmv2] [D] [thread 4324] [12.0] [cxt 0] Extracting header 'ethernet'
[16:22:01.139] [bmv2] [D] [thread 4324] [12.0] [cxt 0] Parser state 'start': key is 86dd
[16:22:01.139] [bmv2] [T] [thread 4324] [12.0] [cxt 0] Bytes parsed: 14
[16:22:01.139] [bmv2] [D] [thread 4324] [12.0] [cxt 0] Parser 'parser': end
[16:22:01.139] [bmv2] [D] [thread 4324] [12.0] [cxt 0] Pipeline 'ingress': start
[16:22:01.139] [bmv2] [T] [thread 4324] [12.0] [cxt 0] lmpp.p4(198) Condition "hdr.ipv4.isValid()" (node_2) is false
[16:22:01.139] [bmv2] [T] [thread 4324] [12.0] [cxt 0] lmpp.p4(200) Condition "hdr.probe.isValid()" (node_4) is false
[16:22:01.139] [bmv2] [D] [thread 4324] [12.0] [cxt 0] Pipeline 'ingress': end
[16:22:01.139] [bmv2] [D] [thread 4324] [12.0] [cxt 0] Egress port is 0
[16:22:01.139] [bmv2] [D] [thread 4325] [12.0] [cxt 0] Pipeline 'egress': start
[16:22:01.139] [bmv2] [T] [thread 4325] [12.0] [cxt 0] lmpp.p4(229) Condition "hdr.probe.isValid()" (node_8) is false
[16:22:01.139] [bmv2] [T] [thread 4325] [12.0] [cxt 0] lmpp.p4(264) Condition "smt.egress_port == PORT_RECIRCULATE" (node_28) is false
[16:22:01.139] [bmv2] [D] [thread 4325] [12.0] [cxt 0] Pipeline 'egress': end
[16:22:01.139] [bmv2] [D] [thread 4325] [12.0] [cxt 0] Deparser 'deparser': start
[16:22:01.139] [bmv2] [T] [thread 4325] [12.0] [cxt 0] Skipping checksum 'cksum' update because condition not met
[16:22:01.139] [bmv2] [D] [thread 4325] [12.0] [cxt 0] Deparsing header 'ethernet'
[16:22:01.139] [bmv2] [D] [thread 4325] [12.0] [cxt 0] Deparser 'deparser': end
[16:22:01.139] [bmv2] [D] [thread 4329] [12.0] [cxt 0] Transmitting packet of size 196 out of port 0
[16:22:01.196] [bmv2] [D] [thread 4324] [13.0] [cxt 0] Processing packet received on port 2
[16:22:01.196] [bmv2] [D] [thread 4324] [13.0] [cxt 0] Parser 'parser': start
[16:22:01.196] [bmv2] [D] [thread 4324] [13.0] [cxt 0] Parser 'parser' entering state 'start'
[16:22:01.196] [bmv2] [D] [thread 4324] [13.0] [cxt 0] Extracting header 'ethernet'
[16:22:01.196] [bmv2] [D] [thread 4324] [13.0] [cxt 0] Parser state 'start': key is 86dd
[16:22:01.196] [bmv2] [T] [thread 4324] [13.0] [cxt 0] Bytes parsed: 14
[16:22:01.196] [bmv2] [D] [thread 4324] [13.0] [cxt 0] Parser 'parser': end
[16:22:01.196] [bmv2] [D] [thread 4324] [13.0] [cxt 0] Pipeline 'ingress': start
[16:22:01.196] [bmv2] [T] [thread 4324] [13.0] [cxt 0] lmpp.p4(198) Condition "hdr.ipv4.isValid()" (node_2) is false
[16:22:01.196] [bmv2] [T] [thread 4324] [13.0] [cxt 0] lmpp.p4(200) Condition "hdr.probe.isValid()" (node_4) is false
[16:22:01.196] [bmv2] [D] [thread 4324] [13.0] [cxt 0] Pipeline 'ingress': end
[16:22:01.196] [bmv2] [D] [thread 4324] [13.0] [cxt 0] Egress port is 0
[16:22:01.196] [bmv2] [D] [thread 4325] [13.0] [cxt 0] Pipeline 'egress': start
[16:22:01.196] [bmv2] [T] [thread 4325] [13.0] [cxt 0] lmpp.p4(229) Condition "hdr.probe.isValid()" (node_8) is false
[16:22:01.196] [bmv2] [T] [thread 4325] [13.0] [cxt 0] lmpp.p4(264) Condition "smt.egress_port == PORT_RECIRCULATE" (node_28) is false
[16:22:01.196] [bmv2] [D] [thread 4325] [13.0] [cxt 0] Pipeline 'egress': end
[16:22:01.196] [bmv2] [D] [thread 4325] [13.0] [cxt 0] Deparser 'deparser': start
[16:22:01.196] [bmv2] [T] [thread 4325] [13.0] [cxt 0] Skipping checksum 'cksum' update because condition not met
[16:22:01.196] [bmv2] [D] [thread 4325] [13.0] [cxt 0] Deparsing header 'ethernet'
[16:22:01.196] [bmv2] [D] [thread 4325] [13.0] [cxt 0] Deparser 'deparser': end
[16:22:01.196] [bmv2] [D] [thread 4329] [13.0] [cxt 0] Transmitting packet of size 196 out of port 0
[16:22:01.471] [bmv2] [D] [thread 4324] [14.0] [cxt 0] Processing packet received on port 1
[16:22:01.471] [bmv2] [D] [thread 4324] [14.0] [cxt 0] Parser 'parser': start
[16:22:01.471] [bmv2] [D] [thread 4324] [14.0] [cxt 0] Parser 'parser' entering state 'start'
[16:22:01.471] [bmv2] [D] [thread 4324] [14.0] [cxt 0] Extracting header 'ethernet'
[16:22:01.471] [bmv2] [D] [thread 4324] [14.0] [cxt 0] Parser state 'start': key is 86dd
[16:22:01.471] [bmv2] [T] [thread 4324] [14.0] [cxt 0] Bytes parsed: 14
[16:22:01.471] [bmv2] [D] [thread 4324] [14.0] [cxt 0] Parser 'parser': end
[16:22:01.471] [bmv2] [D] [thread 4324] [14.0] [cxt 0] Pipeline 'ingress': start
[16:22:01.471] [bmv2] [T] [thread 4324] [14.0] [cxt 0] lmpp.p4(198) Condition "hdr.ipv4.isValid()" (node_2) is false
[16:22:01.471] [bmv2] [T] [thread 4324] [14.0] [cxt 0] lmpp.p4(200) Condition "hdr.probe.isValid()" (node_4) is false
[16:22:01.471] [bmv2] [D] [thread 4324] [14.0] [cxt 0] Pipeline 'ingress': end
[16:22:01.471] [bmv2] [D] [thread 4324] [14.0] [cxt 0] Egress port is 0
[16:22:01.471] [bmv2] [D] [thread 4325] [14.0] [cxt 0] Pipeline 'egress': start
[16:22:01.472] [bmv2] [T] [thread 4325] [14.0] [cxt 0] lmpp.p4(229) Condition "hdr.probe.isValid()" (node_8) is false
[16:22:01.472] [bmv2] [T] [thread 4325] [14.0] [cxt 0] lmpp.p4(264) Condition "smt.egress_port == PORT_RECIRCULATE" (node_28) is false
[16:22:01.472] [bmv2] [D] [thread 4325] [14.0] [cxt 0] Pipeline 'egress': end
[16:22:01.472] [bmv2] [D] [thread 4325] [14.0] [cxt 0] Deparser 'deparser': start
[16:22:01.472] [bmv2] [T] [thread 4325] [14.0] [cxt 0] Skipping checksum 'cksum' update because condition not met
[16:22:01.472] [bmv2] [D] [thread 4325] [14.0] [cxt 0] Deparsing header 'ethernet'
[16:22:01.472] [bmv2] [D] [thread 4325] [14.0] [cxt 0] Deparser 'deparser': end
[16:22:01.472] [bmv2] [D] [thread 4329] [14.0] [cxt 0] Transmitting packet of size 196 out of port 0
[16:22:01.507] [bmv2] [D] [thread 4324] [15.0] [cxt 0] Processing packet received on port 5
[16:22:01.507] [bmv2] [D] [thread 4324] [15.0] [cxt 0] Parser 'parser': start
[16:22:01.507] [bmv2] [D] [thread 4324] [15.0] [cxt 0] Parser 'parser' entering state 'start'
[16:22:01.507] [bmv2] [D] [thread 4324] [15.0] [cxt 0] Extracting header 'ethernet'
[16:22:01.507] [bmv2] [D] [thread 4324] [15.0] [cxt 0] Parser state 'start': key is 86dd
[16:22:01.507] [bmv2] [T] [thread 4324] [15.0] [cxt 0] Bytes parsed: 14
[16:22:01.507] [bmv2] [D] [thread 4324] [15.0] [cxt 0] Parser 'parser': end
[16:22:01.507] [bmv2] [D] [thread 4324] [15.0] [cxt 0] Pipeline 'ingress': start
[16:22:01.507] [bmv2] [T] [thread 4324] [15.0] [cxt 0] lmpp.p4(198) Condition "hdr.ipv4.isValid()" (node_2) is false
[16:22:01.507] [bmv2] [T] [thread 4324] [15.0] [cxt 0] lmpp.p4(200) Condition "hdr.probe.isValid()" (node_4) is false
[16:22:01.507] [bmv2] [D] [thread 4324] [15.0] [cxt 0] Pipeline 'ingress': end
[16:22:01.507] [bmv2] [D] [thread 4324] [15.0] [cxt 0] Egress port is 0
[16:22:01.507] [bmv2] [D] [thread 4325] [15.0] [cxt 0] Pipeline 'egress': start
[16:22:01.507] [bmv2] [T] [thread 4325] [15.0] [cxt 0] lmpp.p4(229) Condition "hdr.probe.isValid()" (node_8) is false
[16:22:01.507] [bmv2] [T] [thread 4325] [15.0] [cxt 0] lmpp.p4(264) Condition "smt.egress_port == PORT_RECIRCULATE" (node_28) is false
[16:22:01.507] [bmv2] [D] [thread 4325] [15.0] [cxt 0] Pipeline 'egress': end
[16:22:01.508] [bmv2] [D] [thread 4325] [15.0] [cxt 0] Deparser 'deparser': start
[16:22:01.508] [bmv2] [T] [thread 4325] [15.0] [cxt 0] Skipping checksum 'cksum' update because condition not met
[16:22:01.508] [bmv2] [D] [thread 4325] [15.0] [cxt 0] Deparsing header 'ethernet'
[16:22:01.508] [bmv2] [D] [thread 4325] [15.0] [cxt 0] Deparser 'deparser': end
[16:22:01.508] [bmv2] [D] [thread 4329] [15.0] [cxt 0] Transmitting packet of size 196 out of port 0
[16:22:01.739] [bmv2] [D] [thread 4324] [16.0] [cxt 0] Processing packet received on port 1
[16:22:01.739] [bmv2] [D] [thread 4324] [16.0] [cxt 0] Parser 'parser': start
[16:22:01.739] [bmv2] [D] [thread 4324] [16.0] [cxt 0] Parser 'parser' entering state 'start'
[16:22:01.739] [bmv2] [D] [thread 4324] [16.0] [cxt 0] Extracting header 'ethernet'
[16:22:01.739] [bmv2] [D] [thread 4324] [16.0] [cxt 0] Parser state 'start': key is 86dd
[16:22:01.739] [bmv2] [T] [thread 4324] [16.0] [cxt 0] Bytes parsed: 14
[16:22:01.739] [bmv2] [D] [thread 4324] [16.0] [cxt 0] Parser 'parser': end
[16:22:01.739] [bmv2] [D] [thread 4324] [16.0] [cxt 0] Pipeline 'ingress': start
[16:22:01.739] [bmv2] [T] [thread 4324] [16.0] [cxt 0] lmpp.p4(198) Condition "hdr.ipv4.isValid()" (node_2) is false
[16:22:01.739] [bmv2] [T] [thread 4324] [16.0] [cxt 0] lmpp.p4(200) Condition "hdr.probe.isValid()" (node_4) is false
[16:22:01.739] [bmv2] [D] [thread 4324] [16.0] [cxt 0] Pipeline 'ingress': end
[16:22:01.739] [bmv2] [D] [thread 4324] [16.0] [cxt 0] Egress port is 0
[16:22:01.739] [bmv2] [D] [thread 4325] [16.0] [cxt 0] Pipeline 'egress': start
[16:22:01.739] [bmv2] [T] [thread 4325] [16.0] [cxt 0] lmpp.p4(229) Condition "hdr.probe.isValid()" (node_8) is false
[16:22:01.739] [bmv2] [T] [thread 4325] [16.0] [cxt 0] lmpp.p4(264) Condition "smt.egress_port == PORT_RECIRCULATE" (node_28) is false
[16:22:01.739] [bmv2] [D] [thread 4325] [16.0] [cxt 0] Pipeline 'egress': end
[16:22:01.739] [bmv2] [D] [thread 4325] [16.0] [cxt 0] Deparser 'deparser': start
[16:22:01.739] [bmv2] [T] [thread 4325] [16.0] [cxt 0] Skipping checksum 'cksum' update because condition not met
[16:22:01.739] [bmv2] [D] [thread 4325] [16.0] [cxt 0] Deparsing header 'ethernet'
[16:22:01.739] [bmv2] [D] [thread 4325] [16.0] [cxt 0] Deparser 'deparser': end
[16:22:01.739] [bmv2] [D] [thread 4329] [16.0] [cxt 0] Transmitting packet of size 196 out of port 0
[16:22:02.064] [bmv2] [D] [thread 4324] [17.0] [cxt 0] Processing packet received on port 2
[16:22:02.064] [bmv2] [D] [thread 4324] [17.0] [cxt 0] Parser 'parser': start
[16:22:02.064] [bmv2] [D] [thread 4324] [17.0] [cxt 0] Parser 'parser' entering state 'start'
[16:22:02.064] [bmv2] [D] [thread 4324] [17.0] [cxt 0] Extracting header 'ethernet'
[16:22:02.064] [bmv2] [D] [thread 4324] [17.0] [cxt 0] Parser state 'start': key is 86dd
[16:22:02.064] [bmv2] [T] [thread 4324] [17.0] [cxt 0] Bytes parsed: 14
[16:22:02.064] [bmv2] [D] [thread 4324] [17.0] [cxt 0] Parser 'parser': end
[16:22:02.064] [bmv2] [D] [thread 4324] [17.0] [cxt 0] Pipeline 'ingress': start
[16:22:02.064] [bmv2] [T] [thread 4324] [17.0] [cxt 0] lmpp.p4(198) Condition "hdr.ipv4.isValid()" (node_2) is false
[16:22:02.064] [bmv2] [T] [thread 4324] [17.0] [cxt 0] lmpp.p4(200) Condition "hdr.probe.isValid()" (node_4) is false
[16:22:02.064] [bmv2] [D] [thread 4324] [17.0] [cxt 0] Pipeline 'ingress': end
[16:22:02.064] [bmv2] [D] [thread 4324] [17.0] [cxt 0] Egress port is 0
[16:22:02.064] [bmv2] [D] [thread 4325] [17.0] [cxt 0] Pipeline 'egress': start
[16:22:02.064] [bmv2] [T] [thread 4325] [17.0] [cxt 0] lmpp.p4(229) Condition "hdr.probe.isValid()" (node_8) is false
[16:22:02.064] [bmv2] [T] [thread 4325] [17.0] [cxt 0] lmpp.p4(264) Condition "smt.egress_port == PORT_RECIRCULATE" (node_28) is false
[16:22:02.064] [bmv2] [D] [thread 4325] [17.0] [cxt 0] Pipeline 'egress': end
[16:22:02.064] [bmv2] [D] [thread 4325] [17.0] [cxt 0] Deparser 'deparser': start
[16:22:02.064] [bmv2] [T] [thread 4325] [17.0] [cxt 0] Skipping checksum 'cksum' update because condition not met
[16:22:02.064] [bmv2] [D] [thread 4325] [17.0] [cxt 0] Deparsing header 'ethernet'
[16:22:02.064] [bmv2] [D] [thread 4325] [17.0] [cxt 0] Deparser 'deparser': end
[16:22:02.064] [bmv2] [D] [thread 4329] [17.0] [cxt 0] Transmitting packet of size 107 out of port 0
[16:22:02.082] [bmv2] [D] [thread 4324] [18.0] [cxt 0] Processing packet received on port 5
[16:22:02.082] [bmv2] [D] [thread 4324] [18.0] [cxt 0] Parser 'parser': start
[16:22:02.082] [bmv2] [D] [thread 4324] [18.0] [cxt 0] Parser 'parser' entering state 'start'
[16:22:02.082] [bmv2] [D] [thread 4324] [18.0] [cxt 0] Extracting header 'ethernet'
[16:22:02.082] [bmv2] [D] [thread 4324] [18.0] [cxt 0] Parser state 'start': key is 86dd
[16:22:02.082] [bmv2] [T] [thread 4324] [18.0] [cxt 0] Bytes parsed: 14
[16:22:02.082] [bmv2] [D] [thread 4324] [18.0] [cxt 0] Parser 'parser': end
[16:22:02.082] [bmv2] [D] [thread 4324] [18.0] [cxt 0] Pipeline 'ingress': start
[16:22:02.082] [bmv2] [T] [thread 4324] [18.0] [cxt 0] lmpp.p4(198) Condition "hdr.ipv4.isValid()" (node_2) is false
[16:22:02.082] [bmv2] [T] [thread 4324] [18.0] [cxt 0] lmpp.p4(200) Condition "hdr.probe.isValid()" (node_4) is false
[16:22:02.082] [bmv2] [D] [thread 4324] [18.0] [cxt 0] Pipeline 'ingress': end
[16:22:02.082] [bmv2] [D] [thread 4324] [18.0] [cxt 0] Egress port is 0
[16:22:02.082] [bmv2] [D] [thread 4325] [18.0] [cxt 0] Pipeline 'egress': start
[16:22:02.082] [bmv2] [T] [thread 4325] [18.0] [cxt 0] lmpp.p4(229) Condition "hdr.probe.isValid()" (node_8) is false
[16:22:02.082] [bmv2] [T] [thread 4325] [18.0] [cxt 0] lmpp.p4(264) Condition "smt.egress_port == PORT_RECIRCULATE" (node_28) is false
[16:22:02.082] [bmv2] [D] [thread 4325] [18.0] [cxt 0] Pipeline 'egress': end
[16:22:02.082] [bmv2] [D] [thread 4325] [18.0] [cxt 0] Deparser 'deparser': start
[16:22:02.082] [bmv2] [T] [thread 4325] [18.0] [cxt 0] Skipping checksum 'cksum' update because condition not met
[16:22:02.082] [bmv2] [D] [thread 4325] [18.0] [cxt 0] Deparsing header 'ethernet'
[16:22:02.082] [bmv2] [D] [thread 4325] [18.0] [cxt 0] Deparser 'deparser': end
[16:22:02.082] [bmv2] [D] [thread 4329] [18.0] [cxt 0] Transmitting packet of size 107 out of port 0
New connection
P4Runtime SetForwardingPipelineConfig
[16:22:02.346] [bmv2] [W] [thread 4399] [P4Runtime] p4::tmp::P4DeviceConfig is deprecated
[16:22:02.347] [bmv2] [D] [thread 4399] Set default default entry for table 'MyIngress.ipv4_lpm': MyIngress.drop - 
[16:22:02.347] [bmv2] [D] [thread 4399] Set default default entry for table 'tbl_act': act - 
[16:22:02.348] [bmv2] [D] [thread 4399] Set default default entry for table 'tbl_act_0': act_2 - 
[16:22:02.348] [bmv2] [D] [thread 4399] Set default default entry for table 'tbl_act_1': act_0 - 
[16:22:02.348] [bmv2] [D] [thread 4399] Set default default entry for table 'tbl_act_2': act_1 - 
[16:22:02.348] [bmv2] [D] [thread 4399] Set default default entry for table 'MyEgress.swid': NoAction - 
[16:22:02.348] [bmv2] [D] [thread 4399] Set default default entry for table 'tbl_act_3': act_10 - 
[16:22:02.348] [bmv2] [D] [thread 4399] Set default default entry for table 'tbl_act_4': act_3 - 
[16:22:02.348] [bmv2] [D] [thread 4399] Set default default entry for table 'tbl_act_5': act_4 - 
[16:22:02.348] [bmv2] [D] [thread 4399] Set default default entry for table 'tbl_act_6': act_5 - 
[16:22:02.348] [bmv2] [D] [thread 4399] Set default default entry for table 'tbl_act_7': act_6 - 
[16:22:02.348] [bmv2] [D] [thread 4399] Set default default entry for table 'tbl_act_8': act_7 - 
[16:22:02.348] [bmv2] [D] [thread 4399] Set default default entry for table 'tbl_act_9': act_8 - 
[16:22:02.348] [bmv2] [D] [thread 4399] Set default default entry for table 'tbl_act_10': act_9 - 
[16:22:02.348] [bmv2] [D] [thread 4399] Set default default entry for table 'tbl_act_11': act_11 - 
P4Runtime Write
device_id: 3
election_id {
  low: 1
}
updates {
  type: MODIFY
  entity {
    table_entry {
      table_id: 33591643
      action {
        action {
          action_id: 16808262
          params {
            param_id: 1
            value: "\004"
          }
        }
      }
      is_default_action: true
    }
  }
}
[16:22:02.352] [bmv2] [D] [thread 4399] Set default entry for table 'MyEgress.swid': MyEgress.set_swid - 4,
P4Runtime Write
device_id: 3
election_id {
  low: 1
}
updates {
  type: MODIFY
  entity {
    table_entry {
      table_id: 33574068
      action {
        action {
          action_id: 16805608
        }
      }
      is_default_action: true
    }
  }
}
[16:22:02.353] [bmv2] [D] [thread 4399] Set default entry for table 'MyIngress.ipv4_lpm': MyIngress.drop - 
P4Runtime Write
device_id: 3
election_id {
  low: 1
}
updates {
  type: INSERT
  entity {
    table_entry {
      table_id: 33574068
      match {
        field_id: 1
        lpm {
          value: "\n\000\001\001"
          prefix_len: 32
        }
      }
      action {
        action {
          action_id: 16799317
          params {
            param_id: 1
            value: "\010\000\000\000\001\000"
          }
          params {
            param_id: 2
            value: "\000\001"
          }
        }
      }
    }
  }
}
[16:22:02.354] [bmv2] [D] [thread 4399] Entry 0 added to table 'MyIngress.ipv4_lpm'
[16:22:02.354] [bmv2] [D] [thread 4399] Dumping entry 0
Match key:
* hdr.ipv4.dstAddr    : LPM       0a000101/32
Action entry: MyIngress.ipv4_forward - 80000000100,1,

P4Runtime Write
device_id: 3
election_id {
  low: 1
}
updates {
  type: INSERT
  entity {
    table_entry {
      table_id: 33574068
      match {
        field_id: 1
        lpm {
          value: "\n\000\002\002"
          prefix_len: 32
        }
      }
      action {
        action {
          action_id: 16799317
          params {
            param_id: 1
            value: "\010\000\000\000\001\000"
          }
          params {
            param_id: 2
            value: "\000\001"
          }
        }
      }
    }
  }
}
[16:22:02.355] [bmv2] [D] [thread 4399] Entry 1 added to table 'MyIngress.ipv4_lpm'
[16:22:02.355] [bmv2] [D] [thread 4399] Dumping entry 1
Match key:
* hdr.ipv4.dstAddr    : LPM       0a000202/32
Action entry: MyIngress.ipv4_forward - 80000000100,1,

P4Runtime Write
device_id: 3
election_id {
  low: 1
}
updates {
  type: INSERT
  entity {
    table_entry {
      table_id: 33574068
      match {
        field_id: 1
        lpm {
          value: "\n\000\003\003"
          prefix_len: 32
        }
      }
      action {
        action {
          action_id: 16799317
          params {
            param_id: 1
            value: "\010\000\000\000\002\000"
          }
          params {
            param_id: 2
            value: "\000\002"
          }
        }
      }
    }
  }
}
[16:22:02.356] [bmv2] [D] [thread 4399] Entry 2 added to table 'MyIngress.ipv4_lpm'
[16:22:02.356] [bmv2] [D] [thread 4399] Dumping entry 2
Match key:
* hdr.ipv4.dstAddr    : LPM       0a000303/32
Action entry: MyIngress.ipv4_forward - 80000000200,2,

P4Runtime Write
device_id: 3
election_id {
  low: 1
}
updates {
  type: INSERT
  entity {
    table_entry {
      table_id: 33574068
      match {
        field_id: 1
        lpm {
          value: "\n\000\004\004"
          prefix_len: 32
        }
      }
      action {
        action {
          action_id: 16799317
          params {
            param_id: 1
            value: "\010\000\000\000\002\000"
          }
          params {
            param_id: 2
            value: "\000\002"
          }
        }
      }
    }
  }
}
[16:22:02.358] [bmv2] [D] [thread 4399] Entry 3 added to table 'MyIngress.ipv4_lpm'
[16:22:02.358] [bmv2] [D] [thread 4399] Dumping entry 3
Match key:
* hdr.ipv4.dstAddr    : LPM       0a000404/32
Action entry: MyIngress.ipv4_forward - 80000000200,2,

Connection removed
[16:22:02.423] [bmv2] [D] [thread 4324] [19.0] [cxt 0] Processing packet received on port 1
[16:22:02.423] [bmv2] [D] [thread 4324] [19.0] [cxt 0] Parser 'parser': start
[16:22:02.423] [bmv2] [D] [thread 4324] [19.0] [cxt 0] Parser 'parser' entering state 'start'
[16:22:02.423] [bmv2] [D] [thread 4324] [19.0] [cxt 0] Extracting header 'ethernet'
[16:22:02.423] [bmv2] [D] [thread 4324] [19.0] [cxt 0] Parser state 'start': key is 86dd
[16:22:02.423] [bmv2] [T] [thread 4324] [19.0] [cxt 0] Bytes parsed: 14
[16:22:02.423] [bmv2] [D] [thread 4324] [19.0] [cxt 0] Parser 'parser': end
[16:22:02.423] [bmv2] [D] [thread 4324] [19.0] [cxt 0] Pipeline 'ingress': start
[16:22:02.423] [bmv2] [T] [thread 4324] [19.0] [cxt 0] lmpp.p4(198) Condition "hdr.ipv4.isValid()" (node_2) is false
[16:22:02.423] [bmv2] [T] [thread 4324] [19.0] [cxt 0] lmpp.p4(200) Condition "hdr.probe.isValid()" (node_4) is false
[16:22:02.423] [bmv2] [D] [thread 4324] [19.0] [cxt 0] Pipeline 'ingress': end
[16:22:02.423] [bmv2] [D] [thread 4324] [19.0] [cxt 0] Egress port is 0
[16:22:02.423] [bmv2] [D] [thread 4325] [19.0] [cxt 0] Pipeline 'egress': start
[16:22:02.423] [bmv2] [T] [thread 4325] [19.0] [cxt 0] lmpp.p4(229) Condition "hdr.probe.isValid()" (node_8) is false
[16:22:02.423] [bmv2] [T] [thread 4325] [19.0] [cxt 0] lmpp.p4(264) Condition "smt.egress_port == PORT_RECIRCULATE" (node_28) is false
[16:22:02.423] [bmv2] [D] [thread 4325] [19.0] [cxt 0] Pipeline 'egress': end
[16:22:02.423] [bmv2] [D] [thread 4325] [19.0] [cxt 0] Deparser 'deparser': start
[16:22:02.423] [bmv2] [T] [thread 4325] [19.0] [cxt 0] Skipping checksum 'cksum' update because condition not met
[16:22:02.423] [bmv2] [D] [thread 4325] [19.0] [cxt 0] Deparsing header 'ethernet'
[16:22:02.423] [bmv2] [D] [thread 4325] [19.0] [cxt 0] Deparser 'deparser': end
[16:22:02.423] [bmv2] [D] [thread 4329] [19.0] [cxt 0] Transmitting packet of size 107 out of port 0
[16:22:02.454] [bmv2] [D] [thread 4324] [20.0] [cxt 0] Processing packet received on port 5
[16:22:02.454] [bmv2] [D] [thread 4324] [20.0] [cxt 0] Parser 'parser': start
[16:22:02.454] [bmv2] [D] [thread 4324] [20.0] [cxt 0] Parser 'parser' entering state 'start'
[16:22:02.454] [bmv2] [D] [thread 4324] [20.0] [cxt 0] Extracting header 'ethernet'
[16:22:02.454] [bmv2] [D] [thread 4324] [20.0] [cxt 0] Parser state 'start': key is 86dd
[16:22:02.454] [bmv2] [T] [thread 4324] [20.0] [cxt 0] Bytes parsed: 14
[16:22:02.454] [bmv2] [D] [thread 4324] [20.0] [cxt 0] Parser 'parser': end
[16:22:02.454] [bmv2] [D] [thread 4324] [20.0] [cxt 0] Pipeline 'ingress': start
[16:22:02.454] [bmv2] [T] [thread 4324] [20.0] [cxt 0] lmpp.p4(198) Condition "hdr.ipv4.isValid()" (node_2) is false
[16:22:02.454] [bmv2] [T] [thread 4324] [20.0] [cxt 0] lmpp.p4(200) Condition "hdr.probe.isValid()" (node_4) is false
[16:22:02.454] [bmv2] [D] [thread 4324] [20.0] [cxt 0] Pipeline 'ingress': end
[16:22:02.454] [bmv2] [D] [thread 4324] [20.0] [cxt 0] Egress port is 0
[16:22:02.454] [bmv2] [D] [thread 4325] [20.0] [cxt 0] Pipeline 'egress': start
[16:22:02.454] [bmv2] [T] [thread 4325] [20.0] [cxt 0] lmpp.p4(229) Condition "hdr.probe.isValid()" (node_8) is false
[16:22:02.454] [bmv2] [T] [thread 4325] [20.0] [cxt 0] lmpp.p4(264) Condition "smt.egress_port == PORT_RECIRCULATE" (node_28) is false
[16:22:02.454] [bmv2] [D] [thread 4325] [20.0] [cxt 0] Pipeline 'egress': end
[16:22:02.454] [bmv2] [D] [thread 4325] [20.0] [cxt 0] Deparser 'deparser': start
[16:22:02.454] [bmv2] [T] [thread 4325] [20.0] [cxt 0] Skipping checksum 'cksum' update because condition not met
[16:22:02.454] [bmv2] [D] [thread 4325] [20.0] [cxt 0] Deparsing header 'ethernet'
[16:22:02.454] [bmv2] [D] [thread 4325] [20.0] [cxt 0] Deparser 'deparser': end
[16:22:02.454] [bmv2] [D] [thread 4329] [20.0] [cxt 0] Transmitting packet of size 107 out of port 0
[16:22:02.681] [bmv2] [D] [thread 4324] [21.0] [cxt 0] Processing packet received on port 1
[16:22:02.681] [bmv2] [D] [thread 4324] [21.0] [cxt 0] Parser 'parser': start
[16:22:02.681] [bmv2] [D] [thread 4324] [21.0] [cxt 0] Parser 'parser' entering state 'start'
[16:22:02.681] [bmv2] [D] [thread 4324] [21.0] [cxt 0] Extracting header 'ethernet'
[16:22:02.681] [bmv2] [D] [thread 4324] [21.0] [cxt 0] Parser state 'start': key is 86dd
[16:22:02.681] [bmv2] [T] [thread 4324] [21.0] [cxt 0] Bytes parsed: 14
[16:22:02.681] [bmv2] [D] [thread 4324] [21.0] [cxt 0] Parser 'parser': end
[16:22:02.681] [bmv2] [D] [thread 4324] [21.0] [cxt 0] Pipeline 'ingress': start
[16:22:02.681] [bmv2] [T] [thread 4324] [21.0] [cxt 0] lmpp.p4(198) Condition "hdr.ipv4.isValid()" (node_2) is false
[16:22:02.681] [bmv2] [T] [thread 4324] [21.0] [cxt 0] lmpp.p4(200) Condition "hdr.probe.isValid()" (node_4) is false
[16:22:02.681] [bmv2] [D] [thread 4324] [21.0] [cxt 0] Pipeline 'ingress': end
[16:22:02.681] [bmv2] [D] [thread 4324] [21.0] [cxt 0] Egress port is 0
[16:22:02.681] [bmv2] [D] [thread 4325] [21.0] [cxt 0] Pipeline 'egress': start
[16:22:02.681] [bmv2] [T] [thread 4325] [21.0] [cxt 0] lmpp.p4(229) Condition "hdr.probe.isValid()" (node_8) is false
[16:22:02.681] [bmv2] [T] [thread 4325] [21.0] [cxt 0] lmpp.p4(264) Condition "smt.egress_port == PORT_RECIRCULATE" (node_28) is false
[16:22:02.681] [bmv2] [D] [thread 4325] [21.0] [cxt 0] Pipeline 'egress': end
[16:22:02.681] [bmv2] [D] [thread 4325] [21.0] [cxt 0] Deparser 'deparser': start
[16:22:02.681] [bmv2] [T] [thread 4325] [21.0] [cxt 0] Skipping checksum 'cksum' update because condition not met
[16:22:02.681] [bmv2] [D] [thread 4325] [21.0] [cxt 0] Deparsing header 'ethernet'
[16:22:02.681] [bmv2] [D] [thread 4325] [21.0] [cxt 0] Deparser 'deparser': end
[16:22:02.682] [bmv2] [D] [thread 4329] [21.0] [cxt 0] Transmitting packet of size 107 out of port 0
[16:22:02.959] [bmv2] [D] [thread 4324] [22.0] [cxt 0] Processing packet received on port 2
[16:22:02.959] [bmv2] [D] [thread 4324] [22.0] [cxt 0] Parser 'parser': start
[16:22:02.959] [bmv2] [D] [thread 4324] [22.0] [cxt 0] Parser 'parser' entering state 'start'
[16:22:02.959] [bmv2] [D] [thread 4324] [22.0] [cxt 0] Extracting header 'ethernet'
[16:22:02.959] [bmv2] [D] [thread 4324] [22.0] [cxt 0] Parser state 'start': key is 86dd
[16:22:02.959] [bmv2] [T] [thread 4324] [22.0] [cxt 0] Bytes parsed: 14
[16:22:02.959] [bmv2] [D] [thread 4324] [22.0] [cxt 0] Parser 'parser': end
[16:22:02.959] [bmv2] [D] [thread 4324] [22.0] [cxt 0] Pipeline 'ingress': start
[16:22:02.959] [bmv2] [T] [thread 4324] [22.0] [cxt 0] lmpp.p4(198) Condition "hdr.ipv4.isValid()" (node_2) is false
[16:22:02.959] [bmv2] [T] [thread 4324] [22.0] [cxt 0] lmpp.p4(200) Condition "hdr.probe.isValid()" (node_4) is false
[16:22:02.959] [bmv2] [D] [thread 4324] [22.0] [cxt 0] Pipeline 'ingress': end
[16:22:02.959] [bmv2] [D] [thread 4324] [22.0] [cxt 0] Egress port is 0
[16:22:02.959] [bmv2] [D] [thread 4325] [22.0] [cxt 0] Pipeline 'egress': start
[16:22:02.959] [bmv2] [T] [thread 4325] [22.0] [cxt 0] lmpp.p4(229) Condition "hdr.probe.isValid()" (node_8) is false
[16:22:02.959] [bmv2] [T] [thread 4325] [22.0] [cxt 0] lmpp.p4(264) Condition "smt.egress_port == PORT_RECIRCULATE" (node_28) is false
[16:22:02.959] [bmv2] [D] [thread 4325] [22.0] [cxt 0] Pipeline 'egress': end
[16:22:02.959] [bmv2] [D] [thread 4325] [22.0] [cxt 0] Deparser 'deparser': start
[16:22:02.959] [bmv2] [T] [thread 4325] [22.0] [cxt 0] Skipping checksum 'cksum' update because condition not met
[16:22:02.959] [bmv2] [D] [thread 4325] [22.0] [cxt 0] Deparsing header 'ethernet'
[16:22:02.959] [bmv2] [D] [thread 4325] [22.0] [cxt 0] Deparser 'deparser': end
[16:22:02.959] [bmv2] [D] [thread 4329] [22.0] [cxt 0] Transmitting packet of size 70 out of port 0
[16:22:02.991] [bmv2] [D] [thread 4324] [23.0] [cxt 0] Processing packet received on port 5
[16:22:02.991] [bmv2] [D] [thread 4324] [23.0] [cxt 0] Parser 'parser': start
[16:22:02.991] [bmv2] [D] [thread 4324] [23.0] [cxt 0] Parser 'parser' entering state 'start'
[16:22:02.991] [bmv2] [D] [thread 4324] [23.0] [cxt 0] Extracting header 'ethernet'
[16:22:02.991] [bmv2] [D] [thread 4324] [23.0] [cxt 0] Parser state 'start': key is 86dd
[16:22:02.991] [bmv2] [T] [thread 4324] [23.0] [cxt 0] Bytes parsed: 14
[16:22:02.991] [bmv2] [D] [thread 4324] [23.0] [cxt 0] Parser 'parser': end
[16:22:02.991] [bmv2] [D] [thread 4324] [23.0] [cxt 0] Pipeline 'ingress': start
[16:22:02.991] [bmv2] [T] [thread 4324] [23.0] [cxt 0] lmpp.p4(198) Condition "hdr.ipv4.isValid()" (node_2) is false
[16:22:02.991] [bmv2] [T] [thread 4324] [23.0] [cxt 0] lmpp.p4(200) Condition "hdr.probe.isValid()" (node_4) is false
[16:22:02.991] [bmv2] [D] [thread 4324] [23.0] [cxt 0] Pipeline 'ingress': end
[16:22:02.991] [bmv2] [D] [thread 4324] [23.0] [cxt 0] Egress port is 0
[16:22:02.991] [bmv2] [D] [thread 4325] [23.0] [cxt 0] Pipeline 'egress': start
[16:22:02.991] [bmv2] [T] [thread 4325] [23.0] [cxt 0] lmpp.p4(229) Condition "hdr.probe.isValid()" (node_8) is false
[16:22:02.991] [bmv2] [T] [thread 4325] [23.0] [cxt 0] lmpp.p4(264) Condition "smt.egress_port == PORT_RECIRCULATE" (node_28) is false
[16:22:02.991] [bmv2] [D] [thread 4325] [23.0] [cxt 0] Pipeline 'egress': end
[16:22:02.991] [bmv2] [D] [thread 4325] [23.0] [cxt 0] Deparser 'deparser': start
[16:22:02.991] [bmv2] [T] [thread 4325] [23.0] [cxt 0] Skipping checksum 'cksum' update because condition not met
[16:22:02.991] [bmv2] [D] [thread 4325] [23.0] [cxt 0] Deparsing header 'ethernet'
[16:22:02.991] [bmv2] [D] [thread 4325] [23.0] [cxt 0] Deparser 'deparser': end
[16:22:02.991] [bmv2] [D] [thread 4329] [23.0] [cxt 0] Transmitting packet of size 70 out of port 0
[16:22:03.038] [bmv2] [D] [thread 4324] [24.0] [cxt 0] Processing packet received on port 2
[16:22:03.038] [bmv2] [D] [thread 4324] [24.0] [cxt 0] Parser 'parser': start
[16:22:03.038] [bmv2] [D] [thread 4324] [24.0] [cxt 0] Parser 'parser' entering state 'start'
[16:22:03.038] [bmv2] [D] [thread 4324] [24.0] [cxt 0] Extracting header 'ethernet'
[16:22:03.038] [bmv2] [D] [thread 4324] [24.0] [cxt 0] Parser state 'start': key is 86dd
[16:22:03.038] [bmv2] [T] [thread 4324] [24.0] [cxt 0] Bytes parsed: 14
[16:22:03.038] [bmv2] [D] [thread 4324] [24.0] [cxt 0] Parser 'parser': end
[16:22:03.038] [bmv2] [D] [thread 4324] [24.0] [cxt 0] Pipeline 'ingress': start
[16:22:03.038] [bmv2] [T] [thread 4324] [24.0] [cxt 0] lmpp.p4(198) Condition "hdr.ipv4.isValid()" (node_2) is false
[16:22:03.038] [bmv2] [T] [thread 4324] [24.0] [cxt 0] lmpp.p4(200) Condition "hdr.probe.isValid()" (node_4) is false
[16:22:03.038] [bmv2] [D] [thread 4324] [24.0] [cxt 0] Pipeline 'ingress': end
[16:22:03.038] [bmv2] [D] [thread 4324] [24.0] [cxt 0] Egress port is 0
[16:22:03.038] [bmv2] [D] [thread 4325] [24.0] [cxt 0] Pipeline 'egress': start
[16:22:03.038] [bmv2] [T] [thread 4325] [24.0] [cxt 0] lmpp.p4(229) Condition "hdr.probe.isValid()" (node_8) is false
[16:22:03.038] [bmv2] [T] [thread 4325] [24.0] [cxt 0] lmpp.p4(264) Condition "smt.egress_port == PORT_RECIRCULATE" (node_28) is false
[16:22:03.038] [bmv2] [D] [thread 4325] [24.0] [cxt 0] Pipeline 'egress': end
[16:22:03.038] [bmv2] [D] [thread 4325] [24.0] [cxt 0] Deparser 'deparser': start
[16:22:03.038] [bmv2] [T] [thread 4325] [24.0] [cxt 0] Skipping checksum 'cksum' update because condition not met
[16:22:03.038] [bmv2] [D] [thread 4325] [24.0] [cxt 0] Deparsing header 'ethernet'
[16:22:03.038] [bmv2] [D] [thread 4325] [24.0] [cxt 0] Deparser 'deparser': end
[16:22:03.038] [bmv2] [D] [thread 4329] [24.0] [cxt 0] Transmitting packet of size 70 out of port 0
[16:22:03.314] [bmv2] [D] [thread 4324] [25.0] [cxt 0] Processing packet received on port 2
[16:22:03.314] [bmv2] [D] [thread 4324] [25.0] [cxt 0] Parser 'parser': start
[16:22:03.314] [bmv2] [D] [thread 4324] [25.0] [cxt 0] Parser 'parser' entering state 'start'
[16:22:03.314] [bmv2] [D] [thread 4324] [25.0] [cxt 0] Extracting header 'ethernet'
[16:22:03.314] [bmv2] [D] [thread 4324] [25.0] [cxt 0] Parser state 'start': key is 86dd
[16:22:03.314] [bmv2] [T] [thread 4324] [25.0] [cxt 0] Bytes parsed: 14
[16:22:03.314] [bmv2] [D] [thread 4324] [25.0] [cxt 0] Parser 'parser': end
[16:22:03.314] [bmv2] [D] [thread 4324] [25.0] [cxt 0] Pipeline 'ingress': start
[16:22:03.314] [bmv2] [T] [thread 4324] [25.0] [cxt 0] lmpp.p4(198) Condition "hdr.ipv4.isValid()" (node_2) is false
[16:22:03.314] [bmv2] [T] [thread 4324] [25.0] [cxt 0] lmpp.p4(200) Condition "hdr.probe.isValid()" (node_4) is false
[16:22:03.314] [bmv2] [D] [thread 4324] [25.0] [cxt 0] Pipeline 'ingress': end
[16:22:03.314] [bmv2] [D] [thread 4324] [25.0] [cxt 0] Egress port is 0
[16:22:03.314] [bmv2] [D] [thread 4325] [25.0] [cxt 0] Pipeline 'egress': start
[16:22:03.314] [bmv2] [T] [thread 4325] [25.0] [cxt 0] lmpp.p4(229) Condition "hdr.probe.isValid()" (node_8) is false
[16:22:03.314] [bmv2] [T] [thread 4325] [25.0] [cxt 0] lmpp.p4(264) Condition "smt.egress_port == PORT_RECIRCULATE" (node_28) is false
[16:22:03.314] [bmv2] [D] [thread 4325] [25.0] [cxt 0] Pipeline 'egress': end
[16:22:03.314] [bmv2] [D] [thread 4325] [25.0] [cxt 0] Deparser 'deparser': start
[16:22:03.314] [bmv2] [T] [thread 4325] [25.0] [cxt 0] Skipping checksum 'cksum' update because condition not met
[16:22:03.314] [bmv2] [D] [thread 4325] [25.0] [cxt 0] Deparsing header 'ethernet'
[16:22:03.314] [bmv2] [D] [thread 4325] [25.0] [cxt 0] Deparser 'deparser': end
[16:22:03.314] [bmv2] [D] [thread 4329] [25.0] [cxt 0] Transmitting packet of size 196 out of port 0
[16:22:03.326] [bmv2] [D] [thread 4324] [26.0] [cxt 0] Processing packet received on port 1
[16:22:03.326] [bmv2] [D] [thread 4324] [26.0] [cxt 0] Parser 'parser': start
[16:22:03.326] [bmv2] [D] [thread 4324] [26.0] [cxt 0] Parser 'parser' entering state 'start'
[16:22:03.326] [bmv2] [D] [thread 4324] [26.0] [cxt 0] Extracting header 'ethernet'
[16:22:03.326] [bmv2] [D] [thread 4324] [26.0] [cxt 0] Parser state 'start': key is 86dd
[16:22:03.326] [bmv2] [T] [thread 4324] [26.0] [cxt 0] Bytes parsed: 14
[16:22:03.326] [bmv2] [D] [thread 4324] [26.0] [cxt 0] Parser 'parser': end
[16:22:03.326] [bmv2] [D] [thread 4324] [26.0] [cxt 0] Pipeline 'ingress': start
[16:22:03.326] [bmv2] [T] [thread 4324] [26.0] [cxt 0] lmpp.p4(198) Condition "hdr.ipv4.isValid()" (node_2) is false
[16:22:03.326] [bmv2] [T] [thread 4324] [26.0] [cxt 0] lmpp.p4(200) Condition "hdr.probe.isValid()" (node_4) is false
[16:22:03.326] [bmv2] [D] [thread 4324] [26.0] [cxt 0] Pipeline 'ingress': end
[16:22:03.326] [bmv2] [D] [thread 4324] [26.0] [cxt 0] Egress port is 0
[16:22:03.326] [bmv2] [D] [thread 4325] [26.0] [cxt 0] Pipeline 'egress': start
[16:22:03.326] [bmv2] [T] [thread 4325] [26.0] [cxt 0] lmpp.p4(229) Condition "hdr.probe.isValid()" (node_8) is false
[16:22:03.326] [bmv2] [T] [thread 4325] [26.0] [cxt 0] lmpp.p4(264) Condition "smt.egress_port == PORT_RECIRCULATE" (node_28) is false
[16:22:03.326] [bmv2] [D] [thread 4325] [26.0] [cxt 0] Pipeline 'egress': end
[16:22:03.326] [bmv2] [D] [thread 4325] [26.0] [cxt 0] Deparser 'deparser': start
[16:22:03.326] [bmv2] [T] [thread 4325] [26.0] [cxt 0] Skipping checksum 'cksum' update because condition not met
[16:22:03.326] [bmv2] [D] [thread 4325] [26.0] [cxt 0] Deparsing header 'ethernet'
[16:22:03.326] [bmv2] [D] [thread 4325] [26.0] [cxt 0] Deparser 'deparser': end
[16:22:03.326] [bmv2] [D] [thread 4329] [26.0] [cxt 0] Transmitting packet of size 70 out of port 0
[16:22:03.338] [bmv2] [D] [thread 4324] [27.0] [cxt 0] Processing packet received on port 5
[16:22:03.338] [bmv2] [D] [thread 4324] [27.0] [cxt 0] Parser 'parser': start
[16:22:03.338] [bmv2] [D] [thread 4324] [27.0] [cxt 0] Parser 'parser' entering state 'start'
[16:22:03.338] [bmv2] [D] [thread 4324] [27.0] [cxt 0] Extracting header 'ethernet'
[16:22:03.338] [bmv2] [D] [thread 4324] [27.0] [cxt 0] Parser state 'start': key is 86dd
[16:22:03.338] [bmv2] [T] [thread 4324] [27.0] [cxt 0] Bytes parsed: 14
[16:22:03.338] [bmv2] [D] [thread 4324] [27.0] [cxt 0] Parser 'parser': end
[16:22:03.338] [bmv2] [D] [thread 4324] [27.0] [cxt 0] Pipeline 'ingress': start
[16:22:03.338] [bmv2] [T] [thread 4324] [27.0] [cxt 0] lmpp.p4(198) Condition "hdr.ipv4.isValid()" (node_2) is false
[16:22:03.338] [bmv2] [T] [thread 4324] [27.0] [cxt 0] lmpp.p4(200) Condition "hdr.probe.isValid()" (node_4) is false
[16:22:03.338] [bmv2] [D] [thread 4324] [27.0] [cxt 0] Pipeline 'ingress': end
[16:22:03.338] [bmv2] [D] [thread 4324] [27.0] [cxt 0] Egress port is 0
[16:22:03.339] [bmv2] [D] [thread 4325] [27.0] [cxt 0] Pipeline 'egress': start
[16:22:03.339] [bmv2] [T] [thread 4325] [27.0] [cxt 0] lmpp.p4(229) Condition "hdr.probe.isValid()" (node_8) is false
[16:22:03.339] [bmv2] [T] [thread 4325] [27.0] [cxt 0] lmpp.p4(264) Condition "smt.egress_port == PORT_RECIRCULATE" (node_28) is false
[16:22:03.339] [bmv2] [D] [thread 4325] [27.0] [cxt 0] Pipeline 'egress': end
[16:22:03.339] [bmv2] [D] [thread 4325] [27.0] [cxt 0] Deparser 'deparser': start
[16:22:03.339] [bmv2] [T] [thread 4325] [27.0] [cxt 0] Skipping checksum 'cksum' update because condition not met
[16:22:03.339] [bmv2] [D] [thread 4325] [27.0] [cxt 0] Deparsing header 'ethernet'
[16:22:03.339] [bmv2] [D] [thread 4325] [27.0] [cxt 0] Deparser 'deparser': end
[16:22:03.339] [bmv2] [D] [thread 4329] [27.0] [cxt 0] Transmitting packet of size 196 out of port 0
[16:22:03.358] [bmv2] [D] [thread 4324] [28.0] [cxt 0] Processing packet received on port 5
[16:22:03.358] [bmv2] [D] [thread 4324] [28.0] [cxt 0] Parser 'parser': start
[16:22:03.358] [bmv2] [D] [thread 4324] [28.0] [cxt 0] Parser 'parser' entering state 'start'
[16:22:03.358] [bmv2] [D] [thread 4324] [28.0] [cxt 0] Extracting header 'ethernet'
[16:22:03.358] [bmv2] [D] [thread 4324] [28.0] [cxt 0] Parser state 'start': key is 86dd
[16:22:03.358] [bmv2] [T] [thread 4324] [28.0] [cxt 0] Bytes parsed: 14
[16:22:03.358] [bmv2] [D] [thread 4324] [28.0] [cxt 0] Parser 'parser': end
[16:22:03.358] [bmv2] [D] [thread 4324] [28.0] [cxt 0] Pipeline 'ingress': start
[16:22:03.358] [bmv2] [T] [thread 4324] [28.0] [cxt 0] lmpp.p4(198) Condition "hdr.ipv4.isValid()" (node_2) is false
[16:22:03.358] [bmv2] [T] [thread 4324] [28.0] [cxt 0] lmpp.p4(200) Condition "hdr.probe.isValid()" (node_4) is false
[16:22:03.358] [bmv2] [D] [thread 4324] [28.0] [cxt 0] Pipeline 'ingress': end
[16:22:03.358] [bmv2] [D] [thread 4324] [28.0] [cxt 0] Egress port is 0
[16:22:03.359] [bmv2] [D] [thread 4325] [28.0] [cxt 0] Pipeline 'egress': start
[16:22:03.359] [bmv2] [T] [thread 4325] [28.0] [cxt 0] lmpp.p4(229) Condition "hdr.probe.isValid()" (node_8) is false
[16:22:03.359] [bmv2] [T] [thread 4325] [28.0] [cxt 0] lmpp.p4(264) Condition "smt.egress_port == PORT_RECIRCULATE" (node_28) is false
[16:22:03.359] [bmv2] [D] [thread 4325] [28.0] [cxt 0] Pipeline 'egress': end
[16:22:03.359] [bmv2] [D] [thread 4325] [28.0] [cxt 0] Deparser 'deparser': start
[16:22:03.359] [bmv2] [T] [thread 4325] [28.0] [cxt 0] Skipping checksum 'cksum' update because condition not met
[16:22:03.359] [bmv2] [D] [thread 4325] [28.0] [cxt 0] Deparsing header 'ethernet'
[16:22:03.359] [bmv2] [D] [thread 4325] [28.0] [cxt 0] Deparser 'deparser': end
[16:22:03.360] [bmv2] [D] [thread 4329] [28.0] [cxt 0] Transmitting packet of size 70 out of port 0
[16:22:03.394] [bmv2] [D] [thread 4324] [29.0] [cxt 0] Processing packet received on port 2
[16:22:03.394] [bmv2] [D] [thread 4324] [29.0] [cxt 0] Parser 'parser': start
[16:22:03.394] [bmv2] [D] [thread 4324] [29.0] [cxt 0] Parser 'parser' entering state 'start'
[16:22:03.394] [bmv2] [D] [thread 4324] [29.0] [cxt 0] Extracting header 'ethernet'
[16:22:03.394] [bmv2] [D] [thread 4324] [29.0] [cxt 0] Parser state 'start': key is 86dd
[16:22:03.394] [bmv2] [T] [thread 4324] [29.0] [cxt 0] Bytes parsed: 14
[16:22:03.394] [bmv2] [D] [thread 4324] [29.0] [cxt 0] Parser 'parser': end
[16:22:03.394] [bmv2] [D] [thread 4324] [29.0] [cxt 0] Pipeline 'ingress': start
[16:22:03.394] [bmv2] [T] [thread 4324] [29.0] [cxt 0] lmpp.p4(198) Condition "hdr.ipv4.isValid()" (node_2) is false
[16:22:03.394] [bmv2] [T] [thread 4324] [29.0] [cxt 0] lmpp.p4(200) Condition "hdr.probe.isValid()" (node_4) is false
[16:22:03.394] [bmv2] [D] [thread 4324] [29.0] [cxt 0] Pipeline 'ingress': end
[16:22:03.394] [bmv2] [D] [thread 4324] [29.0] [cxt 0] Egress port is 0
[16:22:03.394] [bmv2] [D] [thread 4325] [29.0] [cxt 0] Pipeline 'egress': start
[16:22:03.394] [bmv2] [T] [thread 4325] [29.0] [cxt 0] lmpp.p4(229) Condition "hdr.probe.isValid()" (node_8) is false
[16:22:03.394] [bmv2] [T] [thread 4325] [29.0] [cxt 0] lmpp.p4(264) Condition "smt.egress_port == PORT_RECIRCULATE" (node_28) is false
[16:22:03.394] [bmv2] [D] [thread 4325] [29.0] [cxt 0] Pipeline 'egress': end
[16:22:03.394] [bmv2] [D] [thread 4325] [29.0] [cxt 0] Deparser 'deparser': start
[16:22:03.394] [bmv2] [T] [thread 4325] [29.0] [cxt 0] Skipping checksum 'cksum' update because condition not met
[16:22:03.394] [bmv2] [D] [thread 4325] [29.0] [cxt 0] Deparsing header 'ethernet'
[16:22:03.394] [bmv2] [D] [thread 4325] [29.0] [cxt 0] Deparser 'deparser': end
[16:22:03.394] [bmv2] [D] [thread 4329] [29.0] [cxt 0] Transmitting packet of size 196 out of port 0
[16:22:03.582] [bmv2] [D] [thread 4324] [30.0] [cxt 0] Processing packet received on port 1
[16:22:03.582] [bmv2] [D] [thread 4324] [30.0] [cxt 0] Parser 'parser': start
[16:22:03.582] [bmv2] [D] [thread 4324] [30.0] [cxt 0] Parser 'parser' entering state 'start'
[16:22:03.582] [bmv2] [D] [thread 4324] [30.0] [cxt 0] Extracting header 'ethernet'
[16:22:03.582] [bmv2] [D] [thread 4324] [30.0] [cxt 0] Parser state 'start': key is 86dd
[16:22:03.582] [bmv2] [T] [thread 4324] [30.0] [cxt 0] Bytes parsed: 14
[16:22:03.582] [bmv2] [D] [thread 4324] [30.0] [cxt 0] Parser 'parser': end
[16:22:03.582] [bmv2] [D] [thread 4324] [30.0] [cxt 0] Pipeline 'ingress': start
[16:22:03.582] [bmv2] [T] [thread 4324] [30.0] [cxt 0] lmpp.p4(198) Condition "hdr.ipv4.isValid()" (node_2) is false
[16:22:03.582] [bmv2] [T] [thread 4324] [30.0] [cxt 0] lmpp.p4(200) Condition "hdr.probe.isValid()" (node_4) is false
[16:22:03.582] [bmv2] [D] [thread 4324] [30.0] [cxt 0] Pipeline 'ingress': end
[16:22:03.582] [bmv2] [D] [thread 4324] [30.0] [cxt 0] Egress port is 0
[16:22:03.582] [bmv2] [D] [thread 4325] [30.0] [cxt 0] Pipeline 'egress': start
[16:22:03.582] [bmv2] [T] [thread 4325] [30.0] [cxt 0] lmpp.p4(229) Condition "hdr.probe.isValid()" (node_8) is false
[16:22:03.582] [bmv2] [T] [thread 4325] [30.0] [cxt 0] lmpp.p4(264) Condition "smt.egress_port == PORT_RECIRCULATE" (node_28) is false
[16:22:03.582] [bmv2] [D] [thread 4325] [30.0] [cxt 0] Pipeline 'egress': end
[16:22:03.582] [bmv2] [D] [thread 4325] [30.0] [cxt 0] Deparser 'deparser': start
[16:22:03.582] [bmv2] [T] [thread 4325] [30.0] [cxt 0] Skipping checksum 'cksum' update because condition not met
[16:22:03.582] [bmv2] [D] [thread 4325] [30.0] [cxt 0] Deparsing header 'ethernet'
[16:22:03.582] [bmv2] [D] [thread 4325] [30.0] [cxt 0] Deparser 'deparser': end
[16:22:03.582] [bmv2] [D] [thread 4329] [30.0] [cxt 0] Transmitting packet of size 70 out of port 0
[16:22:03.671] [bmv2] [D] [thread 4324] [31.0] [cxt 0] Processing packet received on port 1
[16:22:03.671] [bmv2] [D] [thread 4324] [31.0] [cxt 0] Parser 'parser': start
[16:22:03.671] [bmv2] [D] [thread 4324] [31.0] [cxt 0] Parser 'parser' entering state 'start'
[16:22:03.671] [bmv2] [D] [thread 4324] [31.0] [cxt 0] Extracting header 'ethernet'
[16:22:03.671] [bmv2] [D] [thread 4324] [31.0] [cxt 0] Parser state 'start': key is 86dd
[16:22:03.671] [bmv2] [T] [thread 4324] [31.0] [cxt 0] Bytes parsed: 14
[16:22:03.671] [bmv2] [D] [thread 4324] [31.0] [cxt 0] Parser 'parser': end
[16:22:03.671] [bmv2] [D] [thread 4324] [31.0] [cxt 0] Pipeline 'ingress': start
[16:22:03.671] [bmv2] [T] [thread 4324] [31.0] [cxt 0] lmpp.p4(198) Condition "hdr.ipv4.isValid()" (node_2) is false
[16:22:03.671] [bmv2] [T] [thread 4324] [31.0] [cxt 0] lmpp.p4(200) Condition "hdr.probe.isValid()" (node_4) is false
[16:22:03.671] [bmv2] [D] [thread 4324] [31.0] [cxt 0] Pipeline 'ingress': end
[16:22:03.671] [bmv2] [D] [thread 4324] [31.0] [cxt 0] Egress port is 0
[16:22:03.671] [bmv2] [D] [thread 4325] [31.0] [cxt 0] Pipeline 'egress': start
[16:22:03.671] [bmv2] [T] [thread 4325] [31.0] [cxt 0] lmpp.p4(229) Condition "hdr.probe.isValid()" (node_8) is false
[16:22:03.671] [bmv2] [T] [thread 4325] [31.0] [cxt 0] lmpp.p4(264) Condition "smt.egress_port == PORT_RECIRCULATE" (node_28) is false
[16:22:03.671] [bmv2] [D] [thread 4325] [31.0] [cxt 0] Pipeline 'egress': end
[16:22:03.671] [bmv2] [D] [thread 4325] [31.0] [cxt 0] Deparser 'deparser': start
[16:22:03.671] [bmv2] [T] [thread 4325] [31.0] [cxt 0] Skipping checksum 'cksum' update because condition not met
[16:22:03.671] [bmv2] [D] [thread 4325] [31.0] [cxt 0] Deparsing header 'ethernet'
[16:22:03.671] [bmv2] [D] [thread 4325] [31.0] [cxt 0] Deparser 'deparser': end
[16:22:03.671] [bmv2] [D] [thread 4329] [31.0] [cxt 0] Transmitting packet of size 196 out of port 0
[16:22:03.706] [bmv2] [D] [thread 4324] [32.0] [cxt 0] Processing packet received on port 5
[16:22:03.706] [bmv2] [D] [thread 4324] [32.0] [cxt 0] Parser 'parser': start
[16:22:03.706] [bmv2] [D] [thread 4324] [32.0] [cxt 0] Parser 'parser' entering state 'start'
[16:22:03.706] [bmv2] [D] [thread 4324] [32.0] [cxt 0] Extracting header 'ethernet'
[16:22:03.706] [bmv2] [D] [thread 4324] [32.0] [cxt 0] Parser state 'start': key is 86dd
[16:22:03.706] [bmv2] [T] [thread 4324] [32.0] [cxt 0] Bytes parsed: 14
[16:22:03.706] [bmv2] [D] [thread 4324] [32.0] [cxt 0] Parser 'parser': end
[16:22:03.706] [bmv2] [D] [thread 4324] [32.0] [cxt 0] Pipeline 'ingress': start
[16:22:03.706] [bmv2] [T] [thread 4324] [32.0] [cxt 0] lmpp.p4(198) Condition "hdr.ipv4.isValid()" (node_2) is false
[16:22:03.706] [bmv2] [T] [thread 4324] [32.0] [cxt 0] lmpp.p4(200) Condition "hdr.probe.isValid()" (node_4) is false
[16:22:03.706] [bmv2] [D] [thread 4324] [32.0] [cxt 0] Pipeline 'ingress': end
[16:22:03.706] [bmv2] [D] [thread 4324] [32.0] [cxt 0] Egress port is 0
[16:22:03.706] [bmv2] [D] [thread 4325] [32.0] [cxt 0] Pipeline 'egress': start
[16:22:03.706] [bmv2] [T] [thread 4325] [32.0] [cxt 0] lmpp.p4(229) Condition "hdr.probe.isValid()" (node_8) is false
[16:22:03.706] [bmv2] [T] [thread 4325] [32.0] [cxt 0] lmpp.p4(264) Condition "smt.egress_port == PORT_RECIRCULATE" (node_28) is false
[16:22:03.706] [bmv2] [D] [thread 4325] [32.0] [cxt 0] Pipeline 'egress': end
[16:22:03.706] [bmv2] [D] [thread 4325] [32.0] [cxt 0] Deparser 'deparser': start
[16:22:03.706] [bmv2] [T] [thread 4325] [32.0] [cxt 0] Skipping checksum 'cksum' update because condition not met
[16:22:03.706] [bmv2] [D] [thread 4325] [32.0] [cxt 0] Deparsing header 'ethernet'
[16:22:03.706] [bmv2] [D] [thread 4325] [32.0] [cxt 0] Deparser 'deparser': end
[16:22:03.706] [bmv2] [D] [thread 4329] [32.0] [cxt 0] Transmitting packet of size 196 out of port 0
[16:22:03.938] [bmv2] [D] [thread 4324] [33.0] [cxt 0] Processing packet received on port 1
[16:22:03.939] [bmv2] [D] [thread 4324] [33.0] [cxt 0] Parser 'parser': start
[16:22:03.939] [bmv2] [D] [thread 4324] [33.0] [cxt 0] Parser 'parser' entering state 'start'
[16:22:03.939] [bmv2] [D] [thread 4324] [33.0] [cxt 0] Extracting header 'ethernet'
[16:22:03.939] [bmv2] [D] [thread 4324] [33.0] [cxt 0] Parser state 'start': key is 86dd
[16:22:03.939] [bmv2] [T] [thread 4324] [33.0] [cxt 0] Bytes parsed: 14
[16:22:03.939] [bmv2] [D] [thread 4324] [33.0] [cxt 0] Parser 'parser': end
[16:22:03.939] [bmv2] [D] [thread 4324] [33.0] [cxt 0] Pipeline 'ingress': start
[16:22:03.939] [bmv2] [T] [thread 4324] [33.0] [cxt 0] lmpp.p4(198) Condition "hdr.ipv4.isValid()" (node_2) is false
[16:22:03.939] [bmv2] [T] [thread 4324] [33.0] [cxt 0] lmpp.p4(200) Condition "hdr.probe.isValid()" (node_4) is false
[16:22:03.939] [bmv2] [D] [thread 4324] [33.0] [cxt 0] Pipeline 'ingress': end
[16:22:03.939] [bmv2] [D] [thread 4324] [33.0] [cxt 0] Egress port is 0
[16:22:03.939] [bmv2] [D] [thread 4325] [33.0] [cxt 0] Pipeline 'egress': start
[16:22:03.939] [bmv2] [T] [thread 4325] [33.0] [cxt 0] lmpp.p4(229) Condition "hdr.probe.isValid()" (node_8) is false
[16:22:03.939] [bmv2] [T] [thread 4325] [33.0] [cxt 0] lmpp.p4(264) Condition "smt.egress_port == PORT_RECIRCULATE" (node_28) is false
[16:22:03.939] [bmv2] [D] [thread 4325] [33.0] [cxt 0] Pipeline 'egress': end
[16:22:03.939] [bmv2] [D] [thread 4325] [33.0] [cxt 0] Deparser 'deparser': start
[16:22:03.939] [bmv2] [T] [thread 4325] [33.0] [cxt 0] Skipping checksum 'cksum' update because condition not met
[16:22:03.939] [bmv2] [D] [thread 4325] [33.0] [cxt 0] Deparsing header 'ethernet'
[16:22:03.939] [bmv2] [D] [thread 4325] [33.0] [cxt 0] Deparser 'deparser': end
[16:22:03.939] [bmv2] [D] [thread 4329] [33.0] [cxt 0] Transmitting packet of size 196 out of port 0
open: No such file or directory
open: No such file or directory
open: No such file or directory
open: No such file or directory
open: No such file or directory
open: No such file or directory
open: No such file or directory
open: No such file or directory
