Calling target program-options parser
[16:22:00.591] [bmv2] [D] [thread 4333] Set default default entry for table 'MyIngress.ipv4_lpm': MyIngress.drop - 
[16:22:00.591] [bmv2] [D] [thread 4333] Set default default entry for table 'tbl_act': act - 
[16:22:00.593] [bmv2] [D] [thread 4333] Set default default entry for table 'tbl_act_0': act_2 - 
[16:22:00.593] [bmv2] [D] [thread 4333] Set default default entry for table 'tbl_act_1': act_0 - 
[16:22:00.593] [bmv2] [D] [thread 4333] Set default default entry for table 'tbl_act_2': act_1 - 
[16:22:00.593] [bmv2] [D] [thread 4333] Set default default entry for table 'MyEgress.swid': NoAction - 
[16:22:00.593] [bmv2] [D] [thread 4333] Set default default entry for table 'tbl_act_3': act_10 - 
[16:22:00.593] [bmv2] [D] [thread 4333] Set default default entry for table 'tbl_act_4': act_3 - 
[16:22:00.593] [bmv2] [D] [thread 4333] Set default default entry for table 'tbl_act_5': act_4 - 
[16:22:00.593] [bmv2] [D] [thread 4333] Set default default entry for table 'tbl_act_6': act_5 - 
[16:22:00.593] [bmv2] [D] [thread 4333] Set default default entry for table 'tbl_act_7': act_6 - 
[16:22:00.593] [bmv2] [D] [thread 4333] Set default default entry for table 'tbl_act_8': act_7 - 
[16:22:00.593] [bmv2] [D] [thread 4333] Set default default entry for table 'tbl_act_9': act_8 - 
[16:22:00.593] [bmv2] [D] [thread 4333] Set default default entry for table 'tbl_act_10': act_9 - 
[16:22:00.593] [bmv2] [D] [thread 4333] Set default default entry for table 'tbl_act_11': act_11 - 
Adding interface s5-eth1 as port 1
[16:22:00.593] [bmv2] [D] [thread 4333] Adding interface s5-eth1 as port 1
Adding interface s5-eth2 as port 2
[16:22:00.614] [bmv2] [D] [thread 4333] Adding interface s5-eth2 as port 2
Adding interface s5-eth3 as port 3
[16:22:00.638] [bmv2] [D] [thread 4333] Adding interface s5-eth3 as port 3
Adding interface s5-eth4 as port 4
[16:22:00.662] [bmv2] [D] [thread 4333] Adding interface s5-eth4 as port 4
I0618 16:22:00.690372425    4333 server_builder.cc:247]      Synchronous server. Num CQs: 1, Min pollers: 1, Max Pollers: 2147483647, CQ timeout (msec): 1000
Server listening on 0.0.0.0:50055
[16:22:00.694] [bmv2] [I] [thread 4333] Starting Thrift server on port 9094
[16:22:00.695] [bmv2] [I] [thread 4333] Thrift server was started
[16:22:00.696] [bmv2] [D] [thread 4340] [0.0] [cxt 0] Processing packet received on port 1
[16:22:00.696] [bmv2] [D] [thread 4340] [0.0] [cxt 0] Parser 'parser': start
[16:22:00.696] [bmv2] [D] [thread 4340] [0.0] [cxt 0] Parser 'parser' entering state 'start'
[16:22:00.696] [bmv2] [D] [thread 4340] [0.0] [cxt 0] Extracting header 'ethernet'
[16:22:00.696] [bmv2] [D] [thread 4340] [0.0] [cxt 0] Parser state 'start': key is 86dd
[16:22:00.696] [bmv2] [T] [thread 4340] [0.0] [cxt 0] Bytes parsed: 14
[16:22:00.696] [bmv2] [D] [thread 4340] [0.0] [cxt 0] Parser 'parser': end
[16:22:00.696] [bmv2] [D] [thread 4340] [0.0] [cxt 0] Pipeline 'ingress': start
[16:22:00.696] [bmv2] [T] [thread 4340] [0.0] [cxt 0] lmpp.p4(198) Condition "hdr.ipv4.isValid()" (node_2) is false
[16:22:00.696] [bmv2] [T] [thread 4340] [0.0] [cxt 0] lmpp.p4(200) Condition "hdr.probe.isValid()" (node_4) is false
[16:22:00.696] [bmv2] [D] [thread 4340] [0.0] [cxt 0] Pipeline 'ingress': end
[16:22:00.696] [bmv2] [D] [thread 4340] [0.0] [cxt 0] Egress port is 0
[16:22:00.696] [bmv2] [D] [thread 4341] [0.0] [cxt 0] Pipeline 'egress': start
[16:22:00.696] [bmv2] [T] [thread 4341] [0.0] [cxt 0] lmpp.p4(229) Condition "hdr.probe.isValid()" (node_8) is false
[16:22:00.696] [bmv2] [T] [thread 4341] [0.0] [cxt 0] lmpp.p4(264) Condition "smt.egress_port == PORT_RECIRCULATE" (node_28) is false
[16:22:00.696] [bmv2] [D] [thread 4341] [0.0] [cxt 0] Pipeline 'egress': end
[16:22:00.696] [bmv2] [D] [thread 4341] [0.0] [cxt 0] Deparser 'deparser': start
[16:22:00.696] [bmv2] [T] [thread 4341] [0.0] [cxt 0] Skipping checksum 'cksum' update because condition not met
[16:22:00.696] [bmv2] [D] [thread 4341] [0.0] [cxt 0] Deparsing header 'ethernet'
[16:22:00.696] [bmv2] [D] [thread 4341] [0.0] [cxt 0] Deparser 'deparser': end
[16:22:00.696] [bmv2] [D] [thread 4345] [0.0] [cxt 0] Transmitting packet of size 107 out of port 0
[16:22:01.059] [bmv2] [D] [thread 4340] [1.0] [cxt 0] Processing packet received on port 3
[16:22:01.059] [bmv2] [D] [thread 4340] [1.0] [cxt 0] Parser 'parser': start
[16:22:01.059] [bmv2] [D] [thread 4340] [1.0] [cxt 0] Parser 'parser' entering state 'start'
[16:22:01.059] [bmv2] [D] [thread 4340] [1.0] [cxt 0] Extracting header 'ethernet'
[16:22:01.059] [bmv2] [D] [thread 4340] [1.0] [cxt 0] Parser state 'start': key is 86dd
[16:22:01.059] [bmv2] [T] [thread 4340] [1.0] [cxt 0] Bytes parsed: 14
[16:22:01.059] [bmv2] [D] [thread 4340] [1.0] [cxt 0] Parser 'parser': end
[16:22:01.059] [bmv2] [D] [thread 4340] [1.0] [cxt 0] Pipeline 'ingress': start
[16:22:01.059] [bmv2] [T] [thread 4340] [1.0] [cxt 0] lmpp.p4(198) Condition "hdr.ipv4.isValid()" (node_2) is false
[16:22:01.059] [bmv2] [T] [thread 4340] [1.0] [cxt 0] lmpp.p4(200) Condition "hdr.probe.isValid()" (node_4) is false
[16:22:01.059] [bmv2] [D] [thread 4340] [1.0] [cxt 0] Pipeline 'ingress': end
[16:22:01.059] [bmv2] [D] [thread 4340] [1.0] [cxt 0] Egress port is 0
[16:22:01.059] [bmv2] [D] [thread 4341] [1.0] [cxt 0] Pipeline 'egress': start
[16:22:01.059] [bmv2] [T] [thread 4341] [1.0] [cxt 0] lmpp.p4(229) Condition "hdr.probe.isValid()" (node_8) is false
[16:22:01.059] [bmv2] [T] [thread 4341] [1.0] [cxt 0] lmpp.p4(264) Condition "smt.egress_port == PORT_RECIRCULATE" (node_28) is false
[16:22:01.059] [bmv2] [D] [thread 4341] [1.0] [cxt 0] Pipeline 'egress': end
[16:22:01.059] [bmv2] [D] [thread 4341] [1.0] [cxt 0] Deparser 'deparser': start
[16:22:01.059] [bmv2] [T] [thread 4341] [1.0] [cxt 0] Skipping checksum 'cksum' update because condition not met
[16:22:01.059] [bmv2] [D] [thread 4341] [1.0] [cxt 0] Deparsing header 'ethernet'
[16:22:01.060] [bmv2] [D] [thread 4341] [1.0] [cxt 0] Deparser 'deparser': end
[16:22:01.060] [bmv2] [D] [thread 4345] [1.0] [cxt 0] Transmitting packet of size 196 out of port 0
[16:22:01.139] [bmv2] [D] [thread 4340] [2.0] [cxt 0] Processing packet received on port 4
[16:22:01.139] [bmv2] [D] [thread 4340] [2.0] [cxt 0] Parser 'parser': start
[16:22:01.139] [bmv2] [D] [thread 4340] [2.0] [cxt 0] Parser 'parser' entering state 'start'
[16:22:01.139] [bmv2] [D] [thread 4340] [2.0] [cxt 0] Extracting header 'ethernet'
[16:22:01.139] [bmv2] [D] [thread 4340] [2.0] [cxt 0] Parser state 'start': key is 86dd
[16:22:01.139] [bmv2] [T] [thread 4340] [2.0] [cxt 0] Bytes parsed: 14
[16:22:01.139] [bmv2] [D] [thread 4340] [2.0] [cxt 0] Parser 'parser': end
[16:22:01.139] [bmv2] [D] [thread 4340] [2.0] [cxt 0] Pipeline 'ingress': start
[16:22:01.139] [bmv2] [T] [thread 4340] [2.0] [cxt 0] lmpp.p4(198) Condition "hdr.ipv4.isValid()" (node_2) is false
[16:22:01.139] [bmv2] [T] [thread 4340] [2.0] [cxt 0] lmpp.p4(200) Condition "hdr.probe.isValid()" (node_4) is false
[16:22:01.139] [bmv2] [D] [thread 4340] [2.0] [cxt 0] Pipeline 'ingress': end
[16:22:01.139] [bmv2] [D] [thread 4340] [2.0] [cxt 0] Egress port is 0
[16:22:01.140] [bmv2] [D] [thread 4341] [2.0] [cxt 0] Pipeline 'egress': start
[16:22:01.140] [bmv2] [T] [thread 4341] [2.0] [cxt 0] lmpp.p4(229) Condition "hdr.probe.isValid()" (node_8) is false
[16:22:01.140] [bmv2] [T] [thread 4341] [2.0] [cxt 0] lmpp.p4(264) Condition "smt.egress_port == PORT_RECIRCULATE" (node_28) is false
[16:22:01.140] [bmv2] [D] [thread 4341] [2.0] [cxt 0] Pipeline 'egress': end
[16:22:01.140] [bmv2] [D] [thread 4341] [2.0] [cxt 0] Deparser 'deparser': start
[16:22:01.140] [bmv2] [T] [thread 4341] [2.0] [cxt 0] Skipping checksum 'cksum' update because condition not met
[16:22:01.140] [bmv2] [D] [thread 4341] [2.0] [cxt 0] Deparsing header 'ethernet'
[16:22:01.140] [bmv2] [D] [thread 4341] [2.0] [cxt 0] Deparser 'deparser': end
[16:22:01.140] [bmv2] [D] [thread 4345] [2.0] [cxt 0] Transmitting packet of size 196 out of port 0
[16:22:01.165] [bmv2] [D] [thread 4340] [3.0] [cxt 0] Processing packet received on port 2
[16:22:01.165] [bmv2] [D] [thread 4340] [3.0] [cxt 0] Parser 'parser': start
[16:22:01.165] [bmv2] [D] [thread 4340] [3.0] [cxt 0] Parser 'parser' entering state 'start'
[16:22:01.165] [bmv2] [D] [thread 4340] [3.0] [cxt 0] Extracting header 'ethernet'
[16:22:01.165] [bmv2] [D] [thread 4340] [3.0] [cxt 0] Parser state 'start': key is 86dd
[16:22:01.165] [bmv2] [T] [thread 4340] [3.0] [cxt 0] Bytes parsed: 14
[16:22:01.165] [bmv2] [D] [thread 4340] [3.0] [cxt 0] Parser 'parser': end
[16:22:01.165] [bmv2] [D] [thread 4340] [3.0] [cxt 0] Pipeline 'ingress': start
[16:22:01.165] [bmv2] [T] [thread 4340] [3.0] [cxt 0] lmpp.p4(198) Condition "hdr.ipv4.isValid()" (node_2) is false
[16:22:01.165] [bmv2] [T] [thread 4340] [3.0] [cxt 0] lmpp.p4(200) Condition "hdr.probe.isValid()" (node_4) is false
[16:22:01.166] [bmv2] [D] [thread 4340] [3.0] [cxt 0] Pipeline 'ingress': end
[16:22:01.166] [bmv2] [D] [thread 4340] [3.0] [cxt 0] Egress port is 0
[16:22:01.166] [bmv2] [D] [thread 4341] [3.0] [cxt 0] Pipeline 'egress': start
[16:22:01.166] [bmv2] [T] [thread 4341] [3.0] [cxt 0] lmpp.p4(229) Condition "hdr.probe.isValid()" (node_8) is false
[16:22:01.166] [bmv2] [T] [thread 4341] [3.0] [cxt 0] lmpp.p4(264) Condition "smt.egress_port == PORT_RECIRCULATE" (node_28) is false
[16:22:01.166] [bmv2] [D] [thread 4341] [3.0] [cxt 0] Pipeline 'egress': end
[16:22:01.166] [bmv2] [D] [thread 4341] [3.0] [cxt 0] Deparser 'deparser': start
[16:22:01.166] [bmv2] [T] [thread 4341] [3.0] [cxt 0] Skipping checksum 'cksum' update because condition not met
[16:22:01.166] [bmv2] [D] [thread 4341] [3.0] [cxt 0] Deparsing header 'ethernet'
[16:22:01.166] [bmv2] [D] [thread 4341] [3.0] [cxt 0] Deparser 'deparser': end
[16:22:01.167] [bmv2] [D] [thread 4345] [3.0] [cxt 0] Transmitting packet of size 196 out of port 0
[16:22:01.281] [bmv2] [D] [thread 4340] [4.0] [cxt 0] Processing packet received on port 1
[16:22:01.281] [bmv2] [D] [thread 4340] [4.0] [cxt 0] Parser 'parser': start
[16:22:01.281] [bmv2] [D] [thread 4340] [4.0] [cxt 0] Parser 'parser' entering state 'start'
[16:22:01.281] [bmv2] [D] [thread 4340] [4.0] [cxt 0] Extracting header 'ethernet'
[16:22:01.281] [bmv2] [D] [thread 4340] [4.0] [cxt 0] Parser state 'start': key is 86dd
[16:22:01.281] [bmv2] [T] [thread 4340] [4.0] [cxt 0] Bytes parsed: 14
[16:22:01.281] [bmv2] [D] [thread 4340] [4.0] [cxt 0] Parser 'parser': end
[16:22:01.281] [bmv2] [D] [thread 4340] [4.0] [cxt 0] Pipeline 'ingress': start
[16:22:01.281] [bmv2] [T] [thread 4340] [4.0] [cxt 0] lmpp.p4(198) Condition "hdr.ipv4.isValid()" (node_2) is false
[16:22:01.281] [bmv2] [T] [thread 4340] [4.0] [cxt 0] lmpp.p4(200) Condition "hdr.probe.isValid()" (node_4) is false
[16:22:01.281] [bmv2] [D] [thread 4340] [4.0] [cxt 0] Pipeline 'ingress': end
[16:22:01.281] [bmv2] [D] [thread 4340] [4.0] [cxt 0] Egress port is 0
[16:22:01.281] [bmv2] [D] [thread 4341] [4.0] [cxt 0] Pipeline 'egress': start
[16:22:01.282] [bmv2] [T] [thread 4341] [4.0] [cxt 0] lmpp.p4(229) Condition "hdr.probe.isValid()" (node_8) is false
[16:22:01.282] [bmv2] [T] [thread 4341] [4.0] [cxt 0] lmpp.p4(264) Condition "smt.egress_port == PORT_RECIRCULATE" (node_28) is false
[16:22:01.282] [bmv2] [D] [thread 4341] [4.0] [cxt 0] Pipeline 'egress': end
[16:22:01.282] [bmv2] [D] [thread 4341] [4.0] [cxt 0] Deparser 'deparser': start
[16:22:01.282] [bmv2] [T] [thread 4341] [4.0] [cxt 0] Skipping checksum 'cksum' update because condition not met
[16:22:01.282] [bmv2] [D] [thread 4341] [4.0] [cxt 0] Deparsing header 'ethernet'
[16:22:01.282] [bmv2] [D] [thread 4341] [4.0] [cxt 0] Deparser 'deparser': end
[16:22:01.282] [bmv2] [D] [thread 4345] [4.0] [cxt 0] Transmitting packet of size 196 out of port 0
[16:22:01.407] [bmv2] [D] [thread 4340] [5.0] [cxt 0] Processing packet received on port 2
[16:22:01.407] [bmv2] [D] [thread 4340] [5.0] [cxt 0] Parser 'parser': start
[16:22:01.407] [bmv2] [D] [thread 4340] [5.0] [cxt 0] Parser 'parser' entering state 'start'
[16:22:01.407] [bmv2] [D] [thread 4340] [5.0] [cxt 0] Extracting header 'ethernet'
[16:22:01.407] [bmv2] [D] [thread 4340] [5.0] [cxt 0] Parser state 'start': key is 86dd
[16:22:01.407] [bmv2] [T] [thread 4340] [5.0] [cxt 0] Bytes parsed: 14
[16:22:01.407] [bmv2] [D] [thread 4340] [5.0] [cxt 0] Parser 'parser': end
[16:22:01.407] [bmv2] [D] [thread 4340] [5.0] [cxt 0] Pipeline 'ingress': start
[16:22:01.407] [bmv2] [T] [thread 4340] [5.0] [cxt 0] lmpp.p4(198) Condition "hdr.ipv4.isValid()" (node_2) is false
[16:22:01.407] [bmv2] [T] [thread 4340] [5.0] [cxt 0] lmpp.p4(200) Condition "hdr.probe.isValid()" (node_4) is false
[16:22:01.407] [bmv2] [D] [thread 4340] [5.0] [cxt 0] Pipeline 'ingress': end
[16:22:01.407] [bmv2] [D] [thread 4340] [5.0] [cxt 0] Egress port is 0
[16:22:01.407] [bmv2] [D] [thread 4341] [5.0] [cxt 0] Pipeline 'egress': start
[16:22:01.407] [bmv2] [T] [thread 4341] [5.0] [cxt 0] lmpp.p4(229) Condition "hdr.probe.isValid()" (node_8) is false
[16:22:01.407] [bmv2] [T] [thread 4341] [5.0] [cxt 0] lmpp.p4(264) Condition "smt.egress_port == PORT_RECIRCULATE" (node_28) is false
[16:22:01.407] [bmv2] [D] [thread 4341] [5.0] [cxt 0] Pipeline 'egress': end
[16:22:01.407] [bmv2] [D] [thread 4341] [5.0] [cxt 0] Deparser 'deparser': start
[16:22:01.407] [bmv2] [T] [thread 4341] [5.0] [cxt 0] Skipping checksum 'cksum' update because condition not met
[16:22:01.407] [bmv2] [D] [thread 4341] [5.0] [cxt 0] Deparsing header 'ethernet'
[16:22:01.407] [bmv2] [D] [thread 4341] [5.0] [cxt 0] Deparser 'deparser': end
[16:22:01.408] [bmv2] [D] [thread 4345] [5.0] [cxt 0] Transmitting packet of size 196 out of port 0
[16:22:01.507] [bmv2] [D] [thread 4340] [6.0] [cxt 0] Processing packet received on port 4
[16:22:01.507] [bmv2] [D] [thread 4340] [6.0] [cxt 0] Parser 'parser': start
[16:22:01.507] [bmv2] [D] [thread 4340] [6.0] [cxt 0] Parser 'parser' entering state 'start'
[16:22:01.507] [bmv2] [D] [thread 4340] [6.0] [cxt 0] Extracting header 'ethernet'
[16:22:01.507] [bmv2] [D] [thread 4340] [6.0] [cxt 0] Parser state 'start': key is 86dd
[16:22:01.507] [bmv2] [T] [thread 4340] [6.0] [cxt 0] Bytes parsed: 14
[16:22:01.507] [bmv2] [D] [thread 4340] [6.0] [cxt 0] Parser 'parser': end
[16:22:01.507] [bmv2] [D] [thread 4340] [6.0] [cxt 0] Pipeline 'ingress': start
[16:22:01.507] [bmv2] [T] [thread 4340] [6.0] [cxt 0] lmpp.p4(198) Condition "hdr.ipv4.isValid()" (node_2) is false
[16:22:01.507] [bmv2] [T] [thread 4340] [6.0] [cxt 0] lmpp.p4(200) Condition "hdr.probe.isValid()" (node_4) is false
[16:22:01.507] [bmv2] [D] [thread 4340] [6.0] [cxt 0] Pipeline 'ingress': end
[16:22:01.507] [bmv2] [D] [thread 4340] [6.0] [cxt 0] Egress port is 0
[16:22:01.507] [bmv2] [D] [thread 4341] [6.0] [cxt 0] Pipeline 'egress': start
[16:22:01.507] [bmv2] [T] [thread 4341] [6.0] [cxt 0] lmpp.p4(229) Condition "hdr.probe.isValid()" (node_8) is false
[16:22:01.507] [bmv2] [T] [thread 4341] [6.0] [cxt 0] lmpp.p4(264) Condition "smt.egress_port == PORT_RECIRCULATE" (node_28) is false
[16:22:01.507] [bmv2] [D] [thread 4341] [6.0] [cxt 0] Pipeline 'egress': end
[16:22:01.507] [bmv2] [D] [thread 4341] [6.0] [cxt 0] Deparser 'deparser': start
[16:22:01.507] [bmv2] [T] [thread 4341] [6.0] [cxt 0] Skipping checksum 'cksum' update because condition not met
[16:22:01.507] [bmv2] [D] [thread 4341] [6.0] [cxt 0] Deparsing header 'ethernet'
[16:22:01.508] [bmv2] [D] [thread 4341] [6.0] [cxt 0] Deparser 'deparser': end
[16:22:01.508] [bmv2] [D] [thread 4345] [6.0] [cxt 0] Transmitting packet of size 196 out of port 0
[16:22:01.632] [bmv2] [D] [thread 4340] [7.0] [cxt 0] Processing packet received on port 3
[16:22:01.632] [bmv2] [D] [thread 4340] [7.0] [cxt 0] Parser 'parser': start
[16:22:01.632] [bmv2] [D] [thread 4340] [7.0] [cxt 0] Parser 'parser' entering state 'start'
[16:22:01.632] [bmv2] [D] [thread 4340] [7.0] [cxt 0] Extracting header 'ethernet'
[16:22:01.632] [bmv2] [D] [thread 4340] [7.0] [cxt 0] Parser state 'start': key is 86dd
[16:22:01.632] [bmv2] [T] [thread 4340] [7.0] [cxt 0] Bytes parsed: 14
[16:22:01.632] [bmv2] [D] [thread 4340] [7.0] [cxt 0] Parser 'parser': end
[16:22:01.632] [bmv2] [D] [thread 4340] [7.0] [cxt 0] Pipeline 'ingress': start
[16:22:01.632] [bmv2] [T] [thread 4340] [7.0] [cxt 0] lmpp.p4(198) Condition "hdr.ipv4.isValid()" (node_2) is false
[16:22:01.632] [bmv2] [T] [thread 4340] [7.0] [cxt 0] lmpp.p4(200) Condition "hdr.probe.isValid()" (node_4) is false
[16:22:01.632] [bmv2] [D] [thread 4340] [7.0] [cxt 0] Pipeline 'ingress': end
[16:22:01.632] [bmv2] [D] [thread 4340] [7.0] [cxt 0] Egress port is 0
[16:22:01.632] [bmv2] [D] [thread 4341] [7.0] [cxt 0] Pipeline 'egress': start
[16:22:01.632] [bmv2] [T] [thread 4341] [7.0] [cxt 0] lmpp.p4(229) Condition "hdr.probe.isValid()" (node_8) is false
[16:22:01.632] [bmv2] [T] [thread 4341] [7.0] [cxt 0] lmpp.p4(264) Condition "smt.egress_port == PORT_RECIRCULATE" (node_28) is false
[16:22:01.632] [bmv2] [D] [thread 4341] [7.0] [cxt 0] Pipeline 'egress': end
[16:22:01.632] [bmv2] [D] [thread 4341] [7.0] [cxt 0] Deparser 'deparser': start
[16:22:01.632] [bmv2] [T] [thread 4341] [7.0] [cxt 0] Skipping checksum 'cksum' update because condition not met
[16:22:01.632] [bmv2] [D] [thread 4341] [7.0] [cxt 0] Deparsing header 'ethernet'
[16:22:01.632] [bmv2] [D] [thread 4341] [7.0] [cxt 0] Deparser 'deparser': end
[16:22:01.632] [bmv2] [D] [thread 4345] [7.0] [cxt 0] Transmitting packet of size 196 out of port 0
[16:22:01.724] [bmv2] [D] [thread 4340] [8.0] [cxt 0] Processing packet received on port 1
[16:22:01.724] [bmv2] [D] [thread 4340] [8.0] [cxt 0] Parser 'parser': start
[16:22:01.724] [bmv2] [D] [thread 4340] [8.0] [cxt 0] Parser 'parser' entering state 'start'
[16:22:01.724] [bmv2] [D] [thread 4340] [8.0] [cxt 0] Extracting header 'ethernet'
[16:22:01.724] [bmv2] [D] [thread 4340] [8.0] [cxt 0] Parser state 'start': key is 86dd
[16:22:01.724] [bmv2] [T] [thread 4340] [8.0] [cxt 0] Bytes parsed: 14
[16:22:01.724] [bmv2] [D] [thread 4340] [8.0] [cxt 0] Parser 'parser': end
[16:22:01.724] [bmv2] [D] [thread 4340] [8.0] [cxt 0] Pipeline 'ingress': start
[16:22:01.724] [bmv2] [T] [thread 4340] [8.0] [cxt 0] lmpp.p4(198) Condition "hdr.ipv4.isValid()" (node_2) is false
[16:22:01.725] [bmv2] [T] [thread 4340] [8.0] [cxt 0] lmpp.p4(200) Condition "hdr.probe.isValid()" (node_4) is false
[16:22:01.725] [bmv2] [D] [thread 4340] [8.0] [cxt 0] Pipeline 'ingress': end
[16:22:01.725] [bmv2] [D] [thread 4340] [8.0] [cxt 0] Egress port is 0
[16:22:01.725] [bmv2] [D] [thread 4341] [8.0] [cxt 0] Pipeline 'egress': start
[16:22:01.725] [bmv2] [T] [thread 4341] [8.0] [cxt 0] lmpp.p4(229) Condition "hdr.probe.isValid()" (node_8) is false
[16:22:01.725] [bmv2] [T] [thread 4341] [8.0] [cxt 0] lmpp.p4(264) Condition "smt.egress_port == PORT_RECIRCULATE" (node_28) is false
[16:22:01.725] [bmv2] [D] [thread 4341] [8.0] [cxt 0] Pipeline 'egress': end
[16:22:01.725] [bmv2] [D] [thread 4341] [8.0] [cxt 0] Deparser 'deparser': start
[16:22:01.725] [bmv2] [T] [thread 4341] [8.0] [cxt 0] Skipping checksum 'cksum' update because condition not met
[16:22:01.725] [bmv2] [D] [thread 4341] [8.0] [cxt 0] Deparsing header 'ethernet'
[16:22:01.725] [bmv2] [D] [thread 4341] [8.0] [cxt 0] Deparser 'deparser': end
[16:22:01.725] [bmv2] [D] [thread 4345] [8.0] [cxt 0] Transmitting packet of size 196 out of port 0
[16:22:02.064] [bmv2] [D] [thread 4340] [9.0] [cxt 0] Processing packet received on port 3
[16:22:02.064] [bmv2] [D] [thread 4340] [9.0] [cxt 0] Parser 'parser': start
[16:22:02.064] [bmv2] [D] [thread 4340] [9.0] [cxt 0] Parser 'parser' entering state 'start'
[16:22:02.064] [bmv2] [D] [thread 4340] [9.0] [cxt 0] Extracting header 'ethernet'
[16:22:02.064] [bmv2] [D] [thread 4340] [9.0] [cxt 0] Parser state 'start': key is 86dd
[16:22:02.064] [bmv2] [T] [thread 4340] [9.0] [cxt 0] Bytes parsed: 14
[16:22:02.064] [bmv2] [D] [thread 4340] [9.0] [cxt 0] Parser 'parser': end
[16:22:02.064] [bmv2] [D] [thread 4340] [9.0] [cxt 0] Pipeline 'ingress': start
[16:22:02.064] [bmv2] [T] [thread 4340] [9.0] [cxt 0] lmpp.p4(198) Condition "hdr.ipv4.isValid()" (node_2) is false
[16:22:02.064] [bmv2] [T] [thread 4340] [9.0] [cxt 0] lmpp.p4(200) Condition "hdr.probe.isValid()" (node_4) is false
[16:22:02.064] [bmv2] [D] [thread 4340] [9.0] [cxt 0] Pipeline 'ingress': end
[16:22:02.064] [bmv2] [D] [thread 4340] [9.0] [cxt 0] Egress port is 0
[16:22:02.064] [bmv2] [D] [thread 4341] [9.0] [cxt 0] Pipeline 'egress': start
[16:22:02.064] [bmv2] [T] [thread 4341] [9.0] [cxt 0] lmpp.p4(229) Condition "hdr.probe.isValid()" (node_8) is false
[16:22:02.064] [bmv2] [T] [thread 4341] [9.0] [cxt 0] lmpp.p4(264) Condition "smt.egress_port == PORT_RECIRCULATE" (node_28) is false
[16:22:02.064] [bmv2] [D] [thread 4341] [9.0] [cxt 0] Pipeline 'egress': end
[16:22:02.064] [bmv2] [D] [thread 4341] [9.0] [cxt 0] Deparser 'deparser': start
[16:22:02.064] [bmv2] [T] [thread 4341] [9.0] [cxt 0] Skipping checksum 'cksum' update because condition not met
[16:22:02.064] [bmv2] [D] [thread 4341] [9.0] [cxt 0] Deparsing header 'ethernet'
[16:22:02.064] [bmv2] [D] [thread 4341] [9.0] [cxt 0] Deparser 'deparser': end
[16:22:02.065] [bmv2] [D] [thread 4345] [9.0] [cxt 0] Transmitting packet of size 107 out of port 0
[16:22:02.081] [bmv2] [D] [thread 4340] [10.0] [cxt 0] Processing packet received on port 4
[16:22:02.081] [bmv2] [D] [thread 4340] [10.0] [cxt 0] Parser 'parser': start
[16:22:02.081] [bmv2] [D] [thread 4340] [10.0] [cxt 0] Parser 'parser' entering state 'start'
[16:22:02.081] [bmv2] [D] [thread 4340] [10.0] [cxt 0] Extracting header 'ethernet'
[16:22:02.081] [bmv2] [D] [thread 4340] [10.0] [cxt 0] Parser state 'start': key is 86dd
[16:22:02.081] [bmv2] [T] [thread 4340] [10.0] [cxt 0] Bytes parsed: 14
[16:22:02.081] [bmv2] [D] [thread 4340] [10.0] [cxt 0] Parser 'parser': end
[16:22:02.081] [bmv2] [D] [thread 4340] [10.0] [cxt 0] Pipeline 'ingress': start
[16:22:02.081] [bmv2] [T] [thread 4340] [10.0] [cxt 0] lmpp.p4(198) Condition "hdr.ipv4.isValid()" (node_2) is false
[16:22:02.081] [bmv2] [T] [thread 4340] [10.0] [cxt 0] lmpp.p4(200) Condition "hdr.probe.isValid()" (node_4) is false
[16:22:02.082] [bmv2] [D] [thread 4340] [10.0] [cxt 0] Pipeline 'ingress': end
[16:22:02.082] [bmv2] [D] [thread 4340] [10.0] [cxt 0] Egress port is 0
[16:22:02.082] [bmv2] [D] [thread 4341] [10.0] [cxt 0] Pipeline 'egress': start
[16:22:02.082] [bmv2] [T] [thread 4341] [10.0] [cxt 0] lmpp.p4(229) Condition "hdr.probe.isValid()" (node_8) is false
[16:22:02.082] [bmv2] [T] [thread 4341] [10.0] [cxt 0] lmpp.p4(264) Condition "smt.egress_port == PORT_RECIRCULATE" (node_28) is false
[16:22:02.082] [bmv2] [D] [thread 4341] [10.0] [cxt 0] Pipeline 'egress': end
[16:22:02.082] [bmv2] [D] [thread 4341] [10.0] [cxt 0] Deparser 'deparser': start
[16:22:02.082] [bmv2] [T] [thread 4341] [10.0] [cxt 0] Skipping checksum 'cksum' update because condition not met
[16:22:02.082] [bmv2] [D] [thread 4341] [10.0] [cxt 0] Deparsing header 'ethernet'
[16:22:02.082] [bmv2] [D] [thread 4341] [10.0] [cxt 0] Deparser 'deparser': end
[16:22:02.082] [bmv2] [D] [thread 4345] [10.0] [cxt 0] Transmitting packet of size 107 out of port 0
[16:22:02.112] [bmv2] [D] [thread 4340] [11.0] [cxt 0] Processing packet received on port 2
[16:22:02.112] [bmv2] [D] [thread 4340] [11.0] [cxt 0] Parser 'parser': start
[16:22:02.112] [bmv2] [D] [thread 4340] [11.0] [cxt 0] Parser 'parser' entering state 'start'
[16:22:02.112] [bmv2] [D] [thread 4340] [11.0] [cxt 0] Extracting header 'ethernet'
[16:22:02.112] [bmv2] [D] [thread 4340] [11.0] [cxt 0] Parser state 'start': key is 86dd
[16:22:02.112] [bmv2] [T] [thread 4340] [11.0] [cxt 0] Bytes parsed: 14
[16:22:02.112] [bmv2] [D] [thread 4340] [11.0] [cxt 0] Parser 'parser': end
[16:22:02.112] [bmv2] [D] [thread 4340] [11.0] [cxt 0] Pipeline 'ingress': start
[16:22:02.112] [bmv2] [T] [thread 4340] [11.0] [cxt 0] lmpp.p4(198) Condition "hdr.ipv4.isValid()" (node_2) is false
[16:22:02.112] [bmv2] [T] [thread 4340] [11.0] [cxt 0] lmpp.p4(200) Condition "hdr.probe.isValid()" (node_4) is false
[16:22:02.112] [bmv2] [D] [thread 4340] [11.0] [cxt 0] Pipeline 'ingress': end
[16:22:02.112] [bmv2] [D] [thread 4340] [11.0] [cxt 0] Egress port is 0
[16:22:02.112] [bmv2] [D] [thread 4341] [11.0] [cxt 0] Pipeline 'egress': start
[16:22:02.112] [bmv2] [T] [thread 4341] [11.0] [cxt 0] lmpp.p4(229) Condition "hdr.probe.isValid()" (node_8) is false
[16:22:02.112] [bmv2] [T] [thread 4341] [11.0] [cxt 0] lmpp.p4(264) Condition "smt.egress_port == PORT_RECIRCULATE" (node_28) is false
[16:22:02.112] [bmv2] [D] [thread 4341] [11.0] [cxt 0] Pipeline 'egress': end
[16:22:02.112] [bmv2] [D] [thread 4341] [11.0] [cxt 0] Deparser 'deparser': start
[16:22:02.112] [bmv2] [T] [thread 4341] [11.0] [cxt 0] Skipping checksum 'cksum' update because condition not met
[16:22:02.112] [bmv2] [D] [thread 4341] [11.0] [cxt 0] Deparsing header 'ethernet'
[16:22:02.112] [bmv2] [D] [thread 4341] [11.0] [cxt 0] Deparser 'deparser': end
[16:22:02.112] [bmv2] [D] [thread 4345] [11.0] [cxt 0] Transmitting packet of size 107 out of port 0
[16:22:02.230] [bmv2] [D] [thread 4340] [12.0] [cxt 0] Processing packet received on port 1
[16:22:02.230] [bmv2] [D] [thread 4340] [12.0] [cxt 0] Parser 'parser': start
[16:22:02.230] [bmv2] [D] [thread 4340] [12.0] [cxt 0] Parser 'parser' entering state 'start'
[16:22:02.230] [bmv2] [D] [thread 4340] [12.0] [cxt 0] Extracting header 'ethernet'
[16:22:02.230] [bmv2] [D] [thread 4340] [12.0] [cxt 0] Parser state 'start': key is 86dd
[16:22:02.230] [bmv2] [T] [thread 4340] [12.0] [cxt 0] Bytes parsed: 14
[16:22:02.230] [bmv2] [D] [thread 4340] [12.0] [cxt 0] Parser 'parser': end
[16:22:02.230] [bmv2] [D] [thread 4340] [12.0] [cxt 0] Pipeline 'ingress': start
[16:22:02.230] [bmv2] [T] [thread 4340] [12.0] [cxt 0] lmpp.p4(198) Condition "hdr.ipv4.isValid()" (node_2) is false
[16:22:02.230] [bmv2] [T] [thread 4340] [12.0] [cxt 0] lmpp.p4(200) Condition "hdr.probe.isValid()" (node_4) is false
[16:22:02.231] [bmv2] [D] [thread 4340] [12.0] [cxt 0] Pipeline 'ingress': end
[16:22:02.231] [bmv2] [D] [thread 4340] [12.0] [cxt 0] Egress port is 0
[16:22:02.231] [bmv2] [D] [thread 4341] [12.0] [cxt 0] Pipeline 'egress': start
[16:22:02.231] [bmv2] [T] [thread 4341] [12.0] [cxt 0] lmpp.p4(229) Condition "hdr.probe.isValid()" (node_8) is false
[16:22:02.231] [bmv2] [T] [thread 4341] [12.0] [cxt 0] lmpp.p4(264) Condition "smt.egress_port == PORT_RECIRCULATE" (node_28) is false
[16:22:02.231] [bmv2] [D] [thread 4341] [12.0] [cxt 0] Pipeline 'egress': end
[16:22:02.231] [bmv2] [D] [thread 4341] [12.0] [cxt 0] Deparser 'deparser': start
[16:22:02.231] [bmv2] [T] [thread 4341] [12.0] [cxt 0] Skipping checksum 'cksum' update because condition not met
[16:22:02.231] [bmv2] [D] [thread 4341] [12.0] [cxt 0] Deparsing header 'ethernet'
[16:22:02.231] [bmv2] [D] [thread 4341] [12.0] [cxt 0] Deparser 'deparser': end
[16:22:02.232] [bmv2] [D] [thread 4345] [12.0] [cxt 0] Transmitting packet of size 107 out of port 0
New connection
P4Runtime SetForwardingPipelineConfig
[16:22:02.325] [bmv2] [W] [thread 4392] [P4Runtime] p4::tmp::P4DeviceConfig is deprecated
[16:22:02.326] [bmv2] [D] [thread 4392] Set default default entry for table 'MyIngress.ipv4_lpm': MyIngress.drop - 
[16:22:02.326] [bmv2] [D] [thread 4392] Set default default entry for table 'tbl_act': act - 
[16:22:02.327] [bmv2] [D] [thread 4392] Set default default entry for table 'tbl_act_0': act_2 - 
[16:22:02.327] [bmv2] [D] [thread 4392] Set default default entry for table 'tbl_act_1': act_0 - 
[16:22:02.327] [bmv2] [D] [thread 4392] Set default default entry for table 'tbl_act_2': act_1 - 
[16:22:02.327] [bmv2] [D] [thread 4392] Set default default entry for table 'MyEgress.swid': NoAction - 
[16:22:02.327] [bmv2] [D] [thread 4392] Set default default entry for table 'tbl_act_3': act_10 - 
[16:22:02.327] [bmv2] [D] [thread 4392] Set default default entry for table 'tbl_act_4': act_3 - 
[16:22:02.327] [bmv2] [D] [thread 4392] Set default default entry for table 'tbl_act_5': act_4 - 
[16:22:02.327] [bmv2] [D] [thread 4392] Set default default entry for table 'tbl_act_6': act_5 - 
[16:22:02.327] [bmv2] [D] [thread 4392] Set default default entry for table 'tbl_act_7': act_6 - 
[16:22:02.327] [bmv2] [D] [thread 4392] Set default default entry for table 'tbl_act_8': act_7 - 
[16:22:02.327] [bmv2] [D] [thread 4392] Set default default entry for table 'tbl_act_9': act_8 - 
[16:22:02.327] [bmv2] [D] [thread 4392] Set default default entry for table 'tbl_act_10': act_9 - 
[16:22:02.327] [bmv2] [D] [thread 4392] Set default default entry for table 'tbl_act_11': act_11 - 
P4Runtime Write
device_id: 4
election_id {
  low: 1
}
updates {
  type: MODIFY
  entity {
    table_entry {
      table_id: 33591643
      action {
        action {
          action_id: 16808262
          params {
            param_id: 1
            value: "\005"
          }
        }
      }
      is_default_action: true
    }
  }
}
[16:22:02.331] [bmv2] [D] [thread 4392] Set default entry for table 'MyEgress.swid': MyEgress.set_swid - 5,
P4Runtime Write
device_id: 4
election_id {
  low: 1
}
updates {
  type: MODIFY
  entity {
    table_entry {
      table_id: 33574068
      action {
        action {
          action_id: 16805608
        }
      }
      is_default_action: true
    }
  }
}
[16:22:02.332] [bmv2] [D] [thread 4392] Set default entry for table 'MyIngress.ipv4_lpm': MyIngress.drop - 
P4Runtime Write
device_id: 4
election_id {
  low: 1
}
updates {
  type: INSERT
  entity {
    table_entry {
      table_id: 33574068
      match {
        field_id: 1
        lpm {
          value: "\n\000\001\001"
          prefix_len: 32
        }
      }
      action {
        action {
          action_id: 16799317
          params {
            param_id: 1
            value: "\010\000\000\000\001\000"
          }
          params {
            param_id: 2
            value: "\000\001"
          }
        }
      }
    }
  }
}
[16:22:02.333] [bmv2] [D] [thread 4392] Entry 0 added to table 'MyIngress.ipv4_lpm'
[16:22:02.333] [bmv2] [D] [thread 4392] Dumping entry 0
Match key:
* hdr.ipv4.dstAddr    : LPM       0a000101/32
Action entry: MyIngress.ipv4_forward - 80000000100,1,

P4Runtime Write
device_id: 4
election_id {
  low: 1
}
updates {
  type: INSERT
  entity {
    table_entry {
      table_id: 33574068
      match {
        field_id: 1
        lpm {
          value: "\n\000\002\002"
          prefix_len: 32
        }
      }
      action {
        action {
          action_id: 16799317
          params {
            param_id: 1
            value: "\010\000\000\000\001\000"
          }
          params {
            param_id: 2
            value: "\000\001"
          }
        }
      }
    }
  }
}
[16:22:02.334] [bmv2] [D] [thread 4392] Entry 1 added to table 'MyIngress.ipv4_lpm'
[16:22:02.334] [bmv2] [D] [thread 4392] Dumping entry 1
Match key:
* hdr.ipv4.dstAddr    : LPM       0a000202/32
Action entry: MyIngress.ipv4_forward - 80000000100,1,

P4Runtime Write
device_id: 4
election_id {
  low: 1
}
updates {
  type: INSERT
  entity {
    table_entry {
      table_id: 33574068
      match {
        field_id: 1
        lpm {
          value: "\n\000\003\003"
          prefix_len: 32
        }
      }
      action {
        action {
          action_id: 16799317
          params {
            param_id: 1
            value: "\010\000\000\000\002\000"
          }
          params {
            param_id: 2
            value: "\000\002"
          }
        }
      }
    }
  }
}
[16:22:02.335] [bmv2] [D] [thread 4392] Entry 2 added to table 'MyIngress.ipv4_lpm'
[16:22:02.335] [bmv2] [D] [thread 4392] Dumping entry 2
Match key:
* hdr.ipv4.dstAddr    : LPM       0a000303/32
Action entry: MyIngress.ipv4_forward - 80000000200,2,

P4Runtime Write
device_id: 4
election_id {
  low: 1
}
updates {
  type: INSERT
  entity {
    table_entry {
      table_id: 33574068
      match {
        field_id: 1
        lpm {
          value: "\n\000\004\004"
          prefix_len: 32
        }
      }
      action {
        action {
          action_id: 16799317
          params {
            param_id: 1
            value: "\010\000\000\000\002\000"
          }
          params {
            param_id: 2
            value: "\000\002"
          }
        }
      }
    }
  }
}
[16:22:02.338] [bmv2] [D] [thread 4392] Entry 3 added to table 'MyIngress.ipv4_lpm'
[16:22:02.338] [bmv2] [D] [thread 4392] Dumping entry 3
Match key:
* hdr.ipv4.dstAddr    : LPM       0a000404/32
Action entry: MyIngress.ipv4_forward - 80000000200,2,

Connection removed
[16:22:02.347] [bmv2] [D] [thread 4340] [13.0] [cxt 0] Processing packet received on port 2
[16:22:02.347] [bmv2] [D] [thread 4340] [13.0] [cxt 0] Parser 'parser': start
[16:22:02.347] [bmv2] [D] [thread 4340] [13.0] [cxt 0] Parser 'parser' entering state 'start'
[16:22:02.347] [bmv2] [D] [thread 4340] [13.0] [cxt 0] Extracting header 'ethernet'
[16:22:02.347] [bmv2] [D] [thread 4340] [13.0] [cxt 0] Parser state 'start': key is 86dd
[16:22:02.347] [bmv2] [T] [thread 4340] [13.0] [cxt 0] Bytes parsed: 14
[16:22:02.347] [bmv2] [D] [thread 4340] [13.0] [cxt 0] Parser 'parser': end
[16:22:02.347] [bmv2] [D] [thread 4340] [13.0] [cxt 0] Pipeline 'ingress': start
[16:22:02.347] [bmv2] [T] [thread 4340] [13.0] [cxt 0] lmpp.p4(198) Condition "hdr.ipv4.isValid()" (node_2) is false
[16:22:02.347] [bmv2] [T] [thread 4340] [13.0] [cxt 0] lmpp.p4(200) Condition "hdr.probe.isValid()" (node_4) is false
[16:22:02.347] [bmv2] [D] [thread 4340] [13.0] [cxt 0] Pipeline 'ingress': end
[16:22:02.347] [bmv2] [D] [thread 4340] [13.0] [cxt 0] Egress port is 0
[16:22:02.347] [bmv2] [D] [thread 4341] [13.0] [cxt 0] Pipeline 'egress': start
[16:22:02.347] [bmv2] [T] [thread 4341] [13.0] [cxt 0] lmpp.p4(229) Condition "hdr.probe.isValid()" (node_8) is false
[16:22:02.347] [bmv2] [T] [thread 4341] [13.0] [cxt 0] lmpp.p4(264) Condition "smt.egress_port == PORT_RECIRCULATE" (node_28) is false
[16:22:02.347] [bmv2] [D] [thread 4341] [13.0] [cxt 0] Pipeline 'egress': end
[16:22:02.347] [bmv2] [D] [thread 4341] [13.0] [cxt 0] Deparser 'deparser': start
[16:22:02.347] [bmv2] [T] [thread 4341] [13.0] [cxt 0] Skipping checksum 'cksum' update because condition not met
[16:22:02.347] [bmv2] [D] [thread 4341] [13.0] [cxt 0] Deparsing header 'ethernet'
[16:22:02.347] [bmv2] [D] [thread 4341] [13.0] [cxt 0] Deparser 'deparser': end
[16:22:02.347] [bmv2] [D] [thread 4345] [13.0] [cxt 0] Transmitting packet of size 107 out of port 0
[16:22:02.454] [bmv2] [D] [thread 4340] [14.0] [cxt 0] Processing packet received on port 4
[16:22:02.454] [bmv2] [D] [thread 4340] [14.0] [cxt 0] Parser 'parser': start
[16:22:02.454] [bmv2] [D] [thread 4340] [14.0] [cxt 0] Parser 'parser' entering state 'start'
[16:22:02.454] [bmv2] [D] [thread 4340] [14.0] [cxt 0] Extracting header 'ethernet'
[16:22:02.454] [bmv2] [D] [thread 4340] [14.0] [cxt 0] Parser state 'start': key is 86dd
[16:22:02.454] [bmv2] [T] [thread 4340] [14.0] [cxt 0] Bytes parsed: 14
[16:22:02.454] [bmv2] [D] [thread 4340] [14.0] [cxt 0] Parser 'parser': end
[16:22:02.454] [bmv2] [D] [thread 4340] [14.0] [cxt 0] Pipeline 'ingress': start
[16:22:02.454] [bmv2] [T] [thread 4340] [14.0] [cxt 0] lmpp.p4(198) Condition "hdr.ipv4.isValid()" (node_2) is false
[16:22:02.454] [bmv2] [T] [thread 4340] [14.0] [cxt 0] lmpp.p4(200) Condition "hdr.probe.isValid()" (node_4) is false
[16:22:02.454] [bmv2] [D] [thread 4340] [14.0] [cxt 0] Pipeline 'ingress': end
[16:22:02.454] [bmv2] [D] [thread 4340] [14.0] [cxt 0] Egress port is 0
[16:22:02.454] [bmv2] [D] [thread 4341] [14.0] [cxt 0] Pipeline 'egress': start
[16:22:02.454] [bmv2] [T] [thread 4341] [14.0] [cxt 0] lmpp.p4(229) Condition "hdr.probe.isValid()" (node_8) is false
[16:22:02.454] [bmv2] [T] [thread 4341] [14.0] [cxt 0] lmpp.p4(264) Condition "smt.egress_port == PORT_RECIRCULATE" (node_28) is false
[16:22:02.454] [bmv2] [D] [thread 4341] [14.0] [cxt 0] Pipeline 'egress': end
[16:22:02.454] [bmv2] [D] [thread 4341] [14.0] [cxt 0] Deparser 'deparser': start
[16:22:02.454] [bmv2] [T] [thread 4341] [14.0] [cxt 0] Skipping checksum 'cksum' update because condition not met
[16:22:02.454] [bmv2] [D] [thread 4341] [14.0] [cxt 0] Deparsing header 'ethernet'
[16:22:02.454] [bmv2] [D] [thread 4341] [14.0] [cxt 0] Deparser 'deparser': end
[16:22:02.454] [bmv2] [D] [thread 4345] [14.0] [cxt 0] Transmitting packet of size 107 out of port 0
[16:22:02.588] [bmv2] [D] [thread 4340] [15.0] [cxt 0] Processing packet received on port 3
[16:22:02.588] [bmv2] [D] [thread 4340] [15.0] [cxt 0] Parser 'parser': start
[16:22:02.588] [bmv2] [D] [thread 4340] [15.0] [cxt 0] Parser 'parser' entering state 'start'
[16:22:02.588] [bmv2] [D] [thread 4340] [15.0] [cxt 0] Extracting header 'ethernet'
[16:22:02.588] [bmv2] [D] [thread 4340] [15.0] [cxt 0] Parser state 'start': key is 86dd
[16:22:02.588] [bmv2] [T] [thread 4340] [15.0] [cxt 0] Bytes parsed: 14
[16:22:02.588] [bmv2] [D] [thread 4340] [15.0] [cxt 0] Parser 'parser': end
[16:22:02.588] [bmv2] [D] [thread 4340] [15.0] [cxt 0] Pipeline 'ingress': start
[16:22:02.588] [bmv2] [T] [thread 4340] [15.0] [cxt 0] lmpp.p4(198) Condition "hdr.ipv4.isValid()" (node_2) is false
[16:22:02.588] [bmv2] [T] [thread 4340] [15.0] [cxt 0] lmpp.p4(200) Condition "hdr.probe.isValid()" (node_4) is false
[16:22:02.588] [bmv2] [D] [thread 4340] [15.0] [cxt 0] Pipeline 'ingress': end
[16:22:02.588] [bmv2] [D] [thread 4340] [15.0] [cxt 0] Egress port is 0
[16:22:02.588] [bmv2] [D] [thread 4341] [15.0] [cxt 0] Pipeline 'egress': start
[16:22:02.588] [bmv2] [T] [thread 4341] [15.0] [cxt 0] lmpp.p4(229) Condition "hdr.probe.isValid()" (node_8) is false
[16:22:02.588] [bmv2] [T] [thread 4341] [15.0] [cxt 0] lmpp.p4(264) Condition "smt.egress_port == PORT_RECIRCULATE" (node_28) is false
[16:22:02.588] [bmv2] [D] [thread 4341] [15.0] [cxt 0] Pipeline 'egress': end
[16:22:02.588] [bmv2] [D] [thread 4341] [15.0] [cxt 0] Deparser 'deparser': start
[16:22:02.588] [bmv2] [T] [thread 4341] [15.0] [cxt 0] Skipping checksum 'cksum' update because condition not met
[16:22:02.588] [bmv2] [D] [thread 4341] [15.0] [cxt 0] Deparsing header 'ethernet'
[16:22:02.588] [bmv2] [D] [thread 4341] [15.0] [cxt 0] Deparser 'deparser': end
[16:22:02.588] [bmv2] [D] [thread 4345] [15.0] [cxt 0] Transmitting packet of size 107 out of port 0
[16:22:02.664] [bmv2] [D] [thread 4340] [16.0] [cxt 0] Processing packet received on port 1
[16:22:02.664] [bmv2] [D] [thread 4340] [16.0] [cxt 0] Parser 'parser': start
[16:22:02.664] [bmv2] [D] [thread 4340] [16.0] [cxt 0] Parser 'parser' entering state 'start'
[16:22:02.664] [bmv2] [D] [thread 4340] [16.0] [cxt 0] Extracting header 'ethernet'
[16:22:02.664] [bmv2] [D] [thread 4340] [16.0] [cxt 0] Parser state 'start': key is 86dd
[16:22:02.664] [bmv2] [T] [thread 4340] [16.0] [cxt 0] Bytes parsed: 14
[16:22:02.664] [bmv2] [D] [thread 4340] [16.0] [cxt 0] Parser 'parser': end
[16:22:02.664] [bmv2] [D] [thread 4340] [16.0] [cxt 0] Pipeline 'ingress': start
[16:22:02.664] [bmv2] [T] [thread 4340] [16.0] [cxt 0] lmpp.p4(198) Condition "hdr.ipv4.isValid()" (node_2) is false
[16:22:02.664] [bmv2] [T] [thread 4340] [16.0] [cxt 0] lmpp.p4(200) Condition "hdr.probe.isValid()" (node_4) is false
[16:22:02.664] [bmv2] [D] [thread 4340] [16.0] [cxt 0] Pipeline 'ingress': end
[16:22:02.664] [bmv2] [D] [thread 4340] [16.0] [cxt 0] Egress port is 0
[16:22:02.664] [bmv2] [D] [thread 4341] [16.0] [cxt 0] Pipeline 'egress': start
[16:22:02.664] [bmv2] [T] [thread 4341] [16.0] [cxt 0] lmpp.p4(229) Condition "hdr.probe.isValid()" (node_8) is false
[16:22:02.664] [bmv2] [T] [thread 4341] [16.0] [cxt 0] lmpp.p4(264) Condition "smt.egress_port == PORT_RECIRCULATE" (node_28) is false
[16:22:02.664] [bmv2] [D] [thread 4341] [16.0] [cxt 0] Pipeline 'egress': end
[16:22:02.664] [bmv2] [D] [thread 4341] [16.0] [cxt 0] Deparser 'deparser': start
[16:22:02.664] [bmv2] [T] [thread 4341] [16.0] [cxt 0] Skipping checksum 'cksum' update because condition not met
[16:22:02.664] [bmv2] [D] [thread 4341] [16.0] [cxt 0] Deparsing header 'ethernet'
[16:22:02.664] [bmv2] [D] [thread 4341] [16.0] [cxt 0] Deparser 'deparser': end
[16:22:02.664] [bmv2] [D] [thread 4345] [16.0] [cxt 0] Transmitting packet of size 107 out of port 0
[16:22:02.910] [bmv2] [D] [thread 4340] [17.0] [cxt 0] Processing packet received on port 3
[16:22:02.910] [bmv2] [D] [thread 4340] [17.0] [cxt 0] Parser 'parser': start
[16:22:02.910] [bmv2] [D] [thread 4340] [17.0] [cxt 0] Parser 'parser' entering state 'start'
[16:22:02.910] [bmv2] [D] [thread 4340] [17.0] [cxt 0] Extracting header 'ethernet'
[16:22:02.910] [bmv2] [D] [thread 4340] [17.0] [cxt 0] Parser state 'start': key is 86dd
[16:22:02.910] [bmv2] [T] [thread 4340] [17.0] [cxt 0] Bytes parsed: 14
[16:22:02.910] [bmv2] [D] [thread 4340] [17.0] [cxt 0] Parser 'parser': end
[16:22:02.910] [bmv2] [D] [thread 4340] [17.0] [cxt 0] Pipeline 'ingress': start
[16:22:02.910] [bmv2] [T] [thread 4340] [17.0] [cxt 0] lmpp.p4(198) Condition "hdr.ipv4.isValid()" (node_2) is false
[16:22:02.910] [bmv2] [T] [thread 4340] [17.0] [cxt 0] lmpp.p4(200) Condition "hdr.probe.isValid()" (node_4) is false
[16:22:02.910] [bmv2] [D] [thread 4340] [17.0] [cxt 0] Pipeline 'ingress': end
[16:22:02.910] [bmv2] [D] [thread 4340] [17.0] [cxt 0] Egress port is 0
[16:22:02.911] [bmv2] [D] [thread 4341] [17.0] [cxt 0] Pipeline 'egress': start
[16:22:02.911] [bmv2] [T] [thread 4341] [17.0] [cxt 0] lmpp.p4(229) Condition "hdr.probe.isValid()" (node_8) is false
[16:22:02.911] [bmv2] [T] [thread 4341] [17.0] [cxt 0] lmpp.p4(264) Condition "smt.egress_port == PORT_RECIRCULATE" (node_28) is false
[16:22:02.911] [bmv2] [D] [thread 4341] [17.0] [cxt 0] Pipeline 'egress': end
[16:22:02.911] [bmv2] [D] [thread 4341] [17.0] [cxt 0] Deparser 'deparser': start
[16:22:02.911] [bmv2] [T] [thread 4341] [17.0] [cxt 0] Skipping checksum 'cksum' update because condition not met
[16:22:02.911] [bmv2] [D] [thread 4341] [17.0] [cxt 0] Deparsing header 'ethernet'
[16:22:02.911] [bmv2] [D] [thread 4341] [17.0] [cxt 0] Deparser 'deparser': end
[16:22:02.911] [bmv2] [D] [thread 4345] [17.0] [cxt 0] Transmitting packet of size 70 out of port 0
[16:22:02.990] [bmv2] [D] [thread 4340] [18.0] [cxt 0] Processing packet received on port 4
[16:22:02.990] [bmv2] [D] [thread 4340] [18.0] [cxt 0] Parser 'parser': start
[16:22:02.990] [bmv2] [D] [thread 4340] [18.0] [cxt 0] Parser 'parser' entering state 'start'
[16:22:02.991] [bmv2] [D] [thread 4340] [18.0] [cxt 0] Extracting header 'ethernet'
[16:22:02.991] [bmv2] [D] [thread 4340] [18.0] [cxt 0] Parser state 'start': key is 86dd
[16:22:02.991] [bmv2] [T] [thread 4340] [18.0] [cxt 0] Bytes parsed: 14
[16:22:02.991] [bmv2] [D] [thread 4340] [18.0] [cxt 0] Parser 'parser': end
[16:22:02.991] [bmv2] [D] [thread 4340] [18.0] [cxt 0] Pipeline 'ingress': start
[16:22:02.991] [bmv2] [T] [thread 4340] [18.0] [cxt 0] lmpp.p4(198) Condition "hdr.ipv4.isValid()" (node_2) is false
[16:22:02.991] [bmv2] [T] [thread 4340] [18.0] [cxt 0] lmpp.p4(200) Condition "hdr.probe.isValid()" (node_4) is false
[16:22:02.991] [bmv2] [D] [thread 4340] [18.0] [cxt 0] Pipeline 'ingress': end
[16:22:02.991] [bmv2] [D] [thread 4340] [18.0] [cxt 0] Egress port is 0
[16:22:02.991] [bmv2] [D] [thread 4341] [18.0] [cxt 0] Pipeline 'egress': start
[16:22:02.991] [bmv2] [T] [thread 4341] [18.0] [cxt 0] lmpp.p4(229) Condition "hdr.probe.isValid()" (node_8) is false
[16:22:02.991] [bmv2] [T] [thread 4341] [18.0] [cxt 0] lmpp.p4(264) Condition "smt.egress_port == PORT_RECIRCULATE" (node_28) is false
[16:22:02.991] [bmv2] [D] [thread 4341] [18.0] [cxt 0] Pipeline 'egress': end
[16:22:02.991] [bmv2] [D] [thread 4341] [18.0] [cxt 0] Deparser 'deparser': start
[16:22:02.991] [bmv2] [T] [thread 4341] [18.0] [cxt 0] Skipping checksum 'cksum' update because condition not met
[16:22:02.991] [bmv2] [D] [thread 4341] [18.0] [cxt 0] Deparsing header 'ethernet'
[16:22:02.991] [bmv2] [D] [thread 4341] [18.0] [cxt 0] Deparser 'deparser': end
[16:22:02.991] [bmv2] [D] [thread 4345] [18.0] [cxt 0] Transmitting packet of size 70 out of port 0
[16:22:03.021] [bmv2] [D] [thread 4340] [19.0] [cxt 0] Processing packet received on port 2
[16:22:03.021] [bmv2] [D] [thread 4340] [19.0] [cxt 0] Parser 'parser': start
[16:22:03.021] [bmv2] [D] [thread 4340] [19.0] [cxt 0] Parser 'parser' entering state 'start'
[16:22:03.021] [bmv2] [D] [thread 4340] [19.0] [cxt 0] Extracting header 'ethernet'
[16:22:03.021] [bmv2] [D] [thread 4340] [19.0] [cxt 0] Parser state 'start': key is 86dd
[16:22:03.021] [bmv2] [T] [thread 4340] [19.0] [cxt 0] Bytes parsed: 14
[16:22:03.021] [bmv2] [D] [thread 4340] [19.0] [cxt 0] Parser 'parser': end
[16:22:03.021] [bmv2] [D] [thread 4340] [19.0] [cxt 0] Pipeline 'ingress': start
[16:22:03.021] [bmv2] [T] [thread 4340] [19.0] [cxt 0] lmpp.p4(198) Condition "hdr.ipv4.isValid()" (node_2) is false
[16:22:03.021] [bmv2] [T] [thread 4340] [19.0] [cxt 0] lmpp.p4(200) Condition "hdr.probe.isValid()" (node_4) is false
[16:22:03.021] [bmv2] [D] [thread 4340] [19.0] [cxt 0] Pipeline 'ingress': end
[16:22:03.021] [bmv2] [D] [thread 4340] [19.0] [cxt 0] Egress port is 0
[16:22:03.021] [bmv2] [D] [thread 4341] [19.0] [cxt 0] Pipeline 'egress': start
[16:22:03.021] [bmv2] [T] [thread 4341] [19.0] [cxt 0] lmpp.p4(229) Condition "hdr.probe.isValid()" (node_8) is false
[16:22:03.021] [bmv2] [T] [thread 4341] [19.0] [cxt 0] lmpp.p4(264) Condition "smt.egress_port == PORT_RECIRCULATE" (node_28) is false
[16:22:03.021] [bmv2] [D] [thread 4341] [19.0] [cxt 0] Pipeline 'egress': end
[16:22:03.021] [bmv2] [D] [thread 4341] [19.0] [cxt 0] Deparser 'deparser': start
[16:22:03.021] [bmv2] [T] [thread 4341] [19.0] [cxt 0] Skipping checksum 'cksum' update because condition not met
[16:22:03.021] [bmv2] [D] [thread 4341] [19.0] [cxt 0] Deparsing header 'ethernet'
[16:22:03.021] [bmv2] [D] [thread 4341] [19.0] [cxt 0] Deparser 'deparser': end
[16:22:03.021] [bmv2] [D] [thread 4345] [19.0] [cxt 0] Transmitting packet of size 70 out of port 0
[16:22:03.146] [bmv2] [D] [thread 4340] [20.0] [cxt 0] Processing packet received on port 1
[16:22:03.146] [bmv2] [D] [thread 4340] [20.0] [cxt 0] Parser 'parser': start
[16:22:03.146] [bmv2] [D] [thread 4340] [20.0] [cxt 0] Parser 'parser' entering state 'start'
[16:22:03.146] [bmv2] [D] [thread 4340] [20.0] [cxt 0] Extracting header 'ethernet'
[16:22:03.146] [bmv2] [D] [thread 4340] [20.0] [cxt 0] Parser state 'start': key is 86dd
[16:22:03.146] [bmv2] [T] [thread 4340] [20.0] [cxt 0] Bytes parsed: 14
[16:22:03.146] [bmv2] [D] [thread 4340] [20.0] [cxt 0] Parser 'parser': end
[16:22:03.146] [bmv2] [D] [thread 4340] [20.0] [cxt 0] Pipeline 'ingress': start
[16:22:03.146] [bmv2] [T] [thread 4340] [20.0] [cxt 0] lmpp.p4(198) Condition "hdr.ipv4.isValid()" (node_2) is false
[16:22:03.146] [bmv2] [T] [thread 4340] [20.0] [cxt 0] lmpp.p4(200) Condition "hdr.probe.isValid()" (node_4) is false
[16:22:03.146] [bmv2] [D] [thread 4340] [20.0] [cxt 0] Pipeline 'ingress': end
[16:22:03.146] [bmv2] [D] [thread 4340] [20.0] [cxt 0] Egress port is 0
[16:22:03.146] [bmv2] [D] [thread 4341] [20.0] [cxt 0] Pipeline 'egress': start
[16:22:03.146] [bmv2] [T] [thread 4341] [20.0] [cxt 0] lmpp.p4(229) Condition "hdr.probe.isValid()" (node_8) is false
[16:22:03.146] [bmv2] [T] [thread 4341] [20.0] [cxt 0] lmpp.p4(264) Condition "smt.egress_port == PORT_RECIRCULATE" (node_28) is false
[16:22:03.146] [bmv2] [D] [thread 4341] [20.0] [cxt 0] Pipeline 'egress': end
[16:22:03.146] [bmv2] [D] [thread 4341] [20.0] [cxt 0] Deparser 'deparser': start
[16:22:03.146] [bmv2] [T] [thread 4341] [20.0] [cxt 0] Skipping checksum 'cksum' update because condition not met
[16:22:03.146] [bmv2] [D] [thread 4341] [20.0] [cxt 0] Deparsing header 'ethernet'
[16:22:03.146] [bmv2] [D] [thread 4341] [20.0] [cxt 0] Deparser 'deparser': end
[16:22:03.146] [bmv2] [D] [thread 4345] [20.0] [cxt 0] Transmitting packet of size 70 out of port 0
[16:22:03.249] [bmv2] [D] [thread 4340] [21.0] [cxt 0] Processing packet received on port 2
[16:22:03.249] [bmv2] [D] [thread 4340] [21.0] [cxt 0] Parser 'parser': start
[16:22:03.249] [bmv2] [D] [thread 4340] [21.0] [cxt 0] Parser 'parser' entering state 'start'
[16:22:03.249] [bmv2] [D] [thread 4340] [21.0] [cxt 0] Extracting header 'ethernet'
[16:22:03.250] [bmv2] [D] [thread 4340] [21.0] [cxt 0] Parser state 'start': key is 86dd
[16:22:03.250] [bmv2] [T] [thread 4340] [21.0] [cxt 0] Bytes parsed: 14
[16:22:03.250] [bmv2] [D] [thread 4340] [21.0] [cxt 0] Parser 'parser': end
[16:22:03.250] [bmv2] [D] [thread 4340] [21.0] [cxt 0] Pipeline 'ingress': start
[16:22:03.250] [bmv2] [T] [thread 4340] [21.0] [cxt 0] lmpp.p4(198) Condition "hdr.ipv4.isValid()" (node_2) is false
[16:22:03.250] [bmv2] [T] [thread 4340] [21.0] [cxt 0] lmpp.p4(200) Condition "hdr.probe.isValid()" (node_4) is false
[16:22:03.250] [bmv2] [D] [thread 4340] [21.0] [cxt 0] Pipeline 'ingress': end
[16:22:03.250] [bmv2] [D] [thread 4340] [21.0] [cxt 0] Egress port is 0
[16:22:03.250] [bmv2] [D] [thread 4341] [21.0] [cxt 0] Pipeline 'egress': start
[16:22:03.250] [bmv2] [T] [thread 4341] [21.0] [cxt 0] lmpp.p4(229) Condition "hdr.probe.isValid()" (node_8) is false
[16:22:03.250] [bmv2] [T] [thread 4341] [21.0] [cxt 0] lmpp.p4(264) Condition "smt.egress_port == PORT_RECIRCULATE" (node_28) is false
[16:22:03.250] [bmv2] [D] [thread 4341] [21.0] [cxt 0] Pipeline 'egress': end
[16:22:03.250] [bmv2] [D] [thread 4341] [21.0] [cxt 0] Deparser 'deparser': start
[16:22:03.250] [bmv2] [T] [thread 4341] [21.0] [cxt 0] Skipping checksum 'cksum' update because condition not met
[16:22:03.250] [bmv2] [D] [thread 4341] [21.0] [cxt 0] Deparsing header 'ethernet'
[16:22:03.250] [bmv2] [D] [thread 4341] [21.0] [cxt 0] Deparser 'deparser': end
[16:22:03.250] [bmv2] [D] [thread 4345] [21.0] [cxt 0] Transmitting packet of size 70 out of port 0
[16:22:03.260] [bmv2] [D] [thread 4340] [22.0] [cxt 0] Processing packet received on port 3
[16:22:03.260] [bmv2] [D] [thread 4340] [22.0] [cxt 0] Parser 'parser': start
[16:22:03.260] [bmv2] [D] [thread 4340] [22.0] [cxt 0] Parser 'parser' entering state 'start'
[16:22:03.260] [bmv2] [D] [thread 4340] [22.0] [cxt 0] Extracting header 'ethernet'
[16:22:03.260] [bmv2] [D] [thread 4340] [22.0] [cxt 0] Parser state 'start': key is 86dd
[16:22:03.260] [bmv2] [T] [thread 4340] [22.0] [cxt 0] Bytes parsed: 14
[16:22:03.260] [bmv2] [D] [thread 4340] [22.0] [cxt 0] Parser 'parser': end
[16:22:03.260] [bmv2] [D] [thread 4340] [22.0] [cxt 0] Pipeline 'ingress': start
[16:22:03.260] [bmv2] [T] [thread 4340] [22.0] [cxt 0] lmpp.p4(198) Condition "hdr.ipv4.isValid()" (node_2) is false
[16:22:03.260] [bmv2] [T] [thread 4340] [22.0] [cxt 0] lmpp.p4(200) Condition "hdr.probe.isValid()" (node_4) is false
[16:22:03.260] [bmv2] [D] [thread 4340] [22.0] [cxt 0] Pipeline 'ingress': end
[16:22:03.260] [bmv2] [D] [thread 4340] [22.0] [cxt 0] Egress port is 0
[16:22:03.260] [bmv2] [D] [thread 4341] [22.0] [cxt 0] Pipeline 'egress': start
[16:22:03.260] [bmv2] [T] [thread 4341] [22.0] [cxt 0] lmpp.p4(229) Condition "hdr.probe.isValid()" (node_8) is false
[16:22:03.260] [bmv2] [T] [thread 4341] [22.0] [cxt 0] lmpp.p4(264) Condition "smt.egress_port == PORT_RECIRCULATE" (node_28) is false
[16:22:03.260] [bmv2] [D] [thread 4341] [22.0] [cxt 0] Pipeline 'egress': end
[16:22:03.260] [bmv2] [D] [thread 4341] [22.0] [cxt 0] Deparser 'deparser': start
[16:22:03.260] [bmv2] [T] [thread 4341] [22.0] [cxt 0] Skipping checksum 'cksum' update because condition not met
[16:22:03.260] [bmv2] [D] [thread 4341] [22.0] [cxt 0] Deparsing header 'ethernet'
[16:22:03.260] [bmv2] [D] [thread 4341] [22.0] [cxt 0] Deparser 'deparser': end
[16:22:03.260] [bmv2] [D] [thread 4345] [22.0] [cxt 0] Transmitting packet of size 196 out of port 0
[16:22:03.338] [bmv2] [D] [thread 4340] [23.0] [cxt 0] Processing packet received on port 4
[16:22:03.338] [bmv2] [D] [thread 4340] [23.0] [cxt 0] Parser 'parser': start
[16:22:03.338] [bmv2] [D] [thread 4340] [23.0] [cxt 0] Parser 'parser' entering state 'start'
[16:22:03.338] [bmv2] [D] [thread 4340] [23.0] [cxt 0] Extracting header 'ethernet'
[16:22:03.338] [bmv2] [D] [thread 4340] [23.0] [cxt 0] Parser state 'start': key is 86dd
[16:22:03.339] [bmv2] [T] [thread 4340] [23.0] [cxt 0] Bytes parsed: 14
[16:22:03.339] [bmv2] [D] [thread 4340] [23.0] [cxt 0] Parser 'parser': end
[16:22:03.339] [bmv2] [D] [thread 4340] [23.0] [cxt 0] Pipeline 'ingress': start
[16:22:03.339] [bmv2] [T] [thread 4340] [23.0] [cxt 0] lmpp.p4(198) Condition "hdr.ipv4.isValid()" (node_2) is false
[16:22:03.339] [bmv2] [T] [thread 4340] [23.0] [cxt 0] lmpp.p4(200) Condition "hdr.probe.isValid()" (node_4) is false
[16:22:03.339] [bmv2] [D] [thread 4340] [23.0] [cxt 0] Pipeline 'ingress': end
[16:22:03.339] [bmv2] [D] [thread 4340] [23.0] [cxt 0] Egress port is 0
[16:22:03.339] [bmv2] [D] [thread 4341] [23.0] [cxt 0] Pipeline 'egress': start
[16:22:03.339] [bmv2] [T] [thread 4341] [23.0] [cxt 0] lmpp.p4(229) Condition "hdr.probe.isValid()" (node_8) is false
[16:22:03.339] [bmv2] [T] [thread 4341] [23.0] [cxt 0] lmpp.p4(264) Condition "smt.egress_port == PORT_RECIRCULATE" (node_28) is false
[16:22:03.339] [bmv2] [D] [thread 4341] [23.0] [cxt 0] Pipeline 'egress': end
[16:22:03.339] [bmv2] [D] [thread 4341] [23.0] [cxt 0] Deparser 'deparser': start
[16:22:03.339] [bmv2] [T] [thread 4341] [23.0] [cxt 0] Skipping checksum 'cksum' update because condition not met
[16:22:03.339] [bmv2] [D] [thread 4341] [23.0] [cxt 0] Deparsing header 'ethernet'
[16:22:03.339] [bmv2] [D] [thread 4341] [23.0] [cxt 0] Deparser 'deparser': end
[16:22:03.339] [bmv2] [D] [thread 4345] [23.0] [cxt 0] Transmitting packet of size 196 out of port 0
[16:22:03.358] [bmv2] [D] [thread 4340] [24.0] [cxt 0] Processing packet received on port 4
[16:22:03.358] [bmv2] [D] [thread 4340] [24.0] [cxt 0] Parser 'parser': start
[16:22:03.358] [bmv2] [D] [thread 4340] [24.0] [cxt 0] Parser 'parser' entering state 'start'
[16:22:03.358] [bmv2] [D] [thread 4340] [24.0] [cxt 0] Extracting header 'ethernet'
[16:22:03.358] [bmv2] [D] [thread 4340] [24.0] [cxt 0] Parser state 'start': key is 86dd
[16:22:03.358] [bmv2] [T] [thread 4340] [24.0] [cxt 0] Bytes parsed: 14
[16:22:03.358] [bmv2] [D] [thread 4340] [24.0] [cxt 0] Parser 'parser': end
[16:22:03.358] [bmv2] [D] [thread 4340] [24.0] [cxt 0] Pipeline 'ingress': start
[16:22:03.358] [bmv2] [T] [thread 4340] [24.0] [cxt 0] lmpp.p4(198) Condition "hdr.ipv4.isValid()" (node_2) is false
[16:22:03.358] [bmv2] [T] [thread 4340] [24.0] [cxt 0] lmpp.p4(200) Condition "hdr.probe.isValid()" (node_4) is false
[16:22:03.358] [bmv2] [D] [thread 4340] [24.0] [cxt 0] Pipeline 'ingress': end
[16:22:03.358] [bmv2] [D] [thread 4340] [24.0] [cxt 0] Egress port is 0
[16:22:03.358] [bmv2] [D] [thread 4341] [24.0] [cxt 0] Pipeline 'egress': start
[16:22:03.358] [bmv2] [T] [thread 4341] [24.0] [cxt 0] lmpp.p4(229) Condition "hdr.probe.isValid()" (node_8) is false
[16:22:03.358] [bmv2] [T] [thread 4341] [24.0] [cxt 0] lmpp.p4(264) Condition "smt.egress_port == PORT_RECIRCULATE" (node_28) is false
[16:22:03.358] [bmv2] [D] [thread 4341] [24.0] [cxt 0] Pipeline 'egress': end
[16:22:03.358] [bmv2] [D] [thread 4341] [24.0] [cxt 0] Deparser 'deparser': start
[16:22:03.359] [bmv2] [T] [thread 4341] [24.0] [cxt 0] Skipping checksum 'cksum' update because condition not met
[16:22:03.359] [bmv2] [D] [thread 4341] [24.0] [cxt 0] Deparsing header 'ethernet'
[16:22:03.359] [bmv2] [D] [thread 4341] [24.0] [cxt 0] Deparser 'deparser': end
[16:22:03.359] [bmv2] [D] [thread 4345] [24.0] [cxt 0] Transmitting packet of size 70 out of port 0
[16:22:03.363] [bmv2] [D] [thread 4340] [25.0] [cxt 0] Processing packet received on port 2
[16:22:03.363] [bmv2] [D] [thread 4340] [25.0] [cxt 0] Parser 'parser': start
[16:22:03.363] [bmv2] [D] [thread 4340] [25.0] [cxt 0] Parser 'parser' entering state 'start'
[16:22:03.363] [bmv2] [D] [thread 4340] [25.0] [cxt 0] Extracting header 'ethernet'
[16:22:03.363] [bmv2] [D] [thread 4340] [25.0] [cxt 0] Parser state 'start': key is 86dd
[16:22:03.364] [bmv2] [T] [thread 4340] [25.0] [cxt 0] Bytes parsed: 14
[16:22:03.364] [bmv2] [D] [thread 4340] [25.0] [cxt 0] Parser 'parser': end
[16:22:03.364] [bmv2] [D] [thread 4340] [25.0] [cxt 0] Pipeline 'ingress': start
[16:22:03.364] [bmv2] [T] [thread 4340] [25.0] [cxt 0] lmpp.p4(198) Condition "hdr.ipv4.isValid()" (node_2) is false
[16:22:03.364] [bmv2] [T] [thread 4340] [25.0] [cxt 0] lmpp.p4(200) Condition "hdr.probe.isValid()" (node_4) is false
[16:22:03.364] [bmv2] [D] [thread 4340] [25.0] [cxt 0] Pipeline 'ingress': end
[16:22:03.364] [bmv2] [D] [thread 4340] [25.0] [cxt 0] Egress port is 0
[16:22:03.364] [bmv2] [D] [thread 4341] [25.0] [cxt 0] Pipeline 'egress': start
[16:22:03.364] [bmv2] [T] [thread 4341] [25.0] [cxt 0] lmpp.p4(229) Condition "hdr.probe.isValid()" (node_8) is false
[16:22:03.364] [bmv2] [T] [thread 4341] [25.0] [cxt 0] lmpp.p4(264) Condition "smt.egress_port == PORT_RECIRCULATE" (node_28) is false
[16:22:03.364] [bmv2] [D] [thread 4341] [25.0] [cxt 0] Pipeline 'egress': end
[16:22:03.364] [bmv2] [D] [thread 4341] [25.0] [cxt 0] Deparser 'deparser': start
[16:22:03.364] [bmv2] [T] [thread 4341] [25.0] [cxt 0] Skipping checksum 'cksum' update because condition not met
[16:22:03.364] [bmv2] [D] [thread 4341] [25.0] [cxt 0] Deparsing header 'ethernet'
[16:22:03.364] [bmv2] [D] [thread 4341] [25.0] [cxt 0] Deparser 'deparser': end
[16:22:03.364] [bmv2] [D] [thread 4345] [25.0] [cxt 0] Transmitting packet of size 196 out of port 0
[16:22:03.481] [bmv2] [D] [thread 4340] [26.0] [cxt 0] Processing packet received on port 1
[16:22:03.481] [bmv2] [D] [thread 4340] [26.0] [cxt 0] Parser 'parser': start
[16:22:03.481] [bmv2] [D] [thread 4340] [26.0] [cxt 0] Parser 'parser' entering state 'start'
[16:22:03.481] [bmv2] [D] [thread 4340] [26.0] [cxt 0] Extracting header 'ethernet'
[16:22:03.481] [bmv2] [D] [thread 4340] [26.0] [cxt 0] Parser state 'start': key is 86dd
[16:22:03.481] [bmv2] [T] [thread 4340] [26.0] [cxt 0] Bytes parsed: 14
[16:22:03.481] [bmv2] [D] [thread 4340] [26.0] [cxt 0] Parser 'parser': end
[16:22:03.481] [bmv2] [D] [thread 4340] [26.0] [cxt 0] Pipeline 'ingress': start
[16:22:03.481] [bmv2] [T] [thread 4340] [26.0] [cxt 0] lmpp.p4(198) Condition "hdr.ipv4.isValid()" (node_2) is false
[16:22:03.481] [bmv2] [T] [thread 4340] [26.0] [cxt 0] lmpp.p4(200) Condition "hdr.probe.isValid()" (node_4) is false
[16:22:03.481] [bmv2] [D] [thread 4340] [26.0] [cxt 0] Pipeline 'ingress': end
[16:22:03.481] [bmv2] [D] [thread 4340] [26.0] [cxt 0] Egress port is 0
[16:22:03.481] [bmv2] [D] [thread 4341] [26.0] [cxt 0] Pipeline 'egress': start
[16:22:03.481] [bmv2] [T] [thread 4341] [26.0] [cxt 0] lmpp.p4(229) Condition "hdr.probe.isValid()" (node_8) is false
[16:22:03.481] [bmv2] [T] [thread 4341] [26.0] [cxt 0] lmpp.p4(264) Condition "smt.egress_port == PORT_RECIRCULATE" (node_28) is false
[16:22:03.481] [bmv2] [D] [thread 4341] [26.0] [cxt 0] Pipeline 'egress': end
[16:22:03.481] [bmv2] [D] [thread 4341] [26.0] [cxt 0] Deparser 'deparser': start
[16:22:03.481] [bmv2] [T] [thread 4341] [26.0] [cxt 0] Skipping checksum 'cksum' update because condition not met
[16:22:03.481] [bmv2] [D] [thread 4341] [26.0] [cxt 0] Deparsing header 'ethernet'
[16:22:03.481] [bmv2] [D] [thread 4341] [26.0] [cxt 0] Deparser 'deparser': end
[16:22:03.482] [bmv2] [D] [thread 4345] [26.0] [cxt 0] Transmitting packet of size 196 out of port 0
[16:22:03.487] [bmv2] [D] [thread 4340] [27.0] [cxt 0] Processing packet received on port 3
[16:22:03.487] [bmv2] [D] [thread 4340] [27.0] [cxt 0] Parser 'parser': start
[16:22:03.487] [bmv2] [D] [thread 4340] [27.0] [cxt 0] Parser 'parser' entering state 'start'
[16:22:03.487] [bmv2] [D] [thread 4340] [27.0] [cxt 0] Extracting header 'ethernet'
[16:22:03.487] [bmv2] [D] [thread 4340] [27.0] [cxt 0] Parser state 'start': key is 86dd
[16:22:03.487] [bmv2] [T] [thread 4340] [27.0] [cxt 0] Bytes parsed: 14
[16:22:03.487] [bmv2] [D] [thread 4340] [27.0] [cxt 0] Parser 'parser': end
[16:22:03.487] [bmv2] [D] [thread 4340] [27.0] [cxt 0] Pipeline 'ingress': start
[16:22:03.487] [bmv2] [T] [thread 4340] [27.0] [cxt 0] lmpp.p4(198) Condition "hdr.ipv4.isValid()" (node_2) is false
[16:22:03.487] [bmv2] [T] [thread 4340] [27.0] [cxt 0] lmpp.p4(200) Condition "hdr.probe.isValid()" (node_4) is false
[16:22:03.487] [bmv2] [D] [thread 4340] [27.0] [cxt 0] Pipeline 'ingress': end
[16:22:03.487] [bmv2] [D] [thread 4340] [27.0] [cxt 0] Egress port is 0
[16:22:03.487] [bmv2] [D] [thread 4341] [27.0] [cxt 0] Pipeline 'egress': start
[16:22:03.487] [bmv2] [T] [thread 4341] [27.0] [cxt 0] lmpp.p4(229) Condition "hdr.probe.isValid()" (node_8) is false
[16:22:03.487] [bmv2] [T] [thread 4341] [27.0] [cxt 0] lmpp.p4(264) Condition "smt.egress_port == PORT_RECIRCULATE" (node_28) is false
[16:22:03.487] [bmv2] [D] [thread 4341] [27.0] [cxt 0] Pipeline 'egress': end
[16:22:03.487] [bmv2] [D] [thread 4341] [27.0] [cxt 0] Deparser 'deparser': start
[16:22:03.487] [bmv2] [T] [thread 4341] [27.0] [cxt 0] Skipping checksum 'cksum' update because condition not met
[16:22:03.487] [bmv2] [D] [thread 4341] [27.0] [cxt 0] Deparsing header 'ethernet'
[16:22:03.487] [bmv2] [D] [thread 4341] [27.0] [cxt 0] Deparser 'deparser': end
[16:22:03.487] [bmv2] [D] [thread 4345] [27.0] [cxt 0] Transmitting packet of size 70 out of port 0
[16:22:03.561] [bmv2] [D] [thread 4340] [28.0] [cxt 0] Processing packet received on port 1
[16:22:03.561] [bmv2] [D] [thread 4340] [28.0] [cxt 0] Parser 'parser': start
[16:22:03.561] [bmv2] [D] [thread 4340] [28.0] [cxt 0] Parser 'parser' entering state 'start'
[16:22:03.561] [bmv2] [D] [thread 4340] [28.0] [cxt 0] Extracting header 'ethernet'
[16:22:03.561] [bmv2] [D] [thread 4340] [28.0] [cxt 0] Parser state 'start': key is 86dd
[16:22:03.561] [bmv2] [T] [thread 4340] [28.0] [cxt 0] Bytes parsed: 14
[16:22:03.561] [bmv2] [D] [thread 4340] [28.0] [cxt 0] Parser 'parser': end
[16:22:03.561] [bmv2] [D] [thread 4340] [28.0] [cxt 0] Pipeline 'ingress': start
[16:22:03.561] [bmv2] [T] [thread 4340] [28.0] [cxt 0] lmpp.p4(198) Condition "hdr.ipv4.isValid()" (node_2) is false
[16:22:03.561] [bmv2] [T] [thread 4340] [28.0] [cxt 0] lmpp.p4(200) Condition "hdr.probe.isValid()" (node_4) is false
[16:22:03.561] [bmv2] [D] [thread 4340] [28.0] [cxt 0] Pipeline 'ingress': end
[16:22:03.561] [bmv2] [D] [thread 4340] [28.0] [cxt 0] Egress port is 0
[16:22:03.561] [bmv2] [D] [thread 4341] [28.0] [cxt 0] Pipeline 'egress': start
[16:22:03.561] [bmv2] [T] [thread 4341] [28.0] [cxt 0] lmpp.p4(229) Condition "hdr.probe.isValid()" (node_8) is false
[16:22:03.561] [bmv2] [T] [thread 4341] [28.0] [cxt 0] lmpp.p4(264) Condition "smt.egress_port == PORT_RECIRCULATE" (node_28) is false
[16:22:03.561] [bmv2] [D] [thread 4341] [28.0] [cxt 0] Pipeline 'egress': end
[16:22:03.561] [bmv2] [D] [thread 4341] [28.0] [cxt 0] Deparser 'deparser': start
[16:22:03.561] [bmv2] [T] [thread 4341] [28.0] [cxt 0] Skipping checksum 'cksum' update because condition not met
[16:22:03.561] [bmv2] [D] [thread 4341] [28.0] [cxt 0] Deparsing header 'ethernet'
[16:22:03.561] [bmv2] [D] [thread 4341] [28.0] [cxt 0] Deparser 'deparser': end
[16:22:03.561] [bmv2] [D] [thread 4345] [28.0] [cxt 0] Transmitting packet of size 70 out of port 0
[16:22:03.605] [bmv2] [D] [thread 4340] [29.0] [cxt 0] Processing packet received on port 2
[16:22:03.605] [bmv2] [D] [thread 4340] [29.0] [cxt 0] Parser 'parser': start
[16:22:03.605] [bmv2] [D] [thread 4340] [29.0] [cxt 0] Parser 'parser' entering state 'start'
[16:22:03.605] [bmv2] [D] [thread 4340] [29.0] [cxt 0] Extracting header 'ethernet'
[16:22:03.606] [bmv2] [D] [thread 4340] [29.0] [cxt 0] Parser state 'start': key is 86dd
[16:22:03.606] [bmv2] [T] [thread 4340] [29.0] [cxt 0] Bytes parsed: 14
[16:22:03.606] [bmv2] [D] [thread 4340] [29.0] [cxt 0] Parser 'parser': end
[16:22:03.606] [bmv2] [D] [thread 4340] [29.0] [cxt 0] Pipeline 'ingress': start
[16:22:03.606] [bmv2] [T] [thread 4340] [29.0] [cxt 0] lmpp.p4(198) Condition "hdr.ipv4.isValid()" (node_2) is false
[16:22:03.606] [bmv2] [T] [thread 4340] [29.0] [cxt 0] lmpp.p4(200) Condition "hdr.probe.isValid()" (node_4) is false
[16:22:03.606] [bmv2] [D] [thread 4340] [29.0] [cxt 0] Pipeline 'ingress': end
[16:22:03.606] [bmv2] [D] [thread 4340] [29.0] [cxt 0] Egress port is 0
[16:22:03.606] [bmv2] [D] [thread 4341] [29.0] [cxt 0] Pipeline 'egress': start
[16:22:03.606] [bmv2] [T] [thread 4341] [29.0] [cxt 0] lmpp.p4(229) Condition "hdr.probe.isValid()" (node_8) is false
[16:22:03.606] [bmv2] [T] [thread 4341] [29.0] [cxt 0] lmpp.p4(264) Condition "smt.egress_port == PORT_RECIRCULATE" (node_28) is false
[16:22:03.606] [bmv2] [D] [thread 4341] [29.0] [cxt 0] Pipeline 'egress': end
[16:22:03.606] [bmv2] [D] [thread 4341] [29.0] [cxt 0] Deparser 'deparser': start
[16:22:03.606] [bmv2] [T] [thread 4341] [29.0] [cxt 0] Skipping checksum 'cksum' update because condition not met
[16:22:03.606] [bmv2] [D] [thread 4341] [29.0] [cxt 0] Deparsing header 'ethernet'
[16:22:03.606] [bmv2] [D] [thread 4341] [29.0] [cxt 0] Deparser 'deparser': end
[16:22:03.606] [bmv2] [D] [thread 4345] [29.0] [cxt 0] Transmitting packet of size 196 out of port 0
[16:22:03.705] [bmv2] [D] [thread 4340] [30.0] [cxt 0] Processing packet received on port 4
[16:22:03.705] [bmv2] [D] [thread 4340] [30.0] [cxt 0] Parser 'parser': start
[16:22:03.705] [bmv2] [D] [thread 4340] [30.0] [cxt 0] Parser 'parser' entering state 'start'
[16:22:03.705] [bmv2] [D] [thread 4340] [30.0] [cxt 0] Extracting header 'ethernet'
[16:22:03.706] [bmv2] [D] [thread 4340] [30.0] [cxt 0] Parser state 'start': key is 86dd
[16:22:03.706] [bmv2] [T] [thread 4340] [30.0] [cxt 0] Bytes parsed: 14
[16:22:03.706] [bmv2] [D] [thread 4340] [30.0] [cxt 0] Parser 'parser': end
[16:22:03.706] [bmv2] [D] [thread 4340] [30.0] [cxt 0] Pipeline 'ingress': start
[16:22:03.706] [bmv2] [T] [thread 4340] [30.0] [cxt 0] lmpp.p4(198) Condition "hdr.ipv4.isValid()" (node_2) is false
[16:22:03.706] [bmv2] [T] [thread 4340] [30.0] [cxt 0] lmpp.p4(200) Condition "hdr.probe.isValid()" (node_4) is false
[16:22:03.706] [bmv2] [D] [thread 4340] [30.0] [cxt 0] Pipeline 'ingress': end
[16:22:03.706] [bmv2] [D] [thread 4340] [30.0] [cxt 0] Egress port is 0
[16:22:03.706] [bmv2] [D] [thread 4341] [30.0] [cxt 0] Pipeline 'egress': start
[16:22:03.706] [bmv2] [T] [thread 4341] [30.0] [cxt 0] lmpp.p4(229) Condition "hdr.probe.isValid()" (node_8) is false
[16:22:03.706] [bmv2] [T] [thread 4341] [30.0] [cxt 0] lmpp.p4(264) Condition "smt.egress_port == PORT_RECIRCULATE" (node_28) is false
[16:22:03.706] [bmv2] [D] [thread 4341] [30.0] [cxt 0] Pipeline 'egress': end
[16:22:03.706] [bmv2] [D] [thread 4341] [30.0] [cxt 0] Deparser 'deparser': start
[16:22:03.706] [bmv2] [T] [thread 4341] [30.0] [cxt 0] Skipping checksum 'cksum' update because condition not met
[16:22:03.706] [bmv2] [D] [thread 4341] [30.0] [cxt 0] Deparsing header 'ethernet'
[16:22:03.706] [bmv2] [D] [thread 4341] [30.0] [cxt 0] Deparser 'deparser': end
[16:22:03.706] [bmv2] [D] [thread 4345] [30.0] [cxt 0] Transmitting packet of size 196 out of port 0
[16:22:03.832] [bmv2] [D] [thread 4340] [31.0] [cxt 0] Processing packet received on port 3
[16:22:03.832] [bmv2] [D] [thread 4340] [31.0] [cxt 0] Parser 'parser': start
[16:22:03.832] [bmv2] [D] [thread 4340] [31.0] [cxt 0] Parser 'parser' entering state 'start'
[16:22:03.832] [bmv2] [D] [thread 4340] [31.0] [cxt 0] Extracting header 'ethernet'
[16:22:03.832] [bmv2] [D] [thread 4340] [31.0] [cxt 0] Parser state 'start': key is 86dd
[16:22:03.832] [bmv2] [T] [thread 4340] [31.0] [cxt 0] Bytes parsed: 14
[16:22:03.832] [bmv2] [D] [thread 4340] [31.0] [cxt 0] Parser 'parser': end
[16:22:03.832] [bmv2] [D] [thread 4340] [31.0] [cxt 0] Pipeline 'ingress': start
[16:22:03.832] [bmv2] [T] [thread 4340] [31.0] [cxt 0] lmpp.p4(198) Condition "hdr.ipv4.isValid()" (node_2) is false
[16:22:03.832] [bmv2] [T] [thread 4340] [31.0] [cxt 0] lmpp.p4(200) Condition "hdr.probe.isValid()" (node_4) is false
[16:22:03.832] [bmv2] [D] [thread 4340] [31.0] [cxt 0] Pipeline 'ingress': end
[16:22:03.832] [bmv2] [D] [thread 4340] [31.0] [cxt 0] Egress port is 0
[16:22:03.832] [bmv2] [D] [thread 4341] [31.0] [cxt 0] Pipeline 'egress': start
[16:22:03.832] [bmv2] [T] [thread 4341] [31.0] [cxt 0] lmpp.p4(229) Condition "hdr.probe.isValid()" (node_8) is false
[16:22:03.832] [bmv2] [T] [thread 4341] [31.0] [cxt 0] lmpp.p4(264) Condition "smt.egress_port == PORT_RECIRCULATE" (node_28) is false
[16:22:03.832] [bmv2] [D] [thread 4341] [31.0] [cxt 0] Pipeline 'egress': end
[16:22:03.832] [bmv2] [D] [thread 4341] [31.0] [cxt 0] Deparser 'deparser': start
[16:22:03.832] [bmv2] [T] [thread 4341] [31.0] [cxt 0] Skipping checksum 'cksum' update because condition not met
[16:22:03.832] [bmv2] [D] [thread 4341] [31.0] [cxt 0] Deparsing header 'ethernet'
[16:22:03.832] [bmv2] [D] [thread 4341] [31.0] [cxt 0] Deparser 'deparser': end
[16:22:03.832] [bmv2] [D] [thread 4345] [31.0] [cxt 0] Transmitting packet of size 196 out of port 0
[16:22:03.923] [bmv2] [D] [thread 4340] [32.0] [cxt 0] Processing packet received on port 1
[16:22:03.923] [bmv2] [D] [thread 4340] [32.0] [cxt 0] Parser 'parser': start
[16:22:03.923] [bmv2] [D] [thread 4340] [32.0] [cxt 0] Parser 'parser' entering state 'start'
[16:22:03.923] [bmv2] [D] [thread 4340] [32.0] [cxt 0] Extracting header 'ethernet'
[16:22:03.923] [bmv2] [D] [thread 4340] [32.0] [cxt 0] Parser state 'start': key is 86dd
[16:22:03.923] [bmv2] [T] [thread 4340] [32.0] [cxt 0] Bytes parsed: 14
[16:22:03.923] [bmv2] [D] [thread 4340] [32.0] [cxt 0] Parser 'parser': end
[16:22:03.923] [bmv2] [D] [thread 4340] [32.0] [cxt 0] Pipeline 'ingress': start
[16:22:03.923] [bmv2] [T] [thread 4340] [32.0] [cxt 0] lmpp.p4(198) Condition "hdr.ipv4.isValid()" (node_2) is false
[16:22:03.923] [bmv2] [T] [thread 4340] [32.0] [cxt 0] lmpp.p4(200) Condition "hdr.probe.isValid()" (node_4) is false
[16:22:03.923] [bmv2] [D] [thread 4340] [32.0] [cxt 0] Pipeline 'ingress': end
[16:22:03.923] [bmv2] [D] [thread 4340] [32.0] [cxt 0] Egress port is 0
[16:22:03.923] [bmv2] [D] [thread 4341] [32.0] [cxt 0] Pipeline 'egress': start
[16:22:03.923] [bmv2] [T] [thread 4341] [32.0] [cxt 0] lmpp.p4(229) Condition "hdr.probe.isValid()" (node_8) is false
[16:22:03.923] [bmv2] [T] [thread 4341] [32.0] [cxt 0] lmpp.p4(264) Condition "smt.egress_port == PORT_RECIRCULATE" (node_28) is false
[16:22:03.923] [bmv2] [D] [thread 4341] [32.0] [cxt 0] Pipeline 'egress': end
[16:22:03.923] [bmv2] [D] [thread 4341] [32.0] [cxt 0] Deparser 'deparser': start
[16:22:03.923] [bmv2] [T] [thread 4341] [32.0] [cxt 0] Skipping checksum 'cksum' update because condition not met
[16:22:03.923] [bmv2] [D] [thread 4341] [32.0] [cxt 0] Deparsing header 'ethernet'
[16:22:03.923] [bmv2] [D] [thread 4341] [32.0] [cxt 0] Deparser 'deparser': end
[16:22:03.923] [bmv2] [D] [thread 4345] [32.0] [cxt 0] Transmitting packet of size 196 out of port 0
open: No such file or directory
open: No such file or directory
open: No such file or directory
open: No such file or directory
open: No such file or directory
open: No such file or directory
open: No such file or directory
open: No such file or directory
open: No such file or directory
